{"created": 1759085360.8008406, "duration": 79.030592918396, "exitcode": 1, "root": "/home/runner/work/whatsapp-ai-assistant/whatsapp-ai-assistant", "environment": {}, "summary": {"passed": 51, "error": 8, "failed": 32, "total": 91, "collected": 91}, "collectors": [{"nodeid": "", "outcome": "passed", "result": [{"nodeid": "tests/__init__.py", "type": "Package"}]}, {"nodeid": "tests/test_conversation_flows.py::TestBasicFunctionality", "outcome": "passed", "result": [{"nodeid": "tests/test_conversation_flows.py::TestBasicFunctionality::test_imports_work", "type": "Function", "lineno": 130}, {"nodeid": "tests/test_conversation_flows.py::TestBasicFunctionality::test_mock_message", "type": "Function", "lineno": 136}, {"nodeid": "tests/test_conversation_flows.py::TestBasicFunctionality::test_trainer_registration_mock", "type": "Function", "lineno": 143}]}, {"nodeid": "tests/test_conversation_flows.py::TestPhase1_Registration", "outcome": "passed", "result": [{"nodeid": "tests/test_conversation_flows.py::TestPhase1_Registration::test_basic_setup", "type": "Function", "lineno": 165}, {"nodeid": "tests/test_conversation_flows.py::TestPhase1_Registration::test_mock_registration_flow", "type": "Function", "lineno": 170}]}, {"nodeid": "tests/test_conversation_flows.py", "outcome": "passed", "result": [{"nodeid": "tests/test_conversation_flows.py::TestBasicFunctionality", "type": "Class"}, {"nodeid": "tests/test_conversation_flows.py::TestPhase1_Registration", "type": "Class"}]}, {"nodeid": "tests/test_debug.py", "outcome": "passed", "result": [{"nodeid": "tests/test_debug.py::test_python_version", "type": "Function", "lineno": 9}, {"nodeid": "tests/test_debug.py::test_can_import_basic_modules", "type": "Function", "lineno": 14}, {"nodeid": "tests/test_debug.py::test_project_structure", "type": "Function", "lineno": 28}, {"nodeid": "tests/test_debug.py::test_can_import_refiloe_modules", "type": "Function", "lineno": 48}, {"nodeid": "tests/test_debug.py::test_check_requirements", "type": "Function", "lineno": 84}]}, {"nodeid": "tests/test_e2e_complete.py::TestPhase1_Registration", "outcome": "passed", "result": [{"nodeid": "tests/test_e2e_complete.py::TestPhase1_Registration::test_complete_trainer_onboarding", "type": "Function", "lineno": 97}, {"nodeid": "tests/test_e2e_complete.py::TestPhase1_Registration::test_trainer_recognition_after_registration", "type": "Function", "lineno": 136}]}, {"nodeid": "tests/test_e2e_complete.py::TestPhase2_ClientManagement", "outcome": "passed", "result": [{"nodeid": "tests/test_e2e_complete.py::TestPhase2_ClientManagement::test_add_client_variations", "type": "Function", "lineno": 180}, {"nodeid": "tests/test_e2e_complete.py::TestPhase2_ClientManagement::test_view_clients", "type": "Function", "lineno": 203}, {"nodeid": "tests/test_e2e_complete.py::TestPhase2_ClientManagement::test_custom_pricing", "type": "Function", "lineno": 218}]}, {"nodeid": "tests/test_e2e_complete.py::TestPhase3_Scheduling", "outcome": "passed", "result": [{"nodeid": "tests/test_e2e_complete.py::TestPhase3_Scheduling::test_view_schedule", "type": "Function", "lineno": 267}, {"nodeid": "tests/test_e2e_complete.py::TestPhase3_Scheduling::test_book_sessions", "type": "Function", "lineno": 289}, {"nodeid": "tests/test_e2e_complete.py::TestPhase3_Scheduling::test_cancel_reschedule", "type": "Function", "lineno": 310}]}, {"nodeid": "tests/test_e2e_complete.py", "outcome": "passed", "result": [{"nodeid": "tests/test_e2e_complete.py::TestPhase1_Registration", "type": "Class"}, {"nodeid": "tests/test_e2e_complete.py::TestPhase2_ClientManagement", "type": "Class"}, {"nodeid": "tests/test_e2e_complete.py::TestPhase3_Scheduling", "type": "Class"}]}, {"nodeid": "tests/test_integration_real.py::TestRealIntegration", "outcome": "passed", "result": [{"nodeid": "tests/test_integration_real.py::TestRealIntegration::test_trainer_registration_database", "type": "Function", "lineno": 103}, {"nodeid": "tests/test_integration_real.py::TestRealIntegration::test_client_management_real", "type": "Function", "lineno": 131}, {"nodeid": "tests/test_integration_real.py::TestRealIntegration::test_booking_system_real", "type": "Function", "lineno": 159}, {"nodeid": "tests/test_integration_real.py::TestRealIntegration::test_ai_integration_simple", "type": "Function", "lineno": 192}, {"nodeid": "tests/test_integration_real.py::TestRealIntegration::test_database_connection", "type": "Function", "lineno": 216}]}, {"nodeid": "tests/test_integration_real.py", "outcome": "passed", "result": [{"nodeid": "tests/test_integration_real.py::TestRealIntegration", "type": "Class"}]}, {"nodeid": "tests/test_phase1_registration.py::TestTrainerRegistrationReal", "outcome": "passed", "result": [{"nodeid": "tests/test_phase1_registration.py::TestTrainerRegistrationReal::test_complete_trainer_registration_flow", "type": "Function", "lineno": 77}, {"nodeid": "tests/test_phase1_registration.py::TestTrainerRegistrationReal::test_currency_parsing_variations", "type": "Function", "lineno": 192}, {"nodeid": "tests/test_phase1_registration.py::TestTrainerRegistrationReal::test_registration_with_missing_fields", "type": "Function", "lineno": 211}, {"nodeid": "tests/test_phase1_registration.py::TestTrainerRegistrationReal::test_trainer_recognition_after_registration", "type": "Function", "lineno": 224}]}, {"nodeid": "tests/test_phase1_registration.py::TestClientRegistrationReal", "outcome": "passed", "result": [{"nodeid": "tests/test_phase1_registration.py::TestClientRegistrationReal::test_client_receives_welcome_after_registration", "type": "Function", "lineno": 281}]}, {"nodeid": "tests/test_phase1_registration.py::TestRegistrationEdgeCases", "outcome": "passed", "result": [{"nodeid": "tests/test_phase1_registration.py::TestRegistrationEdgeCases::test_duplicate_registration_attempt", "type": "Function", "lineno": 311}, {"nodeid": "tests/test_phase1_registration.py::TestRegistrationEdgeCases::test_invalid_email_format", "type": "Function", "lineno": 327}, {"nodeid": "tests/test_phase1_registration.py::TestRegistrationEdgeCases::test_extremely_long_input", "type": "Function", "lineno": 341}, {"nodeid": "tests/test_phase1_registration.py::TestRegistrationEdgeCases::test_special_characters_in_name", "type": "Function", "lineno": 358}]}, {"nodeid": "tests/test_phase1_registration.py", "outcome": "passed", "result": [{"nodeid": "tests/test_phase1_registration.py::TestTrainerRegistrationReal", "type": "Class"}, {"nodeid": "tests/test_phase1_registration.py::TestClientRegistrationReal", "type": "Class"}, {"nodeid": "tests/test_phase1_registration.py::TestRegistrationEdgeCases", "type": "Class"}]}, {"nodeid": "tests/test_phase2_client_management.py::TestAddClientReal", "outcome": "passed", "result": [{"nodeid": "tests/test_phase2_client_management.py::TestAddClientReal::test_add_client_command_variations", "type": "Function", "lineno": 47}, {"nodeid": "tests/test_phase2_client_management.py::TestAddClientReal::test_phone_number_normalization", "type": "Function", "lineno": 75}, {"nodeid": "tests/test_phase2_client_management.py::TestAddClientReal::test_add_client_with_special_names", "type": "Function", "lineno": 100}]}, {"nodeid": "tests/test_phase2_client_management.py::TestViewClientsReal", "outcome": "passed", "result": [{"nodeid": "tests/test_phase2_client_management.py::TestViewClientsReal::test_view_clients_commands", "type": "Function", "lineno": 140}]}, {"nodeid": "tests/test_phase2_client_management.py::TestCustomPricingReal", "outcome": "passed", "result": [{"nodeid": "tests/test_phase2_client_management.py::TestCustomPricingReal::test_set_custom_pricing_variations", "type": "Function", "lineno": 188}, {"nodeid": "tests/test_phase2_client_management.py::TestCustomPricingReal::test_check_client_pricing", "type": "Function", "lineno": 220}]}, {"nodeid": "tests/test_phase2_client_management.py::TestClientManagementEdgeCases", "outcome": "passed", "result": [{"nodeid": "tests/test_phase2_client_management.py::TestClientManagementEdgeCases::test_add_client_with_duplicate_phone", "type": "Function", "lineno": 253}, {"nodeid": "tests/test_phase2_client_management.py::TestClientManagementEdgeCases::test_invalid_phone_numbers", "type": "Function", "lineno": 270}, {"nodeid": "tests/test_phase2_client_management.py::TestClientManagementEdgeCases::test_set_negative_pricing", "type": "Function", "lineno": 286}, {"nodeid": "tests/test_phase2_client_management.py::TestClientManagementEdgeCases::test_client_not_found", "type": "Function", "lineno": 300}]}, {"nodeid": "tests/test_phase2_client_management.py", "outcome": "passed", "result": [{"nodeid": "tests/test_phase2_client_management.py::TestAddClientReal", "type": "Class"}, {"nodeid": "tests/test_phase2_client_management.py::TestViewClientsReal", "type": "Class"}, {"nodeid": "tests/test_phase2_client_management.py::TestCustomPricingReal", "type": "Class"}, {"nodeid": "tests/test_phase2_client_management.py::TestClientManagementEdgeCases", "type": "Class"}]}, {"nodeid": "tests/test_phase3_scheduling.py::TestViewScheduleReal", "outcome": "passed", "result": [{"nodeid": "tests/test_phase3_scheduling.py::TestViewScheduleReal::test_view_schedule_commands", "type": "Function", "lineno": 53}]}, {"nodeid": "tests/test_phase3_scheduling.py::TestBookSessionsReal", "outcome": "passed", "result": [{"nodeid": "tests/test_phase3_scheduling.py::TestBookSessionsReal::test_book_session_natural_language", "type": "Function", "lineno": 110}, {"nodeid": "tests/test_phase3_scheduling.py::TestBookSessionsReal::test_booking_time_formats", "type": "Function", "lineno": 144}, {"nodeid": "tests/test_phase3_scheduling.py::TestBookSessionsReal::test_booking_date_parsing", "type": "Function", "lineno": 169}]}, {"nodeid": "tests/test_phase3_scheduling.py::TestCancelRescheduleReal", "outcome": "passed", "result": [{"nodeid": "tests/test_phase3_scheduling.py::TestCancelRescheduleReal::test_cancel_booking_variations", "type": "Function", "lineno": 223}, {"nodeid": "tests/test_phase3_scheduling.py::TestCancelRescheduleReal::test_reschedule_booking", "type": "Function", "lineno": 248}]}, {"nodeid": "tests/test_phase3_scheduling.py::TestBookingConflictsAndValidation", "outcome": "passed", "result": [{"nodeid": "tests/test_phase3_scheduling.py::TestBookingConflictsAndValidation::test_double_booking_prevention", "type": "Function", "lineno": 283}, {"nodeid": "tests/test_phase3_scheduling.py::TestBookingConflictsAndValidation::test_past_date_booking_prevention", "type": "Function", "lineno": 313}, {"nodeid": "tests/test_phase3_scheduling.py::TestBookingConflictsAndValidation::test_invalid_time_slots", "type": "Function", "lineno": 334}]}, {"nodeid": "tests/test_phase3_scheduling.py", "outcome": "passed", "result": [{"nodeid": "tests/test_phase3_scheduling.py::TestViewScheduleReal", "type": "Class"}, {"nodeid": "tests/test_phase3_scheduling.py::TestBookSessionsReal", "type": "Class"}, {"nodeid": "tests/test_phase3_scheduling.py::TestCancelRescheduleReal", "type": "Class"}, {"nodeid": "tests/test_phase3_scheduling.py::TestBookingConflictsAndValidation", "type": "Class"}]}, {"nodeid": "tests/test_phases_4_11.py::TestPhase4_HabitTracking", "outcome": "passed", "result": [{"nodeid": "tests/test_phases_4_11.py::TestPhase4_HabitTracking::test_setup_habits_for_clients", "type": "Function", "lineno": 145}, {"nodeid": "tests/test_phases_4_11.py::TestPhase4_HabitTracking::test_check_habit_compliance", "type": "Function", "lineno": 167}, {"nodeid": "tests/test_phases_4_11.py::TestPhase4_HabitTracking::test_send_habit_reminders", "type": "Function", "lineno": 183}]}, {"nodeid": "tests/test_phases_4_11.py::TestPhase5_WorkoutsAssessments", "outcome": "passed", "result": [{"nodeid": "tests/test_phases_4_11.py::TestPhase5_WorkoutsAssessments::test_send_workouts", "type": "Function", "lineno": 211}, {"nodeid": "tests/test_phases_4_11.py::TestPhase5_WorkoutsAssessments::test_start_assessment", "type": "Function", "lineno": 227}, {"nodeid": "tests/test_phases_4_11.py::TestPhase5_WorkoutsAssessments::test_view_assessment_results", "type": "Function", "lineno": 243}]}, {"nodeid": "tests/test_phases_4_11.py::TestPhase6_PaymentsRevenue", "outcome": "passed", "result": [{"nodeid": "tests/test_phases_4_11.py::TestPhase6_PaymentsRevenue::test_request_payment", "type": "Function", "lineno": 270}, {"nodeid": "tests/test_phases_4_11.py::TestPhase6_PaymentsRevenue::test_check_revenue", "type": "Function", "lineno": 286}, {"nodeid": "tests/test_phases_4_11.py::TestPhase6_PaymentsRevenue::test_payment_confirmation", "type": "Function", "lineno": 303}]}, {"nodeid": "tests/test_phases_4_11.py::TestPhase7_AnalyticsReports", "outcome": "passed", "result": [{"nodeid": "tests/test_phases_4_11.py::TestPhase7_AnalyticsReports::test_view_dashboard", "type": "Function", "lineno": 330}, {"nodeid": "tests/test_phases_4_11.py::TestPhase7_AnalyticsReports::test_client_analytics", "type": "Function", "lineno": 346}]}, {"nodeid": "tests/test_phases_4_11.py::TestPhase8_ClientFeatures", "outcome": "passed", "result": [{"nodeid": "tests/test_phases_4_11.py::TestPhase8_ClientFeatures::test_client_booking", "type": "Function", "lineno": 375}, {"nodeid": "tests/test_phases_4_11.py::TestPhase8_ClientFeatures::test_client_habit_logging", "type": "Function", "lineno": 391}, {"nodeid": "tests/test_phases_4_11.py::TestPhase8_ClientFeatures::test_client_progress", "type": "Function", "lineno": 408}]}, {"nodeid": "tests/test_phases_4_11.py::TestPhase9_Challenges", "outcome": "passed", "result": [{"nodeid": "tests/test_phases_4_11.py::TestPhase9_Challenges::test_view_challenges", "type": "Function", "lineno": 436}, {"nodeid": "tests/test_phases_4_11.py::TestPhase9_Challenges::test_join_leave_challenges", "type": "Function", "lineno": 452}, {"nodeid": "tests/test_phases_4_11.py::TestPhase9_Challenges::test_leaderboard", "type": "Function", "lineno": 468}]}, {"nodeid": "tests/test_phases_4_11.py::TestPhase10_AdvancedFeatures", "outcome": "passed", "result": [{"nodeid": "tests/test_phases_4_11.py::TestPhase10_AdvancedFeatures::test_bulk_operations", "type": "Function", "lineno": 496}, {"nodeid": "tests/test_phases_4_11.py::TestPhase10_AdvancedFeatures::test_natural_language", "type": "Function", "lineno": 511}, {"nodeid": "tests/test_phases_4_11.py::TestPhase10_AdvancedFeatures::test_error_handling", "type": "Function", "lineno": 527}]}, {"nodeid": "tests/test_phases_4_11.py::TestPhase11_AutomatedFeatures", "outcome": "passed", "result": [{"nodeid": "tests/test_phases_4_11.py::TestPhase11_AutomatedFeatures::test_check_scheduled_reminders", "type": "Function", "lineno": 555}, {"nodeid": "tests/test_phases_4_11.py::TestPhase11_AutomatedFeatures::test_subscription_monitoring", "type": "Function", "lineno": 566}]}, {"nodeid": "tests/test_phases_4_11.py", "outcome": "passed", "result": [{"nodeid": "tests/test_phases_4_11.py::TestPhase4_HabitTracking", "type": "Class"}, {"nodeid": "tests/test_phases_4_11.py::TestPhase5_WorkoutsAssessments", "type": "Class"}, {"nodeid": "tests/test_phases_4_11.py::TestPhase6_PaymentsRevenue", "type": "Class"}, {"nodeid": "tests/test_phases_4_11.py::TestPhase7_AnalyticsReports", "type": "Class"}, {"nodeid": "tests/test_phases_4_11.py::TestPhase8_ClientFeatures", "type": "Class"}, {"nodeid": "tests/test_phases_4_11.py::TestPhase9_Challenges", "type": "Class"}, {"nodeid": "tests/test_phases_4_11.py::TestPhase10_AdvancedFeatures", "type": "Class"}, {"nodeid": "tests/test_phases_4_11.py::TestPhase11_AutomatedFeatures", "type": "Class"}]}, {"nodeid": "tests/test_refiloe_complete.py::TestPhase1_UserRegistration", "outcome": "passed", "result": [{"nodeid": "tests/test_refiloe_complete.py::TestPhase1_UserRegistration::test_new_trainer_onboarding", "type": "Function", "lineno": 227}, {"nodeid": "tests/test_refiloe_complete.py::TestPhase1_UserRegistration::test_trainer_recognition", "type": "Function", "lineno": 242}]}, {"nodeid": "tests/test_refiloe_complete.py::TestPhase2_ClientManagement", "outcome": "passed", "result": [{"nodeid": "tests/test_refiloe_complete.py::TestPhase2_ClientManagement::test_add_client_variations", "type": "Function", "lineno": 269}, {"nodeid": "tests/test_refiloe_complete.py::TestPhase2_ClientManagement::test_view_clients", "type": "Function", "lineno": 278}, {"nodeid": "tests/test_refiloe_complete.py::TestPhase2_ClientManagement::test_set_custom_pricing", "type": "Function", "lineno": 286}]}, {"nodeid": "tests/test_refiloe_complete.py::TestPhase3_SchedulingBookings", "outcome": "passed", "result": [{"nodeid": "tests/test_refiloe_complete.py::TestPhase3_SchedulingBookings::test_view_schedule", "type": "Function", "lineno": 299}, {"nodeid": "tests/test_refiloe_complete.py::TestPhase3_SchedulingBookings::test_book_sessions", "type": "Function", "lineno": 308}, {"nodeid": "tests/test_refiloe_complete.py::TestPhase3_SchedulingBookings::test_cancel_reschedule", "type": "Function", "lineno": 317}]}, {"nodeid": "tests/test_refiloe_complete.py::TestPhase4_HabitTracking", "outcome": "passed", "result": [{"nodeid": "tests/test_refiloe_complete.py::TestPhase4_HabitTracking::test_setup_habits", "type": "Function", "lineno": 334}]}, {"nodeid": "tests/test_refiloe_complete.py::TestPhase5_WorkoutsAssessments", "outcome": "passed", "result": [{"nodeid": "tests/test_refiloe_complete.py::TestPhase5_WorkoutsAssessments::test_send_workouts", "type": "Function", "lineno": 347}]}, {"nodeid": "tests/test_refiloe_complete.py::TestPhase6_PaymentsRevenue", "outcome": "passed", "result": [{"nodeid": "tests/test_refiloe_complete.py::TestPhase6_PaymentsRevenue::test_request_payment", "type": "Function", "lineno": 360}, {"nodeid": "tests/test_refiloe_complete.py::TestPhase6_PaymentsRevenue::test_check_revenue", "type": "Function", "lineno": 369}]}, {"nodeid": "tests/test_refiloe_complete.py::TestPhase8_ClientFeatures", "outcome": "passed", "result": [{"nodeid": "tests/test_refiloe_complete.py::TestPhase8_ClientFeatures::test_client_booking", "type": "Function", "lineno": 381}, {"nodeid": "tests/test_refiloe_complete.py::TestPhase8_ClientFeatures::test_client_habit_logging", "type": "Function", "lineno": 390}]}, {"nodeid": "tests/test_refiloe_complete.py::TestPhase10_AdvancedFeatures", "outcome": "passed", "result": [{"nodeid": "tests/test_refiloe_complete.py::TestPhase10_AdvancedFeatures::test_natural_language_understanding", "type": "Function", "lineno": 403}, {"nodeid": "tests/test_refiloe_complete.py::TestPhase10_AdvancedFeatures::test_error_handling", "type": "Function", "lineno": 412}]}, {"nodeid": "tests/test_refiloe_complete.py::TestCriticalBugs", "outcome": "passed", "result": [{"nodeid": "tests/test_refiloe_complete.py::TestCriticalBugs::test_trainer_registration_step_7_currency_parsing", "type": "Function", "lineno": 433}, {"nodeid": "tests/test_refiloe_complete.py::TestCriticalBugs::test_ai_responds_naturally_not_rigid_commands", "type": "Function", "lineno": 457}]}, {"nodeid": "tests/test_refiloe_complete.py", "outcome": "passed", "result": [{"nodeid": "tests/test_refiloe_complete.py::TestPhase1_UserRegistration", "type": "Class"}, {"nodeid": "tests/test_refiloe_complete.py::TestPhase2_ClientManagement", "type": "Class"}, {"nodeid": "tests/test_refiloe_complete.py::TestPhase3_SchedulingBookings", "type": "Class"}, {"nodeid": "tests/test_refiloe_complete.py::TestPhase4_HabitTracking", "type": "Class"}, {"nodeid": "tests/test_refiloe_complete.py::TestPhase5_WorkoutsAssessments", "type": "Class"}, {"nodeid": "tests/test_refiloe_complete.py::TestPhase6_PaymentsRevenue", "type": "Class"}, {"nodeid": "tests/test_refiloe_complete.py::TestPhase8_ClientFeatures", "type": "Class"}, {"nodeid": "tests/test_refiloe_complete.py::TestPhase10_AdvancedFeatures", "type": "Class"}, {"nodeid": "tests/test_refiloe_complete.py::TestCriticalBugs", "type": "Class"}]}, {"nodeid": "tests/test_setup_fix.py", "outcome": "passed", "result": []}, {"nodeid": "tests/__init__.py", "outcome": "passed", "result": [{"nodeid": "tests/test_conversation_flows.py", "type": "Module"}, {"nodeid": "tests/test_debug.py", "type": "Module"}, {"nodeid": "tests/test_e2e_complete.py", "type": "Module"}, {"nodeid": "tests/test_integration_real.py", "type": "Module"}, {"nodeid": "tests/test_phase1_registration.py", "type": "Module"}, {"nodeid": "tests/test_phase2_client_management.py", "type": "Module"}, {"nodeid": "tests/test_phase3_scheduling.py", "type": "Module"}, {"nodeid": "tests/test_phases_4_11.py", "type": "Module"}, {"nodeid": "tests/test_refiloe_complete.py", "type": "Module"}, {"nodeid": "tests/test_setup_fix.py", "type": "Module"}]}], "tests": [{"nodeid": "tests/test_conversation_flows.py::TestBasicFunctionality::test_imports_work", "lineno": 130, "outcome": "passed", "keywords": ["test_imports_work", "TestBasicFunctionality", "test_conversation_flows.py", "tests/__init__.py", "whatsapp-ai-assistant"], "setup": {"duration": 0.0004925200000798213, "outcome": "passed"}, "call": {"duration": 0.032752942000001894, "outcome": "passed"}, "teardown": {"duration": 1.7614725009999574, "outcome": "passed"}}, {"nodeid": "tests/test_conversation_flows.py::TestBasicFunctionality::test_mock_message", "lineno": 136, "outcome": "passed", "keywords": ["test_mock_message", "TestBasicFunctionality", "test_conversation_flows.py", "tests/__init__.py", "whatsapp-ai-assistant"], "setup": {"duration": 0.0003702310000335274, "outcome": "passed"}, "call": {"duration": 0.02214417000004687, "outcome": "passed"}, "teardown": {"duration": 0.777003066999896, "outcome": "passed"}}, {"nodeid": "tests/test_conversation_flows.py::TestBasicFunctionality::test_trainer_registration_mock", "lineno": 143, "outcome": "passed", "keywords": ["test_trainer_registration_mock", "TestBasicFunctionality", "test_conversation_flows.py", "tests/__init__.py", "whatsapp-ai-assistant"], "setup": {"duration": 0.0003459060000068348, "outcome": "passed"}, "call": {"duration": 0.022402742000053877, "outcome": "passed"}, "teardown": {"duration": 0.595072445000028, "outcome": "passed"}}, {"nodeid": "tests/test_conversation_flows.py::TestPhase1_Registration::test_basic_setup", "lineno": 165, "outcome": "passed", "keywords": ["test_basic_setup", "TestPhase1_Registration", "test_conversation_flows.py", "tests/__init__.py", "whatsapp-ai-assistant"], "setup": {"duration": 0.023027825999974993, "outcome": "passed"}, "call": {"duration": 0.00013246699995761446, "outcome": "passed"}, "teardown": {"duration": 0.608581498000035, "outcome": "passed"}}, {"nodeid": "tests/test_conversation_flows.py::TestPhase1_Registration::test_mock_registration_flow", "lineno": 170, "outcome": "passed", "keywords": ["test_mock_registration_flow", "TestPhase1_Registration", "test_conversation_flows.py", "tests/__init__.py", "whatsapp-ai-assistant"], "setup": {"duration": 0.022430982000059885, "outcome": "passed"}, "call": {"duration": 0.00019840100003420957, "outcome": "passed"}, "teardown": {"duration": 0.5477166030000262, "outcome": "passed"}}, {"nodeid": "tests/test_debug.py::test_python_version", "lineno": 9, "outcome": "passed", "keywords": ["test_python_version", "test_debug.py", "tests/__init__.py", "whatsapp-ai-assistant"], "setup": {"duration": 0.0002673690000847273, "outcome": "passed"}, "call": {"duration": 0.00010491599994111311, "outcome": "passed"}, "teardown": {"duration": 0.7182794929999545, "outcome": "passed"}}, {"nodeid": "tests/test_debug.py::test_can_import_basic_modules", "lineno": 14, "outcome": "passed", "keywords": ["test_can_import_basic_modules", "test_debug.py", "tests/__init__.py", "whatsapp-ai-assistant"], "setup": {"duration": 0.0002597540000124354, "outcome": "passed"}, "call": {"duration": 9.039899998697365e-05, "outcome": "passed"}, "teardown": {"duration": 0.5019079319999946, "outcome": "passed"}}, {"nodeid": "tests/test_debug.py::test_project_structure", "lineno": 28, "outcome": "passed", "keywords": ["test_project_structure", "test_debug.py", "tests/__init__.py", "whatsapp-ai-assistant"], "setup": {"duration": 0.0002665069999920888, "outcome": "passed"}, "call": {"duration": 0.00023348599995642871, "outcome": "passed"}, "teardown": {"duration": 0.49546144199996434, "outcome": "passed"}}, {"nodeid": "tests/test_debug.py::test_can_import_refiloe_modules", "lineno": 48, "outcome": "passed", "keywords": ["test_can_import_refiloe_modules", "test_debug.py", "tests/__init__.py", "whatsapp-ai-assistant"], "setup": {"duration": 0.00027784899998550827, "outcome": "passed"}, "call": {"duration": 0.00040975499996420695, "outcome": "passed"}, "teardown": {"duration": 0.4948989790000269, "outcome": "passed"}}, {"nodeid": "tests/test_debug.py::test_check_requirements", "lineno": 84, "outcome": "passed", "keywords": ["test_check_requirements", "test_debug.py", "tests/__init__.py", "whatsapp-ai-assistant"], "setup": {"duration": 0.0002756149999640911, "outcome": "passed"}, "call": {"duration": 0.09841690500002187, "outcome": "passed"}, "teardown": {"duration": 0.6570769170000403, "outcome": "passed"}}, {"nodeid": "tests/test_e2e_complete.py::TestPhase1_Registration::test_complete_trainer_onboarding", "lineno": 97, "outcome": "error", "keywords": ["test_complete_trainer_onboarding", "TestPhase1_Registration", "test_e2e_complete.py", "tests/__init__.py", "whatsapp-ai-assistant"], "setup": {"duration": 0.022013184000002184, "outcome": "failed", "crash": {"path": "/home/runner/work/whatsapp-ai-assistant/whatsapp-ai-assistant/tests/test_e2e_complete.py", "lineno": 32, "message": "TypeError: RefiloeService.__init__() missing 1 required positional argument: 'supabase_client'"}, "traceback": [{"path": "tests/test_e2e_complete.py", "lineno": 91, "message": "in setup_method"}, {"path": "tests/test_e2e_complete.py", "lineno": 32, "message": "in __init__"}], "longrepr": "tests/test_e2e_complete.py:91: in setup_method\n    self.tester = RefiloeE2ETester()\ntests/test_e2e_complete.py:32: in __init__\n    self.process_message = RefiloeService().handle_message\nE   TypeError: RefiloeService.__init__() missing 1 required positional argument: 'supabase_client'"}, "teardown": {"duration": 0.5672455929999387, "outcome": "passed"}}, {"nodeid": "tests/test_e2e_complete.py::TestPhase1_Registration::test_trainer_recognition_after_registration", "lineno": 136, "outcome": "error", "keywords": ["test_trainer_recognition_after_registration", "TestPhase1_Registration", "test_e2e_complete.py", "tests/__init__.py", "whatsapp-ai-assistant"], "setup": {"duration": 0.02169467999999597, "outcome": "failed", "crash": {"path": "/home/runner/work/whatsapp-ai-assistant/whatsapp-ai-assistant/tests/test_e2e_complete.py", "lineno": 32, "message": "TypeError: RefiloeService.__init__() missing 1 required positional argument: 'supabase_client'"}, "traceback": [{"path": "tests/test_e2e_complete.py", "lineno": 91, "message": "in setup_method"}, {"path": "tests/test_e2e_complete.py", "lineno": 32, "message": "in __init__"}], "longrepr": "tests/test_e2e_complete.py:91: in setup_method\n    self.tester = RefiloeE2ETester()\ntests/test_e2e_complete.py:32: in __init__\n    self.process_message = RefiloeService().handle_message\nE   TypeError: RefiloeService.__init__() missing 1 required positional argument: 'supabase_client'"}, "teardown": {"duration": 0.6437258700000257, "outcome": "passed"}}, {"nodeid": "tests/test_e2e_complete.py::TestPhase2_ClientManagement::test_add_client_variations", "lineno": 180, "outcome": "error", "keywords": ["test_add_client_variations", "TestPhase2_ClientManagement", "test_e2e_complete.py", "tests/__init__.py", "whatsapp-ai-assistant"], "setup": {"duration": 0.02161094200005209, "outcome": "failed", "crash": {"path": "/home/runner/work/whatsapp-ai-assistant/whatsapp-ai-assistant/tests/test_e2e_complete.py", "lineno": 32, "message": "TypeError: RefiloeService.__init__() missing 1 required positional argument: 'supabase_client'"}, "traceback": [{"path": "tests/test_e2e_complete.py", "lineno": 166, "message": "in setup_method"}, {"path": "tests/test_e2e_complete.py", "lineno": 32, "message": "in __init__"}], "longrepr": "tests/test_e2e_complete.py:166: in setup_method\n    self.tester = RefiloeE2ETester()\ntests/test_e2e_complete.py:32: in __init__\n    self.process_message = RefiloeService().handle_message\nE   TypeError: RefiloeService.__init__() missing 1 required positional argument: 'supabase_client'"}, "teardown": {"duration": 0.7012504190000755, "outcome": "passed"}}, {"nodeid": "tests/test_e2e_complete.py::TestPhase2_ClientManagement::test_view_clients", "lineno": 203, "outcome": "error", "keywords": ["test_view_clients", "TestPhase2_ClientManagement", "test_e2e_complete.py", "tests/__init__.py", "whatsapp-ai-assistant"], "setup": {"duration": 0.02179917499995554, "outcome": "failed", "crash": {"path": "/home/runner/work/whatsapp-ai-assistant/whatsapp-ai-assistant/tests/test_e2e_complete.py", "lineno": 32, "message": "TypeError: RefiloeService.__init__() missing 1 required positional argument: 'supabase_client'"}, "traceback": [{"path": "tests/test_e2e_complete.py", "lineno": 166, "message": "in setup_method"}, {"path": "tests/test_e2e_complete.py", "lineno": 32, "message": "in __init__"}], "longrepr": "tests/test_e2e_complete.py:166: in setup_method\n    self.tester = RefiloeE2ETester()\ntests/test_e2e_complete.py:32: in __init__\n    self.process_message = RefiloeService().handle_message\nE   TypeError: RefiloeService.__init__() missing 1 required positional argument: 'supabase_client'"}, "teardown": {"duration": 0.5007851020000089, "outcome": "passed"}}, {"nodeid": "tests/test_e2e_complete.py::TestPhase2_ClientManagement::test_custom_pricing", "lineno": 218, "outcome": "error", "keywords": ["test_custom_pricing", "TestPhase2_ClientManagement", "test_e2e_complete.py", "tests/__init__.py", "whatsapp-ai-assistant"], "setup": {"duration": 0.02182396900002459, "outcome": "failed", "crash": {"path": "/home/runner/work/whatsapp-ai-assistant/whatsapp-ai-assistant/tests/test_e2e_complete.py", "lineno": 32, "message": "TypeError: RefiloeService.__init__() missing 1 required positional argument: 'supabase_client'"}, "traceback": [{"path": "tests/test_e2e_complete.py", "lineno": 166, "message": "in setup_method"}, {"path": "tests/test_e2e_complete.py", "lineno": 32, "message": "in __init__"}], "longrepr": "tests/test_e2e_complete.py:166: in setup_method\n    self.tester = RefiloeE2ETester()\ntests/test_e2e_complete.py:32: in __init__\n    self.process_message = RefiloeService().handle_message\nE   TypeError: RefiloeService.__init__() missing 1 required positional argument: 'supabase_client'"}, "teardown": {"duration": 0.4984673220000104, "outcome": "passed"}}, {"nodeid": "tests/test_e2e_complete.py::TestPhase3_Scheduling::test_view_schedule", "lineno": 267, "outcome": "error", "keywords": ["test_view_schedule", "TestPhase3_Scheduling", "test_e2e_complete.py", "tests/__init__.py", "whatsapp-ai-assistant"], "setup": {"duration": 0.02163543800008938, "outcome": "failed", "crash": {"path": "/home/runner/work/whatsapp-ai-assistant/whatsapp-ai-assistant/tests/test_e2e_complete.py", "lineno": 32, "message": "TypeError: RefiloeService.__init__() missing 1 required positional argument: 'supabase_client'"}, "traceback": [{"path": "tests/test_e2e_complete.py", "lineno": 247, "message": "in setup_method"}, {"path": "tests/test_e2e_complete.py", "lineno": 32, "message": "in __init__"}], "longrepr": "tests/test_e2e_complete.py:247: in setup_method\n    self.tester = RefiloeE2ETester()\ntests/test_e2e_complete.py:32: in __init__\n    self.process_message = RefiloeService().handle_message\nE   TypeError: RefiloeService.__init__() missing 1 required positional argument: 'supabase_client'"}, "teardown": {"duration": 0.6837523650000321, "outcome": "passed"}}, {"nodeid": "tests/test_e2e_complete.py::TestPhase3_Scheduling::test_book_sessions", "lineno": 289, "outcome": "error", "keywords": ["test_book_sessions", "TestPhase3_Scheduling", "test_e2e_complete.py", "tests/__init__.py", "whatsapp-ai-assistant"], "setup": {"duration": 0.021787292999988495, "outcome": "failed", "crash": {"path": "/home/runner/work/whatsapp-ai-assistant/whatsapp-ai-assistant/tests/test_e2e_complete.py", "lineno": 32, "message": "TypeError: RefiloeService.__init__() missing 1 required positional argument: 'supabase_client'"}, "traceback": [{"path": "tests/test_e2e_complete.py", "lineno": 247, "message": "in setup_method"}, {"path": "tests/test_e2e_complete.py", "lineno": 32, "message": "in __init__"}], "longrepr": "tests/test_e2e_complete.py:247: in setup_method\n    self.tester = RefiloeE2ETester()\ntests/test_e2e_complete.py:32: in __init__\n    self.process_message = RefiloeService().handle_message\nE   TypeError: RefiloeService.__init__() missing 1 required positional argument: 'supabase_client'"}, "teardown": {"duration": 0.5412825339999472, "outcome": "passed"}}, {"nodeid": "tests/test_e2e_complete.py::TestPhase3_Scheduling::test_cancel_reschedule", "lineno": 310, "outcome": "error", "keywords": ["test_cancel_reschedule", "TestPhase3_Scheduling", "test_e2e_complete.py", "tests/__init__.py", "whatsapp-ai-assistant"], "setup": {"duration": 0.021994671000015842, "outcome": "failed", "crash": {"path": "/home/runner/work/whatsapp-ai-assistant/whatsapp-ai-assistant/tests/test_e2e_complete.py", "lineno": 32, "message": "TypeError: RefiloeService.__init__() missing 1 required positional argument: 'supabase_client'"}, "traceback": [{"path": "tests/test_e2e_complete.py", "lineno": 247, "message": "in setup_method"}, {"path": "tests/test_e2e_complete.py", "lineno": 32, "message": "in __init__"}], "longrepr": "tests/test_e2e_complete.py:247: in setup_method\n    self.tester = RefiloeE2ETester()\ntests/test_e2e_complete.py:32: in __init__\n    self.process_message = RefiloeService().handle_message\nE   TypeError: RefiloeService.__init__() missing 1 required positional argument: 'supabase_client'"}, "teardown": {"duration": 0.6338610060000747, "outcome": "passed"}}, {"nodeid": "tests/test_integration_real.py::TestRealIntegration::test_trainer_registration_database", "lineno": 103, "outcome": "passed", "keywords": ["test_trainer_registration_database", "TestRealIntegration", "skipif", "test_integration_real.py", "tests/__init__.py", "whatsapp-ai-assistant"], "setup": {"duration": 0.16225557500001742, "outcome": "passed"}, "call": {"duration": 0.22895014299990635, "outcome": "passed"}, "teardown": {"duration": 0.4588674540000284, "outcome": "passed"}}, {"nodeid": "tests/test_integration_real.py::TestRealIntegration::test_client_management_real", "lineno": 131, "outcome": "passed", "keywords": ["test_client_management_real", "TestRealIntegration", "skipif", "test_integration_real.py", "tests/__init__.py", "whatsapp-ai-assistant"], "setup": {"duration": 0.0002938989999847763, "outcome": "passed"}, "call": {"duration": 0.33600796200005334, "outcome": "passed"}, "teardown": {"duration": 0.4770860479999328, "outcome": "passed"}}, {"nodeid": "tests/test_integration_real.py::TestRealIntegration::test_booking_system_real", "lineno": 159, "outcome": "failed", "keywords": ["test_booking_system_real", "TestRealIntegration", "skipif", "test_integration_real.py", "tests/__init__.py", "whatsapp-ai-assistant"], "setup": {"duration": 0.00029018200007158157, "outcome": "passed"}, "call": {"duration": 0.23250403700001243, "outcome": "failed", "crash": {"path": "/opt/hostedtoolcache/Python/3.11.13/x64/lib/python3.11/site-packages/postgrest/_sync/request_builder.py", "lineno": 70, "message": "postgrest.exceptions.APIError: {'code': 'PGRST204', 'details': None, 'hint': None, 'message': \"Could not find the 'booking_date' column of 'bookings' in the schema cache\"}"}, "traceback": [{"path": "tests/test_integration_real.py", "lineno": 182, "message": "in test_booking_system_real"}, {"path": "/opt/hostedtoolcache/Python/3.11.13/x64/lib/python3.11/site-packages/postgrest/_sync/request_builder.py", "lineno": 70, "message": "in execute"}], "longrepr": "tests/test_integration_real.py:182: in test_booking_system_real\n    }).execute()\n/opt/hostedtoolcache/Python/3.11.13/x64/lib/python3.11/site-packages/postgrest/_sync/request_builder.py:70: in execute\n    raise APIError(r.json())\nE   postgrest.exceptions.APIError: {'code': 'PGRST204', 'details': None, 'hint': None, 'message': \"Could not find the 'booking_date' column of 'bookings' in the schema cache\"}"}, "teardown": {"duration": 0.4959456799999771, "outcome": "passed"}}, {"nodeid": "tests/test_integration_real.py::TestRealIntegration::test_ai_integration_simple", "lineno": 192, "outcome": "passed", "keywords": ["test_ai_integration_simple", "TestRealIntegration", "skipif", "test_integration_real.py", "tests/__init__.py", "whatsapp-ai-assistant"], "setup": {"duration": 0.0003057010000020455, "outcome": "passed"}, "call": {"duration": 1.0747229730000072, "outcome": "passed"}, "teardown": {"duration": 0.475179265999941, "outcome": "passed"}}, {"nodeid": "tests/test_integration_real.py::TestRealIntegration::test_database_connection", "lineno": 216, "outcome": "passed", "keywords": ["test_database_connection", "TestRealIntegration", "skipif", "test_integration_real.py", "tests/__init__.py", "whatsapp-ai-assistant"], "setup": {"duration": 0.0003087769999865486, "outcome": "passed"}, "call": {"duration": 0.09752565399992363, "outcome": "passed"}, "teardown": {"duration": 1.1139864640000496, "outcome": "passed"}}, {"nodeid": "tests/test_phase1_registration.py::TestTrainerRegistrationReal::test_complete_trainer_registration_flow", "lineno": 77, "outcome": "passed", "keywords": ["test_complete_trainer_registration_flow", "critical", "pytestmark", "TestTrainerRegistrationReal", "test_phase1_registration.py", "tests/__init__.py", "whatsapp-ai-assistant"], "setup": {"duration": 0.0009569960000135325, "outcome": "passed"}, "call": {"duration": 0.04850885900009416, "outcome": "passed"}, "teardown": {"duration": 0.5257411590000629, "outcome": "passed"}}, {"nodeid": "tests/test_phase1_registration.py::TestTrainerRegistrationReal::test_currency_parsing_variations", "lineno": 192, "outcome": "passed", "keywords": ["test_currency_parsing_variations", "critical", "pytestmark", "TestTrainerRegistrationReal", "test_phase1_registration.py", "tests/__init__.py", "whatsapp-ai-assistant"], "setup": {"duration": 0.0008946200000536919, "outcome": "passed"}, "call": {"duration": 0.00014615299994602537, "outcome": "passed"}, "teardown": {"duration": 0.4668849270000237, "outcome": "passed"}}, {"nodeid": "tests/test_phase1_registration.py::TestTrainerRegistrationReal::test_registration_with_missing_fields", "lineno": 211, "outcome": "passed", "keywords": ["test_registration_with_missing_fields", "TestTrainerRegistrationReal", "test_phase1_registration.py", "tests/__init__.py", "whatsapp-ai-assistant"], "setup": {"duration": 0.002910052000061114, "outcome": "passed"}, "call": {"duration": 0.005402797999977338, "outcome": "passed"}, "teardown": {"duration": 0.44911563699997714, "outcome": "passed"}}, {"nodeid": "tests/test_phase1_registration.py::TestTrainerRegistrationReal::test_trainer_recognition_after_registration", "lineno": 224, "outcome": "failed", "keywords": ["test_trainer_recognition_after_registration", "TestTrainerRegistrationReal", "test_phase1_registration.py", "tests/__init__.py", "whatsapp-ai-assistant"], "setup": {"duration": 0.000811463999980333, "outcome": "passed"}, "call": {"duration": 0.7971151520000603, "outcome": "failed", "crash": {"path": "/home/runner/work/whatsapp-ai-assistant/whatsapp-ai-assistant/tests/test_phase1_registration.py", "lineno": 252, "message": "assert False == True\n +  where False = <built-in method get of dict object at 0x7fdf3f66f500>('success')\n +    where <built-in method get of dict object at 0x7fdf3f66f500> = {'response': \"Sorry, I'm having a bit of trouble right now. Please try again in a moment! \ud83d\ude0a\", 'success': False}.get"}, "traceback": [{"path": "tests/test_phase1_registration.py", "lineno": 252, "message": "in test_trainer_recognition_after_registration"}], "log": [{"name": "refiloe", "msg": "Background scheduler started", "args": null, "levelname": "INFO", "levelno": 20, "pathname": "/home/runner/work/whatsapp-ai-assistant/whatsapp-ai-assistant/utils/logger.py", "filename": "logger.py", "module": "logger", "exc_info": null, "exc_text": null, "stack_info": null, "lineno": 21, "funcName": "log_info", "created": 1759085302.1834064, "msecs": 183.0, "relativeCreated": 21016.175031661987, "thread": 140596884642688, "threadName": "MainThread", "processName": "MainProcess", "process": 2310}, {"name": "refiloe", "msg": "Routes setup complete", "args": null, "levelname": "INFO", "levelno": 20, "pathname": "/home/runner/work/whatsapp-ai-assistant/whatsapp-ai-assistant/utils/logger.py", "filename": "logger.py", "module": "logger", "exc_info": null, "exc_text": null, "stack_info": null, "lineno": 21, "funcName": "log_info", "created": 1759085302.1845667, "msecs": 184.0, "relativeCreated": 21017.335414886475, "thread": 140596884642688, "threadName": "MainThread", "processName": "MainProcess", "process": 2310}, {"name": "refiloe", "msg": "Error handling message: WhatsAppService.__init__() missing 2 required positional arguments: 'supabase_client' and 'logger'", "args": null, "levelname": "ERROR", "levelno": 40, "pathname": "/home/runner/work/whatsapp-ai-assistant/whatsapp-ai-assistant/utils/logger.py", "filename": "logger.py", "module": "logger", "exc_info": null, "exc_text": null, "stack_info": null, "lineno": 25, "funcName": "log_error", "created": 1759085302.2117603, "msecs": 211.0, "relativeCreated": 21044.52896118164, "thread": 140596884642688, "threadName": "MainThread", "processName": "MainProcess", "process": 2310}], "longrepr": "tests/test_phase1_registration.py:252: in test_trainer_recognition_after_registration\n    assert response.get('success') == True\nE   assert False == True\nE    +  where False = <built-in method get of dict object at 0x7fdf3f66f500>('success')\nE    +    where <built-in method get of dict object at 0x7fdf3f66f500> = {'response': \"Sorry, I'm having a bit of trouble right now. Please try again in a moment! \ud83d\ude0a\", 'success': False}.get"}, "teardown": {"duration": 0.46276733299998796, "outcome": "passed"}}, {"nodeid": "tests/test_phase1_registration.py::TestClientRegistrationReal::test_client_receives_welcome_after_registration", "lineno": 281, "outcome": "failed", "keywords": ["test_client_receives_welcome_after_registration", "TestClientRegistrationReal", "test_phase1_registration.py", "tests/__init__.py", "whatsapp-ai-assistant"], "setup": {"duration": 0.003652827999985675, "outcome": "passed"}, "call": {"duration": 0.0708777419999933, "outcome": "failed", "crash": {"path": "/home/runner/work/whatsapp-ai-assistant/whatsapp-ai-assistant/tests/test_phase1_registration.py", "lineno": 297, "message": "assert False == True\n +  where False = <built-in method get of dict object at 0x7fdf2eefb280>('success')\n +    where <built-in method get of dict object at 0x7fdf2eefb280> = {'response': \"Sorry, I'm having a bit of trouble right now. Please try again in a moment! \ud83d\ude0a\", 'success': False}.get"}, "traceback": [{"path": "tests/test_phase1_registration.py", "lineno": 297, "message": "in test_client_receives_welcome_after_registration"}], "log": [{"name": "refiloe", "msg": "Background scheduler started", "args": null, "levelname": "INFO", "levelno": 20, "pathname": "/home/runner/work/whatsapp-ai-assistant/whatsapp-ai-assistant/utils/logger.py", "filename": "logger.py", "module": "logger", "exc_info": null, "exc_text": null, "stack_info": null, "lineno": 21, "funcName": "log_info", "created": 1759085302.7316616, "msecs": 731.0, "relativeCreated": 21564.430236816406, "thread": 140596884642688, "threadName": "MainThread", "processName": "MainProcess", "process": 2310}, {"name": "refiloe", "msg": "Routes setup complete", "args": null, "levelname": "INFO", "levelno": 20, "pathname": "/home/runner/work/whatsapp-ai-assistant/whatsapp-ai-assistant/utils/logger.py", "filename": "logger.py", "module": "logger", "exc_info": null, "exc_text": null, "stack_info": null, "lineno": 21, "funcName": "log_info", "created": 1759085302.7326095, "msecs": 732.0, "relativeCreated": 21565.378189086914, "thread": 140596884642688, "threadName": "MainThread", "processName": "MainProcess", "process": 2310}, {"name": "refiloe", "msg": "Error handling message: WhatsAppService.__init__() missing 2 required positional arguments: 'supabase_client' and 'logger'", "args": null, "levelname": "ERROR", "levelno": 40, "pathname": "/home/runner/work/whatsapp-ai-assistant/whatsapp-ai-assistant/utils/logger.py", "filename": "logger.py", "module": "logger", "exc_info": null, "exc_text": null, "stack_info": null, "lineno": 25, "funcName": "log_error", "created": 1759085302.7566154, "msecs": 756.0, "relativeCreated": 21589.384078979492, "thread": 140596884642688, "threadName": "MainThread", "processName": "MainProcess", "process": 2310}], "longrepr": "tests/test_phase1_registration.py:297: in test_client_receives_welcome_after_registration\n    assert response.get('success') == True\nE   assert False == True\nE    +  where False = <built-in method get of dict object at 0x7fdf2eefb280>('success')\nE    +    where <built-in method get of dict object at 0x7fdf2eefb280> = {'response': \"Sorry, I'm having a bit of trouble right now. Please try again in a moment! \ud83d\ude0a\", 'success': False}.get"}, "teardown": {"duration": 0.4827999430000318, "outcome": "passed"}}, {"nodeid": "tests/test_phase1_registration.py::TestRegistrationEdgeCases::test_duplicate_registration_attempt", "lineno": 311, "outcome": "passed", "keywords": ["test_duplicate_registration_attempt", "TestRegistrationEdgeCases", "test_phase1_registration.py", "tests/__init__.py", "whatsapp-ai-assistant"], "setup": {"duration": 0.000602144000026783, "outcome": "passed"}, "call": {"duration": 0.0036516069999379397, "outcome": "passed"}, "teardown": {"duration": 0.4702421389999927, "outcome": "passed"}}, {"nodeid": "tests/test_phase1_registration.py::TestRegistrationEdgeCases::test_invalid_email_format", "lineno": 327, "outcome": "passed", "keywords": ["test_invalid_email_format", "TestRegistrationEdgeCases", "test_phase1_registration.py", "tests/__init__.py", "whatsapp-ai-assistant"], "setup": {"duration": 0.0005931169999939812, "outcome": "passed"}, "call": {"duration": 0.0002646839999442818, "outcome": "passed"}, "teardown": {"duration": 0.46973794899997756, "outcome": "passed"}}, {"nodeid": "tests/test_phase1_registration.py::TestRegistrationEdgeCases::test_extremely_long_input", "lineno": 341, "outcome": "passed", "keywords": ["test_extremely_long_input", "TestRegistrationEdgeCases", "test_phase1_registration.py", "tests/__init__.py", "whatsapp-ai-assistant"], "setup": {"duration": 0.004141230999948675, "outcome": "passed"}, "call": {"duration": 0.00017916499996317725, "outcome": "passed"}, "teardown": {"duration": 0.7671828969999979, "outcome": "passed"}}, {"nodeid": "tests/test_phase1_registration.py::TestRegistrationEdgeCases::test_special_characters_in_name", "lineno": 358, "outcome": "passed", "keywords": ["test_special_characters_in_name", "TestRegistrationEdgeCases", "test_phase1_registration.py", "tests/__init__.py", "whatsapp-ai-assistant"], "setup": {"duration": 0.0006099690000382907, "outcome": "passed"}, "call": {"duration": 9.381500001381937e-05, "outcome": "passed"}, "teardown": {"duration": 0.6323479630000293, "outcome": "passed"}}, {"nodeid": "tests/test_phase2_client_management.py::TestAddClientReal::test_add_client_command_variations", "lineno": 47, "outcome": "failed", "keywords": ["test_add_client_command_variations", "critical", "pytestmark", "TestAddClientReal", "test_phase2_client_management.py", "tests/__init__.py", "whatsapp-ai-assistant"], "setup": {"duration": 0.0254097440000578, "outcome": "passed", "log": [{"name": "refiloe", "msg": "AI Intent Handler initialized with Claude", "args": null, "levelname": "INFO", "levelno": 20, "pathname": "/home/runner/work/whatsapp-ai-assistant/whatsapp-ai-assistant/utils/logger.py", "filename": "logger.py", "module": "logger", "exc_info": null, "exc_text": null, "stack_info": null, "lineno": 21, "funcName": "log_info", "created": 1759085305.6230254, "msecs": 623.0, "relativeCreated": 24455.794095993042, "thread": 140596884642688, "threadName": "MainThread", "processName": "MainProcess", "process": 2310}]}, "call": {"duration": 0.07060520400000314, "outcome": "failed", "crash": {"path": "/home/runner/work/whatsapp-ai-assistant/whatsapp-ai-assistant/tests/test_phase2_client_management.py", "lineno": 71, "message": "AssertionError: Failed to add client with command: Add client Sarah 0821234567\nassert (False == True or 'added' in '' or 'registered' in '')\n +  where False = <built-in method get of dict object at 0x7fdf2ef33d00>('success')\n +    where <built-in method get of dict object at 0x7fdf2ef33d00> = {'response': \"Sorry, I'm having a bit of trouble right now. Please try again in a moment! \ud83d\ude0a\", 'success': False}.get\n +  and   '' = <built-in method lower of str object at 0x7fdf4353fba0>()\n +    where <built-in method lower of str object at 0x7fdf4353fba0> = ''.lower\n +      where '' = <built-in method get of dict object at 0x7fdf2ef33d00>('message', '')\n +        where <built-in method get of dict object at 0x7fdf2ef33d00> = {'response': \"Sorry, I'm having a bit of trouble right now. Please try again in a moment! \ud83d\ude0a\", 'success': False}.get\n +  and   '' = <built-in method lower of str object at 0x7fdf4353fba0>()\n +    where <built-in method lower of str object at 0x7fdf4353fba0> = ''.lower\n +      where '' = <built-in method get of dict object at 0x7fdf2ef33d00>('message', '')\n +        where <built-in method get of dict object at 0x7fdf2ef33d00> = {'response': \"Sorry, I'm having a bit of trouble right now. Please try again in a moment! \ud83d\ude0a\", 'success': False}.get"}, "traceback": [{"path": "tests/test_phase2_client_management.py", "lineno": 71, "message": "in test_add_client_command_variations"}], "log": [{"name": "refiloe", "msg": "Background scheduler started", "args": null, "levelname": "INFO", "levelno": 20, "pathname": "/home/runner/work/whatsapp-ai-assistant/whatsapp-ai-assistant/utils/logger.py", "filename": "logger.py", "module": "logger", "exc_info": null, "exc_text": null, "stack_info": null, "lineno": 21, "funcName": "log_info", "created": 1759085305.6686027, "msecs": 668.0, "relativeCreated": 24501.371383666992, "thread": 140596884642688, "threadName": "MainThread", "processName": "MainProcess", "process": 2310}, {"name": "refiloe", "msg": "Routes setup complete", "args": null, "levelname": "INFO", "levelno": 20, "pathname": "/home/runner/work/whatsapp-ai-assistant/whatsapp-ai-assistant/utils/logger.py", "filename": "logger.py", "module": "logger", "exc_info": null, "exc_text": null, "stack_info": null, "lineno": 21, "funcName": "log_info", "created": 1759085305.6695392, "msecs": 669.0, "relativeCreated": 24502.307891845703, "thread": 140596884642688, "threadName": "MainThread", "processName": "MainProcess", "process": 2310}, {"name": "refiloe", "msg": "Error handling message: WhatsAppService.__init__() missing 2 required positional arguments: 'supabase_client' and 'logger'", "args": null, "levelname": "ERROR", "levelno": 40, "pathname": "/home/runner/work/whatsapp-ai-assistant/whatsapp-ai-assistant/utils/logger.py", "filename": "logger.py", "module": "logger", "exc_info": null, "exc_text": null, "stack_info": null, "lineno": 25, "funcName": "log_error", "created": 1759085305.6935062, "msecs": 693.0, "relativeCreated": 24526.274919509888, "thread": 140596884642688, "threadName": "MainThread", "processName": "MainProcess", "process": 2310}], "longrepr": "tests/test_phase2_client_management.py:71: in test_add_client_command_variations\n    assert response.get('success') == True or \\\nE   AssertionError: Failed to add client with command: Add client Sarah 0821234567\nE   assert (False == True or 'added' in '' or 'registered' in '')\nE    +  where False = <built-in method get of dict object at 0x7fdf2ef33d00>('success')\nE    +    where <built-in method get of dict object at 0x7fdf2ef33d00> = {'response': \"Sorry, I'm having a bit of trouble right now. Please try again in a moment! \ud83d\ude0a\", 'success': False}.get\nE    +  and   '' = <built-in method lower of str object at 0x7fdf4353fba0>()\nE    +    where <built-in method lower of str object at 0x7fdf4353fba0> = ''.lower\nE    +      where '' = <built-in method get of dict object at 0x7fdf2ef33d00>('message', '')\nE    +        where <built-in method get of dict object at 0x7fdf2ef33d00> = {'response': \"Sorry, I'm having a bit of trouble right now. Please try again in a moment! \ud83d\ude0a\", 'success': False}.get\nE    +  and   '' = <built-in method lower of str object at 0x7fdf4353fba0>()\nE    +    where <built-in method lower of str object at 0x7fdf4353fba0> = ''.lower\nE    +      where '' = <built-in method get of dict object at 0x7fdf2ef33d00>('message', '')\nE    +        where <built-in method get of dict object at 0x7fdf2ef33d00> = {'response': \"Sorry, I'm having a bit of trouble right now. Please try again in a moment! \ud83d\ude0a\", 'success': False}.get"}, "teardown": {"duration": 0.4940908109999782, "outcome": "passed"}}, {"nodeid": "tests/test_phase2_client_management.py::TestAddClientReal::test_phone_number_normalization", "lineno": 75, "outcome": "passed", "keywords": ["test_phone_number_normalization", "critical", "pytestmark", "TestAddClientReal", "test_phase2_client_management.py", "tests/__init__.py", "whatsapp-ai-assistant"], "setup": {"duration": 0.023673243000075672, "outcome": "passed", "log": [{"name": "refiloe", "msg": "AI Intent Handler initialized with Claude", "args": null, "levelname": "INFO", "levelno": 20, "pathname": "/home/runner/work/whatsapp-ai-assistant/whatsapp-ai-assistant/utils/logger.py", "filename": "logger.py", "module": "logger", "exc_info": null, "exc_text": null, "stack_info": null, "lineno": 21, "funcName": "log_info", "created": 1759085306.217184, "msecs": 217.0, "relativeCreated": 25049.952745437622, "thread": 140596884642688, "threadName": "MainThread", "processName": "MainProcess", "process": 2310}]}, "call": {"duration": 0.00019995299999209237, "outcome": "passed"}, "teardown": {"duration": 0.4777618660000371, "outcome": "passed"}}, {"nodeid": "tests/test_phase2_client_management.py::TestAddClientReal::test_add_client_with_special_names", "lineno": 100, "outcome": "passed", "keywords": ["test_add_client_with_special_names", "TestAddClientReal", "test_phase2_client_management.py", "tests/__init__.py", "whatsapp-ai-assistant"], "setup": {"duration": 0.022742926999967494, "outcome": "passed", "log": [{"name": "refiloe", "msg": "AI Intent Handler initialized with Claude", "args": null, "levelname": "INFO", "levelno": 20, "pathname": "/home/runner/work/whatsapp-ai-assistant/whatsapp-ai-assistant/utils/logger.py", "filename": "logger.py", "module": "logger", "exc_info": null, "exc_text": null, "stack_info": null, "lineno": 21, "funcName": "log_info", "created": 1759085306.7185287, "msecs": 718.0, "relativeCreated": 25551.297426223755, "thread": 140596884642688, "threadName": "MainThread", "processName": "MainProcess", "process": 2310}]}, "call": {"duration": 0.5337956990000521, "outcome": "passed", "log": [{"name": "refiloe", "msg": "Background scheduler started", "args": null, "levelname": "INFO", "levelno": 20, "pathname": "/home/runner/work/whatsapp-ai-assistant/whatsapp-ai-assistant/utils/logger.py", "filename": "logger.py", "module": "logger", "exc_info": null, "exc_text": null, "stack_info": null, "lineno": 21, "funcName": "log_info", "created": 1759085306.763795, "msecs": 763.0, "relativeCreated": 25596.563577651978, "thread": 140596884642688, "threadName": "MainThread", "processName": "MainProcess", "process": 2310}, {"name": "refiloe", "msg": "Routes setup complete", "args": null, "levelname": "INFO", "levelno": 20, "pathname": "/home/runner/work/whatsapp-ai-assistant/whatsapp-ai-assistant/utils/logger.py", "filename": "logger.py", "module": "logger", "exc_info": null, "exc_text": null, "stack_info": null, "lineno": 21, "funcName": "log_info", "created": 1759085306.7646887, "msecs": 764.0, "relativeCreated": 25597.45740890503, "thread": 140596884642688, "threadName": "MainThread", "processName": "MainProcess", "process": 2310}, {"name": "refiloe", "msg": "Error handling message: WhatsAppService.__init__() missing 2 required positional arguments: 'supabase_client' and 'logger'", "args": null, "levelname": "ERROR", "levelno": 40, "pathname": "/home/runner/work/whatsapp-ai-assistant/whatsapp-ai-assistant/utils/logger.py", "filename": "logger.py", "module": "logger", "exc_info": null, "exc_text": null, "stack_info": null, "lineno": 25, "funcName": "log_error", "created": 1759085306.7885218, "msecs": 788.0, "relativeCreated": 25621.29044532776, "thread": 140596884642688, "threadName": "MainThread", "processName": "MainProcess", "process": 2310}, {"name": "refiloe", "msg": "Background scheduler started", "args": null, "levelname": "INFO", "levelno": 20, "pathname": "/home/runner/work/whatsapp-ai-assistant/whatsapp-ai-assistant/utils/logger.py", "filename": "logger.py", "module": "logger", "exc_info": null, "exc_text": null, "stack_info": null, "lineno": 21, "funcName": "log_info", "created": 1759085306.8338625, "msecs": 833.0, "relativeCreated": 25666.63122177124, "thread": 140596884642688, "threadName": "MainThread", "processName": "MainProcess", "process": 2310}, {"name": "refiloe", "msg": "Routes setup complete", "args": null, "levelname": "INFO", "levelno": 20, "pathname": "/home/runner/work/whatsapp-ai-assistant/whatsapp-ai-assistant/utils/logger.py", "filename": "logger.py", "module": "logger", "exc_info": null, "exc_text": null, "stack_info": null, "lineno": 21, "funcName": "log_info", "created": 1759085306.8347278, "msecs": 834.0, "relativeCreated": 25667.4964427948, "thread": 140596884642688, "threadName": "MainThread", "processName": "MainProcess", "process": 2310}, {"name": "refiloe", "msg": "Error handling message: WhatsAppService.__init__() missing 2 required positional arguments: 'supabase_client' and 'logger'", "args": null, "levelname": "ERROR", "levelno": 40, "pathname": "/home/runner/work/whatsapp-ai-assistant/whatsapp-ai-assistant/utils/logger.py", "filename": "logger.py", "module": "logger", "exc_info": null, "exc_text": null, "stack_info": null, "lineno": 25, "funcName": "log_error", "created": 1759085306.858564, "msecs": 858.0, "relativeCreated": 25691.332578659058, "thread": 140596884642688, "threadName": "MainThread", "processName": "MainProcess", "process": 2310}, {"name": "refiloe", "msg": "Background scheduler started", "args": null, "levelname": "INFO", "levelno": 20, "pathname": "/home/runner/work/whatsapp-ai-assistant/whatsapp-ai-assistant/utils/logger.py", "filename": "logger.py", "module": "logger", "exc_info": null, "exc_text": null, "stack_info": null, "lineno": 21, "funcName": "log_info", "created": 1759085306.903747, "msecs": 903.0, "relativeCreated": 25736.515760421753, "thread": 140596884642688, "threadName": "MainThread", "processName": "MainProcess", "process": 2310}, {"name": "refiloe", "msg": "Routes setup complete", "args": null, "levelname": "INFO", "levelno": 20, "pathname": "/home/runner/work/whatsapp-ai-assistant/whatsapp-ai-assistant/utils/logger.py", "filename": "logger.py", "module": "logger", "exc_info": null, "exc_text": null, "stack_info": null, "lineno": 21, "funcName": "log_info", "created": 1759085306.9046595, "msecs": 904.0, "relativeCreated": 25737.428188323975, "thread": 140596884642688, "threadName": "MainThread", "processName": "MainProcess", "process": 2310}, {"name": "refiloe", "msg": "Error handling message: WhatsAppService.__init__() missing 2 required positional arguments: 'supabase_client' and 'logger'", "args": null, "levelname": "ERROR", "levelno": 40, "pathname": "/home/runner/work/whatsapp-ai-assistant/whatsapp-ai-assistant/utils/logger.py", "filename": "logger.py", "module": "logger", "exc_info": null, "exc_text": null, "stack_info": null, "lineno": 25, "funcName": "log_error", "created": 1759085306.935831, "msecs": 935.0, "relativeCreated": 25768.59974861145, "thread": 140596884642688, "threadName": "MainThread", "processName": "MainProcess", "process": 2310}, {"name": "refiloe", "msg": "Background scheduler started", "args": null, "levelname": "INFO", "levelno": 20, "pathname": "/home/runner/work/whatsapp-ai-assistant/whatsapp-ai-assistant/utils/logger.py", "filename": "logger.py", "module": "logger", "exc_info": null, "exc_text": null, "stack_info": null, "lineno": 21, "funcName": "log_info", "created": 1759085306.979875, "msecs": 979.0, "relativeCreated": 25812.6437664032, "thread": 140596884642688, "threadName": "MainThread", "processName": "MainProcess", "process": 2310}, {"name": "refiloe", "msg": "Routes setup complete", "args": null, "levelname": "INFO", "levelno": 20, "pathname": "/home/runner/work/whatsapp-ai-assistant/whatsapp-ai-assistant/utils/logger.py", "filename": "logger.py", "module": "logger", "exc_info": null, "exc_text": null, "stack_info": null, "lineno": 21, "funcName": "log_info", "created": 1759085307.0193422, "msecs": 19.0, "relativeCreated": 25852.110862731934, "thread": 140596884642688, "threadName": "MainThread", "processName": "MainProcess", "process": 2310}, {"name": "refiloe", "msg": "Error handling message: WhatsAppService.__init__() missing 2 required positional arguments: 'supabase_client' and 'logger'", "args": null, "levelname": "ERROR", "levelno": 40, "pathname": "/home/runner/work/whatsapp-ai-assistant/whatsapp-ai-assistant/utils/logger.py", "filename": "logger.py", "module": "logger", "exc_info": null, "exc_text": null, "stack_info": null, "lineno": 25, "funcName": "log_error", "created": 1759085307.0430605, "msecs": 43.0, "relativeCreated": 25875.829219818115, "thread": 140596884642688, "threadName": "MainThread", "processName": "MainProcess", "process": 2310}, {"name": "refiloe", "msg": "Background scheduler started", "args": null, "levelname": "INFO", "levelno": 20, "pathname": "/home/runner/work/whatsapp-ai-assistant/whatsapp-ai-assistant/utils/logger.py", "filename": "logger.py", "module": "logger", "exc_info": null, "exc_text": null, "stack_info": null, "lineno": 21, "funcName": "log_info", "created": 1759085307.0881002, "msecs": 88.0, "relativeCreated": 25920.86887359619, "thread": 140596884642688, "threadName": "MainThread", "processName": "MainProcess", "process": 2310}, {"name": "refiloe", "msg": "Routes setup complete", "args": null, "levelname": "INFO", "levelno": 20, "pathname": "/home/runner/work/whatsapp-ai-assistant/whatsapp-ai-assistant/utils/logger.py", "filename": "logger.py", "module": "logger", "exc_info": null, "exc_text": null, "stack_info": null, "lineno": 21, "funcName": "log_info", "created": 1759085307.0890002, "msecs": 89.0, "relativeCreated": 25921.7689037323, "thread": 140596884642688, "threadName": "MainThread", "processName": "MainProcess", "process": 2310}, {"name": "refiloe", "msg": "Error handling message: WhatsAppService.__init__() missing 2 required positional arguments: 'supabase_client' and 'logger'", "args": null, "levelname": "ERROR", "levelno": 40, "pathname": "/home/runner/work/whatsapp-ai-assistant/whatsapp-ai-assistant/utils/logger.py", "filename": "logger.py", "module": "logger", "exc_info": null, "exc_text": null, "stack_info": null, "lineno": 25, "funcName": "log_error", "created": 1759085307.112614, "msecs": 112.0, "relativeCreated": 25945.382595062256, "thread": 140596884642688, "threadName": "MainThread", "processName": "MainProcess", "process": 2310}, {"name": "refiloe", "msg": "Background scheduler started", "args": null, "levelname": "INFO", "levelno": 20, "pathname": "/home/runner/work/whatsapp-ai-assistant/whatsapp-ai-assistant/utils/logger.py", "filename": "logger.py", "module": "logger", "exc_info": null, "exc_text": null, "stack_info": null, "lineno": 21, "funcName": "log_info", "created": 1759085307.1571426, "msecs": 157.0, "relativeCreated": 25989.911317825317, "thread": 140596884642688, "threadName": "MainThread", "processName": "MainProcess", "process": 2310}, {"name": "refiloe", "msg": "Routes setup complete", "args": null, "levelname": "INFO", "levelno": 20, "pathname": "/home/runner/work/whatsapp-ai-assistant/whatsapp-ai-assistant/utils/logger.py", "filename": "logger.py", "module": "logger", "exc_info": null, "exc_text": null, "stack_info": null, "lineno": 21, "funcName": "log_info", "created": 1759085307.1581306, "msecs": 158.0, "relativeCreated": 25990.899324417114, "thread": 140596884642688, "threadName": "MainThread", "processName": "MainProcess", "process": 2310}, {"name": "refiloe", "msg": "Error handling message: WhatsAppService.__init__() missing 2 required positional arguments: 'supabase_client' and 'logger'", "args": null, "levelname": "ERROR", "levelno": 40, "pathname": "/home/runner/work/whatsapp-ai-assistant/whatsapp-ai-assistant/utils/logger.py", "filename": "logger.py", "module": "logger", "exc_info": null, "exc_text": null, "stack_info": null, "lineno": 25, "funcName": "log_error", "created": 1759085307.1829205, "msecs": 182.0, "relativeCreated": 26015.68913459778, "thread": 140596884642688, "threadName": "MainThread", "processName": "MainProcess", "process": 2310}, {"name": "refiloe", "msg": "Background scheduler started", "args": null, "levelname": "INFO", "levelno": 20, "pathname": "/home/runner/work/whatsapp-ai-assistant/whatsapp-ai-assistant/utils/logger.py", "filename": "logger.py", "module": "logger", "exc_info": null, "exc_text": null, "stack_info": null, "lineno": 21, "funcName": "log_info", "created": 1759085307.2279606, "msecs": 227.0, "relativeCreated": 26060.729265213013, "thread": 140596884642688, "threadName": "MainThread", "processName": "MainProcess", "process": 2310}, {"name": "refiloe", "msg": "Routes setup complete", "args": null, "levelname": "INFO", "levelno": 20, "pathname": "/home/runner/work/whatsapp-ai-assistant/whatsapp-ai-assistant/utils/logger.py", "filename": "logger.py", "module": "logger", "exc_info": null, "exc_text": null, "stack_info": null, "lineno": 21, "funcName": "log_info", "created": 1759085307.22886, "msecs": 228.0, "relativeCreated": 26061.628580093384, "thread": 140596884642688, "threadName": "MainThread", "processName": "MainProcess", "process": 2310}, {"name": "refiloe", "msg": "Error handling message: WhatsAppService.__init__() missing 2 required positional arguments: 'supabase_client' and 'logger'", "args": null, "levelname": "ERROR", "levelno": 40, "pathname": "/home/runner/work/whatsapp-ai-assistant/whatsapp-ai-assistant/utils/logger.py", "filename": "logger.py", "module": "logger", "exc_info": null, "exc_text": null, "stack_info": null, "lineno": 25, "funcName": "log_error", "created": 1759085307.2524467, "msecs": 252.0, "relativeCreated": 26085.2153301239, "thread": 140596884642688, "threadName": "MainThread", "processName": "MainProcess", "process": 2310}]}, "teardown": {"duration": 0.4977305149999438, "outcome": "passed"}}, {"nodeid": "tests/test_phase2_client_management.py::TestViewClientsReal::test_view_clients_commands", "lineno": 140, "outcome": "failed", "keywords": ["test_view_clients_commands", "TestViewClientsReal", "test_phase2_client_management.py", "tests/__init__.py", "whatsapp-ai-assistant"], "setup": {"duration": 0.0009919010000203343, "outcome": "passed"}, "call": {"duration": 0.07082171699994433, "outcome": "failed", "crash": {"path": "/home/runner/work/whatsapp-ai-assistant/whatsapp-ai-assistant/tests/test_phase2_client_management.py", "lineno": 160, "message": "AssertionError: Failed to list clients with command: Show my clients\nassert ('sarah' in '' or 'john' in '' or 'mike' in '' or 'client' in '')"}, "traceback": [{"path": "tests/test_phase2_client_management.py", "lineno": 160, "message": "in test_view_clients_commands"}], "log": [{"name": "refiloe", "msg": "Background scheduler started", "args": null, "levelname": "INFO", "levelno": 20, "pathname": "/home/runner/work/whatsapp-ai-assistant/whatsapp-ai-assistant/utils/logger.py", "filename": "logger.py", "module": "logger", "exc_info": null, "exc_text": null, "stack_info": null, "lineno": 21, "funcName": "log_info", "created": 1759085307.7978563, "msecs": 797.0, "relativeCreated": 26630.625009536743, "thread": 140596884642688, "threadName": "MainThread", "processName": "MainProcess", "process": 2310}, {"name": "refiloe", "msg": "Routes setup complete", "args": null, "levelname": "INFO", "levelno": 20, "pathname": "/home/runner/work/whatsapp-ai-assistant/whatsapp-ai-assistant/utils/logger.py", "filename": "logger.py", "module": "logger", "exc_info": null, "exc_text": null, "stack_info": null, "lineno": 21, "funcName": "log_info", "created": 1759085307.7987435, "msecs": 798.0, "relativeCreated": 26631.51216506958, "thread": 140596884642688, "threadName": "MainThread", "processName": "MainProcess", "process": 2310}, {"name": "refiloe", "msg": "Error handling message: WhatsAppService.__init__() missing 2 required positional arguments: 'supabase_client' and 'logger'", "args": null, "levelname": "ERROR", "levelno": 40, "pathname": "/home/runner/work/whatsapp-ai-assistant/whatsapp-ai-assistant/utils/logger.py", "filename": "logger.py", "module": "logger", "exc_info": null, "exc_text": null, "stack_info": null, "lineno": 25, "funcName": "log_error", "created": 1759085307.822586, "msecs": 822.0, "relativeCreated": 26655.354738235474, "thread": 140596884642688, "threadName": "MainThread", "processName": "MainProcess", "process": 2310}], "longrepr": "tests/test_phase2_client_management.py:160: in test_view_clients_commands\n    assert 'sarah' in message or 'john' in message or 'mike' in message or \\\nE   AssertionError: Failed to list clients with command: Show my clients\nE   assert ('sarah' in '' or 'john' in '' or 'mike' in '' or 'client' in '')"}, "teardown": {"duration": 0.505888374000051, "outcome": "passed"}}, {"nodeid": "tests/test_phase2_client_management.py::TestCustomPricingReal::test_set_custom_pricing_variations", "lineno": 188, "outcome": "failed", "keywords": ["test_set_custom_pricing_variations", "critical", "pytestmark", "TestCustomPricingReal", "test_phase2_client_management.py", "tests/__init__.py", "whatsapp-ai-assistant"], "setup": {"duration": 0.0014962029999878723, "outcome": "passed"}, "call": {"duration": 0.07520152200004304, "outcome": "failed", "crash": {"path": "/home/runner/work/whatsapp-ai-assistant/whatsapp-ai-assistant/tests/test_phase2_client_management.py", "lineno": 216, "message": "AssertionError: Failed to set pricing with: Set Sarah's rate to R450\nassert (False == True or 'updated' in '' or 'set' in '')\n +  where False = <built-in method get of dict object at 0x7fdf2cde8a40>('success')\n +    where <built-in method get of dict object at 0x7fdf2cde8a40> = {'response': \"Sorry, I'm having a bit of trouble right now. Please try again in a moment! \ud83d\ude0a\", 'success': False}.get\n +  and   '' = <built-in method lower of str object at 0x7fdf4353fba0>()\n +    where <built-in method lower of str object at 0x7fdf4353fba0> = ''.lower\n +      where '' = <built-in method get of dict object at 0x7fdf2cde8a40>('message', '')\n +        where <built-in method get of dict object at 0x7fdf2cde8a40> = {'response': \"Sorry, I'm having a bit of trouble right now. Please try again in a moment! \ud83d\ude0a\", 'success': False}.get\n +  and   '' = <built-in method lower of str object at 0x7fdf4353fba0>()\n +    where <built-in method lower of str object at 0x7fdf4353fba0> = ''.lower\n +      where '' = <built-in method get of dict object at 0x7fdf2cde8a40>('message', '')\n +        where <built-in method get of dict object at 0x7fdf2cde8a40> = {'response': \"Sorry, I'm having a bit of trouble right now. Please try again in a moment! \ud83d\ude0a\", 'success': False}.get"}, "traceback": [{"path": "tests/test_phase2_client_management.py", "lineno": 216, "message": "in test_set_custom_pricing_variations"}], "log": [{"name": "refiloe", "msg": "Background scheduler started", "args": null, "levelname": "INFO", "levelno": 20, "pathname": "/home/runner/work/whatsapp-ai-assistant/whatsapp-ai-assistant/utils/logger.py", "filename": "logger.py", "module": "logger", "exc_info": null, "exc_text": null, "stack_info": null, "lineno": 21, "funcName": "log_info", "created": 1759085308.3819482, "msecs": 381.0, "relativeCreated": 27214.716911315918, "thread": 140596884642688, "threadName": "MainThread", "processName": "MainProcess", "process": 2310}, {"name": "refiloe", "msg": "Routes setup complete", "args": null, "levelname": "INFO", "levelno": 20, "pathname": "/home/runner/work/whatsapp-ai-assistant/whatsapp-ai-assistant/utils/logger.py", "filename": "logger.py", "module": "logger", "exc_info": null, "exc_text": null, "stack_info": null, "lineno": 21, "funcName": "log_info", "created": 1759085308.3829095, "msecs": 382.0, "relativeCreated": 27215.678215026855, "thread": 140596884642688, "threadName": "MainThread", "processName": "MainProcess", "process": 2310}, {"name": "refiloe", "msg": "Error handling message: WhatsAppService.__init__() missing 2 required positional arguments: 'supabase_client' and 'logger'", "args": null, "levelname": "ERROR", "levelno": 40, "pathname": "/home/runner/work/whatsapp-ai-assistant/whatsapp-ai-assistant/utils/logger.py", "filename": "logger.py", "module": "logger", "exc_info": null, "exc_text": null, "stack_info": null, "lineno": 25, "funcName": "log_error", "created": 1759085308.4102702, "msecs": 410.0, "relativeCreated": 27243.03889274597, "thread": 140596884642688, "threadName": "MainThread", "processName": "MainProcess", "process": 2310}], "longrepr": "tests/test_phase2_client_management.py:216: in test_set_custom_pricing_variations\n    assert response.get('success') == True or \\\nE   AssertionError: Failed to set pricing with: Set Sarah's rate to R450\nE   assert (False == True or 'updated' in '' or 'set' in '')\nE    +  where False = <built-in method get of dict object at 0x7fdf2cde8a40>('success')\nE    +    where <built-in method get of dict object at 0x7fdf2cde8a40> = {'response': \"Sorry, I'm having a bit of trouble right now. Please try again in a moment! \ud83d\ude0a\", 'success': False}.get\nE    +  and   '' = <built-in method lower of str object at 0x7fdf4353fba0>()\nE    +    where <built-in method lower of str object at 0x7fdf4353fba0> = ''.lower\nE    +      where '' = <built-in method get of dict object at 0x7fdf2cde8a40>('message', '')\nE    +        where <built-in method get of dict object at 0x7fdf2cde8a40> = {'response': \"Sorry, I'm having a bit of trouble right now. Please try again in a moment! \ud83d\ude0a\", 'success': False}.get\nE    +  and   '' = <built-in method lower of str object at 0x7fdf4353fba0>()\nE    +    where <built-in method lower of str object at 0x7fdf4353fba0> = ''.lower\nE    +      where '' = <built-in method get of dict object at 0x7fdf2cde8a40>('message', '')\nE    +        where <built-in method get of dict object at 0x7fdf2cde8a40> = {'response': \"Sorry, I'm having a bit of trouble right now. Please try again in a moment! \ud83d\ude0a\", 'success': False}.get"}, "teardown": {"duration": 0.49555577899991476, "outcome": "passed"}}, {"nodeid": "tests/test_phase2_client_management.py::TestCustomPricingReal::test_check_client_pricing", "lineno": 220, "outcome": "failed", "keywords": ["test_check_client_pricing", "TestCustomPricingReal", "test_phase2_client_management.py", "tests/__init__.py", "whatsapp-ai-assistant"], "setup": {"duration": 0.0014177159999917421, "outcome": "passed"}, "call": {"duration": 0.07320594099996924, "outcome": "failed", "crash": {"path": "/home/runner/work/whatsapp-ai-assistant/whatsapp-ai-assistant/tests/test_phase2_client_management.py", "lineno": 239, "message": "AssertionError: Failed to show pricing with: What is Sarah's rate?\nassert ('r' in '' or 'rand' in '' or False)\n +  where False = any(<generator object TestCustomPricingReal.test_check_client_pricing.<locals>.<genexpr> at 0x7fdf2ef5b140>)"}, "traceback": [{"path": "tests/test_phase2_client_management.py", "lineno": 239, "message": "in test_check_client_pricing"}], "log": [{"name": "refiloe", "msg": "Background scheduler started", "args": null, "levelname": "INFO", "levelno": 20, "pathname": "/home/runner/work/whatsapp-ai-assistant/whatsapp-ai-assistant/utils/logger.py", "filename": "logger.py", "module": "logger", "exc_info": null, "exc_text": null, "stack_info": null, "lineno": 21, "funcName": "log_info", "created": 1759085308.9625406, "msecs": 962.0, "relativeCreated": 27795.30930519104, "thread": 140596884642688, "threadName": "MainThread", "processName": "MainProcess", "process": 2310}, {"name": "refiloe", "msg": "Routes setup complete", "args": null, "levelname": "INFO", "levelno": 20, "pathname": "/home/runner/work/whatsapp-ai-assistant/whatsapp-ai-assistant/utils/logger.py", "filename": "logger.py", "module": "logger", "exc_info": null, "exc_text": null, "stack_info": null, "lineno": 21, "funcName": "log_info", "created": 1759085308.963497, "msecs": 963.0, "relativeCreated": 27796.265602111816, "thread": 140596884642688, "threadName": "MainThread", "processName": "MainProcess", "process": 2310}, {"name": "refiloe", "msg": "Error handling message: WhatsAppService.__init__() missing 2 required positional arguments: 'supabase_client' and 'logger'", "args": null, "levelname": "ERROR", "levelno": 40, "pathname": "/home/runner/work/whatsapp-ai-assistant/whatsapp-ai-assistant/utils/logger.py", "filename": "logger.py", "module": "logger", "exc_info": null, "exc_text": null, "stack_info": null, "lineno": 25, "funcName": "log_error", "created": 1759085308.9868035, "msecs": 986.0, "relativeCreated": 27819.57221031189, "thread": 140596884642688, "threadName": "MainThread", "processName": "MainProcess", "process": 2310}], "longrepr": "tests/test_phase2_client_management.py:239: in test_check_client_pricing\n    assert 'r' in message or 'rand' in message or \\\nE   AssertionError: Failed to show pricing with: What is Sarah's rate?\nE   assert ('r' in '' or 'rand' in '' or False)\nE    +  where False = any(<generator object TestCustomPricingReal.test_check_client_pricing.<locals>.<genexpr> at 0x7fdf2ef5b140>)"}, "teardown": {"duration": 0.48851877600009175, "outcome": "passed"}}, {"nodeid": "tests/test_phase2_client_management.py::TestClientManagementEdgeCases::test_add_client_with_duplicate_phone", "lineno": 253, "outcome": "failed", "keywords": ["test_add_client_with_duplicate_phone", "TestClientManagementEdgeCases", "test_phase2_client_management.py", "tests/__init__.py", "whatsapp-ai-assistant"], "setup": {"duration": 0.0004489780000085375, "outcome": "passed"}, "call": {"duration": 0.07328419699990718, "outcome": "failed", "crash": {"path": "/home/runner/work/whatsapp-ai-assistant/whatsapp-ai-assistant/tests/test_phase2_client_management.py", "lineno": 268, "message": "assert ('already' in '' or 'exists' in '')\n +  where '' = <built-in method lower of str object at 0x7fdf4353fba0>()\n +    where <built-in method lower of str object at 0x7fdf4353fba0> = ''.lower\n +      where '' = <built-in method get of dict object at 0x7fdf2ce05300>('message', '')\n +        where <built-in method get of dict object at 0x7fdf2ce05300> = {'response': \"Sorry, I'm having a bit of trouble right now. Please try again in a moment! \ud83d\ude0a\", 'success': False}.get\n +  and   '' = <built-in method lower of str object at 0x7fdf4353fba0>()\n +    where <built-in method lower of str object at 0x7fdf4353fba0> = ''.lower\n +      where '' = <built-in method get of dict object at 0x7fdf2ce05300>('message', '')\n +        where <built-in method get of dict object at 0x7fdf2ce05300> = {'response': \"Sorry, I'm having a bit of trouble right now. Please try again in a moment! \ud83d\ude0a\", 'success': False}.get"}, "traceback": [{"path": "tests/test_phase2_client_management.py", "lineno": 268, "message": "in test_add_client_with_duplicate_phone"}], "log": [{"name": "refiloe", "msg": "Background scheduler started", "args": null, "levelname": "INFO", "levelno": 20, "pathname": "/home/runner/work/whatsapp-ai-assistant/whatsapp-ai-assistant/utils/logger.py", "filename": "logger.py", "module": "logger", "exc_info": null, "exc_text": null, "stack_info": null, "lineno": 21, "funcName": "log_info", "created": 1759085309.5301077, "msecs": 530.0, "relativeCreated": 28362.876415252686, "thread": 140596884642688, "threadName": "MainThread", "processName": "MainProcess", "process": 2310}, {"name": "refiloe", "msg": "Routes setup complete", "args": null, "levelname": "INFO", "levelno": 20, "pathname": "/home/runner/work/whatsapp-ai-assistant/whatsapp-ai-assistant/utils/logger.py", "filename": "logger.py", "module": "logger", "exc_info": null, "exc_text": null, "stack_info": null, "lineno": 21, "funcName": "log_info", "created": 1759085309.531036, "msecs": 531.0, "relativeCreated": 28363.804578781128, "thread": 140596884642688, "threadName": "MainThread", "processName": "MainProcess", "process": 2310}, {"name": "refiloe", "msg": "Error handling message: WhatsAppService.__init__() missing 2 required positional arguments: 'supabase_client' and 'logger'", "args": null, "levelname": "ERROR", "levelno": 40, "pathname": "/home/runner/work/whatsapp-ai-assistant/whatsapp-ai-assistant/utils/logger.py", "filename": "logger.py", "module": "logger", "exc_info": null, "exc_text": null, "stack_info": null, "lineno": 25, "funcName": "log_error", "created": 1759085309.55445, "msecs": 554.0, "relativeCreated": 28387.218713760376, "thread": 140596884642688, "threadName": "MainThread", "processName": "MainProcess", "process": 2310}], "longrepr": "tests/test_phase2_client_management.py:268: in test_add_client_with_duplicate_phone\n    assert 'already' in response.get('message', '').lower() or \\\nE   assert ('already' in '' or 'exists' in '')\nE    +  where '' = <built-in method lower of str object at 0x7fdf4353fba0>()\nE    +    where <built-in method lower of str object at 0x7fdf4353fba0> = ''.lower\nE    +      where '' = <built-in method get of dict object at 0x7fdf2ce05300>('message', '')\nE    +        where <built-in method get of dict object at 0x7fdf2ce05300> = {'response': \"Sorry, I'm having a bit of trouble right now. Please try again in a moment! \ud83d\ude0a\", 'success': False}.get\nE    +  and   '' = <built-in method lower of str object at 0x7fdf4353fba0>()\nE    +    where <built-in method lower of str object at 0x7fdf4353fba0> = ''.lower\nE    +      where '' = <built-in method get of dict object at 0x7fdf2ce05300>('message', '')\nE    +        where <built-in method get of dict object at 0x7fdf2ce05300> = {'response': \"Sorry, I'm having a bit of trouble right now. Please try again in a moment! \ud83d\ude0a\", 'success': False}.get"}, "teardown": {"duration": 0.6564639929999885, "outcome": "passed"}}, {"nodeid": "tests/test_phase2_client_management.py::TestClientManagementEdgeCases::test_invalid_phone_numbers", "lineno": 270, "outcome": "passed", "keywords": ["test_invalid_phone_numbers", "TestClientManagementEdgeCases", "test_phase2_client_management.py", "tests/__init__.py", "whatsapp-ai-assistant"], "setup": {"duration": 0.0004508110000642773, "outcome": "passed"}, "call": {"duration": 0.00010107900004641124, "outcome": "passed"}, "teardown": {"duration": 0.46320536199993967, "outcome": "passed"}}, {"nodeid": "tests/test_phase2_client_management.py::TestClientManagementEdgeCases::test_set_negative_pricing", "lineno": 286, "outcome": "passed", "keywords": ["test_set_negative_pricing", "TestClientManagementEdgeCases", "test_phase2_client_management.py", "tests/__init__.py", "whatsapp-ai-assistant"], "setup": {"duration": 0.0004225389999419349, "outcome": "passed"}, "call": {"duration": 0.0001165070000297419, "outcome": "passed"}, "teardown": {"duration": 0.4710515909999913, "outcome": "passed"}}, {"nodeid": "tests/test_phase2_client_management.py::TestClientManagementEdgeCases::test_client_not_found", "lineno": 300, "outcome": "failed", "keywords": ["test_client_not_found", "TestClientManagementEdgeCases", "test_phase2_client_management.py", "tests/__init__.py", "whatsapp-ai-assistant"], "setup": {"duration": 0.00043763700000454264, "outcome": "passed"}, "call": {"duration": 0.07322162599996318, "outcome": "failed", "crash": {"path": "/home/runner/work/whatsapp-ai-assistant/whatsapp-ai-assistant/tests/test_phase2_client_management.py", "lineno": 311, "message": "assert ('not found' in '' or \"doesn't exist\" in '' or 'no client' in '')\n +  where '' = <built-in method lower of str object at 0x7fdf4353fba0>()\n +    where <built-in method lower of str object at 0x7fdf4353fba0> = ''.lower\n +      where '' = <built-in method get of dict object at 0x7fdf2cdebc00>('message', '')\n +        where <built-in method get of dict object at 0x7fdf2cdebc00> = {'response': \"Sorry, I'm having a bit of trouble right now. Please try again in a moment! \ud83d\ude0a\", 'success': False}.get\n +  and   '' = <built-in method lower of str object at 0x7fdf4353fba0>()\n +    where <built-in method lower of str object at 0x7fdf4353fba0> = ''.lower\n +      where '' = <built-in method get of dict object at 0x7fdf2cdebc00>('message', '')\n +        where <built-in method get of dict object at 0x7fdf2cdebc00> = {'response': \"Sorry, I'm having a bit of trouble right now. Please try again in a moment! \ud83d\ude0a\", 'success': False}.get\n +  and   '' = <built-in method lower of str object at 0x7fdf4353fba0>()\n +    where <built-in method lower of str object at 0x7fdf4353fba0> = ''.lower\n +      where '' = <built-in method get of dict object at 0x7fdf2cdebc00>('message', '')\n +        where <built-in method get of dict object at 0x7fdf2cdebc00> = {'response': \"Sorry, I'm having a bit of trouble right now. Please try again in a moment! \ud83d\ude0a\", 'success': False}.get"}, "traceback": [{"path": "tests/test_phase2_client_management.py", "lineno": 311, "message": "in test_client_not_found"}], "log": [{"name": "refiloe", "msg": "Background scheduler started", "args": null, "levelname": "INFO", "levelno": 20, "pathname": "/home/runner/work/whatsapp-ai-assistant/whatsapp-ai-assistant/utils/logger.py", "filename": "logger.py", "module": "logger", "exc_info": null, "exc_text": null, "stack_info": null, "lineno": 21, "funcName": "log_info", "created": 1759085311.2029245, "msecs": 202.0, "relativeCreated": 30035.693168640137, "thread": 140596884642688, "threadName": "MainThread", "processName": "MainProcess", "process": 2310}, {"name": "refiloe", "msg": "Routes setup complete", "args": null, "levelname": "INFO", "levelno": 20, "pathname": "/home/runner/work/whatsapp-ai-assistant/whatsapp-ai-assistant/utils/logger.py", "filename": "logger.py", "module": "logger", "exc_info": null, "exc_text": null, "stack_info": null, "lineno": 21, "funcName": "log_info", "created": 1759085311.2038965, "msecs": 203.0, "relativeCreated": 30036.665201187134, "thread": 140596884642688, "threadName": "MainThread", "processName": "MainProcess", "process": 2310}, {"name": "refiloe", "msg": "Error handling message: WhatsAppService.__init__() missing 2 required positional arguments: 'supabase_client' and 'logger'", "args": null, "levelname": "ERROR", "levelno": 40, "pathname": "/home/runner/work/whatsapp-ai-assistant/whatsapp-ai-assistant/utils/logger.py", "filename": "logger.py", "module": "logger", "exc_info": null, "exc_text": null, "stack_info": null, "lineno": 25, "funcName": "log_error", "created": 1759085311.2273283, "msecs": 227.0, "relativeCreated": 30060.096979141235, "thread": 140596884642688, "threadName": "MainThread", "processName": "MainProcess", "process": 2310}], "longrepr": "tests/test_phase2_client_management.py:311: in test_client_not_found\n    assert 'not found' in response.get('message', '').lower() or \\\nE   assert ('not found' in '' or \"doesn't exist\" in '' or 'no client' in '')\nE    +  where '' = <built-in method lower of str object at 0x7fdf4353fba0>()\nE    +    where <built-in method lower of str object at 0x7fdf4353fba0> = ''.lower\nE    +      where '' = <built-in method get of dict object at 0x7fdf2cdebc00>('message', '')\nE    +        where <built-in method get of dict object at 0x7fdf2cdebc00> = {'response': \"Sorry, I'm having a bit of trouble right now. Please try again in a moment! \ud83d\ude0a\", 'success': False}.get\nE    +  and   '' = <built-in method lower of str object at 0x7fdf4353fba0>()\nE    +    where <built-in method lower of str object at 0x7fdf4353fba0> = ''.lower\nE    +      where '' = <built-in method get of dict object at 0x7fdf2cdebc00>('message', '')\nE    +        where <built-in method get of dict object at 0x7fdf2cdebc00> = {'response': \"Sorry, I'm having a bit of trouble right now. Please try again in a moment! \ud83d\ude0a\", 'success': False}.get\nE    +  and   '' = <built-in method lower of str object at 0x7fdf4353fba0>()\nE    +    where <built-in method lower of str object at 0x7fdf4353fba0> = ''.lower\nE    +      where '' = <built-in method get of dict object at 0x7fdf2cdebc00>('message', '')\nE    +        where <built-in method get of dict object at 0x7fdf2cdebc00> = {'response': \"Sorry, I'm having a bit of trouble right now. Please try again in a moment! \ud83d\ude0a\", 'success': False}.get"}, "teardown": {"duration": 0.49620598699993934, "outcome": "passed"}}, {"nodeid": "tests/test_phase3_scheduling.py::TestViewScheduleReal::test_view_schedule_commands", "lineno": 53, "outcome": "failed", "keywords": ["test_view_schedule_commands", "TestViewScheduleReal", "test_phase3_scheduling.py", "tests/__init__.py", "whatsapp-ai-assistant"], "setup": {"duration": 0.0013473650000150883, "outcome": "passed"}, "call": {"duration": 0.07284919999995054, "outcome": "failed", "crash": {"path": "/home/runner/work/whatsapp-ai-assistant/whatsapp-ai-assistant/tests/test_phase3_scheduling.py", "lineno": 74, "message": "AssertionError: Failed to show schedule with: Show my schedule\nassert ('schedule' in '' or 'booking' in '' or 'session' in '' or 'appointment' in '' or 'no bookings' in '' or 'free' in '')"}, "traceback": [{"path": "tests/test_phase3_scheduling.py", "lineno": 74, "message": "in test_view_schedule_commands"}], "log": [{"name": "refiloe", "msg": "Background scheduler started", "args": null, "levelname": "INFO", "levelno": 20, "pathname": "/home/runner/work/whatsapp-ai-assistant/whatsapp-ai-assistant/utils/logger.py", "filename": "logger.py", "module": "logger", "exc_info": null, "exc_text": null, "stack_info": null, "lineno": 21, "funcName": "log_info", "created": 1759085311.7791376, "msecs": 779.0, "relativeCreated": 30611.90629005432, "thread": 140596884642688, "threadName": "MainThread", "processName": "MainProcess", "process": 2310}, {"name": "refiloe", "msg": "Routes setup complete", "args": null, "levelname": "INFO", "levelno": 20, "pathname": "/home/runner/work/whatsapp-ai-assistant/whatsapp-ai-assistant/utils/logger.py", "filename": "logger.py", "module": "logger", "exc_info": null, "exc_text": null, "stack_info": null, "lineno": 21, "funcName": "log_info", "created": 1759085311.7800834, "msecs": 780.0, "relativeCreated": 30612.852096557617, "thread": 140596884642688, "threadName": "MainThread", "processName": "MainProcess", "process": 2310}, {"name": "refiloe", "msg": "Error handling message: WhatsAppService.__init__() missing 2 required positional arguments: 'supabase_client' and 'logger'", "args": null, "levelname": "ERROR", "levelno": 40, "pathname": "/home/runner/work/whatsapp-ai-assistant/whatsapp-ai-assistant/utils/logger.py", "filename": "logger.py", "module": "logger", "exc_info": null, "exc_text": null, "stack_info": null, "lineno": 25, "funcName": "log_error", "created": 1759085311.8035042, "msecs": 803.0, "relativeCreated": 30636.27290725708, "thread": 140596884642688, "threadName": "MainThread", "processName": "MainProcess", "process": 2310}], "longrepr": "tests/test_phase3_scheduling.py:74: in test_view_schedule_commands\n    assert 'schedule' in message or 'booking' in message or \\\nE   AssertionError: Failed to show schedule with: Show my schedule\nE   assert ('schedule' in '' or 'booking' in '' or 'session' in '' or 'appointment' in '' or 'no bookings' in '' or 'free' in '')"}, "teardown": {"duration": 0.4759045810000089, "outcome": "passed"}}, {"nodeid": "tests/test_phase3_scheduling.py::TestBookSessionsReal::test_book_session_natural_language", "lineno": 110, "outcome": "passed", "keywords": ["test_book_session_natural_language", "critical", "pytestmark", "TestBookSessionsReal", "test_phase3_scheduling.py", "tests/__init__.py", "whatsapp-ai-assistant"], "setup": {"duration": 0.02354806899995765, "outcome": "passed", "log": [{"name": "refiloe", "msg": "AI Intent Handler initialized with Claude", "args": null, "levelname": "INFO", "levelno": 20, "pathname": "/home/runner/work/whatsapp-ai-assistant/whatsapp-ai-assistant/utils/logger.py", "filename": "logger.py", "module": "logger", "exc_info": null, "exc_text": null, "stack_info": null, "lineno": 21, "funcName": "log_info", "created": 1759085312.3087523, "msecs": 308.0, "relativeCreated": 31141.520977020264, "thread": 140596884642688, "threadName": "MainThread", "processName": "MainProcess", "process": 2310}]}, "call": {"duration": 0.9547602110000071, "outcome": "passed", "log": [{"name": "refiloe", "msg": "AI intent understanding failed: Error code: 401 - {'type': 'error', 'error': {'type': 'authentication_error', 'message': 'invalid x-api-key'}, 'request_id': 'req_011CTbJGZg2aoaGgHzf2H63g'}", "args": null, "levelname": "ERROR", "levelno": 40, "pathname": "/home/runner/work/whatsapp-ai-assistant/whatsapp-ai-assistant/utils/logger.py", "filename": "logger.py", "module": "logger", "exc_info": null, "exc_text": "Traceback (most recent call last):\n  File \"/home/runner/work/whatsapp-ai-assistant/whatsapp-ai-assistant/services/ai_intent_handler.py\", line 65, in understand_message\n    response = self.client.messages.create(\n               ^^^^^^^^^^^^^^^^^^^^^^^^^^^^\n  File \"/opt/hostedtoolcache/Python/3.11.13/x64/lib/python3.11/site-packages/anthropic/_utils/_utils.py\", line 275, in wrapper\n    return func(*args, **kwargs)\n           ^^^^^^^^^^^^^^^^^^^^^\n  File \"/opt/hostedtoolcache/Python/3.11.13/x64/lib/python3.11/site-packages/anthropic/resources/messages.py\", line 888, in create\n    return self._post(\n           ^^^^^^^^^^^\n  File \"/opt/hostedtoolcache/Python/3.11.13/x64/lib/python3.11/site-packages/anthropic/_base_client.py\", line 1277, in post\n    return cast(ResponseT, self.request(cast_to, opts, stream=stream, stream_cls=stream_cls))\n                           ^^^^^^^^^^^^^^^^^^^^^^^^^^^^^^^^^^^^^^^^^^^^^^^^^^^^^^^^^^^^^^^^^\n  File \"/opt/hostedtoolcache/Python/3.11.13/x64/lib/python3.11/site-packages/anthropic/_base_client.py\", line 954, in request\n    return self._request(\n           ^^^^^^^^^^^^^^\n  File \"/opt/hostedtoolcache/Python/3.11.13/x64/lib/python3.11/site-packages/anthropic/_base_client.py\", line 1043, in _request\n    return self._retry_request(\n           ^^^^^^^^^^^^^^^^^^^^\n  File \"/opt/hostedtoolcache/Python/3.11.13/x64/lib/python3.11/site-packages/anthropic/_base_client.py\", line 1092, in _retry_request\n    return self._request(\n           ^^^^^^^^^^^^^^\n  File \"/opt/hostedtoolcache/Python/3.11.13/x64/lib/python3.11/site-packages/anthropic/_base_client.py\", line 1058, in _request\n    raise self._make_status_error_from_response(err.response) from None\nanthropic.AuthenticationError: Error code: 401 - {'type': 'error', 'error': {'type': 'authentication_error', 'message': 'invalid x-api-key'}, 'request_id': 'req_011CTbJGZg2aoaGgHzf2H63g'}", "stack_info": null, "lineno": 25, "funcName": "log_error", "created": 1759085312.877407, "msecs": 877.0, "relativeCreated": 31710.17575263977, "thread": 140596884642688, "threadName": "MainThread", "processName": "MainProcess", "process": 2310}, {"name": "refiloe", "msg": "AI intent understanding failed: Error code: 401 - {'type': 'error', 'error': {'type': 'authentication_error', 'message': 'invalid x-api-key'}, 'request_id': 'req_011CTbJGZqwqdonzxXkusNhj'}", "args": null, "levelname": "ERROR", "levelno": 40, "pathname": "/home/runner/work/whatsapp-ai-assistant/whatsapp-ai-assistant/utils/logger.py", "filename": "logger.py", "module": "logger", "exc_info": null, "exc_text": "Traceback (most recent call last):\n  File \"/home/runner/work/whatsapp-ai-assistant/whatsapp-ai-assistant/services/ai_intent_handler.py\", line 65, in understand_message\n    response = self.client.messages.create(\n               ^^^^^^^^^^^^^^^^^^^^^^^^^^^^\n  File \"/opt/hostedtoolcache/Python/3.11.13/x64/lib/python3.11/site-packages/anthropic/_utils/_utils.py\", line 275, in wrapper\n    return func(*args, **kwargs)\n           ^^^^^^^^^^^^^^^^^^^^^\n  File \"/opt/hostedtoolcache/Python/3.11.13/x64/lib/python3.11/site-packages/anthropic/resources/messages.py\", line 888, in create\n    return self._post(\n           ^^^^^^^^^^^\n  File \"/opt/hostedtoolcache/Python/3.11.13/x64/lib/python3.11/site-packages/anthropic/_base_client.py\", line 1277, in post\n    return cast(ResponseT, self.request(cast_to, opts, stream=stream, stream_cls=stream_cls))\n                           ^^^^^^^^^^^^^^^^^^^^^^^^^^^^^^^^^^^^^^^^^^^^^^^^^^^^^^^^^^^^^^^^^\n  File \"/opt/hostedtoolcache/Python/3.11.13/x64/lib/python3.11/site-packages/anthropic/_base_client.py\", line 954, in request\n    return self._request(\n           ^^^^^^^^^^^^^^\n  File \"/opt/hostedtoolcache/Python/3.11.13/x64/lib/python3.11/site-packages/anthropic/_base_client.py\", line 1058, in _request\n    raise self._make_status_error_from_response(err.response) from None\nanthropic.AuthenticationError: Error code: 401 - {'type': 'error', 'error': {'type': 'authentication_error', 'message': 'invalid x-api-key'}, 'request_id': 'req_011CTbJGZqwqdonzxXkusNhj'}", "stack_info": null, "lineno": 25, "funcName": "log_error", "created": 1759085312.917612, "msecs": 917.0, "relativeCreated": 31750.380754470825, "thread": 140596884642688, "threadName": "MainThread", "processName": "MainProcess", "process": 2310}, {"name": "refiloe", "msg": "AI intent understanding failed: Error code: 401 - {'type': 'error', 'error': {'type': 'authentication_error', 'message': 'invalid x-api-key'}, 'request_id': 'req_011CTbJGa18GBUiX9MbKTW9c'}", "args": null, "levelname": "ERROR", "levelno": 40, "pathname": "/home/runner/work/whatsapp-ai-assistant/whatsapp-ai-assistant/utils/logger.py", "filename": "logger.py", "module": "logger", "exc_info": null, "exc_text": "Traceback (most recent call last):\n  File \"/home/runner/work/whatsapp-ai-assistant/whatsapp-ai-assistant/services/ai_intent_handler.py\", line 65, in understand_message\n    response = self.client.messages.create(\n               ^^^^^^^^^^^^^^^^^^^^^^^^^^^^\n  File \"/opt/hostedtoolcache/Python/3.11.13/x64/lib/python3.11/site-packages/anthropic/_utils/_utils.py\", line 275, in wrapper\n    return func(*args, **kwargs)\n           ^^^^^^^^^^^^^^^^^^^^^\n  File \"/opt/hostedtoolcache/Python/3.11.13/x64/lib/python3.11/site-packages/anthropic/resources/messages.py\", line 888, in create\n    return self._post(\n           ^^^^^^^^^^^\n  File \"/opt/hostedtoolcache/Python/3.11.13/x64/lib/python3.11/site-packages/anthropic/_base_client.py\", line 1277, in post\n    return cast(ResponseT, self.request(cast_to, opts, stream=stream, stream_cls=stream_cls))\n                           ^^^^^^^^^^^^^^^^^^^^^^^^^^^^^^^^^^^^^^^^^^^^^^^^^^^^^^^^^^^^^^^^^\n  File \"/opt/hostedtoolcache/Python/3.11.13/x64/lib/python3.11/site-packages/anthropic/_base_client.py\", line 954, in request\n    return self._request(\n           ^^^^^^^^^^^^^^\n  File \"/opt/hostedtoolcache/Python/3.11.13/x64/lib/python3.11/site-packages/anthropic/_base_client.py\", line 1058, in _request\n    raise self._make_status_error_from_response(err.response) from None\nanthropic.AuthenticationError: Error code: 401 - {'type': 'error', 'error': {'type': 'authentication_error', 'message': 'invalid x-api-key'}, 'request_id': 'req_011CTbJGa18GBUiX9MbKTW9c'}", "stack_info": null, "lineno": 25, "funcName": "log_error", "created": 1759085312.959687, "msecs": 959.0, "relativeCreated": 31792.455673217773, "thread": 140596884642688, "threadName": "MainThread", "processName": "MainProcess", "process": 2310}, {"name": "refiloe", "msg": "AI intent understanding failed: Error code: 401 - {'type': 'error', 'error': {'type': 'authentication_error', 'message': 'invalid x-api-key'}, 'request_id': 'req_011CTbJGaB3hibKMmUzYV1p3'}", "args": null, "levelname": "ERROR", "levelno": 40, "pathname": "/home/runner/work/whatsapp-ai-assistant/whatsapp-ai-assistant/utils/logger.py", "filename": "logger.py", "module": "logger", "exc_info": null, "exc_text": "Traceback (most recent call last):\n  File \"/home/runner/work/whatsapp-ai-assistant/whatsapp-ai-assistant/services/ai_intent_handler.py\", line 65, in understand_message\n    response = self.client.messages.create(\n               ^^^^^^^^^^^^^^^^^^^^^^^^^^^^\n  File \"/opt/hostedtoolcache/Python/3.11.13/x64/lib/python3.11/site-packages/anthropic/_utils/_utils.py\", line 275, in wrapper\n    return func(*args, **kwargs)\n           ^^^^^^^^^^^^^^^^^^^^^\n  File \"/opt/hostedtoolcache/Python/3.11.13/x64/lib/python3.11/site-packages/anthropic/resources/messages.py\", line 888, in create\n    return self._post(\n           ^^^^^^^^^^^\n  File \"/opt/hostedtoolcache/Python/3.11.13/x64/lib/python3.11/site-packages/anthropic/_base_client.py\", line 1277, in post\n    return cast(ResponseT, self.request(cast_to, opts, stream=stream, stream_cls=stream_cls))\n                           ^^^^^^^^^^^^^^^^^^^^^^^^^^^^^^^^^^^^^^^^^^^^^^^^^^^^^^^^^^^^^^^^^\n  File \"/opt/hostedtoolcache/Python/3.11.13/x64/lib/python3.11/site-packages/anthropic/_base_client.py\", line 954, in request\n    return self._request(\n           ^^^^^^^^^^^^^^\n  File \"/opt/hostedtoolcache/Python/3.11.13/x64/lib/python3.11/site-packages/anthropic/_base_client.py\", line 1058, in _request\n    raise self._make_status_error_from_response(err.response) from None\nanthropic.AuthenticationError: Error code: 401 - {'type': 'error', 'error': {'type': 'authentication_error', 'message': 'invalid x-api-key'}, 'request_id': 'req_011CTbJGaB3hibKMmUzYV1p3'}", "stack_info": null, "lineno": 25, "funcName": "log_error", "created": 1759085312.99363, "msecs": 993.0, "relativeCreated": 31826.398611068726, "thread": 140596884642688, "threadName": "MainThread", "processName": "MainProcess", "process": 2310}, {"name": "refiloe", "msg": "AI intent understanding failed: Error code: 401 - {'type': 'error', 'error': {'type': 'authentication_error', 'message': 'invalid x-api-key'}, 'request_id': 'req_011CTbJGaJEYWJ34Vcm7vLBp'}", "args": null, "levelname": "ERROR", "levelno": 40, "pathname": "/home/runner/work/whatsapp-ai-assistant/whatsapp-ai-assistant/utils/logger.py", "filename": "logger.py", "module": "logger", "exc_info": null, "exc_text": "Traceback (most recent call last):\n  File \"/home/runner/work/whatsapp-ai-assistant/whatsapp-ai-assistant/services/ai_intent_handler.py\", line 65, in understand_message\n    response = self.client.messages.create(\n               ^^^^^^^^^^^^^^^^^^^^^^^^^^^^\n  File \"/opt/hostedtoolcache/Python/3.11.13/x64/lib/python3.11/site-packages/anthropic/_utils/_utils.py\", line 275, in wrapper\n    return func(*args, **kwargs)\n           ^^^^^^^^^^^^^^^^^^^^^\n  File \"/opt/hostedtoolcache/Python/3.11.13/x64/lib/python3.11/site-packages/anthropic/resources/messages.py\", line 888, in create\n    return self._post(\n           ^^^^^^^^^^^\n  File \"/opt/hostedtoolcache/Python/3.11.13/x64/lib/python3.11/site-packages/anthropic/_base_client.py\", line 1277, in post\n    return cast(ResponseT, self.request(cast_to, opts, stream=stream, stream_cls=stream_cls))\n                           ^^^^^^^^^^^^^^^^^^^^^^^^^^^^^^^^^^^^^^^^^^^^^^^^^^^^^^^^^^^^^^^^^\n  File \"/opt/hostedtoolcache/Python/3.11.13/x64/lib/python3.11/site-packages/anthropic/_base_client.py\", line 954, in request\n    return self._request(\n           ^^^^^^^^^^^^^^\n  File \"/opt/hostedtoolcache/Python/3.11.13/x64/lib/python3.11/site-packages/anthropic/_base_client.py\", line 1058, in _request\n    raise self._make_status_error_from_response(err.response) from None\nanthropic.AuthenticationError: Error code: 401 - {'type': 'error', 'error': {'type': 'authentication_error', 'message': 'invalid x-api-key'}, 'request_id': 'req_011CTbJGaJEYWJ34Vcm7vLBp'}", "stack_info": null, "lineno": 25, "funcName": "log_error", "created": 1759085313.025852, "msecs": 25.0, "relativeCreated": 31858.620643615723, "thread": 140596884642688, "threadName": "MainThread", "processName": "MainProcess", "process": 2310}, {"name": "refiloe", "msg": "AI intent understanding failed: Error code: 401 - {'type': 'error', 'error': {'type': 'authentication_error', 'message': 'invalid x-api-key'}, 'request_id': 'req_011CTbJGaSfmYqrjx48sW3vw'}", "args": null, "levelname": "ERROR", "levelno": 40, "pathname": "/home/runner/work/whatsapp-ai-assistant/whatsapp-ai-assistant/utils/logger.py", "filename": "logger.py", "module": "logger", "exc_info": null, "exc_text": "Traceback (most recent call last):\n  File \"/home/runner/work/whatsapp-ai-assistant/whatsapp-ai-assistant/services/ai_intent_handler.py\", line 65, in understand_message\n    response = self.client.messages.create(\n               ^^^^^^^^^^^^^^^^^^^^^^^^^^^^\n  File \"/opt/hostedtoolcache/Python/3.11.13/x64/lib/python3.11/site-packages/anthropic/_utils/_utils.py\", line 275, in wrapper\n    return func(*args, **kwargs)\n           ^^^^^^^^^^^^^^^^^^^^^\n  File \"/opt/hostedtoolcache/Python/3.11.13/x64/lib/python3.11/site-packages/anthropic/resources/messages.py\", line 888, in create\n    return self._post(\n           ^^^^^^^^^^^\n  File \"/opt/hostedtoolcache/Python/3.11.13/x64/lib/python3.11/site-packages/anthropic/_base_client.py\", line 1277, in post\n    return cast(ResponseT, self.request(cast_to, opts, stream=stream, stream_cls=stream_cls))\n                           ^^^^^^^^^^^^^^^^^^^^^^^^^^^^^^^^^^^^^^^^^^^^^^^^^^^^^^^^^^^^^^^^^\n  File \"/opt/hostedtoolcache/Python/3.11.13/x64/lib/python3.11/site-packages/anthropic/_base_client.py\", line 954, in request\n    return self._request(\n           ^^^^^^^^^^^^^^\n  File \"/opt/hostedtoolcache/Python/3.11.13/x64/lib/python3.11/site-packages/anthropic/_base_client.py\", line 1058, in _request\n    raise self._make_status_error_from_response(err.response) from None\nanthropic.AuthenticationError: Error code: 401 - {'type': 'error', 'error': {'type': 'authentication_error', 'message': 'invalid x-api-key'}, 'request_id': 'req_011CTbJGaSfmYqrjx48sW3vw'}", "stack_info": null, "lineno": 25, "funcName": "log_error", "created": 1759085313.0580654, "msecs": 58.0, "relativeCreated": 31890.834093093872, "thread": 140596884642688, "threadName": "MainThread", "processName": "MainProcess", "process": 2310}, {"name": "refiloe", "msg": "AI intent understanding failed: Error code: 401 - {'type': 'error', 'error': {'type': 'authentication_error', 'message': 'invalid x-api-key'}, 'request_id': 'req_011CTbJGaaMb92ot6DLRXxyg'}", "args": null, "levelname": "ERROR", "levelno": 40, "pathname": "/home/runner/work/whatsapp-ai-assistant/whatsapp-ai-assistant/utils/logger.py", "filename": "logger.py", "module": "logger", "exc_info": null, "exc_text": "Traceback (most recent call last):\n  File \"/home/runner/work/whatsapp-ai-assistant/whatsapp-ai-assistant/services/ai_intent_handler.py\", line 65, in understand_message\n    response = self.client.messages.create(\n               ^^^^^^^^^^^^^^^^^^^^^^^^^^^^\n  File \"/opt/hostedtoolcache/Python/3.11.13/x64/lib/python3.11/site-packages/anthropic/_utils/_utils.py\", line 275, in wrapper\n    return func(*args, **kwargs)\n           ^^^^^^^^^^^^^^^^^^^^^\n  File \"/opt/hostedtoolcache/Python/3.11.13/x64/lib/python3.11/site-packages/anthropic/resources/messages.py\", line 888, in create\n    return self._post(\n           ^^^^^^^^^^^\n  File \"/opt/hostedtoolcache/Python/3.11.13/x64/lib/python3.11/site-packages/anthropic/_base_client.py\", line 1277, in post\n    return cast(ResponseT, self.request(cast_to, opts, stream=stream, stream_cls=stream_cls))\n                           ^^^^^^^^^^^^^^^^^^^^^^^^^^^^^^^^^^^^^^^^^^^^^^^^^^^^^^^^^^^^^^^^^\n  File \"/opt/hostedtoolcache/Python/3.11.13/x64/lib/python3.11/site-packages/anthropic/_base_client.py\", line 954, in request\n    return self._request(\n           ^^^^^^^^^^^^^^\n  File \"/opt/hostedtoolcache/Python/3.11.13/x64/lib/python3.11/site-packages/anthropic/_base_client.py\", line 1058, in _request\n    raise self._make_status_error_from_response(err.response) from None\nanthropic.AuthenticationError: Error code: 401 - {'type': 'error', 'error': {'type': 'authentication_error', 'message': 'invalid x-api-key'}, 'request_id': 'req_011CTbJGaaMb92ot6DLRXxyg'}", "stack_info": null, "lineno": 25, "funcName": "log_error", "created": 1759085313.0878475, "msecs": 87.0, "relativeCreated": 31920.616149902344, "thread": 140596884642688, "threadName": "MainThread", "processName": "MainProcess", "process": 2310}, {"name": "refiloe", "msg": "AI intent understanding failed: Error code: 401 - {'type': 'error', 'error': {'type': 'authentication_error', 'message': 'invalid x-api-key'}, 'request_id': 'req_011CTbJGaiYHotFp6ZRxS1hb'}", "args": null, "levelname": "ERROR", "levelno": 40, "pathname": "/home/runner/work/whatsapp-ai-assistant/whatsapp-ai-assistant/utils/logger.py", "filename": "logger.py", "module": "logger", "exc_info": null, "exc_text": "Traceback (most recent call last):\n  File \"/home/runner/work/whatsapp-ai-assistant/whatsapp-ai-assistant/services/ai_intent_handler.py\", line 65, in understand_message\n    response = self.client.messages.create(\n               ^^^^^^^^^^^^^^^^^^^^^^^^^^^^\n  File \"/opt/hostedtoolcache/Python/3.11.13/x64/lib/python3.11/site-packages/anthropic/_utils/_utils.py\", line 275, in wrapper\n    return func(*args, **kwargs)\n           ^^^^^^^^^^^^^^^^^^^^^\n  File \"/opt/hostedtoolcache/Python/3.11.13/x64/lib/python3.11/site-packages/anthropic/resources/messages.py\", line 888, in create\n    return self._post(\n           ^^^^^^^^^^^\n  File \"/opt/hostedtoolcache/Python/3.11.13/x64/lib/python3.11/site-packages/anthropic/_base_client.py\", line 1277, in post\n    return cast(ResponseT, self.request(cast_to, opts, stream=stream, stream_cls=stream_cls))\n                           ^^^^^^^^^^^^^^^^^^^^^^^^^^^^^^^^^^^^^^^^^^^^^^^^^^^^^^^^^^^^^^^^^\n  File \"/opt/hostedtoolcache/Python/3.11.13/x64/lib/python3.11/site-packages/anthropic/_base_client.py\", line 954, in request\n    return self._request(\n           ^^^^^^^^^^^^^^\n  File \"/opt/hostedtoolcache/Python/3.11.13/x64/lib/python3.11/site-packages/anthropic/_base_client.py\", line 1058, in _request\n    raise self._make_status_error_from_response(err.response) from None\nanthropic.AuthenticationError: Error code: 401 - {'type': 'error', 'error': {'type': 'authentication_error', 'message': 'invalid x-api-key'}, 'request_id': 'req_011CTbJGaiYHotFp6ZRxS1hb'}", "stack_info": null, "lineno": 25, "funcName": "log_error", "created": 1759085313.1422884, "msecs": 142.0, "relativeCreated": 31975.057125091553, "thread": 140596884642688, "threadName": "MainThread", "processName": "MainProcess", "process": 2310}, {"name": "refiloe", "msg": "AI intent understanding failed: Error code: 401 - {'type': 'error', 'error': {'type': 'authentication_error', 'message': 'invalid x-api-key'}, 'request_id': 'req_011CTbJGaxRLY729g3zRnGZr'}", "args": null, "levelname": "ERROR", "levelno": 40, "pathname": "/home/runner/work/whatsapp-ai-assistant/whatsapp-ai-assistant/utils/logger.py", "filename": "logger.py", "module": "logger", "exc_info": null, "exc_text": "Traceback (most recent call last):\n  File \"/home/runner/work/whatsapp-ai-assistant/whatsapp-ai-assistant/services/ai_intent_handler.py\", line 65, in understand_message\n    response = self.client.messages.create(\n               ^^^^^^^^^^^^^^^^^^^^^^^^^^^^\n  File \"/opt/hostedtoolcache/Python/3.11.13/x64/lib/python3.11/site-packages/anthropic/_utils/_utils.py\", line 275, in wrapper\n    return func(*args, **kwargs)\n           ^^^^^^^^^^^^^^^^^^^^^\n  File \"/opt/hostedtoolcache/Python/3.11.13/x64/lib/python3.11/site-packages/anthropic/resources/messages.py\", line 888, in create\n    return self._post(\n           ^^^^^^^^^^^\n  File \"/opt/hostedtoolcache/Python/3.11.13/x64/lib/python3.11/site-packages/anthropic/_base_client.py\", line 1277, in post\n    return cast(ResponseT, self.request(cast_to, opts, stream=stream, stream_cls=stream_cls))\n                           ^^^^^^^^^^^^^^^^^^^^^^^^^^^^^^^^^^^^^^^^^^^^^^^^^^^^^^^^^^^^^^^^^\n  File \"/opt/hostedtoolcache/Python/3.11.13/x64/lib/python3.11/site-packages/anthropic/_base_client.py\", line 954, in request\n    return self._request(\n           ^^^^^^^^^^^^^^\n  File \"/opt/hostedtoolcache/Python/3.11.13/x64/lib/python3.11/site-packages/anthropic/_base_client.py\", line 1058, in _request\n    raise self._make_status_error_from_response(err.response) from None\nanthropic.AuthenticationError: Error code: 401 - {'type': 'error', 'error': {'type': 'authentication_error', 'message': 'invalid x-api-key'}, 'request_id': 'req_011CTbJGaxRLY729g3zRnGZr'}", "stack_info": null, "lineno": 25, "funcName": "log_error", "created": 1759085313.1783073, "msecs": 178.0, "relativeCreated": 32011.075973510742, "thread": 140596884642688, "threadName": "MainThread", "processName": "MainProcess", "process": 2310}, {"name": "refiloe", "msg": "AI intent understanding failed: Error code: 401 - {'type': 'error', 'error': {'type': 'authentication_error', 'message': 'invalid x-api-key'}, 'request_id': 'req_011CTbJGb7bmzrFb3veFNDGS'}", "args": null, "levelname": "ERROR", "levelno": 40, "pathname": "/home/runner/work/whatsapp-ai-assistant/whatsapp-ai-assistant/utils/logger.py", "filename": "logger.py", "module": "logger", "exc_info": null, "exc_text": "Traceback (most recent call last):\n  File \"/home/runner/work/whatsapp-ai-assistant/whatsapp-ai-assistant/services/ai_intent_handler.py\", line 65, in understand_message\n    response = self.client.messages.create(\n               ^^^^^^^^^^^^^^^^^^^^^^^^^^^^\n  File \"/opt/hostedtoolcache/Python/3.11.13/x64/lib/python3.11/site-packages/anthropic/_utils/_utils.py\", line 275, in wrapper\n    return func(*args, **kwargs)\n           ^^^^^^^^^^^^^^^^^^^^^\n  File \"/opt/hostedtoolcache/Python/3.11.13/x64/lib/python3.11/site-packages/anthropic/resources/messages.py\", line 888, in create\n    return self._post(\n           ^^^^^^^^^^^\n  File \"/opt/hostedtoolcache/Python/3.11.13/x64/lib/python3.11/site-packages/anthropic/_base_client.py\", line 1277, in post\n    return cast(ResponseT, self.request(cast_to, opts, stream=stream, stream_cls=stream_cls))\n                           ^^^^^^^^^^^^^^^^^^^^^^^^^^^^^^^^^^^^^^^^^^^^^^^^^^^^^^^^^^^^^^^^^\n  File \"/opt/hostedtoolcache/Python/3.11.13/x64/lib/python3.11/site-packages/anthropic/_base_client.py\", line 954, in request\n    return self._request(\n           ^^^^^^^^^^^^^^\n  File \"/opt/hostedtoolcache/Python/3.11.13/x64/lib/python3.11/site-packages/anthropic/_base_client.py\", line 1058, in _request\n    raise self._make_status_error_from_response(err.response) from None\nanthropic.AuthenticationError: Error code: 401 - {'type': 'error', 'error': {'type': 'authentication_error', 'message': 'invalid x-api-key'}, 'request_id': 'req_011CTbJGb7bmzrFb3veFNDGS'}", "stack_info": null, "lineno": 25, "funcName": "log_error", "created": 1759085313.2148151, "msecs": 214.0, "relativeCreated": 32047.58381843567, "thread": 140596884642688, "threadName": "MainThread", "processName": "MainProcess", "process": 2310}, {"name": "refiloe", "msg": "AI intent understanding failed: Error code: 401 - {'type': 'error', 'error': {'type': 'authentication_error', 'message': 'invalid x-api-key'}, 'request_id': 'req_011CTbJGbJFwUByYX9c7eM4M'}", "args": null, "levelname": "ERROR", "levelno": 40, "pathname": "/home/runner/work/whatsapp-ai-assistant/whatsapp-ai-assistant/utils/logger.py", "filename": "logger.py", "module": "logger", "exc_info": null, "exc_text": "Traceback (most recent call last):\n  File \"/home/runner/work/whatsapp-ai-assistant/whatsapp-ai-assistant/services/ai_intent_handler.py\", line 65, in understand_message\n    response = self.client.messages.create(\n               ^^^^^^^^^^^^^^^^^^^^^^^^^^^^\n  File \"/opt/hostedtoolcache/Python/3.11.13/x64/lib/python3.11/site-packages/anthropic/_utils/_utils.py\", line 275, in wrapper\n    return func(*args, **kwargs)\n           ^^^^^^^^^^^^^^^^^^^^^\n  File \"/opt/hostedtoolcache/Python/3.11.13/x64/lib/python3.11/site-packages/anthropic/resources/messages.py\", line 888, in create\n    return self._post(\n           ^^^^^^^^^^^\n  File \"/opt/hostedtoolcache/Python/3.11.13/x64/lib/python3.11/site-packages/anthropic/_base_client.py\", line 1277, in post\n    return cast(ResponseT, self.request(cast_to, opts, stream=stream, stream_cls=stream_cls))\n                           ^^^^^^^^^^^^^^^^^^^^^^^^^^^^^^^^^^^^^^^^^^^^^^^^^^^^^^^^^^^^^^^^^\n  File \"/opt/hostedtoolcache/Python/3.11.13/x64/lib/python3.11/site-packages/anthropic/_base_client.py\", line 954, in request\n    return self._request(\n           ^^^^^^^^^^^^^^\n  File \"/opt/hostedtoolcache/Python/3.11.13/x64/lib/python3.11/site-packages/anthropic/_base_client.py\", line 1058, in _request\n    raise self._make_status_error_from_response(err.response) from None\nanthropic.AuthenticationError: Error code: 401 - {'type': 'error', 'error': {'type': 'authentication_error', 'message': 'invalid x-api-key'}, 'request_id': 'req_011CTbJGbJFwUByYX9c7eM4M'}", "stack_info": null, "lineno": 25, "funcName": "log_error", "created": 1759085313.2630925, "msecs": 263.0, "relativeCreated": 32095.861196517944, "thread": 140596884642688, "threadName": "MainThread", "processName": "MainProcess", "process": 2310}]}, "teardown": {"duration": 0.49360975500007953, "outcome": "passed"}}, {"nodeid": "tests/test_phase3_scheduling.py::TestBookSessionsReal::test_booking_time_formats", "lineno": 144, "outcome": "passed", "keywords": ["test_booking_time_formats", "TestBookSessionsReal", "test_phase3_scheduling.py", "tests/__init__.py", "whatsapp-ai-assistant"], "setup": {"duration": 0.02315054500002134, "outcome": "passed", "log": [{"name": "refiloe", "msg": "AI Intent Handler initialized with Claude", "args": null, "levelname": "INFO", "levelno": 20, "pathname": "/home/runner/work/whatsapp-ai-assistant/whatsapp-ai-assistant/utils/logger.py", "filename": "logger.py", "module": "logger", "exc_info": null, "exc_text": null, "stack_info": null, "lineno": 21, "funcName": "log_info", "created": 1759085313.7811384, "msecs": 781.0, "relativeCreated": 32613.90709877014, "thread": 140596884642688, "threadName": "MainThread", "processName": "MainProcess", "process": 2310}]}, "call": {"duration": 0.0014243080000824193, "outcome": "passed"}, "teardown": {"duration": 0.45981412899993757, "outcome": "passed"}}, {"nodeid": "tests/test_phase3_scheduling.py::TestBookSessionsReal::test_booking_date_parsing", "lineno": 169, "outcome": "passed", "keywords": ["test_booking_date_parsing", "TestBookSessionsReal", "test_phase3_scheduling.py", "tests/__init__.py", "whatsapp-ai-assistant"], "setup": {"duration": 0.023941059999970093, "outcome": "passed", "log": [{"name": "refiloe", "msg": "AI Intent Handler initialized with Claude", "args": null, "levelname": "INFO", "levelno": 20, "pathname": "/home/runner/work/whatsapp-ai-assistant/whatsapp-ai-assistant/utils/logger.py", "filename": "logger.py", "module": "logger", "exc_info": null, "exc_text": null, "stack_info": null, "lineno": 21, "funcName": "log_info", "created": 1759085314.2670028, "msecs": 267.0, "relativeCreated": 33099.77149963379, "thread": 140596884642688, "threadName": "MainThread", "processName": "MainProcess", "process": 2310}]}, "call": {"duration": 0.0004456819999631989, "outcome": "passed"}, "teardown": {"duration": 0.6424969419999798, "outcome": "passed"}}, {"nodeid": "tests/test_phase3_scheduling.py::TestCancelRescheduleReal::test_cancel_booking_variations", "lineno": 223, "outcome": "failed", "keywords": ["test_cancel_booking_variations", "TestCancelRescheduleReal", "test_phase3_scheduling.py", "tests/__init__.py", "whatsapp-ai-assistant"], "setup": {"duration": 0.004130902000042624, "outcome": "passed"}, "call": {"duration": 0.06833812000002126, "outcome": "failed", "crash": {"path": "/home/runner/work/whatsapp-ai-assistant/whatsapp-ai-assistant/tests/test_phase3_scheduling.py", "lineno": 245, "message": "AssertionError: Failed to handle cancellation: Cancel Sarah's session tomorrow\nassert ('cancel' in '' or 'remove' in '' or 'deleted' in '' or False == True)\n +  where False = <built-in method get of dict object at 0x7fdf2cda2e80>('success')\n +    where <built-in method get of dict object at 0x7fdf2cda2e80> = {'response': \"Sorry, I'm having a bit of trouble right now. Please try again in a moment! \ud83d\ude0a\", 'success': False}.get"}, "traceback": [{"path": "tests/test_phase3_scheduling.py", "lineno": 245, "message": "in test_cancel_booking_variations"}], "log": [{"name": "refiloe", "msg": "Background scheduler started", "args": null, "levelname": "INFO", "levelno": 20, "pathname": "/home/runner/work/whatsapp-ai-assistant/whatsapp-ai-assistant/utils/logger.py", "filename": "logger.py", "module": "logger", "exc_info": null, "exc_text": null, "stack_info": null, "lineno": 21, "funcName": "log_info", "created": 1759085314.9588726, "msecs": 958.0, "relativeCreated": 33791.64123535156, "thread": 140596884642688, "threadName": "MainThread", "processName": "MainProcess", "process": 2310}, {"name": "refiloe", "msg": "Routes setup complete", "args": null, "levelname": "INFO", "levelno": 20, "pathname": "/home/runner/work/whatsapp-ai-assistant/whatsapp-ai-assistant/utils/logger.py", "filename": "logger.py", "module": "logger", "exc_info": null, "exc_text": null, "stack_info": null, "lineno": 21, "funcName": "log_info", "created": 1759085314.9597878, "msecs": 959.0, "relativeCreated": 33792.55652427673, "thread": 140596884642688, "threadName": "MainThread", "processName": "MainProcess", "process": 2310}, {"name": "refiloe", "msg": "Error handling message: WhatsAppService.__init__() missing 2 required positional arguments: 'supabase_client' and 'logger'", "args": null, "levelname": "ERROR", "levelno": 40, "pathname": "/home/runner/work/whatsapp-ai-assistant/whatsapp-ai-assistant/utils/logger.py", "filename": "logger.py", "module": "logger", "exc_info": null, "exc_text": null, "stack_info": null, "lineno": 25, "funcName": "log_error", "created": 1759085314.983007, "msecs": 983.0, "relativeCreated": 33815.77563285828, "thread": 140596884642688, "threadName": "MainThread", "processName": "MainProcess", "process": 2310}], "longrepr": "tests/test_phase3_scheduling.py:245: in test_cancel_booking_variations\n    assert 'cancel' in message or 'remove' in message or \\\nE   AssertionError: Failed to handle cancellation: Cancel Sarah's session tomorrow\nE   assert ('cancel' in '' or 'remove' in '' or 'deleted' in '' or False == True)\nE    +  where False = <built-in method get of dict object at 0x7fdf2cda2e80>('success')\nE    +    where <built-in method get of dict object at 0x7fdf2cda2e80> = {'response': \"Sorry, I'm having a bit of trouble right now. Please try again in a moment! \ud83d\ude0a\", 'success': False}.get"}, "teardown": {"duration": 0.4731425049999416, "outcome": "passed"}}, {"nodeid": "tests/test_phase3_scheduling.py::TestCancelRescheduleReal::test_reschedule_booking", "lineno": 248, "outcome": "failed", "keywords": ["test_reschedule_booking", "TestCancelRescheduleReal", "test_phase3_scheduling.py", "tests/__init__.py", "whatsapp-ai-assistant"], "setup": {"duration": 0.001115783000045667, "outcome": "passed"}, "call": {"duration": 0.07204747399998723, "outcome": "failed", "crash": {"path": "/home/runner/work/whatsapp-ai-assistant/whatsapp-ai-assistant/tests/test_phase3_scheduling.py", "lineno": 266, "message": "AssertionError: Failed to handle reschedule: Reschedule John to Tuesday 6pm\nassert ('reschedule' in '' or 'move' in '' or 'change' in '' or 'updated' in '' or False == True)\n +  where False = <built-in method get of dict object at 0x7fdf2cd1c8c0>('success')\n +    where <built-in method get of dict object at 0x7fdf2cd1c8c0> = {'response': \"Sorry, I'm having a bit of trouble right now. Please try again in a moment! \ud83d\ude0a\", 'success': False}.get"}, "traceback": [{"path": "tests/test_phase3_scheduling.py", "lineno": 266, "message": "in test_reschedule_booking"}], "log": [{"name": "refiloe", "msg": "Background scheduler started", "args": null, "levelname": "INFO", "levelno": 20, "pathname": "/home/runner/work/whatsapp-ai-assistant/whatsapp-ai-assistant/utils/logger.py", "filename": "logger.py", "module": "logger", "exc_info": null, "exc_text": null, "stack_info": null, "lineno": 21, "funcName": "log_info", "created": 1759085315.510702, "msecs": 510.0, "relativeCreated": 34343.47057342529, "thread": 140596884642688, "threadName": "MainThread", "processName": "MainProcess", "process": 2310}, {"name": "refiloe", "msg": "Routes setup complete", "args": null, "levelname": "INFO", "levelno": 20, "pathname": "/home/runner/work/whatsapp-ai-assistant/whatsapp-ai-assistant/utils/logger.py", "filename": "logger.py", "module": "logger", "exc_info": null, "exc_text": null, "stack_info": null, "lineno": 21, "funcName": "log_info", "created": 1759085315.5116227, "msecs": 511.0, "relativeCreated": 34344.39134597778, "thread": 140596884642688, "threadName": "MainThread", "processName": "MainProcess", "process": 2310}, {"name": "refiloe", "msg": "Error handling message: WhatsAppService.__init__() missing 2 required positional arguments: 'supabase_client' and 'logger'", "args": null, "levelname": "ERROR", "levelno": 40, "pathname": "/home/runner/work/whatsapp-ai-assistant/whatsapp-ai-assistant/utils/logger.py", "filename": "logger.py", "module": "logger", "exc_info": null, "exc_text": null, "stack_info": null, "lineno": 25, "funcName": "log_error", "created": 1759085315.534863, "msecs": 534.0, "relativeCreated": 34367.631673812866, "thread": 140596884642688, "threadName": "MainThread", "processName": "MainProcess", "process": 2310}], "longrepr": "tests/test_phase3_scheduling.py:266: in test_reschedule_booking\n    assert 'reschedule' in message or 'move' in message or \\\nE   AssertionError: Failed to handle reschedule: Reschedule John to Tuesday 6pm\nE   assert ('reschedule' in '' or 'move' in '' or 'change' in '' or 'updated' in '' or False == True)\nE    +  where False = <built-in method get of dict object at 0x7fdf2cd1c8c0>('success')\nE    +    where <built-in method get of dict object at 0x7fdf2cd1c8c0> = {'response': \"Sorry, I'm having a bit of trouble right now. Please try again in a moment! \ud83d\ude0a\", 'success': False}.get"}, "teardown": {"duration": 0.4620212290000154, "outcome": "passed"}}, {"nodeid": "tests/test_phase3_scheduling.py::TestBookingConflictsAndValidation::test_double_booking_prevention", "lineno": 283, "outcome": "passed", "keywords": ["test_double_booking_prevention", "TestBookingConflictsAndValidation", "test_phase3_scheduling.py", "tests/__init__.py", "whatsapp-ai-assistant"], "setup": {"duration": 0.0005282160000206204, "outcome": "passed"}, "call": {"duration": 0.001416564000010112, "outcome": "passed", "log": [{"name": "refiloe", "msg": "Error checking booking conflict: object of type 'Mock' has no len()", "args": null, "levelname": "ERROR", "levelno": 40, "pathname": "/home/runner/work/whatsapp-ai-assistant/whatsapp-ai-assistant/utils/logger.py", "filename": "logger.py", "module": "logger", "exc_info": null, "exc_text": null, "stack_info": null, "lineno": 25, "funcName": "log_error", "created": 1759085316.0102873, "msecs": 10.0, "relativeCreated": 34843.055963516235, "thread": 140596884642688, "threadName": "MainThread", "processName": "MainProcess", "process": 2310}]}, "teardown": {"duration": 0.4744950040000049, "outcome": "passed"}}, {"nodeid": "tests/test_phase3_scheduling.py::TestBookingConflictsAndValidation::test_past_date_booking_prevention", "lineno": 313, "outcome": "passed", "keywords": ["test_past_date_booking_prevention", "TestBookingConflictsAndValidation", "test_phase3_scheduling.py", "tests/__init__.py", "whatsapp-ai-assistant"], "setup": {"duration": 0.0004889530000582454, "outcome": "passed"}, "call": {"duration": 0.0012736170000380298, "outcome": "passed", "log": [{"name": "refiloe", "msg": "Error checking booking conflict: object of type 'Mock' has no len()", "args": null, "levelname": "ERROR", "levelno": 40, "pathname": "/home/runner/work/whatsapp-ai-assistant/whatsapp-ai-assistant/utils/logger.py", "filename": "logger.py", "module": "logger", "exc_info": null, "exc_text": null, "stack_info": null, "lineno": 25, "funcName": "log_error", "created": 1759085316.4871764, "msecs": 487.0, "relativeCreated": 35319.945096969604, "thread": 140596884642688, "threadName": "MainThread", "processName": "MainProcess", "process": 2310}]}, "teardown": {"duration": 0.4618006539999442, "outcome": "passed"}}, {"nodeid": "tests/test_phase3_scheduling.py::TestBookingConflictsAndValidation::test_invalid_time_slots", "lineno": 334, "outcome": "passed", "keywords": ["test_invalid_time_slots", "TestBookingConflictsAndValidation", "test_phase3_scheduling.py", "tests/__init__.py", "whatsapp-ai-assistant"], "setup": {"duration": 0.0004837029999862352, "outcome": "passed"}, "call": {"duration": 0.0005488750000495202, "outcome": "passed"}, "teardown": {"duration": 0.4588188259999697, "outcome": "passed"}}, {"nodeid": "tests/test_phases_4_11.py::TestPhase4_HabitTracking::test_setup_habits_for_clients", "lineno": 145, "outcome": "failed", "keywords": ["test_setup_habits_for_clients", "TestPhase4_HabitTracking", "test_phases_4_11.py", "tests/__init__.py", "whatsapp-ai-assistant"], "setup": {"duration": 0.5120958439999868, "outcome": "passed"}, "call": {"duration": 0.06901371899994047, "outcome": "failed", "crash": {"path": "/home/runner/work/whatsapp-ai-assistant/whatsapp-ai-assistant/tests/test_phases_4_11.py", "lineno": 159, "message": "assert False\n +  where False = any(<generator object TestPhase4_HabitTracking.test_setup_habits_for_clients.<locals>.<genexpr> at 0x7fdf2cd8a5c0>)"}, "traceback": [{"path": "tests/test_phases_4_11.py", "lineno": 159, "message": "in test_setup_habits_for_clients"}], "log": [{"name": "refiloe", "msg": "Background scheduler started", "args": null, "levelname": "INFO", "levelno": 20, "pathname": "/home/runner/work/whatsapp-ai-assistant/whatsapp-ai-assistant/utils/logger.py", "filename": "logger.py", "module": "logger", "exc_info": null, "exc_text": null, "stack_info": null, "lineno": 21, "funcName": "log_info", "created": 1759085317.9662142, "msecs": 966.0, "relativeCreated": 36798.98285865784, "thread": 140596884642688, "threadName": "MainThread", "processName": "MainProcess", "process": 2310}, {"name": "refiloe", "msg": "Routes setup complete", "args": null, "levelname": "INFO", "levelno": 20, "pathname": "/home/runner/work/whatsapp-ai-assistant/whatsapp-ai-assistant/utils/logger.py", "filename": "logger.py", "module": "logger", "exc_info": null, "exc_text": null, "stack_info": null, "lineno": 21, "funcName": "log_info", "created": 1759085317.967111, "msecs": 967.0, "relativeCreated": 36799.87978935242, "thread": 140596884642688, "threadName": "MainThread", "processName": "MainProcess", "process": 2310}, {"name": "refiloe", "msg": "Error handling message: WhatsAppService.__init__() missing 2 required positional arguments: 'supabase_client' and 'logger'", "args": null, "levelname": "ERROR", "levelno": 40, "pathname": "/home/runner/work/whatsapp-ai-assistant/whatsapp-ai-assistant/utils/logger.py", "filename": "logger.py", "module": "logger", "exc_info": null, "exc_text": null, "stack_info": null, "lineno": 25, "funcName": "log_error", "created": 1759085317.991121, "msecs": 991.0, "relativeCreated": 36823.88973236084, "thread": 140596884642688, "threadName": "MainThread", "processName": "MainProcess", "process": 2310}], "longrepr": "tests/test_phases_4_11.py:159: in test_setup_habits_for_clients\n    assert any(word in str(response).lower() for word in\nE   assert False\nE    +  where False = any(<generator object TestPhase4_HabitTracking.test_setup_habits_for_clients.<locals>.<genexpr> at 0x7fdf2cd8a5c0>)"}, "teardown": {"duration": 0.9235307999999804, "outcome": "passed"}}, {"nodeid": "tests/test_phases_4_11.py::TestPhase4_HabitTracking::test_check_habit_compliance", "lineno": 167, "outcome": "failed", "keywords": ["test_check_habit_compliance", "TestPhase4_HabitTracking", "test_phases_4_11.py", "tests/__init__.py", "whatsapp-ai-assistant"], "setup": {"duration": 0.4815592969999898, "outcome": "passed"}, "call": {"duration": 0.06922985300002438, "outcome": "failed", "crash": {"path": "/home/runner/work/whatsapp-ai-assistant/whatsapp-ai-assistant/tests/test_phases_4_11.py", "lineno": 180, "message": "assert False\n +  where False = any(<generator object TestPhase4_HabitTracking.test_check_habit_compliance.<locals>.<genexpr> at 0x7fdf2cd8b2e0>)"}, "traceback": [{"path": "tests/test_phases_4_11.py", "lineno": 180, "message": "in test_check_habit_compliance"}], "log": [{"name": "refiloe", "msg": "Background scheduler started", "args": null, "levelname": "INFO", "levelno": 20, "pathname": "/home/runner/work/whatsapp-ai-assistant/whatsapp-ai-assistant/utils/logger.py", "filename": "logger.py", "module": "logger", "exc_info": null, "exc_text": null, "stack_info": null, "lineno": 21, "funcName": "log_info", "created": 1759085319.4552026, "msecs": 455.0, "relativeCreated": 38287.97125816345, "thread": 140596884642688, "threadName": "MainThread", "processName": "MainProcess", "process": 2310}, {"name": "refiloe", "msg": "Routes setup complete", "args": null, "levelname": "INFO", "levelno": 20, "pathname": "/home/runner/work/whatsapp-ai-assistant/whatsapp-ai-assistant/utils/logger.py", "filename": "logger.py", "module": "logger", "exc_info": null, "exc_text": null, "stack_info": null, "lineno": 21, "funcName": "log_info", "created": 1759085319.4561095, "msecs": 456.0, "relativeCreated": 38288.878202438354, "thread": 140596884642688, "threadName": "MainThread", "processName": "MainProcess", "process": 2310}, {"name": "refiloe", "msg": "Error handling message: WhatsAppService.__init__() missing 2 required positional arguments: 'supabase_client' and 'logger'", "args": null, "levelname": "ERROR", "levelno": 40, "pathname": "/home/runner/work/whatsapp-ai-assistant/whatsapp-ai-assistant/utils/logger.py", "filename": "logger.py", "module": "logger", "exc_info": null, "exc_text": null, "stack_info": null, "lineno": 25, "funcName": "log_error", "created": 1759085319.4795718, "msecs": 479.0, "relativeCreated": 38312.34049797058, "thread": 140596884642688, "threadName": "MainThread", "processName": "MainProcess", "process": 2310}], "longrepr": "tests/test_phases_4_11.py:180: in test_check_habit_compliance\n    assert any(word in str(response).lower() for word in\nE   assert False\nE    +  where False = any(<generator object TestPhase4_HabitTracking.test_check_habit_compliance.<locals>.<genexpr> at 0x7fdf2cd8b2e0>)"}, "teardown": {"duration": 0.8737483470000598, "outcome": "passed"}}, {"nodeid": "tests/test_phases_4_11.py::TestPhase4_HabitTracking::test_send_habit_reminders", "lineno": 183, "outcome": "failed", "keywords": ["test_send_habit_reminders", "TestPhase4_HabitTracking", "test_phases_4_11.py", "tests/__init__.py", "whatsapp-ai-assistant"], "setup": {"duration": 0.523676853999973, "outcome": "passed"}, "call": {"duration": 0.06899341000007553, "outcome": "failed", "crash": {"path": "/home/runner/work/whatsapp-ai-assistant/whatsapp-ai-assistant/tests/test_phases_4_11.py", "lineno": 196, "message": "assert False\n +  where False = any(<generator object TestPhase4_HabitTracking.test_send_habit_reminders.<locals>.<genexpr> at 0x7fdf2ccd9120>)"}, "traceback": [{"path": "tests/test_phases_4_11.py", "lineno": 196, "message": "in test_send_habit_reminders"}], "log": [{"name": "refiloe", "msg": "Background scheduler started", "args": null, "levelname": "INFO", "levelno": 20, "pathname": "/home/runner/work/whatsapp-ai-assistant/whatsapp-ai-assistant/utils/logger.py", "filename": "logger.py", "module": "logger", "exc_info": null, "exc_text": null, "stack_info": null, "lineno": 21, "funcName": "log_info", "created": 1759085320.930165, "msecs": 930.0, "relativeCreated": 39762.9337310791, "thread": 140596884642688, "threadName": "MainThread", "processName": "MainProcess", "process": 2310}, {"name": "refiloe", "msg": "Routes setup complete", "args": null, "levelname": "INFO", "levelno": 20, "pathname": "/home/runner/work/whatsapp-ai-assistant/whatsapp-ai-assistant/utils/logger.py", "filename": "logger.py", "module": "logger", "exc_info": null, "exc_text": null, "stack_info": null, "lineno": 21, "funcName": "log_info", "created": 1759085320.9310637, "msecs": 931.0, "relativeCreated": 39763.832330703735, "thread": 140596884642688, "threadName": "MainThread", "processName": "MainProcess", "process": 2310}, {"name": "refiloe", "msg": "Error handling message: WhatsAppService.__init__() missing 2 required positional arguments: 'supabase_client' and 'logger'", "args": null, "levelname": "ERROR", "levelno": 40, "pathname": "/home/runner/work/whatsapp-ai-assistant/whatsapp-ai-assistant/utils/logger.py", "filename": "logger.py", "module": "logger", "exc_info": null, "exc_text": null, "stack_info": null, "lineno": 25, "funcName": "log_error", "created": 1759085320.9549875, "msecs": 954.0, "relativeCreated": 39787.7562046051, "thread": 140596884642688, "threadName": "MainThread", "processName": "MainProcess", "process": 2310}], "longrepr": "tests/test_phases_4_11.py:196: in test_send_habit_reminders\n    assert any(word in str(response).lower() for word in\nE   assert False\nE    +  where False = any(<generator object TestPhase4_HabitTracking.test_send_habit_reminders.<locals>.<genexpr> at 0x7fdf2ccd9120>)"}, "teardown": {"duration": 0.959049686999947, "outcome": "passed"}}, {"nodeid": "tests/test_phases_4_11.py::TestPhase5_WorkoutsAssessments::test_send_workouts", "lineno": 211, "outcome": "failed", "keywords": ["test_send_workouts", "TestPhase5_WorkoutsAssessments", "test_phases_4_11.py", "tests/__init__.py", "whatsapp-ai-assistant"], "setup": {"duration": 0.49956436000002213, "outcome": "passed"}, "call": {"duration": 0.0694630479999887, "outcome": "failed", "crash": {"path": "/home/runner/work/whatsapp-ai-assistant/whatsapp-ai-assistant/tests/test_phases_4_11.py", "lineno": 224, "message": "assert False\n +  where False = any(<generator object TestPhase5_WorkoutsAssessments.test_send_workouts.<locals>.<genexpr> at 0x7fdf2ccd8040>)"}, "traceback": [{"path": "tests/test_phases_4_11.py", "lineno": 224, "message": "in test_send_workouts"}], "log": [{"name": "refiloe", "msg": "Background scheduler started", "args": null, "levelname": "INFO", "levelno": 20, "pathname": "/home/runner/work/whatsapp-ai-assistant/whatsapp-ai-assistant/utils/logger.py", "filename": "logger.py", "module": "logger", "exc_info": null, "exc_text": null, "stack_info": null, "lineno": 21, "funcName": "log_info", "created": 1759085322.4678628, "msecs": 467.0, "relativeCreated": 41300.631523132324, "thread": 140596884642688, "threadName": "MainThread", "processName": "MainProcess", "process": 2310}, {"name": "refiloe", "msg": "Routes setup complete", "args": null, "levelname": "INFO", "levelno": 20, "pathname": "/home/runner/work/whatsapp-ai-assistant/whatsapp-ai-assistant/utils/logger.py", "filename": "logger.py", "module": "logger", "exc_info": null, "exc_text": null, "stack_info": null, "lineno": 21, "funcName": "log_info", "created": 1759085322.468822, "msecs": 468.0, "relativeCreated": 41301.59068107605, "thread": 140596884642688, "threadName": "MainThread", "processName": "MainProcess", "process": 2310}, {"name": "refiloe", "msg": "Error handling message: WhatsAppService.__init__() missing 2 required positional arguments: 'supabase_client' and 'logger'", "args": null, "levelname": "ERROR", "levelno": 40, "pathname": "/home/runner/work/whatsapp-ai-assistant/whatsapp-ai-assistant/utils/logger.py", "filename": "logger.py", "module": "logger", "exc_info": null, "exc_text": null, "stack_info": null, "lineno": 25, "funcName": "log_error", "created": 1759085322.4927227, "msecs": 492.0, "relativeCreated": 41325.491428375244, "thread": 140596884642688, "threadName": "MainThread", "processName": "MainProcess", "process": 2310}], "longrepr": "tests/test_phases_4_11.py:224: in test_send_workouts\n    assert any(word in str(response).lower() for word in\nE   assert False\nE    +  where False = any(<generator object TestPhase5_WorkoutsAssessments.test_send_workouts.<locals>.<genexpr> at 0x7fdf2ccd8040>)"}, "teardown": {"duration": 0.9105223529999193, "outcome": "passed"}}, {"nodeid": "tests/test_phases_4_11.py::TestPhase5_WorkoutsAssessments::test_start_assessment", "lineno": 227, "outcome": "failed", "keywords": ["test_start_assessment", "TestPhase5_WorkoutsAssessments", "test_phases_4_11.py", "tests/__init__.py", "whatsapp-ai-assistant"], "setup": {"duration": 0.499651902000096, "outcome": "passed"}, "call": {"duration": 0.06927127099993413, "outcome": "failed", "crash": {"path": "/home/runner/work/whatsapp-ai-assistant/whatsapp-ai-assistant/tests/test_phases_4_11.py", "lineno": 240, "message": "assert False\n +  where False = any(<generator object TestPhase5_WorkoutsAssessments.test_start_assessment.<locals>.<genexpr> at 0x7fdf2ccd9a80>)"}, "traceback": [{"path": "tests/test_phases_4_11.py", "lineno": 240, "message": "in test_start_assessment"}], "log": [{"name": "refiloe", "msg": "Background scheduler started", "args": null, "levelname": "INFO", "levelno": 20, "pathname": "/home/runner/work/whatsapp-ai-assistant/whatsapp-ai-assistant/utils/logger.py", "filename": "logger.py", "module": "logger", "exc_info": null, "exc_text": null, "stack_info": null, "lineno": 21, "funcName": "log_info", "created": 1759085323.956458, "msecs": 956.0, "relativeCreated": 42789.226770401, "thread": 140596884642688, "threadName": "MainThread", "processName": "MainProcess", "process": 2310}, {"name": "refiloe", "msg": "Routes setup complete", "args": null, "levelname": "INFO", "levelno": 20, "pathname": "/home/runner/work/whatsapp-ai-assistant/whatsapp-ai-assistant/utils/logger.py", "filename": "logger.py", "module": "logger", "exc_info": null, "exc_text": null, "stack_info": null, "lineno": 21, "funcName": "log_info", "created": 1759085323.957355, "msecs": 957.0, "relativeCreated": 42790.12370109558, "thread": 140596884642688, "threadName": "MainThread", "processName": "MainProcess", "process": 2310}, {"name": "refiloe", "msg": "Error handling message: WhatsAppService.__init__() missing 2 required positional arguments: 'supabase_client' and 'logger'", "args": null, "levelname": "ERROR", "levelno": 40, "pathname": "/home/runner/work/whatsapp-ai-assistant/whatsapp-ai-assistant/utils/logger.py", "filename": "logger.py", "module": "logger", "exc_info": null, "exc_text": null, "stack_info": null, "lineno": 25, "funcName": "log_error", "created": 1759085323.9813888, "msecs": 981.0, "relativeCreated": 42814.157485961914, "thread": 140596884642688, "threadName": "MainThread", "processName": "MainProcess", "process": 2310}], "longrepr": "tests/test_phases_4_11.py:240: in test_start_assessment\n    assert any(word in str(response).lower() for word in\nE   assert False\nE    +  where False = any(<generator object TestPhase5_WorkoutsAssessments.test_start_assessment.<locals>.<genexpr> at 0x7fdf2ccd9a80>)"}, "teardown": {"duration": 0.8815582619999986, "outcome": "passed"}}, {"nodeid": "tests/test_phases_4_11.py::TestPhase5_WorkoutsAssessments::test_view_assessment_results", "lineno": 243, "outcome": "failed", "keywords": ["test_view_assessment_results", "TestPhase5_WorkoutsAssessments", "test_phases_4_11.py", "tests/__init__.py", "whatsapp-ai-assistant"], "setup": {"duration": 0.5098043489999782, "outcome": "passed"}, "call": {"duration": 0.06923892199995407, "outcome": "failed", "crash": {"path": "/home/runner/work/whatsapp-ai-assistant/whatsapp-ai-assistant/tests/test_phases_4_11.py", "lineno": 255, "message": "assert False\n +  where False = any(<generator object TestPhase5_WorkoutsAssessments.test_view_assessment_results.<locals>.<genexpr> at 0x7fdf2ccda2f0>)"}, "traceback": [{"path": "tests/test_phases_4_11.py", "lineno": 255, "message": "in test_view_assessment_results"}], "log": [{"name": "refiloe", "msg": "Background scheduler started", "args": null, "levelname": "INFO", "levelno": 20, "pathname": "/home/runner/work/whatsapp-ai-assistant/whatsapp-ai-assistant/utils/logger.py", "filename": "logger.py", "module": "logger", "exc_info": null, "exc_text": null, "stack_info": null, "lineno": 21, "funcName": "log_info", "created": 1759085325.426442, "msecs": 426.0, "relativeCreated": 44259.21058654785, "thread": 140596884642688, "threadName": "MainThread", "processName": "MainProcess", "process": 2310}, {"name": "refiloe", "msg": "Routes setup complete", "args": null, "levelname": "INFO", "levelno": 20, "pathname": "/home/runner/work/whatsapp-ai-assistant/whatsapp-ai-assistant/utils/logger.py", "filename": "logger.py", "module": "logger", "exc_info": null, "exc_text": null, "stack_info": null, "lineno": 21, "funcName": "log_info", "created": 1759085325.4273083, "msecs": 427.0, "relativeCreated": 44260.07699966431, "thread": 140596884642688, "threadName": "MainThread", "processName": "MainProcess", "process": 2310}, {"name": "refiloe", "msg": "Error handling message: WhatsAppService.__init__() missing 2 required positional arguments: 'supabase_client' and 'logger'", "args": null, "levelname": "ERROR", "levelno": 40, "pathname": "/home/runner/work/whatsapp-ai-assistant/whatsapp-ai-assistant/utils/logger.py", "filename": "logger.py", "module": "logger", "exc_info": null, "exc_text": null, "stack_info": null, "lineno": 25, "funcName": "log_error", "created": 1759085325.4515119, "msecs": 451.0, "relativeCreated": 44284.28053855896, "thread": 140596884642688, "threadName": "MainThread", "processName": "MainProcess", "process": 2310}], "longrepr": "tests/test_phases_4_11.py:255: in test_view_assessment_results\n    assert any(word in str(response).lower() for word in\nE   assert False\nE    +  where False = any(<generator object TestPhase5_WorkoutsAssessments.test_view_assessment_results.<locals>.<genexpr> at 0x7fdf2ccda2f0>)"}, "teardown": {"duration": 0.9409062759999642, "outcome": "passed"}}, {"nodeid": "tests/test_phases_4_11.py::TestPhase6_PaymentsRevenue::test_request_payment", "lineno": 270, "outcome": "failed", "keywords": ["test_request_payment", "TestPhase6_PaymentsRevenue", "test_phases_4_11.py", "tests/__init__.py", "whatsapp-ai-assistant"], "setup": {"duration": 0.4863143699999455, "outcome": "passed"}, "call": {"duration": 0.06859398799997507, "outcome": "failed", "crash": {"path": "/home/runner/work/whatsapp-ai-assistant/whatsapp-ai-assistant/tests/test_phases_4_11.py", "lineno": 283, "message": "assert False\n +  where False = any(<generator object TestPhase6_PaymentsRevenue.test_request_payment.<locals>.<genexpr> at 0x7fdf2ccdad40>)"}, "traceback": [{"path": "tests/test_phases_4_11.py", "lineno": 283, "message": "in test_request_payment"}], "log": [{"name": "refiloe", "msg": "Background scheduler started", "args": null, "levelname": "INFO", "levelno": 20, "pathname": "/home/runner/work/whatsapp-ai-assistant/whatsapp-ai-assistant/utils/logger.py", "filename": "logger.py", "module": "logger", "exc_info": null, "exc_text": null, "stack_info": null, "lineno": 21, "funcName": "log_info", "created": 1759085326.932091, "msecs": 932.0, "relativeCreated": 45764.859676361084, "thread": 140596884642688, "threadName": "MainThread", "processName": "MainProcess", "process": 2310}, {"name": "refiloe", "msg": "Routes setup complete", "args": null, "levelname": "INFO", "levelno": 20, "pathname": "/home/runner/work/whatsapp-ai-assistant/whatsapp-ai-assistant/utils/logger.py", "filename": "logger.py", "module": "logger", "exc_info": null, "exc_text": null, "stack_info": null, "lineno": 21, "funcName": "log_info", "created": 1759085326.9329853, "msecs": 932.0, "relativeCreated": 45765.753984451294, "thread": 140596884642688, "threadName": "MainThread", "processName": "MainProcess", "process": 2310}, {"name": "refiloe", "msg": "Error handling message: WhatsAppService.__init__() missing 2 required positional arguments: 'supabase_client' and 'logger'", "args": null, "levelname": "ERROR", "levelno": 40, "pathname": "/home/runner/work/whatsapp-ai-assistant/whatsapp-ai-assistant/utils/logger.py", "filename": "logger.py", "module": "logger", "exc_info": null, "exc_text": null, "stack_info": null, "lineno": 25, "funcName": "log_error", "created": 1759085326.956703, "msecs": 956.0, "relativeCreated": 45789.47162628174, "thread": 140596884642688, "threadName": "MainThread", "processName": "MainProcess", "process": 2310}], "longrepr": "tests/test_phases_4_11.py:283: in test_request_payment\n    assert any(word in str(response).lower() for word in\nE   assert False\nE    +  where False = any(<generator object TestPhase6_PaymentsRevenue.test_request_payment.<locals>.<genexpr> at 0x7fdf2ccdad40>)"}, "teardown": {"duration": 0.8852742239999998, "outcome": "passed"}}, {"nodeid": "tests/test_phases_4_11.py::TestPhase6_PaymentsRevenue::test_check_revenue", "lineno": 286, "outcome": "passed", "keywords": ["test_check_revenue", "TestPhase6_PaymentsRevenue", "test_phases_4_11.py", "tests/__init__.py", "whatsapp-ai-assistant"], "setup": {"duration": 0.48391929700005676, "outcome": "passed"}, "call": {"duration": 0.28209341800004495, "outcome": "passed", "log": [{"name": "refiloe", "msg": "Background scheduler started", "args": null, "levelname": "INFO", "levelno": 20, "pathname": "/home/runner/work/whatsapp-ai-assistant/whatsapp-ai-assistant/utils/logger.py", "filename": "logger.py", "module": "logger", "exc_info": null, "exc_text": null, "stack_info": null, "lineno": 21, "funcName": "log_info", "created": 1759085328.3795853, "msecs": 379.0, "relativeCreated": 47212.35394477844, "thread": 140596884642688, "threadName": "MainThread", "processName": "MainProcess", "process": 2310}, {"name": "refiloe", "msg": "Routes setup complete", "args": null, "levelname": "INFO", "levelno": 20, "pathname": "/home/runner/work/whatsapp-ai-assistant/whatsapp-ai-assistant/utils/logger.py", "filename": "logger.py", "module": "logger", "exc_info": null, "exc_text": null, "stack_info": null, "lineno": 21, "funcName": "log_info", "created": 1759085328.380539, "msecs": 380.0, "relativeCreated": 47213.30761909485, "thread": 140596884642688, "threadName": "MainThread", "processName": "MainProcess", "process": 2310}, {"name": "refiloe", "msg": "Error handling message: WhatsAppService.__init__() missing 2 required positional arguments: 'supabase_client' and 'logger'", "args": null, "levelname": "ERROR", "levelno": 40, "pathname": "/home/runner/work/whatsapp-ai-assistant/whatsapp-ai-assistant/utils/logger.py", "filename": "logger.py", "module": "logger", "exc_info": null, "exc_text": null, "stack_info": null, "lineno": 25, "funcName": "log_error", "created": 1759085328.4046233, "msecs": 404.0, "relativeCreated": 47237.39194869995, "thread": 140596884642688, "threadName": "MainThread", "processName": "MainProcess", "process": 2310}, {"name": "refiloe", "msg": "Background scheduler started", "args": null, "levelname": "INFO", "levelno": 20, "pathname": "/home/runner/work/whatsapp-ai-assistant/whatsapp-ai-assistant/utils/logger.py", "filename": "logger.py", "module": "logger", "exc_info": null, "exc_text": null, "stack_info": null, "lineno": 21, "funcName": "log_info", "created": 1759085328.4501426, "msecs": 450.0, "relativeCreated": 47282.91130065918, "thread": 140596884642688, "threadName": "MainThread", "processName": "MainProcess", "process": 2310}, {"name": "refiloe", "msg": "Routes setup complete", "args": null, "levelname": "INFO", "levelno": 20, "pathname": "/home/runner/work/whatsapp-ai-assistant/whatsapp-ai-assistant/utils/logger.py", "filename": "logger.py", "module": "logger", "exc_info": null, "exc_text": null, "stack_info": null, "lineno": 21, "funcName": "log_info", "created": 1759085328.4520328, "msecs": 452.0, "relativeCreated": 47284.8014831543, "thread": 140596884642688, "threadName": "MainThread", "processName": "MainProcess", "process": 2310}, {"name": "refiloe", "msg": "Error handling message: WhatsAppService.__init__() missing 2 required positional arguments: 'supabase_client' and 'logger'", "args": null, "levelname": "ERROR", "levelno": 40, "pathname": "/home/runner/work/whatsapp-ai-assistant/whatsapp-ai-assistant/utils/logger.py", "filename": "logger.py", "module": "logger", "exc_info": null, "exc_text": null, "stack_info": null, "lineno": 25, "funcName": "log_error", "created": 1759085328.4752934, "msecs": 475.0, "relativeCreated": 47308.0620765686, "thread": 140596884642688, "threadName": "MainThread", "processName": "MainProcess", "process": 2310}, {"name": "refiloe", "msg": "Background scheduler started", "args": null, "levelname": "INFO", "levelno": 20, "pathname": "/home/runner/work/whatsapp-ai-assistant/whatsapp-ai-assistant/utils/logger.py", "filename": "logger.py", "module": "logger", "exc_info": null, "exc_text": null, "stack_info": null, "lineno": 21, "funcName": "log_info", "created": 1759085328.521746, "msecs": 521.0, "relativeCreated": 47354.514598846436, "thread": 140596884642688, "threadName": "MainThread", "processName": "MainProcess", "process": 2310}, {"name": "refiloe", "msg": "Routes setup complete", "args": null, "levelname": "INFO", "levelno": 20, "pathname": "/home/runner/work/whatsapp-ai-assistant/whatsapp-ai-assistant/utils/logger.py", "filename": "logger.py", "module": "logger", "exc_info": null, "exc_text": null, "stack_info": null, "lineno": 21, "funcName": "log_info", "created": 1759085328.5227075, "msecs": 522.0, "relativeCreated": 47355.47614097595, "thread": 140596884642688, "threadName": "MainThread", "processName": "MainProcess", "process": 2310}, {"name": "refiloe", "msg": "Error handling message: WhatsAppService.__init__() missing 2 required positional arguments: 'supabase_client' and 'logger'", "args": null, "levelname": "ERROR", "levelno": 40, "pathname": "/home/runner/work/whatsapp-ai-assistant/whatsapp-ai-assistant/utils/logger.py", "filename": "logger.py", "module": "logger", "exc_info": null, "exc_text": null, "stack_info": null, "lineno": 25, "funcName": "log_error", "created": 1759085328.5460224, "msecs": 546.0, "relativeCreated": 47378.791093826294, "thread": 140596884642688, "threadName": "MainThread", "processName": "MainProcess", "process": 2310}, {"name": "refiloe", "msg": "Background scheduler started", "args": null, "levelname": "INFO", "levelno": 20, "pathname": "/home/runner/work/whatsapp-ai-assistant/whatsapp-ai-assistant/utils/logger.py", "filename": "logger.py", "module": "logger", "exc_info": null, "exc_text": null, "stack_info": null, "lineno": 21, "funcName": "log_info", "created": 1759085328.5921109, "msecs": 592.0, "relativeCreated": 47424.87955093384, "thread": 140596884642688, "threadName": "MainThread", "processName": "MainProcess", "process": 2310}, {"name": "refiloe", "msg": "Routes setup complete", "args": null, "levelname": "INFO", "levelno": 20, "pathname": "/home/runner/work/whatsapp-ai-assistant/whatsapp-ai-assistant/utils/logger.py", "filename": "logger.py", "module": "logger", "exc_info": null, "exc_text": null, "stack_info": null, "lineno": 21, "funcName": "log_info", "created": 1759085328.5930254, "msecs": 593.0, "relativeCreated": 47425.79412460327, "thread": 140596884642688, "threadName": "MainThread", "processName": "MainProcess", "process": 2310}, {"name": "refiloe", "msg": "Error handling message: WhatsAppService.__init__() missing 2 required positional arguments: 'supabase_client' and 'logger'", "args": null, "levelname": "ERROR", "levelno": 40, "pathname": "/home/runner/work/whatsapp-ai-assistant/whatsapp-ai-assistant/utils/logger.py", "filename": "logger.py", "module": "logger", "exc_info": null, "exc_text": null, "stack_info": null, "lineno": 25, "funcName": "log_error", "created": 1759085328.617109, "msecs": 617.0, "relativeCreated": 47449.87773895264, "thread": 140596884642688, "threadName": "MainThread", "processName": "MainProcess", "process": 2310}]}, "teardown": {"duration": 0.8953871730000174, "outcome": "passed"}}, {"nodeid": "tests/test_phases_4_11.py::TestPhase6_PaymentsRevenue::test_payment_confirmation", "lineno": 303, "outcome": "failed", "keywords": ["test_payment_confirmation", "TestPhase6_PaymentsRevenue", "test_phases_4_11.py", "tests/__init__.py", "whatsapp-ai-assistant"], "setup": {"duration": 0.5052820500000053, "outcome": "passed"}, "call": {"duration": 0.06904647100009242, "outcome": "failed", "crash": {"path": "/home/runner/work/whatsapp-ai-assistant/whatsapp-ai-assistant/tests/test_phases_4_11.py", "lineno": 315, "message": "assert False\n +  where False = any(<generator object TestPhase6_PaymentsRevenue.test_payment_confirmation.<locals>.<genexpr> at 0x7fdf2ccdbe20>)"}, "traceback": [{"path": "tests/test_phases_4_11.py", "lineno": 315, "message": "in test_payment_confirmation"}], "log": [{"name": "refiloe", "msg": "Background scheduler started", "args": null, "levelname": "INFO", "levelno": 20, "pathname": "/home/runner/work/whatsapp-ai-assistant/whatsapp-ai-assistant/utils/logger.py", "filename": "logger.py", "module": "logger", "exc_info": null, "exc_text": null, "stack_info": null, "lineno": 21, "funcName": "log_info", "created": 1759085330.0631447, "msecs": 63.0, "relativeCreated": 48895.91336250305, "thread": 140596884642688, "threadName": "MainThread", "processName": "MainProcess", "process": 2310}, {"name": "refiloe", "msg": "Routes setup complete", "args": null, "levelname": "INFO", "levelno": 20, "pathname": "/home/runner/work/whatsapp-ai-assistant/whatsapp-ai-assistant/utils/logger.py", "filename": "logger.py", "module": "logger", "exc_info": null, "exc_text": null, "stack_info": null, "lineno": 21, "funcName": "log_info", "created": 1759085330.064102, "msecs": 64.0, "relativeCreated": 48896.870613098145, "thread": 140596884642688, "threadName": "MainThread", "processName": "MainProcess", "process": 2310}, {"name": "refiloe", "msg": "Error handling message: WhatsAppService.__init__() missing 2 required positional arguments: 'supabase_client' and 'logger'", "args": null, "levelname": "ERROR", "levelno": 40, "pathname": "/home/runner/work/whatsapp-ai-assistant/whatsapp-ai-assistant/utils/logger.py", "filename": "logger.py", "module": "logger", "exc_info": null, "exc_text": null, "stack_info": null, "lineno": 25, "funcName": "log_error", "created": 1759085330.0875788, "msecs": 87.0, "relativeCreated": 48920.347452163696, "thread": 140596884642688, "threadName": "MainThread", "processName": "MainProcess", "process": 2310}], "longrepr": "tests/test_phases_4_11.py:315: in test_payment_confirmation\n    assert any(word in str(response).lower() for word in\nE   assert False\nE    +  where False = any(<generator object TestPhase6_PaymentsRevenue.test_payment_confirmation.<locals>.<genexpr> at 0x7fdf2ccdbe20>)"}, "teardown": {"duration": 0.8691981240000359, "outcome": "passed"}}, {"nodeid": "tests/test_phases_4_11.py::TestPhase7_AnalyticsReports::test_view_dashboard", "lineno": 330, "outcome": "failed", "keywords": ["test_view_dashboard", "TestPhase7_AnalyticsReports", "test_phases_4_11.py", "tests/__init__.py", "whatsapp-ai-assistant"], "setup": {"duration": 0.4879179249999197, "outcome": "passed"}, "call": {"duration": 0.06954808000000412, "outcome": "failed", "crash": {"path": "/home/runner/work/whatsapp-ai-assistant/whatsapp-ai-assistant/tests/test_phases_4_11.py", "lineno": 343, "message": "assert False\n +  where False = any(<generator object TestPhase7_AnalyticsReports.test_view_dashboard.<locals>.<genexpr> at 0x7fdf2ccdb790>)"}, "traceback": [{"path": "tests/test_phases_4_11.py", "lineno": 343, "message": "in test_view_dashboard"}], "log": [{"name": "refiloe", "msg": "Background scheduler started", "args": null, "levelname": "INFO", "levelno": 20, "pathname": "/home/runner/work/whatsapp-ai-assistant/whatsapp-ai-assistant/utils/logger.py", "filename": "logger.py", "module": "logger", "exc_info": null, "exc_text": null, "stack_info": null, "lineno": 21, "funcName": "log_info", "created": 1759085331.4978359, "msecs": 497.0, "relativeCreated": 50330.604553222656, "thread": 140596884642688, "threadName": "MainThread", "processName": "MainProcess", "process": 2310}, {"name": "refiloe", "msg": "Routes setup complete", "args": null, "levelname": "INFO", "levelno": 20, "pathname": "/home/runner/work/whatsapp-ai-assistant/whatsapp-ai-assistant/utils/logger.py", "filename": "logger.py", "module": "logger", "exc_info": null, "exc_text": null, "stack_info": null, "lineno": 21, "funcName": "log_info", "created": 1759085331.4987788, "msecs": 498.0, "relativeCreated": 50331.547498703, "thread": 140596884642688, "threadName": "MainThread", "processName": "MainProcess", "process": 2310}, {"name": "refiloe", "msg": "Error handling message: WhatsAppService.__init__() missing 2 required positional arguments: 'supabase_client' and 'logger'", "args": null, "levelname": "ERROR", "levelno": 40, "pathname": "/home/runner/work/whatsapp-ai-assistant/whatsapp-ai-assistant/utils/logger.py", "filename": "logger.py", "module": "logger", "exc_info": null, "exc_text": null, "stack_info": null, "lineno": 25, "funcName": "log_error", "created": 1759085331.5230083, "msecs": 523.0, "relativeCreated": 50355.77702522278, "thread": 140596884642688, "threadName": "MainThread", "processName": "MainProcess", "process": 2310}], "longrepr": "tests/test_phases_4_11.py:343: in test_view_dashboard\n    assert any(word in str(response).lower() for word in\nE   assert False\nE    +  where False = any(<generator object TestPhase7_AnalyticsReports.test_view_dashboard.<locals>.<genexpr> at 0x7fdf2ccdb790>)"}, "teardown": {"duration": 0.8623302370000374, "outcome": "passed"}}, {"nodeid": "tests/test_phases_4_11.py::TestPhase7_AnalyticsReports::test_client_analytics", "lineno": 346, "outcome": "failed", "keywords": ["test_client_analytics", "TestPhase7_AnalyticsReports", "test_phases_4_11.py", "tests/__init__.py", "whatsapp-ai-assistant"], "setup": {"duration": 0.4947992910000494, "outcome": "passed"}, "call": {"duration": 0.06929311600003984, "outcome": "failed", "crash": {"path": "/home/runner/work/whatsapp-ai-assistant/whatsapp-ai-assistant/tests/test_phases_4_11.py", "lineno": 358, "message": "assert False\n +  where False = any(<generator object TestPhase7_AnalyticsReports.test_client_analytics.<locals>.<genexpr> at 0x7fdf2cb888b0>)"}, "traceback": [{"path": "tests/test_phases_4_11.py", "lineno": 358, "message": "in test_client_analytics"}], "log": [{"name": "refiloe", "msg": "Background scheduler started", "args": null, "levelname": "INFO", "levelno": 20, "pathname": "/home/runner/work/whatsapp-ai-assistant/whatsapp-ai-assistant/utils/logger.py", "filename": "logger.py", "module": "logger", "exc_info": null, "exc_text": null, "stack_info": null, "lineno": 21, "funcName": "log_info", "created": 1759085332.934329, "msecs": 934.0, "relativeCreated": 51767.09771156311, "thread": 140596884642688, "threadName": "MainThread", "processName": "MainProcess", "process": 2310}, {"name": "refiloe", "msg": "Routes setup complete", "args": null, "levelname": "INFO", "levelno": 20, "pathname": "/home/runner/work/whatsapp-ai-assistant/whatsapp-ai-assistant/utils/logger.py", "filename": "logger.py", "module": "logger", "exc_info": null, "exc_text": null, "stack_info": null, "lineno": 21, "funcName": "log_info", "created": 1759085332.9352372, "msecs": 935.0, "relativeCreated": 51768.00584793091, "thread": 140596884642688, "threadName": "MainThread", "processName": "MainProcess", "process": 2310}, {"name": "refiloe", "msg": "Error handling message: WhatsAppService.__init__() missing 2 required positional arguments: 'supabase_client' and 'logger'", "args": null, "levelname": "ERROR", "levelno": 40, "pathname": "/home/runner/work/whatsapp-ai-assistant/whatsapp-ai-assistant/utils/logger.py", "filename": "logger.py", "module": "logger", "exc_info": null, "exc_text": null, "stack_info": null, "lineno": 25, "funcName": "log_error", "created": 1759085332.9592092, "msecs": 959.0, "relativeCreated": 51791.977882385254, "thread": 140596884642688, "threadName": "MainThread", "processName": "MainProcess", "process": 2310}], "longrepr": "tests/test_phases_4_11.py:358: in test_client_analytics\n    assert any(word in str(response).lower() for word in\nE   assert False\nE    +  where False = any(<generator object TestPhase7_AnalyticsReports.test_client_analytics.<locals>.<genexpr> at 0x7fdf2cb888b0>)"}, "teardown": {"duration": 0.9015507389999584, "outcome": "passed"}}, {"nodeid": "tests/test_phases_4_11.py::TestPhase8_ClientFeatures::test_client_booking", "lineno": 375, "outcome": "failed", "keywords": ["test_client_booking", "TestPhase8_ClientFeatures", "test_phases_4_11.py", "tests/__init__.py", "whatsapp-ai-assistant"], "setup": {"duration": 0.5002188790000446, "outcome": "passed"}, "call": {"duration": 0.07091438899999503, "outcome": "failed", "crash": {"path": "/home/runner/work/whatsapp-ai-assistant/whatsapp-ai-assistant/tests/test_phases_4_11.py", "lineno": 388, "message": "assert False\n +  where False = any(<generator object TestPhase8_ClientFeatures.test_client_booking.<locals>.<genexpr> at 0x7fdf2ccd9f30>)"}, "traceback": [{"path": "tests/test_phases_4_11.py", "lineno": 388, "message": "in test_client_booking"}], "log": [{"name": "refiloe", "msg": "Background scheduler started", "args": null, "levelname": "INFO", "levelno": 20, "pathname": "/home/runner/work/whatsapp-ai-assistant/whatsapp-ai-assistant/utils/logger.py", "filename": "logger.py", "module": "logger", "exc_info": null, "exc_text": null, "stack_info": null, "lineno": 21, "funcName": "log_info", "created": 1759085334.4604654, "msecs": 460.0, "relativeCreated": 53293.23410987854, "thread": 140596884642688, "threadName": "MainThread", "processName": "MainProcess", "process": 2310}, {"name": "refiloe", "msg": "Routes setup complete", "args": null, "levelname": "INFO", "levelno": 20, "pathname": "/home/runner/work/whatsapp-ai-assistant/whatsapp-ai-assistant/utils/logger.py", "filename": "logger.py", "module": "logger", "exc_info": null, "exc_text": null, "stack_info": null, "lineno": 21, "funcName": "log_info", "created": 1759085334.4614358, "msecs": 461.0, "relativeCreated": 53294.20447349548, "thread": 140596884642688, "threadName": "MainThread", "processName": "MainProcess", "process": 2310}, {"name": "refiloe", "msg": "Error handling message: WhatsAppService.__init__() missing 2 required positional arguments: 'supabase_client' and 'logger'", "args": null, "levelname": "ERROR", "levelno": 40, "pathname": "/home/runner/work/whatsapp-ai-assistant/whatsapp-ai-assistant/utils/logger.py", "filename": "logger.py", "module": "logger", "exc_info": null, "exc_text": null, "stack_info": null, "lineno": 25, "funcName": "log_error", "created": 1759085334.4854944, "msecs": 485.0, "relativeCreated": 53318.26305389404, "thread": 140596884642688, "threadName": "MainThread", "processName": "MainProcess", "process": 2310}], "longrepr": "tests/test_phases_4_11.py:388: in test_client_booking\n    assert any(word in str(response).lower() for word in\nE   assert False\nE    +  where False = any(<generator object TestPhase8_ClientFeatures.test_client_booking.<locals>.<genexpr> at 0x7fdf2ccd9f30>)"}, "teardown": {"duration": 0.9400713840000208, "outcome": "passed"}}, {"nodeid": "tests/test_phases_4_11.py::TestPhase8_ClientFeatures::test_client_habit_logging", "lineno": 391, "outcome": "failed", "keywords": ["test_client_habit_logging", "TestPhase8_ClientFeatures", "test_phases_4_11.py", "tests/__init__.py", "whatsapp-ai-assistant"], "setup": {"duration": 0.5031631340000331, "outcome": "passed"}, "call": {"duration": 0.06956331899993984, "outcome": "failed", "crash": {"path": "/home/runner/work/whatsapp-ai-assistant/whatsapp-ai-assistant/tests/test_phases_4_11.py", "lineno": 405, "message": "assert False\n +  where False = any(<generator object TestPhase8_ClientFeatures.test_client_habit_logging.<locals>.<genexpr> at 0x7fdf2ccd84f0>)"}, "traceback": [{"path": "tests/test_phases_4_11.py", "lineno": 405, "message": "in test_client_habit_logging"}], "log": [{"name": "refiloe", "msg": "Background scheduler started", "args": null, "levelname": "INFO", "levelno": 20, "pathname": "/home/runner/work/whatsapp-ai-assistant/whatsapp-ai-assistant/utils/logger.py", "filename": "logger.py", "module": "logger", "exc_info": null, "exc_text": null, "stack_info": null, "lineno": 21, "funcName": "log_info", "created": 1759085335.9854996, "msecs": 985.0, "relativeCreated": 54818.26829910278, "thread": 140596884642688, "threadName": "MainThread", "processName": "MainProcess", "process": 2310}, {"name": "refiloe", "msg": "Routes setup complete", "args": null, "levelname": "INFO", "levelno": 20, "pathname": "/home/runner/work/whatsapp-ai-assistant/whatsapp-ai-assistant/utils/logger.py", "filename": "logger.py", "module": "logger", "exc_info": null, "exc_text": null, "stack_info": null, "lineno": 21, "funcName": "log_info", "created": 1759085335.9863706, "msecs": 986.0, "relativeCreated": 54819.13924217224, "thread": 140596884642688, "threadName": "MainThread", "processName": "MainProcess", "process": 2310}, {"name": "refiloe", "msg": "Error handling message: WhatsAppService.__init__() missing 2 required positional arguments: 'supabase_client' and 'logger'", "args": null, "levelname": "ERROR", "levelno": 40, "pathname": "/home/runner/work/whatsapp-ai-assistant/whatsapp-ai-assistant/utils/logger.py", "filename": "logger.py", "module": "logger", "exc_info": null, "exc_text": null, "stack_info": null, "lineno": 25, "funcName": "log_error", "created": 1759085336.0104432, "msecs": 10.0, "relativeCreated": 54843.21188926697, "thread": 140596884642688, "threadName": "MainThread", "processName": "MainProcess", "process": 2310}], "longrepr": "tests/test_phases_4_11.py:405: in test_client_habit_logging\n    assert any(word in str(response).lower() for word in\nE   assert False\nE    +  where False = any(<generator object TestPhase8_ClientFeatures.test_client_habit_logging.<locals>.<genexpr> at 0x7fdf2ccd84f0>)"}, "teardown": {"duration": 0.9193382529999781, "outcome": "passed"}}, {"nodeid": "tests/test_phases_4_11.py::TestPhase8_ClientFeatures::test_client_progress", "lineno": 408, "outcome": "failed", "keywords": ["test_client_progress", "TestPhase8_ClientFeatures", "test_phases_4_11.py", "tests/__init__.py", "whatsapp-ai-assistant"], "setup": {"duration": 0.5195783629999369, "outcome": "passed"}, "call": {"duration": 0.06929137500003435, "outcome": "failed", "crash": {"path": "/home/runner/work/whatsapp-ai-assistant/whatsapp-ai-assistant/tests/test_phases_4_11.py", "lineno": 421, "message": "assert False\n +  where False = any(<generator object TestPhase8_ClientFeatures.test_client_progress.<locals>.<genexpr> at 0x7fdf2cd8bf10>)"}, "traceback": [{"path": "tests/test_phases_4_11.py", "lineno": 421, "message": "in test_client_progress"}], "log": [{"name": "refiloe", "msg": "Background scheduler started", "args": null, "levelname": "INFO", "levelno": 20, "pathname": "/home/runner/work/whatsapp-ai-assistant/whatsapp-ai-assistant/utils/logger.py", "filename": "logger.py", "module": "logger", "exc_info": null, "exc_text": null, "stack_info": null, "lineno": 21, "funcName": "log_info", "created": 1759085337.5026202, "msecs": 502.0, "relativeCreated": 56335.38889884949, "thread": 140596884642688, "threadName": "MainThread", "processName": "MainProcess", "process": 2310}, {"name": "refiloe", "msg": "Routes setup complete", "args": null, "levelname": "INFO", "levelno": 20, "pathname": "/home/runner/work/whatsapp-ai-assistant/whatsapp-ai-assistant/utils/logger.py", "filename": "logger.py", "module": "logger", "exc_info": null, "exc_text": null, "stack_info": null, "lineno": 21, "funcName": "log_info", "created": 1759085337.5035524, "msecs": 503.0, "relativeCreated": 56336.321115493774, "thread": 140596884642688, "threadName": "MainThread", "processName": "MainProcess", "process": 2310}, {"name": "refiloe", "msg": "Error handling message: WhatsAppService.__init__() missing 2 required positional arguments: 'supabase_client' and 'logger'", "args": null, "levelname": "ERROR", "levelno": 40, "pathname": "/home/runner/work/whatsapp-ai-assistant/whatsapp-ai-assistant/utils/logger.py", "filename": "logger.py", "module": "logger", "exc_info": null, "exc_text": null, "stack_info": null, "lineno": 25, "funcName": "log_error", "created": 1759085337.5276217, "msecs": 527.0, "relativeCreated": 56360.39042472839, "thread": 140596884642688, "threadName": "MainThread", "processName": "MainProcess", "process": 2310}], "longrepr": "tests/test_phases_4_11.py:421: in test_client_progress\n    assert any(word in str(response).lower() for word in\nE   assert False\nE    +  where False = any(<generator object TestPhase8_ClientFeatures.test_client_progress.<locals>.<genexpr> at 0x7fdf2cd8bf10>)"}, "teardown": {"duration": 0.93340450900007, "outcome": "passed"}}, {"nodeid": "tests/test_phases_4_11.py::TestPhase9_Challenges::test_view_challenges", "lineno": 436, "outcome": "failed", "keywords": ["test_view_challenges", "TestPhase9_Challenges", "test_phases_4_11.py", "tests/__init__.py", "whatsapp-ai-assistant"], "setup": {"duration": 0.5090228210000305, "outcome": "passed"}, "call": {"duration": 0.06932856399998855, "outcome": "failed", "crash": {"path": "/home/runner/work/whatsapp-ai-assistant/whatsapp-ai-assistant/tests/test_phases_4_11.py", "lineno": 449, "message": "assert False\n +  where False = any(<generator object TestPhase9_Challenges.test_view_challenges.<locals>.<genexpr> at 0x7fdf2cd8b5b0>)"}, "traceback": [{"path": "tests/test_phases_4_11.py", "lineno": 449, "message": "in test_view_challenges"}], "log": [{"name": "refiloe", "msg": "Background scheduler started", "args": null, "levelname": "INFO", "levelno": 20, "pathname": "/home/runner/work/whatsapp-ai-assistant/whatsapp-ai-assistant/utils/logger.py", "filename": "logger.py", "module": "logger", "exc_info": null, "exc_text": null, "stack_info": null, "lineno": 21, "funcName": "log_info", "created": 1759085339.023881, "msecs": 23.0, "relativeCreated": 57856.64963722229, "thread": 140596884642688, "threadName": "MainThread", "processName": "MainProcess", "process": 2310}, {"name": "refiloe", "msg": "Routes setup complete", "args": null, "levelname": "INFO", "levelno": 20, "pathname": "/home/runner/work/whatsapp-ai-assistant/whatsapp-ai-assistant/utils/logger.py", "filename": "logger.py", "module": "logger", "exc_info": null, "exc_text": null, "stack_info": null, "lineno": 21, "funcName": "log_info", "created": 1759085339.0248103, "msecs": 24.0, "relativeCreated": 57857.57899284363, "thread": 140596884642688, "threadName": "MainThread", "processName": "MainProcess", "process": 2310}, {"name": "refiloe", "msg": "Error handling message: WhatsAppService.__init__() missing 2 required positional arguments: 'supabase_client' and 'logger'", "args": null, "levelname": "ERROR", "levelno": 40, "pathname": "/home/runner/work/whatsapp-ai-assistant/whatsapp-ai-assistant/utils/logger.py", "filename": "logger.py", "module": "logger", "exc_info": null, "exc_text": null, "stack_info": null, "lineno": 25, "funcName": "log_error", "created": 1759085339.0488174, "msecs": 48.0, "relativeCreated": 57881.5860748291, "thread": 140596884642688, "threadName": "MainThread", "processName": "MainProcess", "process": 2310}], "longrepr": "tests/test_phases_4_11.py:449: in test_view_challenges\n    assert any(word in str(response).lower() for word in\nE   assert False\nE    +  where False = any(<generator object TestPhase9_Challenges.test_view_challenges.<locals>.<genexpr> at 0x7fdf2cd8b5b0>)"}, "teardown": {"duration": 1.1155330840000488, "outcome": "passed"}}, {"nodeid": "tests/test_phases_4_11.py::TestPhase9_Challenges::test_join_leave_challenges", "lineno": 452, "outcome": "failed", "keywords": ["test_join_leave_challenges", "TestPhase9_Challenges", "test_phases_4_11.py", "tests/__init__.py", "whatsapp-ai-assistant"], "setup": {"duration": 0.5271103119999907, "outcome": "passed"}, "call": {"duration": 0.06928279500004919, "outcome": "failed", "crash": {"path": "/home/runner/work/whatsapp-ai-assistant/whatsapp-ai-assistant/tests/test_phases_4_11.py", "lineno": 465, "message": "assert False\n +  where False = any(<generator object TestPhase9_Challenges.test_join_leave_challenges.<locals>.<genexpr> at 0x7fdf2cb88d60>)"}, "traceback": [{"path": "tests/test_phases_4_11.py", "lineno": 465, "message": "in test_join_leave_challenges"}], "log": [{"name": "refiloe", "msg": "Background scheduler started", "args": null, "levelname": "INFO", "levelno": 20, "pathname": "/home/runner/work/whatsapp-ai-assistant/whatsapp-ai-assistant/utils/logger.py", "filename": "logger.py", "module": "logger", "exc_info": null, "exc_text": null, "stack_info": null, "lineno": 21, "funcName": "log_info", "created": 1759085340.745273, "msecs": 745.0, "relativeCreated": 59578.04179191589, "thread": 140596884642688, "threadName": "MainThread", "processName": "MainProcess", "process": 2310}, {"name": "refiloe", "msg": "Routes setup complete", "args": null, "levelname": "INFO", "levelno": 20, "pathname": "/home/runner/work/whatsapp-ai-assistant/whatsapp-ai-assistant/utils/logger.py", "filename": "logger.py", "module": "logger", "exc_info": null, "exc_text": null, "stack_info": null, "lineno": 21, "funcName": "log_info", "created": 1759085340.7462234, "msecs": 746.0, "relativeCreated": 59578.99212837219, "thread": 140596884642688, "threadName": "MainThread", "processName": "MainProcess", "process": 2310}, {"name": "refiloe", "msg": "Error handling message: WhatsAppService.__init__() missing 2 required positional arguments: 'supabase_client' and 'logger'", "args": null, "levelname": "ERROR", "levelno": 40, "pathname": "/home/runner/work/whatsapp-ai-assistant/whatsapp-ai-assistant/utils/logger.py", "filename": "logger.py", "module": "logger", "exc_info": null, "exc_text": null, "stack_info": null, "lineno": 25, "funcName": "log_error", "created": 1759085340.7701483, "msecs": 770.0, "relativeCreated": 59602.916955947876, "thread": 140596884642688, "threadName": "MainThread", "processName": "MainProcess", "process": 2310}], "longrepr": "tests/test_phases_4_11.py:465: in test_join_leave_challenges\n    assert any(word in str(response).lower() for word in\nE   assert False\nE    +  where False = any(<generator object TestPhase9_Challenges.test_join_leave_challenges.<locals>.<genexpr> at 0x7fdf2cb88d60>)"}, "teardown": {"duration": 0.9628144199999724, "outcome": "passed"}}, {"nodeid": "tests/test_phases_4_11.py::TestPhase9_Challenges::test_leaderboard", "lineno": 468, "outcome": "failed", "keywords": ["test_leaderboard", "TestPhase9_Challenges", "test_phases_4_11.py", "tests/__init__.py", "whatsapp-ai-assistant"], "setup": {"duration": 0.5098657500000172, "outcome": "passed"}, "call": {"duration": 0.07250543999998627, "outcome": "failed", "crash": {"path": "/home/runner/work/whatsapp-ai-assistant/whatsapp-ai-assistant/tests/test_phases_4_11.py", "lineno": 481, "message": "assert False\n +  where False = any(<generator object TestPhase9_Challenges.test_leaderboard.<locals>.<genexpr> at 0x7fdf2cb894e0>)"}, "traceback": [{"path": "tests/test_phases_4_11.py", "lineno": 481, "message": "in test_leaderboard"}], "log": [{"name": "refiloe", "msg": "Background scheduler started", "args": null, "levelname": "INFO", "levelno": 20, "pathname": "/home/runner/work/whatsapp-ai-assistant/whatsapp-ai-assistant/utils/logger.py", "filename": "logger.py", "module": "logger", "exc_info": null, "exc_text": null, "stack_info": null, "lineno": 21, "funcName": "log_info", "created": 1759085342.299728, "msecs": 299.0, "relativeCreated": 61132.49659538269, "thread": 140596884642688, "threadName": "MainThread", "processName": "MainProcess", "process": 2310}, {"name": "refiloe", "msg": "Routes setup complete", "args": null, "levelname": "INFO", "levelno": 20, "pathname": "/home/runner/work/whatsapp-ai-assistant/whatsapp-ai-assistant/utils/logger.py", "filename": "logger.py", "module": "logger", "exc_info": null, "exc_text": null, "stack_info": null, "lineno": 21, "funcName": "log_info", "created": 1759085342.3006532, "msecs": 300.0, "relativeCreated": 61133.42189788818, "thread": 140596884642688, "threadName": "MainThread", "processName": "MainProcess", "process": 2310}, {"name": "refiloe", "msg": "Error handling message: WhatsAppService.__init__() missing 2 required positional arguments: 'supabase_client' and 'logger'", "args": null, "levelname": "ERROR", "levelno": 40, "pathname": "/home/runner/work/whatsapp-ai-assistant/whatsapp-ai-assistant/utils/logger.py", "filename": "logger.py", "module": "logger", "exc_info": null, "exc_text": null, "stack_info": null, "lineno": 25, "funcName": "log_error", "created": 1759085342.3247285, "msecs": 324.0, "relativeCreated": 61157.49716758728, "thread": 140596884642688, "threadName": "MainThread", "processName": "MainProcess", "process": 2310}], "longrepr": "tests/test_phases_4_11.py:481: in test_leaderboard\n    assert any(word in str(response).lower() for word in\nE   assert False\nE    +  where False = any(<generator object TestPhase9_Challenges.test_leaderboard.<locals>.<genexpr> at 0x7fdf2cb894e0>)"}, "teardown": {"duration": 0.9419050090000383, "outcome": "passed"}}, {"nodeid": "tests/test_phases_4_11.py::TestPhase10_AdvancedFeatures::test_bulk_operations", "lineno": 496, "outcome": "failed", "keywords": ["test_bulk_operations", "TestPhase10_AdvancedFeatures", "test_phases_4_11.py", "tests/__init__.py", "whatsapp-ai-assistant"], "setup": {"duration": 0.5243189860000257, "outcome": "passed"}, "call": {"duration": 0.06891929300002175, "outcome": "failed", "crash": {"path": "/home/runner/work/whatsapp-ai-assistant/whatsapp-ai-assistant/tests/test_phases_4_11.py", "lineno": 508, "message": "assert False\n +  where False = any(<generator object TestPhase10_AdvancedFeatures.test_bulk_operations.<locals>.<genexpr> at 0x7fdf2cb89d50>)"}, "traceback": [{"path": "tests/test_phases_4_11.py", "lineno": 508, "message": "in test_bulk_operations"}], "log": [{"name": "refiloe", "msg": "Background scheduler started", "args": null, "levelname": "INFO", "levelno": 20, "pathname": "/home/runner/work/whatsapp-ai-assistant/whatsapp-ai-assistant/utils/logger.py", "filename": "logger.py", "module": "logger", "exc_info": null, "exc_text": null, "stack_info": null, "lineno": 21, "funcName": "log_info", "created": 1759085343.8439376, "msecs": 843.0, "relativeCreated": 62676.706314086914, "thread": 140596884642688, "threadName": "MainThread", "processName": "MainProcess", "process": 2310}, {"name": "refiloe", "msg": "Routes setup complete", "args": null, "levelname": "INFO", "levelno": 20, "pathname": "/home/runner/work/whatsapp-ai-assistant/whatsapp-ai-assistant/utils/logger.py", "filename": "logger.py", "module": "logger", "exc_info": null, "exc_text": null, "stack_info": null, "lineno": 21, "funcName": "log_info", "created": 1759085343.8448498, "msecs": 844.0, "relativeCreated": 62677.61850357056, "thread": 140596884642688, "threadName": "MainThread", "processName": "MainProcess", "process": 2310}, {"name": "refiloe", "msg": "Error handling message: WhatsAppService.__init__() missing 2 required positional arguments: 'supabase_client' and 'logger'", "args": null, "levelname": "ERROR", "levelno": 40, "pathname": "/home/runner/work/whatsapp-ai-assistant/whatsapp-ai-assistant/utils/logger.py", "filename": "logger.py", "module": "logger", "exc_info": null, "exc_text": null, "stack_info": null, "lineno": 25, "funcName": "log_error", "created": 1759085343.8686128, "msecs": 868.0, "relativeCreated": 62701.38144493103, "thread": 140596884642688, "threadName": "MainThread", "processName": "MainProcess", "process": 2310}], "longrepr": "tests/test_phases_4_11.py:508: in test_bulk_operations\n    assert any(word in str(response).lower() for word in\nE   assert False\nE    +  where False = any(<generator object TestPhase10_AdvancedFeatures.test_bulk_operations.<locals>.<genexpr> at 0x7fdf2cb89d50>)"}, "teardown": {"duration": 0.9380336149999948, "outcome": "passed"}}, {"nodeid": "tests/test_phases_4_11.py::TestPhase10_AdvancedFeatures::test_natural_language", "lineno": 511, "outcome": "passed", "keywords": ["test_natural_language", "TestPhase10_AdvancedFeatures", "test_phases_4_11.py", "tests/__init__.py", "whatsapp-ai-assistant"], "setup": {"duration": 0.5329659650000167, "outcome": "passed"}, "call": {"duration": 0.20970918799991978, "outcome": "passed", "log": [{"name": "refiloe", "msg": "Background scheduler started", "args": null, "levelname": "INFO", "levelno": 20, "pathname": "/home/runner/work/whatsapp-ai-assistant/whatsapp-ai-assistant/utils/logger.py", "filename": "logger.py", "module": "logger", "exc_info": null, "exc_text": null, "stack_info": null, "lineno": 21, "funcName": "log_info", "created": 1759085345.3932216, "msecs": 393.0, "relativeCreated": 64225.990295410156, "thread": 140596884642688, "threadName": "MainThread", "processName": "MainProcess", "process": 2310}, {"name": "refiloe", "msg": "Routes setup complete", "args": null, "levelname": "INFO", "levelno": 20, "pathname": "/home/runner/work/whatsapp-ai-assistant/whatsapp-ai-assistant/utils/logger.py", "filename": "logger.py", "module": "logger", "exc_info": null, "exc_text": null, "stack_info": null, "lineno": 21, "funcName": "log_info", "created": 1759085345.3941443, "msecs": 394.0, "relativeCreated": 64226.91297531128, "thread": 140596884642688, "threadName": "MainThread", "processName": "MainProcess", "process": 2310}, {"name": "refiloe", "msg": "Error handling message: WhatsAppService.__init__() missing 2 required positional arguments: 'supabase_client' and 'logger'", "args": null, "levelname": "ERROR", "levelno": 40, "pathname": "/home/runner/work/whatsapp-ai-assistant/whatsapp-ai-assistant/utils/logger.py", "filename": "logger.py", "module": "logger", "exc_info": null, "exc_text": null, "stack_info": null, "lineno": 25, "funcName": "log_error", "created": 1759085345.4181833, "msecs": 418.0, "relativeCreated": 64250.95200538635, "thread": 140596884642688, "threadName": "MainThread", "processName": "MainProcess", "process": 2310}, {"name": "refiloe", "msg": "Background scheduler started", "args": null, "levelname": "INFO", "levelno": 20, "pathname": "/home/runner/work/whatsapp-ai-assistant/whatsapp-ai-assistant/utils/logger.py", "filename": "logger.py", "module": "logger", "exc_info": null, "exc_text": null, "stack_info": null, "lineno": 21, "funcName": "log_info", "created": 1759085345.463355, "msecs": 463.0, "relativeCreated": 64296.12374305725, "thread": 140596884642688, "threadName": "MainThread", "processName": "MainProcess", "process": 2310}, {"name": "refiloe", "msg": "Routes setup complete", "args": null, "levelname": "INFO", "levelno": 20, "pathname": "/home/runner/work/whatsapp-ai-assistant/whatsapp-ai-assistant/utils/logger.py", "filename": "logger.py", "module": "logger", "exc_info": null, "exc_text": null, "stack_info": null, "lineno": 21, "funcName": "log_info", "created": 1759085345.4651983, "msecs": 465.0, "relativeCreated": 64297.966957092285, "thread": 140596884642688, "threadName": "MainThread", "processName": "MainProcess", "process": 2310}, {"name": "refiloe", "msg": "Error handling message: WhatsAppService.__init__() missing 2 required positional arguments: 'supabase_client' and 'logger'", "args": null, "levelname": "ERROR", "levelno": 40, "pathname": "/home/runner/work/whatsapp-ai-assistant/whatsapp-ai-assistant/utils/logger.py", "filename": "logger.py", "module": "logger", "exc_info": null, "exc_text": null, "stack_info": null, "lineno": 25, "funcName": "log_error", "created": 1759085345.4882474, "msecs": 488.0, "relativeCreated": 64321.01607322693, "thread": 140596884642688, "threadName": "MainThread", "processName": "MainProcess", "process": 2310}, {"name": "refiloe", "msg": "Background scheduler started", "args": null, "levelname": "INFO", "levelno": 20, "pathname": "/home/runner/work/whatsapp-ai-assistant/whatsapp-ai-assistant/utils/logger.py", "filename": "logger.py", "module": "logger", "exc_info": null, "exc_text": null, "stack_info": null, "lineno": 21, "funcName": "log_info", "created": 1759085345.5344846, "msecs": 534.0, "relativeCreated": 64367.25330352783, "thread": 140596884642688, "threadName": "MainThread", "processName": "MainProcess", "process": 2310}, {"name": "refiloe", "msg": "Routes setup complete", "args": null, "levelname": "INFO", "levelno": 20, "pathname": "/home/runner/work/whatsapp-ai-assistant/whatsapp-ai-assistant/utils/logger.py", "filename": "logger.py", "module": "logger", "exc_info": null, "exc_text": null, "stack_info": null, "lineno": 21, "funcName": "log_info", "created": 1759085345.535363, "msecs": 535.0, "relativeCreated": 64368.13163757324, "thread": 140596884642688, "threadName": "MainThread", "processName": "MainProcess", "process": 2310}, {"name": "refiloe", "msg": "Error handling message: WhatsAppService.__init__() missing 2 required positional arguments: 'supabase_client' and 'logger'", "args": null, "levelname": "ERROR", "levelno": 40, "pathname": "/home/runner/work/whatsapp-ai-assistant/whatsapp-ai-assistant/utils/logger.py", "filename": "logger.py", "module": "logger", "exc_info": null, "exc_text": null, "stack_info": null, "lineno": 25, "funcName": "log_error", "created": 1759085345.5586498, "msecs": 558.0, "relativeCreated": 64391.41845703125, "thread": 140596884642688, "threadName": "MainThread", "processName": "MainProcess", "process": 2310}]}, "teardown": {"duration": 0.9616387579999355, "outcome": "passed"}}, {"nodeid": "tests/test_phases_4_11.py::TestPhase10_AdvancedFeatures::test_error_handling", "lineno": 527, "outcome": "passed", "keywords": ["test_error_handling", "TestPhase10_AdvancedFeatures", "test_phases_4_11.py", "tests/__init__.py", "whatsapp-ai-assistant"], "setup": {"duration": 0.6892367530000456, "outcome": "passed"}, "call": {"duration": 0.21047533700004806, "outcome": "passed", "log": [{"name": "refiloe", "msg": "Background scheduler started", "args": null, "levelname": "INFO", "levelno": 20, "pathname": "/home/runner/work/whatsapp-ai-assistant/whatsapp-ai-assistant/utils/logger.py", "filename": "logger.py", "module": "logger", "exc_info": null, "exc_text": null, "stack_info": null, "lineno": 21, "funcName": "log_info", "created": 1759085347.254827, "msecs": 254.0, "relativeCreated": 66087.59570121765, "thread": 140596884642688, "threadName": "MainThread", "processName": "MainProcess", "process": 2310}, {"name": "refiloe", "msg": "Routes setup complete", "args": null, "levelname": "INFO", "levelno": 20, "pathname": "/home/runner/work/whatsapp-ai-assistant/whatsapp-ai-assistant/utils/logger.py", "filename": "logger.py", "module": "logger", "exc_info": null, "exc_text": null, "stack_info": null, "lineno": 21, "funcName": "log_info", "created": 1759085347.2558231, "msecs": 255.0, "relativeCreated": 66088.59181404114, "thread": 140596884642688, "threadName": "MainThread", "processName": "MainProcess", "process": 2310}, {"name": "refiloe", "msg": "Error handling message: WhatsAppService.__init__() missing 2 required positional arguments: 'supabase_client' and 'logger'", "args": null, "levelname": "ERROR", "levelno": 40, "pathname": "/home/runner/work/whatsapp-ai-assistant/whatsapp-ai-assistant/utils/logger.py", "filename": "logger.py", "module": "logger", "exc_info": null, "exc_text": null, "stack_info": null, "lineno": 25, "funcName": "log_error", "created": 1759085347.280067, "msecs": 280.0, "relativeCreated": 66112.83564567566, "thread": 140596884642688, "threadName": "MainThread", "processName": "MainProcess", "process": 2310}, {"name": "refiloe", "msg": "Background scheduler started", "args": null, "levelname": "INFO", "levelno": 20, "pathname": "/home/runner/work/whatsapp-ai-assistant/whatsapp-ai-assistant/utils/logger.py", "filename": "logger.py", "module": "logger", "exc_info": null, "exc_text": null, "stack_info": null, "lineno": 21, "funcName": "log_info", "created": 1759085347.325167, "msecs": 325.0, "relativeCreated": 66157.93561935425, "thread": 140596884642688, "threadName": "MainThread", "processName": "MainProcess", "process": 2310}, {"name": "refiloe", "msg": "Routes setup complete", "args": null, "levelname": "INFO", "levelno": 20, "pathname": "/home/runner/work/whatsapp-ai-assistant/whatsapp-ai-assistant/utils/logger.py", "filename": "logger.py", "module": "logger", "exc_info": null, "exc_text": null, "stack_info": null, "lineno": 21, "funcName": "log_info", "created": 1759085347.3267896, "msecs": 326.0, "relativeCreated": 66159.55829620361, "thread": 140596884642688, "threadName": "MainThread", "processName": "MainProcess", "process": 2310}, {"name": "refiloe", "msg": "Error handling message: WhatsAppService.__init__() missing 2 required positional arguments: 'supabase_client' and 'logger'", "args": null, "levelname": "ERROR", "levelno": 40, "pathname": "/home/runner/work/whatsapp-ai-assistant/whatsapp-ai-assistant/utils/logger.py", "filename": "logger.py", "module": "logger", "exc_info": null, "exc_text": null, "stack_info": null, "lineno": 25, "funcName": "log_error", "created": 1759085347.34993, "msecs": 349.0, "relativeCreated": 66182.69872665405, "thread": 140596884642688, "threadName": "MainThread", "processName": "MainProcess", "process": 2310}, {"name": "refiloe", "msg": "Background scheduler started", "args": null, "levelname": "INFO", "levelno": 20, "pathname": "/home/runner/work/whatsapp-ai-assistant/whatsapp-ai-assistant/utils/logger.py", "filename": "logger.py", "module": "logger", "exc_info": null, "exc_text": null, "stack_info": null, "lineno": 21, "funcName": "log_info", "created": 1759085347.3957233, "msecs": 395.0, "relativeCreated": 66228.49202156067, "thread": 140596884642688, "threadName": "MainThread", "processName": "MainProcess", "process": 2310}, {"name": "refiloe", "msg": "Routes setup complete", "args": null, "levelname": "INFO", "levelno": 20, "pathname": "/home/runner/work/whatsapp-ai-assistant/whatsapp-ai-assistant/utils/logger.py", "filename": "logger.py", "module": "logger", "exc_info": null, "exc_text": null, "stack_info": null, "lineno": 21, "funcName": "log_info", "created": 1759085347.3965726, "msecs": 396.0, "relativeCreated": 66229.34126853943, "thread": 140596884642688, "threadName": "MainThread", "processName": "MainProcess", "process": 2310}, {"name": "refiloe", "msg": "Error handling message: WhatsAppService.__init__() missing 2 required positional arguments: 'supabase_client' and 'logger'", "args": null, "levelname": "ERROR", "levelno": 40, "pathname": "/home/runner/work/whatsapp-ai-assistant/whatsapp-ai-assistant/utils/logger.py", "filename": "logger.py", "module": "logger", "exc_info": null, "exc_text": null, "stack_info": null, "lineno": 25, "funcName": "log_error", "created": 1759085347.420727, "msecs": 420.0, "relativeCreated": 66253.49569320679, "thread": 140596884642688, "threadName": "MainThread", "processName": "MainProcess", "process": 2310}]}, "teardown": {"duration": 0.9193576870000015, "outcome": "passed"}}, {"nodeid": "tests/test_phases_4_11.py::TestPhase11_AutomatedFeatures::test_check_scheduled_reminders", "lineno": 555, "outcome": "passed", "keywords": ["test_check_scheduled_reminders", "TestPhase11_AutomatedFeatures", "test_phases_4_11.py", "tests/__init__.py", "whatsapp-ai-assistant"], "setup": {"duration": 0.6358051169999044, "outcome": "passed"}, "call": {"duration": 0.1109035549999362, "outcome": "passed"}, "teardown": {"duration": 0.949262585999918, "outcome": "passed"}}, {"nodeid": "tests/test_phases_4_11.py::TestPhase11_AutomatedFeatures::test_subscription_monitoring", "lineno": 566, "outcome": "passed", "keywords": ["test_subscription_monitoring", "TestPhase11_AutomatedFeatures", "test_phases_4_11.py", "tests/__init__.py", "whatsapp-ai-assistant"], "setup": {"duration": 0.5208561790000203, "outcome": "passed"}, "call": {"duration": 0.11459762600009071, "outcome": "passed"}, "teardown": {"duration": 0.9354984920000788, "outcome": "passed"}}, {"nodeid": "tests/test_refiloe_complete.py::TestPhase1_UserRegistration::test_new_trainer_onboarding", "lineno": 227, "outcome": "passed", "keywords": ["test_new_trainer_onboarding", "TestPhase1_UserRegistration", "test_refiloe_complete.py", "tests/__init__.py", "whatsapp-ai-assistant"], "setup": {"duration": 0.00027900099996713834, "outcome": "passed"}, "call": {"duration": 0.004946023000002242, "outcome": "passed"}, "teardown": {"duration": 0.4719077450000668, "outcome": "passed"}}, {"nodeid": "tests/test_refiloe_complete.py::TestPhase1_UserRegistration::test_trainer_recognition", "lineno": 242, "outcome": "passed", "keywords": ["test_trainer_recognition", "TestPhase1_UserRegistration", "test_refiloe_complete.py", "tests/__init__.py", "whatsapp-ai-assistant"], "setup": {"duration": 0.0003226630000199293, "outcome": "passed"}, "call": {"duration": 0.002973461000010502, "outcome": "passed"}, "teardown": {"duration": 0.5211443140000256, "outcome": "passed"}}, {"nodeid": "tests/test_refiloe_complete.py::TestPhase2_ClientManagement::test_add_client_variations", "lineno": 269, "outcome": "passed", "keywords": ["test_add_client_variations", "TestPhase2_ClientManagement", "test_refiloe_complete.py", "tests/__init__.py", "whatsapp-ai-assistant"], "setup": {"duration": 0.0002896710000186431, "outcome": "passed"}, "call": {"duration": 0.007834054999989348, "outcome": "passed"}, "teardown": {"duration": 0.4988306449999982, "outcome": "passed"}}, {"nodeid": "tests/test_refiloe_complete.py::TestPhase2_ClientManagement::test_view_clients", "lineno": 278, "outcome": "passed", "keywords": ["test_view_clients", "TestPhase2_ClientManagement", "test_refiloe_complete.py", "tests/__init__.py", "whatsapp-ai-assistant"], "setup": {"duration": 0.00029629300001943193, "outcome": "passed"}, "call": {"duration": 0.0027347849999159735, "outcome": "passed"}, "teardown": {"duration": 0.5892719109999689, "outcome": "passed"}}, {"nodeid": "tests/test_refiloe_complete.py::TestPhase2_ClientManagement::test_set_custom_pricing", "lineno": 286, "outcome": "passed", "keywords": ["test_set_custom_pricing", "TestPhase2_ClientManagement", "test_refiloe_complete.py", "tests/__init__.py", "whatsapp-ai-assistant"], "setup": {"duration": 0.0003125230000478041, "outcome": "passed"}, "call": {"duration": 0.0046820889999708015, "outcome": "passed"}, "teardown": {"duration": 0.5058454650001067, "outcome": "passed"}}, {"nodeid": "tests/test_refiloe_complete.py::TestPhase3_SchedulingBookings::test_view_schedule", "lineno": 299, "outcome": "passed", "keywords": ["test_view_schedule", "TestPhase3_SchedulingBookings", "test_refiloe_complete.py", "tests/__init__.py", "whatsapp-ai-assistant"], "setup": {"duration": 0.0003397750000431188, "outcome": "passed"}, "call": {"duration": 0.004675717000054647, "outcome": "passed"}, "teardown": {"duration": 0.5047367250000434, "outcome": "passed"}}, {"nodeid": "tests/test_refiloe_complete.py::TestPhase3_SchedulingBookings::test_book_sessions", "lineno": 308, "outcome": "passed", "keywords": ["test_book_sessions", "TestPhase3_SchedulingBookings", "test_refiloe_complete.py", "tests/__init__.py", "whatsapp-ai-assistant"], "setup": {"duration": 0.0003198169999905076, "outcome": "passed"}, "call": {"duration": 0.002795479000042178, "outcome": "passed"}, "teardown": {"duration": 0.5565296309999894, "outcome": "passed"}}, {"nodeid": "tests/test_refiloe_complete.py::TestPhase3_SchedulingBookings::test_cancel_reschedule", "lineno": 317, "outcome": "failed", "keywords": ["test_cancel_reschedule", "TestPhase3_SchedulingBookings", "test_refiloe_complete.py", "tests/__init__.py", "whatsapp-ai-assistant"], "setup": {"duration": 0.00031416600006650697, "outcome": "passed"}, "call": {"duration": 0.010065570000051594, "outcome": "failed", "crash": {"path": "/home/runner/work/whatsapp-ai-assistant/whatsapp-ai-assistant/tests/test_refiloe_complete.py", "lineno": 329, "message": "assert ('reschedul' in \"today's schedule:\\n9:00 am - sarah johnson\\n2:00 pm - john doe\" or 'moved' in \"today's schedule:\\n9:00 am - sarah johnson\\n2:00 pm - john doe\")\n +  where \"today's schedule:\\n9:00 am - sarah johnson\\n2:00 pm - john doe\" = <built-in method lower of str object at 0x7fdf3fbee170>()\n +    where <built-in method lower of str object at 0x7fdf3fbee170> = \"Today's schedule:\\n9:00 AM - Sarah Johnson\\n2:00 PM - John Doe\".lower\n +  and   \"today's schedule:\\n9:00 am - sarah johnson\\n2:00 pm - john doe\" = <built-in method lower of str object at 0x7fdf3fbee170>()\n +    where <built-in method lower of str object at 0x7fdf3fbee170> = \"Today's schedule:\\n9:00 AM - Sarah Johnson\\n2:00 PM - John Doe\".lower"}, "traceback": [{"path": "tests/test_refiloe_complete.py", "lineno": 329, "message": "in test_cancel_reschedule"}], "longrepr": "tests/test_refiloe_complete.py:329: in test_cancel_reschedule\n    assert \"reschedul\" in response['message'].lower() or \"moved\" in response['message'].lower()\nE   assert ('reschedul' in \"today's schedule:\\n9:00 am - sarah johnson\\n2:00 pm - john doe\" or 'moved' in \"today's schedule:\\n9:00 am - sarah johnson\\n2:00 pm - john doe\")\nE    +  where \"today's schedule:\\n9:00 am - sarah johnson\\n2:00 pm - john doe\" = <built-in method lower of str object at 0x7fdf3fbee170>()\nE    +    where <built-in method lower of str object at 0x7fdf3fbee170> = \"Today's schedule:\\n9:00 AM - Sarah Johnson\\n2:00 PM - John Doe\".lower\nE    +  and   \"today's schedule:\\n9:00 am - sarah johnson\\n2:00 pm - john doe\" = <built-in method lower of str object at 0x7fdf3fbee170>()\nE    +    where <built-in method lower of str object at 0x7fdf3fbee170> = \"Today's schedule:\\n9:00 AM - Sarah Johnson\\n2:00 PM - John Doe\".lower"}, "teardown": {"duration": 0.5024651859999949, "outcome": "passed"}}, {"nodeid": "tests/test_refiloe_complete.py::TestPhase4_HabitTracking::test_setup_habits", "lineno": 334, "outcome": "passed", "keywords": ["test_setup_habits", "TestPhase4_HabitTracking", "test_refiloe_complete.py", "tests/__init__.py", "whatsapp-ai-assistant"], "setup": {"duration": 0.0003080239999917467, "outcome": "passed"}, "call": {"duration": 0.004815349000068636, "outcome": "passed"}, "teardown": {"duration": 0.5217191430000412, "outcome": "passed"}}, {"nodeid": "tests/test_refiloe_complete.py::TestPhase5_WorkoutsAssessments::test_send_workouts", "lineno": 347, "outcome": "passed", "keywords": ["test_send_workouts", "TestPhase5_WorkoutsAssessments", "test_refiloe_complete.py", "tests/__init__.py", "whatsapp-ai-assistant"], "setup": {"duration": 0.0003200269999297234, "outcome": "passed"}, "call": {"duration": 0.0048411179999447995, "outcome": "passed"}, "teardown": {"duration": 0.46808568500000547, "outcome": "passed"}}, {"nodeid": "tests/test_refiloe_complete.py::TestPhase6_PaymentsRevenue::test_request_payment", "lineno": 360, "outcome": "failed", "keywords": ["test_request_payment", "TestPhase6_PaymentsRevenue", "test_refiloe_complete.py", "tests/__init__.py", "whatsapp-ai-assistant"], "setup": {"duration": 0.0003511460000709121, "outcome": "passed"}, "call": {"duration": 0.002919388999998773, "outcome": "failed", "crash": {"path": "/home/runner/work/whatsapp-ai-assistant/whatsapp-ai-assistant/tests/test_refiloe_complete.py", "lineno": 368, "message": "assert ('payment' in \"welcome to refiloe! i'm here to help you manage your personal training business. are you a trainer or a client?\" or 'invoice' in \"welcome to refiloe! i'm here to help you manage your personal training business. are you a trainer or a client?\")\n +  where \"welcome to refiloe! i'm here to help you manage your personal training business. are you a trainer or a client?\" = <built-in method lower of str object at 0x7fdf3fbe2fb0>()\n +    where <built-in method lower of str object at 0x7fdf3fbe2fb0> = \"Welcome to Refiloe! I'm here to help you manage your personal training business. Are you a trainer or a client?\".lower\n +  and   \"welcome to refiloe! i'm here to help you manage your personal training business. are you a trainer or a client?\" = <built-in method lower of str object at 0x7fdf3fbe2fb0>()\n +    where <built-in method lower of str object at 0x7fdf3fbe2fb0> = \"Welcome to Refiloe! I'm here to help you manage your personal training business. Are you a trainer or a client?\".lower"}, "traceback": [{"path": "tests/test_refiloe_complete.py", "lineno": 368, "message": "in test_request_payment"}], "longrepr": "tests/test_refiloe_complete.py:368: in test_request_payment\n    assert \"payment\" in response['message'].lower() or \"invoice\" in response['message'].lower()\nE   assert ('payment' in \"welcome to refiloe! i'm here to help you manage your personal training business. are you a trainer or a client?\" or 'invoice' in \"welcome to refiloe! i'm here to help you manage your personal training business. are you a trainer or a client?\")\nE    +  where \"welcome to refiloe! i'm here to help you manage your personal training business. are you a trainer or a client?\" = <built-in method lower of str object at 0x7fdf3fbe2fb0>()\nE    +    where <built-in method lower of str object at 0x7fdf3fbe2fb0> = \"Welcome to Refiloe! I'm here to help you manage your personal training business. Are you a trainer or a client?\".lower\nE    +  and   \"welcome to refiloe! i'm here to help you manage your personal training business. are you a trainer or a client?\" = <built-in method lower of str object at 0x7fdf3fbe2fb0>()\nE    +    where <built-in method lower of str object at 0x7fdf3fbe2fb0> = \"Welcome to Refiloe! I'm here to help you manage your personal training business. Are you a trainer or a client?\".lower"}, "teardown": {"duration": 0.5230861169999343, "outcome": "passed"}}, {"nodeid": "tests/test_refiloe_complete.py::TestPhase6_PaymentsRevenue::test_check_revenue", "lineno": 369, "outcome": "passed", "keywords": ["test_check_revenue", "TestPhase6_PaymentsRevenue", "test_refiloe_complete.py", "tests/__init__.py", "whatsapp-ai-assistant"], "setup": {"duration": 0.0003341240000054313, "outcome": "passed"}, "call": {"duration": 0.0046401009999499365, "outcome": "passed"}, "teardown": {"duration": 0.4721562149999272, "outcome": "passed"}}, {"nodeid": "tests/test_refiloe_complete.py::TestPhase8_ClientFeatures::test_client_booking", "lineno": 381, "outcome": "passed", "keywords": ["test_client_booking", "TestPhase8_ClientFeatures", "test_refiloe_complete.py", "tests/__init__.py", "whatsapp-ai-assistant"], "setup": {"duration": 0.0002745219999269466, "outcome": "passed"}, "call": {"duration": 0.004694452999956411, "outcome": "passed"}, "teardown": {"duration": 0.4770672490000152, "outcome": "passed"}}, {"nodeid": "tests/test_refiloe_complete.py::TestPhase8_ClientFeatures::test_client_habit_logging", "lineno": 390, "outcome": "passed", "keywords": ["test_client_habit_logging", "TestPhase8_ClientFeatures", "test_refiloe_complete.py", "tests/__init__.py", "whatsapp-ai-assistant"], "setup": {"duration": 0.00032775199997558957, "outcome": "passed"}, "call": {"duration": 0.0027266600000075414, "outcome": "passed"}, "teardown": {"duration": 0.48038307899992105, "outcome": "passed"}}, {"nodeid": "tests/test_refiloe_complete.py::TestPhase10_AdvancedFeatures::test_natural_language_understanding", "lineno": 403, "outcome": "passed", "keywords": ["test_natural_language_understanding", "TestPhase10_AdvancedFeatures", "test_refiloe_complete.py", "tests/__init__.py", "whatsapp-ai-assistant"], "setup": {"duration": 0.00031792300001143303, "outcome": "passed"}, "call": {"duration": 0.004696036999916942, "outcome": "passed"}, "teardown": {"duration": 0.489333603000091, "outcome": "passed"}}, {"nodeid": "tests/test_refiloe_complete.py::TestPhase10_AdvancedFeatures::test_error_handling", "lineno": 412, "outcome": "failed", "keywords": ["test_error_handling", "TestPhase10_AdvancedFeatures", "test_refiloe_complete.py", "tests/__init__.py", "whatsapp-ai-assistant"], "setup": {"duration": 0.00031343499995273305, "outcome": "passed"}, "call": {"duration": 0.004724790000068424, "outcome": "failed", "crash": {"path": "/home/runner/work/whatsapp-ai-assistant/whatsapp-ai-assistant/tests/test_refiloe_complete.py", "lineno": 424, "message": "assert False\n +  where False = any(<generator object TestPhase10_AdvancedFeatures.test_error_handling.<locals>.<genexpr> at 0x7fdf2cd44200>)"}, "traceback": [{"path": "tests/test_refiloe_complete.py", "lineno": 424, "message": "in test_error_handling"}], "longrepr": "tests/test_refiloe_complete.py:424: in test_error_handling\n    assert any(word in response['message'].lower() for word in [\"past\", \"future\", \"cannot\"])\nE   assert False\nE    +  where False = any(<generator object TestPhase10_AdvancedFeatures.test_error_handling.<locals>.<genexpr> at 0x7fdf2cd44200>)"}, "teardown": {"duration": 0.47104838500001733, "outcome": "passed"}}, {"nodeid": "tests/test_refiloe_complete.py::TestCriticalBugs::test_trainer_registration_step_7_currency_parsing", "lineno": 433, "outcome": "passed", "keywords": ["test_trainer_registration_step_7_currency_parsing", "TestCriticalBugs", "test_refiloe_complete.py", "tests/__init__.py", "whatsapp-ai-assistant"], "setup": {"duration": 0.0002714570000534877, "outcome": "passed"}, "call": {"duration": 0.0006777250000595814, "outcome": "passed"}, "teardown": {"duration": 0.5023712419999811, "outcome": "passed"}}, {"nodeid": "tests/test_refiloe_complete.py::TestCriticalBugs::test_ai_responds_naturally_not_rigid_commands", "lineno": 457, "outcome": "passed", "keywords": ["test_ai_responds_naturally_not_rigid_commands", "TestCriticalBugs", "test_refiloe_complete.py", "tests/__init__.py", "whatsapp-ai-assistant"], "setup": {"duration": 0.0002858330000208298, "outcome": "passed"}, "call": {"duration": 0.006561780000083672, "outcome": "passed"}, "teardown": {"duration": 0.5185408689999349, "outcome": "passed"}}], "warnings": [{"message": "The `update_forward_refs` method is deprecated; use `model_rebuild` instead. Deprecated in Pydantic V2.0 to be removed in V3.0. See Pydantic V2 Migration Guide at https://errors.pydantic.dev/2.11/migration/", "category": "PydanticDeprecatedSince20", "when": "collect", "filename": "/opt/hostedtoolcache/Python/3.11.13/x64/lib/python3.11/site-packages/gotrue/types.py", "lineno": 679}, {"message": "The `update_forward_refs` method is deprecated; use `model_rebuild` instead. Deprecated in Pydantic V2.0 to be removed in V3.0. See Pydantic V2 Migration Guide at https://errors.pydantic.dev/2.11/migration/", "category": "PydanticDeprecatedSince20", "when": "collect", "filename": "/opt/hostedtoolcache/Python/3.11.13/x64/lib/python3.11/site-packages/gotrue/types.py", "lineno": 679}, {"message": "The `update_forward_refs` method is deprecated; use `model_rebuild` instead. Deprecated in Pydantic V2.0 to be removed in V3.0. See Pydantic V2 Migration Guide at https://errors.pydantic.dev/2.11/migration/", "category": "PydanticDeprecatedSince20", "when": "collect", "filename": "/opt/hostedtoolcache/Python/3.11.13/x64/lib/python3.11/site-packages/gotrue/types.py", "lineno": 679}, {"message": "The `update_forward_refs` method is deprecated; use `model_rebuild` instead. Deprecated in Pydantic V2.0 to be removed in V3.0. See Pydantic V2 Migration Guide at https://errors.pydantic.dev/2.11/migration/", "category": "PydanticDeprecatedSince20", "when": "collect", "filename": "/opt/hostedtoolcache/Python/3.11.13/x64/lib/python3.11/site-packages/gotrue/types.py", "lineno": 679}, {"message": "The `update_forward_refs` method is deprecated; use `model_rebuild` instead. Deprecated in Pydantic V2.0 to be removed in V3.0. See Pydantic V2 Migration Guide at https://errors.pydantic.dev/2.11/migration/", "category": "PydanticDeprecatedSince20", "when": "collect", "filename": "/opt/hostedtoolcache/Python/3.11.13/x64/lib/python3.11/site-packages/gotrue/types.py", "lineno": 679}, {"message": "The `update_forward_refs` method is deprecated; use `model_rebuild` instead. Deprecated in Pydantic V2.0 to be removed in V3.0. See Pydantic V2 Migration Guide at https://errors.pydantic.dev/2.11/migration/", "category": "PydanticDeprecatedSince20", "when": "collect", "filename": "/opt/hostedtoolcache/Python/3.11.13/x64/lib/python3.11/site-packages/gotrue/types.py", "lineno": 679}, {"message": "The `update_forward_refs` method is deprecated; use `model_rebuild` instead. Deprecated in Pydantic V2.0 to be removed in V3.0. See Pydantic V2 Migration Guide at https://errors.pydantic.dev/2.11/migration/", "category": "PydanticDeprecatedSince20", "when": "collect", "filename": "/opt/hostedtoolcache/Python/3.11.13/x64/lib/python3.11/site-packages/gotrue/types.py", "lineno": 679}, {"message": "The `update_forward_refs` method is deprecated; use `model_rebuild` instead. Deprecated in Pydantic V2.0 to be removed in V3.0. See Pydantic V2 Migration Guide at https://errors.pydantic.dev/2.11/migration/", "category": "PydanticDeprecatedSince20", "when": "collect", "filename": "/opt/hostedtoolcache/Python/3.11.13/x64/lib/python3.11/site-packages/gotrue/types.py", "lineno": 679}, {"message": "The `update_forward_refs` method is deprecated; use `model_rebuild` instead. Deprecated in Pydantic V2.0 to be removed in V3.0. See Pydantic V2 Migration Guide at https://errors.pydantic.dev/2.11/migration/", "category": "PydanticDeprecatedSince20", "when": "collect", "filename": "/opt/hostedtoolcache/Python/3.11.13/x64/lib/python3.11/site-packages/gotrue/types.py", "lineno": 679}, {"message": "The `update_forward_refs` method is deprecated; use `model_rebuild` instead. Deprecated in Pydantic V2.0 to be removed in V3.0. See Pydantic V2 Migration Guide at https://errors.pydantic.dev/2.11/migration/", "category": "PydanticDeprecatedSince20", "when": "collect", "filename": "/opt/hostedtoolcache/Python/3.11.13/x64/lib/python3.11/site-packages/gotrue/types.py", "lineno": 679}, {"message": "The `update_forward_refs` method is deprecated; use `model_rebuild` instead. Deprecated in Pydantic V2.0 to be removed in V3.0. See Pydantic V2 Migration Guide at https://errors.pydantic.dev/2.11/migration/", "category": "PydanticDeprecatedSince20", "when": "collect", "filename": "/opt/hostedtoolcache/Python/3.11.13/x64/lib/python3.11/site-packages/gotrue/types.py", "lineno": 679}, {"message": "The `update_forward_refs` method is deprecated; use `model_rebuild` instead. Deprecated in Pydantic V2.0 to be removed in V3.0. See Pydantic V2 Migration Guide at https://errors.pydantic.dev/2.11/migration/", "category": "PydanticDeprecatedSince20", "when": "collect", "filename": "/opt/hostedtoolcache/Python/3.11.13/x64/lib/python3.11/site-packages/gotrue/types.py", "lineno": 679}, {"message": "The `update_forward_refs` method is deprecated; use `model_rebuild` instead. Deprecated in Pydantic V2.0 to be removed in V3.0. See Pydantic V2 Migration Guide at https://errors.pydantic.dev/2.11/migration/", "category": "PydanticDeprecatedSince20", "when": "collect", "filename": "/opt/hostedtoolcache/Python/3.11.13/x64/lib/python3.11/site-packages/gotrue/types.py", "lineno": 679}, {"message": "The `update_forward_refs` method is deprecated; use `model_rebuild` instead. Deprecated in Pydantic V2.0 to be removed in V3.0. See Pydantic V2 Migration Guide at https://errors.pydantic.dev/2.11/migration/", "category": "PydanticDeprecatedSince20", "when": "collect", "filename": "/opt/hostedtoolcache/Python/3.11.13/x64/lib/python3.11/site-packages/gotrue/types.py", "lineno": 679}, {"message": "The `update_forward_refs` method is deprecated; use `model_rebuild` instead. Deprecated in Pydantic V2.0 to be removed in V3.0. See Pydantic V2 Migration Guide at https://errors.pydantic.dev/2.11/migration/", "category": "PydanticDeprecatedSince20", "when": "collect", "filename": "/opt/hostedtoolcache/Python/3.11.13/x64/lib/python3.11/site-packages/gotrue/types.py", "lineno": 679}, {"message": "The `update_forward_refs` method is deprecated; use `model_rebuild` instead. Deprecated in Pydantic V2.0 to be removed in V3.0. See Pydantic V2 Migration Guide at https://errors.pydantic.dev/2.11/migration/", "category": "PydanticDeprecatedSince20", "when": "collect", "filename": "/opt/hostedtoolcache/Python/3.11.13/x64/lib/python3.11/site-packages/gotrue/types.py", "lineno": 679}, {"message": "The `update_forward_refs` method is deprecated; use `model_rebuild` instead. Deprecated in Pydantic V2.0 to be removed in V3.0. See Pydantic V2 Migration Guide at https://errors.pydantic.dev/2.11/migration/", "category": "PydanticDeprecatedSince20", "when": "collect", "filename": "/opt/hostedtoolcache/Python/3.11.13/x64/lib/python3.11/site-packages/gotrue/types.py", "lineno": 679}, {"message": "The `update_forward_refs` method is deprecated; use `model_rebuild` instead. Deprecated in Pydantic V2.0 to be removed in V3.0. See Pydantic V2 Migration Guide at https://errors.pydantic.dev/2.11/migration/", "category": "PydanticDeprecatedSince20", "when": "collect", "filename": "/opt/hostedtoolcache/Python/3.11.13/x64/lib/python3.11/site-packages/gotrue/types.py", "lineno": 679}, {"message": "The `update_forward_refs` method is deprecated; use `model_rebuild` instead. Deprecated in Pydantic V2.0 to be removed in V3.0. See Pydantic V2 Migration Guide at https://errors.pydantic.dev/2.11/migration/", "category": "PydanticDeprecatedSince20", "when": "collect", "filename": "/opt/hostedtoolcache/Python/3.11.13/x64/lib/python3.11/site-packages/gotrue/types.py", "lineno": 679}]}