<!DOCTYPE html>
<html>
  <head>
    <meta charset="utf-8"/>
    <title id="head-title">test-report.html</title>
      <style type="text/css">body {
  font-family: Helvetica, Arial, sans-serif;
  font-size: 12px;
  /* do not increase min-width as some may use split screens */
  min-width: 800px;
  color: #999;
}

h1 {
  font-size: 24px;
  color: black;
}

h2 {
  font-size: 16px;
  color: black;
}

p {
  color: black;
}

a {
  color: #999;
}

table {
  border-collapse: collapse;
}

/******************************
 * SUMMARY INFORMATION
 ******************************/
#environment td {
  padding: 5px;
  border: 1px solid #e6e6e6;
  vertical-align: top;
}
#environment tr:nth-child(odd) {
  background-color: #f6f6f6;
}
#environment ul {
  margin: 0;
  padding: 0 20px;
}

/******************************
 * TEST RESULT COLORS
 ******************************/
span.passed,
.passed .col-result {
  color: green;
}

span.skipped,
span.xfailed,
span.rerun,
.skipped .col-result,
.xfailed .col-result,
.rerun .col-result {
  color: orange;
}

span.error,
span.failed,
span.xpassed,
.error .col-result,
.failed .col-result,
.xpassed .col-result {
  color: red;
}

.col-links__extra {
  margin-right: 3px;
}

/******************************
 * RESULTS TABLE
 *
 * 1. Table Layout
 * 2. Extra
 * 3. Sorting items
 *
 ******************************/
/*------------------
 * 1. Table Layout
 *------------------*/
#results-table {
  border: 1px solid #e6e6e6;
  color: #999;
  font-size: 12px;
  width: 100%;
}
#results-table th,
#results-table td {
  padding: 5px;
  border: 1px solid #e6e6e6;
  text-align: left;
}
#results-table th {
  font-weight: bold;
}

/*------------------
 * 2. Extra
 *------------------*/
.logwrapper {
  max-height: 230px;
  overflow-y: scroll;
  background-color: #e6e6e6;
}
.logwrapper.expanded {
  max-height: none;
}
.logwrapper.expanded .logexpander:after {
  content: "collapse [-]";
}
.logwrapper .logexpander {
  z-index: 1;
  position: sticky;
  top: 10px;
  width: max-content;
  border: 1px solid;
  border-radius: 3px;
  padding: 5px 7px;
  margin: 10px 0 10px calc(100% - 80px);
  cursor: pointer;
  background-color: #e6e6e6;
}
.logwrapper .logexpander:after {
  content: "expand [+]";
}
.logwrapper .logexpander:hover {
  color: #000;
  border-color: #000;
}
.logwrapper .log {
  min-height: 40px;
  position: relative;
  top: -50px;
  height: calc(100% + 50px);
  border: 1px solid #e6e6e6;
  color: black;
  display: block;
  font-family: "Courier New", Courier, monospace;
  padding: 5px;
  padding-right: 80px;
  white-space: pre-wrap;
}

div.media {
  border: 1px solid #e6e6e6;
  float: right;
  height: 240px;
  margin: 0 5px;
  overflow: hidden;
  width: 320px;
}

.media-container {
  display: grid;
  grid-template-columns: 25px auto 25px;
  align-items: center;
  flex: 1 1;
  overflow: hidden;
  height: 200px;
}

.media-container--fullscreen {
  grid-template-columns: 0px auto 0px;
}

.media-container__nav--right,
.media-container__nav--left {
  text-align: center;
  cursor: pointer;
}

.media-container__viewport {
  cursor: pointer;
  text-align: center;
  height: inherit;
}
.media-container__viewport img,
.media-container__viewport video {
  object-fit: cover;
  width: 100%;
  max-height: 100%;
}

.media__name,
.media__counter {
  display: flex;
  flex-direction: row;
  justify-content: space-around;
  flex: 0 0 25px;
  align-items: center;
}

.collapsible td:not(.col-links) {
  cursor: pointer;
}
.collapsible td:not(.col-links):hover::after {
  color: #bbb;
  font-style: italic;
  cursor: pointer;
}

.col-result {
  width: 130px;
}
.col-result:hover::after {
  content: " (hide details)";
}

.col-result.collapsed:hover::after {
  content: " (show details)";
}

#environment-header h2:hover::after {
  content: " (hide details)";
  color: #bbb;
  font-style: italic;
  cursor: pointer;
  font-size: 12px;
}

#environment-header.collapsed h2:hover::after {
  content: " (show details)";
  color: #bbb;
  font-style: italic;
  cursor: pointer;
  font-size: 12px;
}

/*------------------
 * 3. Sorting items
 *------------------*/
.sortable {
  cursor: pointer;
}
.sortable.desc:after {
  content: " ";
  position: relative;
  left: 5px;
  bottom: -12.5px;
  border: 10px solid #4caf50;
  border-bottom: 0;
  border-left-color: transparent;
  border-right-color: transparent;
}
.sortable.asc:after {
  content: " ";
  position: relative;
  left: 5px;
  bottom: 12.5px;
  border: 10px solid #4caf50;
  border-top: 0;
  border-left-color: transparent;
  border-right-color: transparent;
}

.hidden, .summary__reload__button.hidden {
  display: none;
}

.summary__data {
  flex: 0 0 550px;
}
.summary__reload {
  flex: 1 1;
  display: flex;
  justify-content: center;
}
.summary__reload__button {
  flex: 0 0 300px;
  display: flex;
  color: white;
  font-weight: bold;
  background-color: #4caf50;
  text-align: center;
  justify-content: center;
  align-items: center;
  border-radius: 3px;
  cursor: pointer;
}
.summary__reload__button:hover {
  background-color: #46a049;
}
.summary__spacer {
  flex: 0 0 550px;
}

.controls {
  display: flex;
  justify-content: space-between;
}

.filters,
.collapse {
  display: flex;
  align-items: center;
}
.filters button,
.collapse button {
  color: #999;
  border: none;
  background: none;
  cursor: pointer;
  text-decoration: underline;
}
.filters button:hover,
.collapse button:hover {
  color: #ccc;
}

.filter__label {
  margin-right: 10px;
}

      </style>
    
  </head>
  <body>
    <h1 id="title">test-report.html</h1>
    <p>Report generated on 28-Sep-2025 at 18:49:20 by <a href="https://pypi.python.org/pypi/pytest-html">pytest-html</a>
        v4.1.1</p>
    <div id="environment-header">
      <h2>Environment</h2>
    </div>
    <table id="environment"></table>
    <!-- TEMPLATES -->
      <template id="template_environment_row">
      <tr>
        <td></td>
        <td></td>
      </tr>
    </template>
    <template id="template_results-table__body--empty">
      <tbody class="results-table-row">
        <tr id="not-found-message">
          <td colspan="4">No results found. Check the filters.</th>
        </tr>
    </template>
    <template id="template_results-table__tbody">
      <tbody class="results-table-row">
        <tr class="collapsible">
        </tr>
        <tr class="extras-row">
          <td class="extra" colspan="4">
            <div class="extraHTML"></div>
            <div class="media">
              <div class="media-container">
                  <div class="media-container__nav--left"><</div>
                  <div class="media-container__viewport">
                    <img src="" />
                    <video controls>
                      <source src="" type="video/mp4">
                    </video>
                  </div>
                  <div class="media-container__nav--right">></div>
                </div>
                <div class="media__name"></div>
                <div class="media__counter"></div>
            </div>
            <div class="logwrapper">
              <div class="logexpander"></div>
              <div class="log"></div>
            </div>
          </td>
        </tr>
      </tbody>
    </template>
    <!-- END TEMPLATES -->
    <div class="summary">
      <div class="summary__data">
        <h2>Summary</h2>
        <div class="additional-summary prefix">
        </div>
        <p class="run-count">83 tests took 00:01:18.</p>
        <p class="filter">(Un)check the boxes to filter the results.</p>
        <div class="summary__reload">
          <div class="summary__reload__button hidden" onclick="location.reload()">
            <div>There are still tests running. <br />Reload this page to get the latest results!</div>
          </div>
        </div>
        <div class="summary__spacer"></div>
        <div class="controls">
          <div class="filters">
            <input checked="true" class="filter" name="filter_checkbox" type="checkbox" data-test-result="failed" />
            <span class="failed">32 Failed,</span>
            <input checked="true" class="filter" name="filter_checkbox" type="checkbox" data-test-result="passed" />
            <span class="passed">51 Passed,</span>
            <input checked="true" class="filter" name="filter_checkbox" type="checkbox" data-test-result="skipped" disabled/>
            <span class="skipped">0 Skipped,</span>
            <input checked="true" class="filter" name="filter_checkbox" type="checkbox" data-test-result="xfailed" disabled/>
            <span class="xfailed">0 Expected failures,</span>
            <input checked="true" class="filter" name="filter_checkbox" type="checkbox" data-test-result="xpassed" disabled/>
            <span class="xpassed">0 Unexpected passes,</span>
            <input checked="true" class="filter" name="filter_checkbox" type="checkbox" data-test-result="error" />
            <span class="error">8 Errors,</span>
            <input checked="true" class="filter" name="filter_checkbox" type="checkbox" data-test-result="rerun" disabled/>
            <span class="rerun">0 Reruns</span>
          </div>
          <div class="collapse">
            <button id="show_all_details">Show all details</button>&nbsp;/&nbsp;<button id="hide_all_details">Hide all details</button>
          </div>
        </div>
      </div>
      <div class="additional-summary summary">
      </div>
      <div class="additional-summary postfix">
      </div>
    </div>
    <table id="results-table">
      <thead id="results-table-head">
        <tr>
          <th class="sortable" data-column-type="result">Result</th>
          <th class="sortable" data-column-type="testId">Test</th>
          <th class="sortable" data-column-type="duration">Duration</th>
          <th>Links</th>
        </tr>
      </thead>
    </table>
  </body>
  <footer>
    <div id="data-container" data-jsonblob="{&#34;environment&#34;: {&#34;Python&#34;: &#34;3.11.13&#34;, &#34;Platform&#34;: &#34;Linux-6.11.0-1018-azure-x86_64-with-glibc2.39&#34;, &#34;Packages&#34;: {&#34;pytest&#34;: &#34;7.4.2&#34;, &#34;pluggy&#34;: &#34;1.6.0&#34;}, &#34;Plugins&#34;: {&#34;anyio&#34;: &#34;4.11.0&#34;, &#34;html&#34;: &#34;4.1.1&#34;, &#34;json-report&#34;: &#34;1.5.0&#34;, &#34;cov&#34;: &#34;4.1.0&#34;, &#34;metadata&#34;: &#34;3.1.1&#34;}, &#34;CI&#34;: &#34;true&#34;, &#34;JAVA_HOME&#34;: &#34;/usr/lib/jvm/temurin-17-jdk-amd64&#34;}, &#34;tests&#34;: {&#34;tests/test_conversation_flows.py::TestBasicFunctionality::test_imports_work&#34;: [{&#34;extras&#34;: [], &#34;result&#34;: &#34;Passed&#34;, &#34;testId&#34;: &#34;tests/test_conversation_flows.py::TestBasicFunctionality::test_imports_work&#34;, &#34;duration&#34;: &#34;00:00:02&#34;, &#34;resultsTableRow&#34;: [&#34;&lt;td class=\&#34;col-result\&#34;&gt;Passed&lt;/td&gt;&#34;, &#34;&lt;td class=\&#34;col-testId\&#34;&gt;tests/test_conversation_flows.py::TestBasicFunctionality::test_imports_work&lt;/td&gt;&#34;, &#34;&lt;td class=\&#34;col-duration\&#34;&gt;00:00:02&lt;/td&gt;&#34;, &#34;&lt;td class=\&#34;col-links\&#34;&gt;&lt;/td&gt;&#34;], &#34;log&#34;: &#34;No log output captured.&#34;}], &#34;tests/test_conversation_flows.py::TestBasicFunctionality::test_mock_message&#34;: [{&#34;extras&#34;: [], &#34;result&#34;: &#34;Passed&#34;, &#34;testId&#34;: &#34;tests/test_conversation_flows.py::TestBasicFunctionality::test_mock_message&#34;, &#34;duration&#34;: &#34;800 ms&#34;, &#34;resultsTableRow&#34;: [&#34;&lt;td class=\&#34;col-result\&#34;&gt;Passed&lt;/td&gt;&#34;, &#34;&lt;td class=\&#34;col-testId\&#34;&gt;tests/test_conversation_flows.py::TestBasicFunctionality::test_mock_message&lt;/td&gt;&#34;, &#34;&lt;td class=\&#34;col-duration\&#34;&gt;800 ms&lt;/td&gt;&#34;, &#34;&lt;td class=\&#34;col-links\&#34;&gt;&lt;/td&gt;&#34;], &#34;log&#34;: &#34;No log output captured.&#34;}], &#34;tests/test_conversation_flows.py::TestBasicFunctionality::test_trainer_registration_mock&#34;: [{&#34;extras&#34;: [], &#34;result&#34;: &#34;Passed&#34;, &#34;testId&#34;: &#34;tests/test_conversation_flows.py::TestBasicFunctionality::test_trainer_registration_mock&#34;, &#34;duration&#34;: &#34;618 ms&#34;, &#34;resultsTableRow&#34;: [&#34;&lt;td class=\&#34;col-result\&#34;&gt;Passed&lt;/td&gt;&#34;, &#34;&lt;td class=\&#34;col-testId\&#34;&gt;tests/test_conversation_flows.py::TestBasicFunctionality::test_trainer_registration_mock&lt;/td&gt;&#34;, &#34;&lt;td class=\&#34;col-duration\&#34;&gt;618 ms&lt;/td&gt;&#34;, &#34;&lt;td class=\&#34;col-links\&#34;&gt;&lt;/td&gt;&#34;], &#34;log&#34;: &#34;No log output captured.&#34;}], &#34;tests/test_conversation_flows.py::TestPhase1_Registration::test_basic_setup&#34;: [{&#34;extras&#34;: [], &#34;result&#34;: &#34;Passed&#34;, &#34;testId&#34;: &#34;tests/test_conversation_flows.py::TestPhase1_Registration::test_basic_setup&#34;, &#34;duration&#34;: &#34;632 ms&#34;, &#34;resultsTableRow&#34;: [&#34;&lt;td class=\&#34;col-result\&#34;&gt;Passed&lt;/td&gt;&#34;, &#34;&lt;td class=\&#34;col-testId\&#34;&gt;tests/test_conversation_flows.py::TestPhase1_Registration::test_basic_setup&lt;/td&gt;&#34;, &#34;&lt;td class=\&#34;col-duration\&#34;&gt;632 ms&lt;/td&gt;&#34;, &#34;&lt;td class=\&#34;col-links\&#34;&gt;&lt;/td&gt;&#34;], &#34;log&#34;: &#34;No log output captured.&#34;}], &#34;tests/test_conversation_flows.py::TestPhase1_Registration::test_mock_registration_flow&#34;: [{&#34;extras&#34;: [], &#34;result&#34;: &#34;Passed&#34;, &#34;testId&#34;: &#34;tests/test_conversation_flows.py::TestPhase1_Registration::test_mock_registration_flow&#34;, &#34;duration&#34;: &#34;570 ms&#34;, &#34;resultsTableRow&#34;: [&#34;&lt;td class=\&#34;col-result\&#34;&gt;Passed&lt;/td&gt;&#34;, &#34;&lt;td class=\&#34;col-testId\&#34;&gt;tests/test_conversation_flows.py::TestPhase1_Registration::test_mock_registration_flow&lt;/td&gt;&#34;, &#34;&lt;td class=\&#34;col-duration\&#34;&gt;570 ms&lt;/td&gt;&#34;, &#34;&lt;td class=\&#34;col-links\&#34;&gt;&lt;/td&gt;&#34;], &#34;log&#34;: &#34;No log output captured.&#34;}], &#34;tests/test_debug.py::test_python_version&#34;: [{&#34;extras&#34;: [], &#34;result&#34;: &#34;Passed&#34;, &#34;testId&#34;: &#34;tests/test_debug.py::test_python_version&#34;, &#34;duration&#34;: &#34;719 ms&#34;, &#34;resultsTableRow&#34;: [&#34;&lt;td class=\&#34;col-result\&#34;&gt;Passed&lt;/td&gt;&#34;, &#34;&lt;td class=\&#34;col-testId\&#34;&gt;tests/test_debug.py::test_python_version&lt;/td&gt;&#34;, &#34;&lt;td class=\&#34;col-duration\&#34;&gt;719 ms&lt;/td&gt;&#34;, &#34;&lt;td class=\&#34;col-links\&#34;&gt;&lt;/td&gt;&#34;], &#34;log&#34;: &#34;No log output captured.&#34;}], &#34;tests/test_debug.py::test_can_import_basic_modules&#34;: [{&#34;extras&#34;: [], &#34;result&#34;: &#34;Passed&#34;, &#34;testId&#34;: &#34;tests/test_debug.py::test_can_import_basic_modules&#34;, &#34;duration&#34;: &#34;502 ms&#34;, &#34;resultsTableRow&#34;: [&#34;&lt;td class=\&#34;col-result\&#34;&gt;Passed&lt;/td&gt;&#34;, &#34;&lt;td class=\&#34;col-testId\&#34;&gt;tests/test_debug.py::test_can_import_basic_modules&lt;/td&gt;&#34;, &#34;&lt;td class=\&#34;col-duration\&#34;&gt;502 ms&lt;/td&gt;&#34;, &#34;&lt;td class=\&#34;col-links\&#34;&gt;&lt;/td&gt;&#34;], &#34;log&#34;: &#34;No log output captured.&#34;}], &#34;tests/test_debug.py::test_project_structure&#34;: [{&#34;extras&#34;: [], &#34;result&#34;: &#34;Passed&#34;, &#34;testId&#34;: &#34;tests/test_debug.py::test_project_structure&#34;, &#34;duration&#34;: &#34;496 ms&#34;, &#34;resultsTableRow&#34;: [&#34;&lt;td class=\&#34;col-result\&#34;&gt;Passed&lt;/td&gt;&#34;, &#34;&lt;td class=\&#34;col-testId\&#34;&gt;tests/test_debug.py::test_project_structure&lt;/td&gt;&#34;, &#34;&lt;td class=\&#34;col-duration\&#34;&gt;496 ms&lt;/td&gt;&#34;, &#34;&lt;td class=\&#34;col-links\&#34;&gt;&lt;/td&gt;&#34;], &#34;log&#34;: &#34;No log output captured.&#34;}], &#34;tests/test_debug.py::test_can_import_refiloe_modules&#34;: [{&#34;extras&#34;: [], &#34;result&#34;: &#34;Passed&#34;, &#34;testId&#34;: &#34;tests/test_debug.py::test_can_import_refiloe_modules&#34;, &#34;duration&#34;: &#34;496 ms&#34;, &#34;resultsTableRow&#34;: [&#34;&lt;td class=\&#34;col-result\&#34;&gt;Passed&lt;/td&gt;&#34;, &#34;&lt;td class=\&#34;col-testId\&#34;&gt;tests/test_debug.py::test_can_import_refiloe_modules&lt;/td&gt;&#34;, &#34;&lt;td class=\&#34;col-duration\&#34;&gt;496 ms&lt;/td&gt;&#34;, &#34;&lt;td class=\&#34;col-links\&#34;&gt;&lt;/td&gt;&#34;], &#34;log&#34;: &#34;No log output captured.&#34;}], &#34;tests/test_debug.py::test_check_requirements&#34;: [{&#34;extras&#34;: [], &#34;result&#34;: &#34;Passed&#34;, &#34;testId&#34;: &#34;tests/test_debug.py::test_check_requirements&#34;, &#34;duration&#34;: &#34;756 ms&#34;, &#34;resultsTableRow&#34;: [&#34;&lt;td class=\&#34;col-result\&#34;&gt;Passed&lt;/td&gt;&#34;, &#34;&lt;td class=\&#34;col-testId\&#34;&gt;tests/test_debug.py::test_check_requirements&lt;/td&gt;&#34;, &#34;&lt;td class=\&#34;col-duration\&#34;&gt;756 ms&lt;/td&gt;&#34;, &#34;&lt;td class=\&#34;col-links\&#34;&gt;&lt;/td&gt;&#34;], &#34;log&#34;: &#34;No log output captured.&#34;}], &#34;tests/test_e2e_complete.py::TestPhase1_Registration::test_complete_trainer_onboarding&#34;: [{&#34;extras&#34;: [], &#34;result&#34;: &#34;Error&#34;, &#34;testId&#34;: &#34;tests/test_e2e_complete.py::TestPhase1_Registration::test_complete_trainer_onboarding::setup&#34;, &#34;duration&#34;: &#34;22 ms&#34;, &#34;resultsTableRow&#34;: [&#34;&lt;td class=\&#34;col-result\&#34;&gt;Error&lt;/td&gt;&#34;, &#34;&lt;td class=\&#34;col-testId\&#34;&gt;tests/test_e2e_complete.py::TestPhase1_Registration::test_complete_trainer_onboarding::setup&lt;/td&gt;&#34;, &#34;&lt;td class=\&#34;col-duration\&#34;&gt;22 ms&lt;/td&gt;&#34;, &#34;&lt;td class=\&#34;col-links\&#34;&gt;&lt;/td&gt;&#34;], &#34;log&#34;: &#34;tests/test_e2e_complete.py:91: in setup_method\n    self.tester = RefiloeE2ETester()\ntests/test_e2e_complete.py:32: in __init__\n    self.process_message = RefiloeService().handle_message\nE   TypeError: RefiloeService.__init__() missing 1 required positional argument: &amp;#x27;supabase_client&amp;#x27;\n&#34;}], &#34;tests/test_e2e_complete.py::TestPhase1_Registration::test_trainer_recognition_after_registration&#34;: [{&#34;extras&#34;: [], &#34;result&#34;: &#34;Error&#34;, &#34;testId&#34;: &#34;tests/test_e2e_complete.py::TestPhase1_Registration::test_trainer_recognition_after_registration::setup&#34;, &#34;duration&#34;: &#34;22 ms&#34;, &#34;resultsTableRow&#34;: [&#34;&lt;td class=\&#34;col-result\&#34;&gt;Error&lt;/td&gt;&#34;, &#34;&lt;td class=\&#34;col-testId\&#34;&gt;tests/test_e2e_complete.py::TestPhase1_Registration::test_trainer_recognition_after_registration::setup&lt;/td&gt;&#34;, &#34;&lt;td class=\&#34;col-duration\&#34;&gt;22 ms&lt;/td&gt;&#34;, &#34;&lt;td class=\&#34;col-links\&#34;&gt;&lt;/td&gt;&#34;], &#34;log&#34;: &#34;tests/test_e2e_complete.py:91: in setup_method\n    self.tester = RefiloeE2ETester()\ntests/test_e2e_complete.py:32: in __init__\n    self.process_message = RefiloeService().handle_message\nE   TypeError: RefiloeService.__init__() missing 1 required positional argument: &amp;#x27;supabase_client&amp;#x27;\n&#34;}], &#34;tests/test_e2e_complete.py::TestPhase2_ClientManagement::test_add_client_variations&#34;: [{&#34;extras&#34;: [], &#34;result&#34;: &#34;Error&#34;, &#34;testId&#34;: &#34;tests/test_e2e_complete.py::TestPhase2_ClientManagement::test_add_client_variations::setup&#34;, &#34;duration&#34;: &#34;22 ms&#34;, &#34;resultsTableRow&#34;: [&#34;&lt;td class=\&#34;col-result\&#34;&gt;Error&lt;/td&gt;&#34;, &#34;&lt;td class=\&#34;col-testId\&#34;&gt;tests/test_e2e_complete.py::TestPhase2_ClientManagement::test_add_client_variations::setup&lt;/td&gt;&#34;, &#34;&lt;td class=\&#34;col-duration\&#34;&gt;22 ms&lt;/td&gt;&#34;, &#34;&lt;td class=\&#34;col-links\&#34;&gt;&lt;/td&gt;&#34;], &#34;log&#34;: &#34;tests/test_e2e_complete.py:166: in setup_method\n    self.tester = RefiloeE2ETester()\ntests/test_e2e_complete.py:32: in __init__\n    self.process_message = RefiloeService().handle_message\nE   TypeError: RefiloeService.__init__() missing 1 required positional argument: &amp;#x27;supabase_client&amp;#x27;\n&#34;}], &#34;tests/test_e2e_complete.py::TestPhase2_ClientManagement::test_view_clients&#34;: [{&#34;extras&#34;: [], &#34;result&#34;: &#34;Error&#34;, &#34;testId&#34;: &#34;tests/test_e2e_complete.py::TestPhase2_ClientManagement::test_view_clients::setup&#34;, &#34;duration&#34;: &#34;22 ms&#34;, &#34;resultsTableRow&#34;: [&#34;&lt;td class=\&#34;col-result\&#34;&gt;Error&lt;/td&gt;&#34;, &#34;&lt;td class=\&#34;col-testId\&#34;&gt;tests/test_e2e_complete.py::TestPhase2_ClientManagement::test_view_clients::setup&lt;/td&gt;&#34;, &#34;&lt;td class=\&#34;col-duration\&#34;&gt;22 ms&lt;/td&gt;&#34;, &#34;&lt;td class=\&#34;col-links\&#34;&gt;&lt;/td&gt;&#34;], &#34;log&#34;: &#34;tests/test_e2e_complete.py:166: in setup_method\n    self.tester = RefiloeE2ETester()\ntests/test_e2e_complete.py:32: in __init__\n    self.process_message = RefiloeService().handle_message\nE   TypeError: RefiloeService.__init__() missing 1 required positional argument: &amp;#x27;supabase_client&amp;#x27;\n&#34;}], &#34;tests/test_e2e_complete.py::TestPhase2_ClientManagement::test_custom_pricing&#34;: [{&#34;extras&#34;: [], &#34;result&#34;: &#34;Error&#34;, &#34;testId&#34;: &#34;tests/test_e2e_complete.py::TestPhase2_ClientManagement::test_custom_pricing::setup&#34;, &#34;duration&#34;: &#34;22 ms&#34;, &#34;resultsTableRow&#34;: [&#34;&lt;td class=\&#34;col-result\&#34;&gt;Error&lt;/td&gt;&#34;, &#34;&lt;td class=\&#34;col-testId\&#34;&gt;tests/test_e2e_complete.py::TestPhase2_ClientManagement::test_custom_pricing::setup&lt;/td&gt;&#34;, &#34;&lt;td class=\&#34;col-duration\&#34;&gt;22 ms&lt;/td&gt;&#34;, &#34;&lt;td class=\&#34;col-links\&#34;&gt;&lt;/td&gt;&#34;], &#34;log&#34;: &#34;tests/test_e2e_complete.py:166: in setup_method\n    self.tester = RefiloeE2ETester()\ntests/test_e2e_complete.py:32: in __init__\n    self.process_message = RefiloeService().handle_message\nE   TypeError: RefiloeService.__init__() missing 1 required positional argument: &amp;#x27;supabase_client&amp;#x27;\n&#34;}], &#34;tests/test_e2e_complete.py::TestPhase3_Scheduling::test_view_schedule&#34;: [{&#34;extras&#34;: [], &#34;result&#34;: &#34;Error&#34;, &#34;testId&#34;: &#34;tests/test_e2e_complete.py::TestPhase3_Scheduling::test_view_schedule::setup&#34;, &#34;duration&#34;: &#34;22 ms&#34;, &#34;resultsTableRow&#34;: [&#34;&lt;td class=\&#34;col-result\&#34;&gt;Error&lt;/td&gt;&#34;, &#34;&lt;td class=\&#34;col-testId\&#34;&gt;tests/test_e2e_complete.py::TestPhase3_Scheduling::test_view_schedule::setup&lt;/td&gt;&#34;, &#34;&lt;td class=\&#34;col-duration\&#34;&gt;22 ms&lt;/td&gt;&#34;, &#34;&lt;td class=\&#34;col-links\&#34;&gt;&lt;/td&gt;&#34;], &#34;log&#34;: &#34;tests/test_e2e_complete.py:247: in setup_method\n    self.tester = RefiloeE2ETester()\ntests/test_e2e_complete.py:32: in __init__\n    self.process_message = RefiloeService().handle_message\nE   TypeError: RefiloeService.__init__() missing 1 required positional argument: &amp;#x27;supabase_client&amp;#x27;\n&#34;}], &#34;tests/test_e2e_complete.py::TestPhase3_Scheduling::test_book_sessions&#34;: [{&#34;extras&#34;: [], &#34;result&#34;: &#34;Error&#34;, &#34;testId&#34;: &#34;tests/test_e2e_complete.py::TestPhase3_Scheduling::test_book_sessions::setup&#34;, &#34;duration&#34;: &#34;22 ms&#34;, &#34;resultsTableRow&#34;: [&#34;&lt;td class=\&#34;col-result\&#34;&gt;Error&lt;/td&gt;&#34;, &#34;&lt;td class=\&#34;col-testId\&#34;&gt;tests/test_e2e_complete.py::TestPhase3_Scheduling::test_book_sessions::setup&lt;/td&gt;&#34;, &#34;&lt;td class=\&#34;col-duration\&#34;&gt;22 ms&lt;/td&gt;&#34;, &#34;&lt;td class=\&#34;col-links\&#34;&gt;&lt;/td&gt;&#34;], &#34;log&#34;: &#34;tests/test_e2e_complete.py:247: in setup_method\n    self.tester = RefiloeE2ETester()\ntests/test_e2e_complete.py:32: in __init__\n    self.process_message = RefiloeService().handle_message\nE   TypeError: RefiloeService.__init__() missing 1 required positional argument: &amp;#x27;supabase_client&amp;#x27;\n&#34;}], &#34;tests/test_e2e_complete.py::TestPhase3_Scheduling::test_cancel_reschedule&#34;: [{&#34;extras&#34;: [], &#34;result&#34;: &#34;Error&#34;, &#34;testId&#34;: &#34;tests/test_e2e_complete.py::TestPhase3_Scheduling::test_cancel_reschedule::setup&#34;, &#34;duration&#34;: &#34;22 ms&#34;, &#34;resultsTableRow&#34;: [&#34;&lt;td class=\&#34;col-result\&#34;&gt;Error&lt;/td&gt;&#34;, &#34;&lt;td class=\&#34;col-testId\&#34;&gt;tests/test_e2e_complete.py::TestPhase3_Scheduling::test_cancel_reschedule::setup&lt;/td&gt;&#34;, &#34;&lt;td class=\&#34;col-duration\&#34;&gt;22 ms&lt;/td&gt;&#34;, &#34;&lt;td class=\&#34;col-links\&#34;&gt;&lt;/td&gt;&#34;], &#34;log&#34;: &#34;tests/test_e2e_complete.py:247: in setup_method\n    self.tester = RefiloeE2ETester()\ntests/test_e2e_complete.py:32: in __init__\n    self.process_message = RefiloeService().handle_message\nE   TypeError: RefiloeService.__init__() missing 1 required positional argument: &amp;#x27;supabase_client&amp;#x27;\n&#34;}], &#34;tests/test_integration_real.py::TestRealIntegration::test_trainer_registration_database&#34;: [{&#34;extras&#34;: [], &#34;result&#34;: &#34;Passed&#34;, &#34;testId&#34;: &#34;tests/test_integration_real.py::TestRealIntegration::test_trainer_registration_database&#34;, &#34;duration&#34;: &#34;850 ms&#34;, &#34;resultsTableRow&#34;: [&#34;&lt;td class=\&#34;col-result\&#34;&gt;Passed&lt;/td&gt;&#34;, &#34;&lt;td class=\&#34;col-testId\&#34;&gt;tests/test_integration_real.py::TestRealIntegration::test_trainer_registration_database&lt;/td&gt;&#34;, &#34;&lt;td class=\&#34;col-duration\&#34;&gt;850 ms&lt;/td&gt;&#34;, &#34;&lt;td class=\&#34;col-links\&#34;&gt;&lt;/td&gt;&#34;], &#34;log&#34;: &#34;No log output captured.&#34;}], &#34;tests/test_integration_real.py::TestRealIntegration::test_client_management_real&#34;: [{&#34;extras&#34;: [], &#34;result&#34;: &#34;Passed&#34;, &#34;testId&#34;: &#34;tests/test_integration_real.py::TestRealIntegration::test_client_management_real&#34;, &#34;duration&#34;: &#34;813 ms&#34;, &#34;resultsTableRow&#34;: [&#34;&lt;td class=\&#34;col-result\&#34;&gt;Passed&lt;/td&gt;&#34;, &#34;&lt;td class=\&#34;col-testId\&#34;&gt;tests/test_integration_real.py::TestRealIntegration::test_client_management_real&lt;/td&gt;&#34;, &#34;&lt;td class=\&#34;col-duration\&#34;&gt;813 ms&lt;/td&gt;&#34;, &#34;&lt;td class=\&#34;col-links\&#34;&gt;&lt;/td&gt;&#34;], &#34;log&#34;: &#34;No log output captured.&#34;}], &#34;tests/test_integration_real.py::TestRealIntegration::test_booking_system_real&#34;: [{&#34;extras&#34;: [], &#34;result&#34;: &#34;Failed&#34;, &#34;testId&#34;: &#34;tests/test_integration_real.py::TestRealIntegration::test_booking_system_real&#34;, &#34;duration&#34;: &#34;729 ms&#34;, &#34;resultsTableRow&#34;: [&#34;&lt;td class=\&#34;col-result\&#34;&gt;Failed&lt;/td&gt;&#34;, &#34;&lt;td class=\&#34;col-testId\&#34;&gt;tests/test_integration_real.py::TestRealIntegration::test_booking_system_real&lt;/td&gt;&#34;, &#34;&lt;td class=\&#34;col-duration\&#34;&gt;729 ms&lt;/td&gt;&#34;, &#34;&lt;td class=\&#34;col-links\&#34;&gt;&lt;/td&gt;&#34;], &#34;log&#34;: &#34;tests/test_integration_real.py:182: in test_booking_system_real\n    }).execute()\n/opt/hostedtoolcache/Python/3.11.13/x64/lib/python3.11/site-packages/postgrest/_sync/request_builder.py:70: in execute\n    raise APIError(r.json())\nE   postgrest.exceptions.APIError: {&amp;#x27;code&amp;#x27;: &amp;#x27;PGRST204&amp;#x27;, &amp;#x27;details&amp;#x27;: None, &amp;#x27;hint&amp;#x27;: None, &amp;#x27;message&amp;#x27;: &amp;quot;Could not find the &amp;#x27;booking_date&amp;#x27; column of &amp;#x27;bookings&amp;#x27; in the schema cache&amp;quot;}\n&#34;}], &#34;tests/test_integration_real.py::TestRealIntegration::test_ai_integration_simple&#34;: [{&#34;extras&#34;: [], &#34;result&#34;: &#34;Passed&#34;, &#34;testId&#34;: &#34;tests/test_integration_real.py::TestRealIntegration::test_ai_integration_simple&#34;, &#34;duration&#34;: &#34;00:00:02&#34;, &#34;resultsTableRow&#34;: [&#34;&lt;td class=\&#34;col-result\&#34;&gt;Passed&lt;/td&gt;&#34;, &#34;&lt;td class=\&#34;col-testId\&#34;&gt;tests/test_integration_real.py::TestRealIntegration::test_ai_integration_simple&lt;/td&gt;&#34;, &#34;&lt;td class=\&#34;col-duration\&#34;&gt;00:00:02&lt;/td&gt;&#34;, &#34;&lt;td class=\&#34;col-links\&#34;&gt;&lt;/td&gt;&#34;], &#34;log&#34;: &#34;No log output captured.&#34;}], &#34;tests/test_integration_real.py::TestRealIntegration::test_database_connection&#34;: [{&#34;extras&#34;: [], &#34;result&#34;: &#34;Passed&#34;, &#34;testId&#34;: &#34;tests/test_integration_real.py::TestRealIntegration::test_database_connection&#34;, &#34;duration&#34;: &#34;00:00:01&#34;, &#34;resultsTableRow&#34;: [&#34;&lt;td class=\&#34;col-result\&#34;&gt;Passed&lt;/td&gt;&#34;, &#34;&lt;td class=\&#34;col-testId\&#34;&gt;tests/test_integration_real.py::TestRealIntegration::test_database_connection&lt;/td&gt;&#34;, &#34;&lt;td class=\&#34;col-duration\&#34;&gt;00:00:01&lt;/td&gt;&#34;, &#34;&lt;td class=\&#34;col-links\&#34;&gt;&lt;/td&gt;&#34;], &#34;log&#34;: &#34;No log output captured.&#34;}], &#34;tests/test_phase1_registration.py::TestTrainerRegistrationReal::test_complete_trainer_registration_flow&#34;: [{&#34;extras&#34;: [], &#34;result&#34;: &#34;Passed&#34;, &#34;testId&#34;: &#34;tests/test_phase1_registration.py::TestTrainerRegistrationReal::test_complete_trainer_registration_flow&#34;, &#34;duration&#34;: &#34;575 ms&#34;, &#34;resultsTableRow&#34;: [&#34;&lt;td class=\&#34;col-result\&#34;&gt;Passed&lt;/td&gt;&#34;, &#34;&lt;td class=\&#34;col-testId\&#34;&gt;tests/test_phase1_registration.py::TestTrainerRegistrationReal::test_complete_trainer_registration_flow&lt;/td&gt;&#34;, &#34;&lt;td class=\&#34;col-duration\&#34;&gt;575 ms&lt;/td&gt;&#34;, &#34;&lt;td class=\&#34;col-links\&#34;&gt;&lt;/td&gt;&#34;], &#34;log&#34;: &#34;No log output captured.&#34;}], &#34;tests/test_phase1_registration.py::TestTrainerRegistrationReal::test_currency_parsing_variations&#34;: [{&#34;extras&#34;: [], &#34;result&#34;: &#34;Passed&#34;, &#34;testId&#34;: &#34;tests/test_phase1_registration.py::TestTrainerRegistrationReal::test_currency_parsing_variations&#34;, &#34;duration&#34;: &#34;468 ms&#34;, &#34;resultsTableRow&#34;: [&#34;&lt;td class=\&#34;col-result\&#34;&gt;Passed&lt;/td&gt;&#34;, &#34;&lt;td class=\&#34;col-testId\&#34;&gt;tests/test_phase1_registration.py::TestTrainerRegistrationReal::test_currency_parsing_variations&lt;/td&gt;&#34;, &#34;&lt;td class=\&#34;col-duration\&#34;&gt;468 ms&lt;/td&gt;&#34;, &#34;&lt;td class=\&#34;col-links\&#34;&gt;&lt;/td&gt;&#34;], &#34;log&#34;: &#34;No log output captured.&#34;}], &#34;tests/test_phase1_registration.py::TestTrainerRegistrationReal::test_registration_with_missing_fields&#34;: [{&#34;extras&#34;: [], &#34;result&#34;: &#34;Passed&#34;, &#34;testId&#34;: &#34;tests/test_phase1_registration.py::TestTrainerRegistrationReal::test_registration_with_missing_fields&#34;, &#34;duration&#34;: &#34;457 ms&#34;, &#34;resultsTableRow&#34;: [&#34;&lt;td class=\&#34;col-result\&#34;&gt;Passed&lt;/td&gt;&#34;, &#34;&lt;td class=\&#34;col-testId\&#34;&gt;tests/test_phase1_registration.py::TestTrainerRegistrationReal::test_registration_with_missing_fields&lt;/td&gt;&#34;, &#34;&lt;td class=\&#34;col-duration\&#34;&gt;457 ms&lt;/td&gt;&#34;, &#34;&lt;td class=\&#34;col-links\&#34;&gt;&lt;/td&gt;&#34;], &#34;log&#34;: &#34;No log output captured.&#34;}], &#34;tests/test_phase1_registration.py::TestTrainerRegistrationReal::test_trainer_recognition_after_registration&#34;: [{&#34;extras&#34;: [], &#34;result&#34;: &#34;Failed&#34;, &#34;testId&#34;: &#34;tests/test_phase1_registration.py::TestTrainerRegistrationReal::test_trainer_recognition_after_registration&#34;, &#34;duration&#34;: &#34;00:00:01&#34;, &#34;resultsTableRow&#34;: [&#34;&lt;td class=\&#34;col-result\&#34;&gt;Failed&lt;/td&gt;&#34;, &#34;&lt;td class=\&#34;col-testId\&#34;&gt;tests/test_phase1_registration.py::TestTrainerRegistrationReal::test_trainer_recognition_after_registration&lt;/td&gt;&#34;, &#34;&lt;td class=\&#34;col-duration\&#34;&gt;00:00:01&lt;/td&gt;&#34;, &#34;&lt;td class=\&#34;col-links\&#34;&gt;&lt;/td&gt;&#34;], &#34;log&#34;: &#34;tests/test_phase1_registration.py:252: in test_trainer_recognition_after_registration\n    assert response.get(&amp;#x27;success&amp;#x27;) == True\nE   assert False == True\nE    +  where False = &amp;lt;built-in method get of dict object at 0x7fdf3f66f500&amp;gt;(&amp;#x27;success&amp;#x27;)\nE    +    where &amp;lt;built-in method get of dict object at 0x7fdf3f66f500&amp;gt; = {&amp;#x27;response&amp;#x27;: &amp;quot;Sorry, I&amp;#x27;m having a bit of trouble right now. Please try again in a moment! \ud83d\ude0a&amp;quot;, &amp;#x27;success&amp;#x27;: False}.get\n\n------------------------------ Captured log call -------------------------------\nINFO     refiloe:logger.py:21 Background scheduler started\nINFO     refiloe:logger.py:21 Routes setup complete\nERROR    refiloe:logger.py:25 Error handling message: WhatsAppService.__init__() missing 2 required positional arguments: &amp;#x27;supabase_client&amp;#x27; and &amp;#x27;logger&amp;#x27;\n\n&#34;}], &#34;tests/test_phase1_registration.py::TestClientRegistrationReal::test_client_receives_welcome_after_registration&#34;: [{&#34;extras&#34;: [], &#34;result&#34;: &#34;Failed&#34;, &#34;testId&#34;: &#34;tests/test_phase1_registration.py::TestClientRegistrationReal::test_client_receives_welcome_after_registration&#34;, &#34;duration&#34;: &#34;557 ms&#34;, &#34;resultsTableRow&#34;: [&#34;&lt;td class=\&#34;col-result\&#34;&gt;Failed&lt;/td&gt;&#34;, &#34;&lt;td class=\&#34;col-testId\&#34;&gt;tests/test_phase1_registration.py::TestClientRegistrationReal::test_client_receives_welcome_after_registration&lt;/td&gt;&#34;, &#34;&lt;td class=\&#34;col-duration\&#34;&gt;557 ms&lt;/td&gt;&#34;, &#34;&lt;td class=\&#34;col-links\&#34;&gt;&lt;/td&gt;&#34;], &#34;log&#34;: &#34;tests/test_phase1_registration.py:297: in test_client_receives_welcome_after_registration\n    assert response.get(&amp;#x27;success&amp;#x27;) == True\nE   assert False == True\nE    +  where False = &amp;lt;built-in method get of dict object at 0x7fdf2eefb280&amp;gt;(&amp;#x27;success&amp;#x27;)\nE    +    where &amp;lt;built-in method get of dict object at 0x7fdf2eefb280&amp;gt; = {&amp;#x27;response&amp;#x27;: &amp;quot;Sorry, I&amp;#x27;m having a bit of trouble right now. Please try again in a moment! \ud83d\ude0a&amp;quot;, &amp;#x27;success&amp;#x27;: False}.get\n\n------------------------------ Captured log call -------------------------------\nINFO     refiloe:logger.py:21 Background scheduler started\nINFO     refiloe:logger.py:21 Routes setup complete\nERROR    refiloe:logger.py:25 Error handling message: WhatsAppService.__init__() missing 2 required positional arguments: &amp;#x27;supabase_client&amp;#x27; and &amp;#x27;logger&amp;#x27;\n\n&#34;}], &#34;tests/test_phase1_registration.py::TestRegistrationEdgeCases::test_duplicate_registration_attempt&#34;: [{&#34;extras&#34;: [], &#34;result&#34;: &#34;Passed&#34;, &#34;testId&#34;: &#34;tests/test_phase1_registration.py::TestRegistrationEdgeCases::test_duplicate_registration_attempt&#34;, &#34;duration&#34;: &#34;474 ms&#34;, &#34;resultsTableRow&#34;: [&#34;&lt;td class=\&#34;col-result\&#34;&gt;Passed&lt;/td&gt;&#34;, &#34;&lt;td class=\&#34;col-testId\&#34;&gt;tests/test_phase1_registration.py::TestRegistrationEdgeCases::test_duplicate_registration_attempt&lt;/td&gt;&#34;, &#34;&lt;td class=\&#34;col-duration\&#34;&gt;474 ms&lt;/td&gt;&#34;, &#34;&lt;td class=\&#34;col-links\&#34;&gt;&lt;/td&gt;&#34;], &#34;log&#34;: &#34;No log output captured.&#34;}], &#34;tests/test_phase1_registration.py::TestRegistrationEdgeCases::test_invalid_email_format&#34;: [{&#34;extras&#34;: [], &#34;result&#34;: &#34;Passed&#34;, &#34;testId&#34;: &#34;tests/test_phase1_registration.py::TestRegistrationEdgeCases::test_invalid_email_format&#34;, &#34;duration&#34;: &#34;471 ms&#34;, &#34;resultsTableRow&#34;: [&#34;&lt;td class=\&#34;col-result\&#34;&gt;Passed&lt;/td&gt;&#34;, &#34;&lt;td class=\&#34;col-testId\&#34;&gt;tests/test_phase1_registration.py::TestRegistrationEdgeCases::test_invalid_email_format&lt;/td&gt;&#34;, &#34;&lt;td class=\&#34;col-duration\&#34;&gt;471 ms&lt;/td&gt;&#34;, &#34;&lt;td class=\&#34;col-links\&#34;&gt;&lt;/td&gt;&#34;], &#34;log&#34;: &#34;No log output captured.&#34;}], &#34;tests/test_phase1_registration.py::TestRegistrationEdgeCases::test_extremely_long_input&#34;: [{&#34;extras&#34;: [], &#34;result&#34;: &#34;Passed&#34;, &#34;testId&#34;: &#34;tests/test_phase1_registration.py::TestRegistrationEdgeCases::test_extremely_long_input&#34;, &#34;duration&#34;: &#34;772 ms&#34;, &#34;resultsTableRow&#34;: [&#34;&lt;td class=\&#34;col-result\&#34;&gt;Passed&lt;/td&gt;&#34;, &#34;&lt;td class=\&#34;col-testId\&#34;&gt;tests/test_phase1_registration.py::TestRegistrationEdgeCases::test_extremely_long_input&lt;/td&gt;&#34;, &#34;&lt;td class=\&#34;col-duration\&#34;&gt;772 ms&lt;/td&gt;&#34;, &#34;&lt;td class=\&#34;col-links\&#34;&gt;&lt;/td&gt;&#34;], &#34;log&#34;: &#34;No log output captured.&#34;}], &#34;tests/test_phase1_registration.py::TestRegistrationEdgeCases::test_special_characters_in_name&#34;: [{&#34;extras&#34;: [], &#34;result&#34;: &#34;Passed&#34;, &#34;testId&#34;: &#34;tests/test_phase1_registration.py::TestRegistrationEdgeCases::test_special_characters_in_name&#34;, &#34;duration&#34;: &#34;633 ms&#34;, &#34;resultsTableRow&#34;: [&#34;&lt;td class=\&#34;col-result\&#34;&gt;Passed&lt;/td&gt;&#34;, &#34;&lt;td class=\&#34;col-testId\&#34;&gt;tests/test_phase1_registration.py::TestRegistrationEdgeCases::test_special_characters_in_name&lt;/td&gt;&#34;, &#34;&lt;td class=\&#34;col-duration\&#34;&gt;633 ms&lt;/td&gt;&#34;, &#34;&lt;td class=\&#34;col-links\&#34;&gt;&lt;/td&gt;&#34;], &#34;log&#34;: &#34;No log output captured.&#34;}], &#34;tests/test_phase2_client_management.py::TestAddClientReal::test_add_client_command_variations&#34;: [{&#34;extras&#34;: [], &#34;result&#34;: &#34;Failed&#34;, &#34;testId&#34;: &#34;tests/test_phase2_client_management.py::TestAddClientReal::test_add_client_command_variations&#34;, &#34;duration&#34;: &#34;590 ms&#34;, &#34;resultsTableRow&#34;: [&#34;&lt;td class=\&#34;col-result\&#34;&gt;Failed&lt;/td&gt;&#34;, &#34;&lt;td class=\&#34;col-testId\&#34;&gt;tests/test_phase2_client_management.py::TestAddClientReal::test_add_client_command_variations&lt;/td&gt;&#34;, &#34;&lt;td class=\&#34;col-duration\&#34;&gt;590 ms&lt;/td&gt;&#34;, &#34;&lt;td class=\&#34;col-links\&#34;&gt;&lt;/td&gt;&#34;], &#34;log&#34;: &#34;tests/test_phase2_client_management.py:71: in test_add_client_command_variations\n    assert response.get(&amp;#x27;success&amp;#x27;) == True or \\\nE   AssertionError: Failed to add client with command: Add client Sarah 0821234567\nE   assert (False == True or &amp;#x27;added&amp;#x27; in &amp;#x27;&amp;#x27; or &amp;#x27;registered&amp;#x27; in &amp;#x27;&amp;#x27;)\nE    +  where False = &amp;lt;built-in method get of dict object at 0x7fdf2ef33d00&amp;gt;(&amp;#x27;success&amp;#x27;)\nE    +    where &amp;lt;built-in method get of dict object at 0x7fdf2ef33d00&amp;gt; = {&amp;#x27;response&amp;#x27;: &amp;quot;Sorry, I&amp;#x27;m having a bit of trouble right now. Please try again in a moment! \ud83d\ude0a&amp;quot;, &amp;#x27;success&amp;#x27;: False}.get\nE    +  and   &amp;#x27;&amp;#x27; = &amp;lt;built-in method lower of str object at 0x7fdf4353fba0&amp;gt;()\nE    +    where &amp;lt;built-in method lower of str object at 0x7fdf4353fba0&amp;gt; = &amp;#x27;&amp;#x27;.lower\nE    +      where &amp;#x27;&amp;#x27; = &amp;lt;built-in method get of dict object at 0x7fdf2ef33d00&amp;gt;(&amp;#x27;message&amp;#x27;, &amp;#x27;&amp;#x27;)\nE    +        where &amp;lt;built-in method get of dict object at 0x7fdf2ef33d00&amp;gt; = {&amp;#x27;response&amp;#x27;: &amp;quot;Sorry, I&amp;#x27;m having a bit of trouble right now. Please try again in a moment! \ud83d\ude0a&amp;quot;, &amp;#x27;success&amp;#x27;: False}.get\nE    +  and   &amp;#x27;&amp;#x27; = &amp;lt;built-in method lower of str object at 0x7fdf4353fba0&amp;gt;()\nE    +    where &amp;lt;built-in method lower of str object at 0x7fdf4353fba0&amp;gt; = &amp;#x27;&amp;#x27;.lower\nE    +      where &amp;#x27;&amp;#x27; = &amp;lt;built-in method get of dict object at 0x7fdf2ef33d00&amp;gt;(&amp;#x27;message&amp;#x27;, &amp;#x27;&amp;#x27;)\nE    +        where &amp;lt;built-in method get of dict object at 0x7fdf2ef33d00&amp;gt; = {&amp;#x27;response&amp;#x27;: &amp;quot;Sorry, I&amp;#x27;m having a bit of trouble right now. Please try again in a moment! \ud83d\ude0a&amp;quot;, &amp;#x27;success&amp;#x27;: False}.get\n\n------------------------------ Captured log setup ------------------------------\nINFO     refiloe:logger.py:21 AI Intent Handler initialized with Claude\n\n------------------------------ Captured log call -------------------------------\nINFO     refiloe:logger.py:21 Background scheduler started\nINFO     refiloe:logger.py:21 Routes setup complete\nERROR    refiloe:logger.py:25 Error handling message: WhatsAppService.__init__() missing 2 required positional arguments: &amp;#x27;supabase_client&amp;#x27; and &amp;#x27;logger&amp;#x27;\n\n&#34;}], &#34;tests/test_phase2_client_management.py::TestAddClientReal::test_phone_number_normalization&#34;: [{&#34;extras&#34;: [], &#34;result&#34;: &#34;Passed&#34;, &#34;testId&#34;: &#34;tests/test_phase2_client_management.py::TestAddClientReal::test_phone_number_normalization&#34;, &#34;duration&#34;: &#34;502 ms&#34;, &#34;resultsTableRow&#34;: [&#34;&lt;td class=\&#34;col-result\&#34;&gt;Passed&lt;/td&gt;&#34;, &#34;&lt;td class=\&#34;col-testId\&#34;&gt;tests/test_phase2_client_management.py::TestAddClientReal::test_phone_number_normalization&lt;/td&gt;&#34;, &#34;&lt;td class=\&#34;col-duration\&#34;&gt;502 ms&lt;/td&gt;&#34;, &#34;&lt;td class=\&#34;col-links\&#34;&gt;&lt;/td&gt;&#34;], &#34;log&#34;: &#34;------------------------------ Captured log setup ------------------------------\nINFO     refiloe:logger.py:21 AI Intent Handler initialized with Claude\n&#34;}], &#34;tests/test_phase2_client_management.py::TestAddClientReal::test_add_client_with_special_names&#34;: [{&#34;extras&#34;: [], &#34;result&#34;: &#34;Passed&#34;, &#34;testId&#34;: &#34;tests/test_phase2_client_management.py::TestAddClientReal::test_add_client_with_special_names&#34;, &#34;duration&#34;: &#34;00:00:01&#34;, &#34;resultsTableRow&#34;: [&#34;&lt;td class=\&#34;col-result\&#34;&gt;Passed&lt;/td&gt;&#34;, &#34;&lt;td class=\&#34;col-testId\&#34;&gt;tests/test_phase2_client_management.py::TestAddClientReal::test_add_client_with_special_names&lt;/td&gt;&#34;, &#34;&lt;td class=\&#34;col-duration\&#34;&gt;00:00:01&lt;/td&gt;&#34;, &#34;&lt;td class=\&#34;col-links\&#34;&gt;&lt;/td&gt;&#34;], &#34;log&#34;: &#34;------------------------------ Captured log setup ------------------------------\nINFO     refiloe:logger.py:21 AI Intent Handler initialized with Claude\n\n------------------------------ Captured log call -------------------------------\nINFO     refiloe:logger.py:21 Background scheduler started\nINFO     refiloe:logger.py:21 Routes setup complete\nERROR    refiloe:logger.py:25 Error handling message: WhatsAppService.__init__() missing 2 required positional arguments: &amp;#x27;supabase_client&amp;#x27; and &amp;#x27;logger&amp;#x27;\nINFO     refiloe:logger.py:21 Background scheduler started\nINFO     refiloe:logger.py:21 Routes setup complete\nERROR    refiloe:logger.py:25 Error handling message: WhatsAppService.__init__() missing 2 required positional arguments: &amp;#x27;supabase_client&amp;#x27; and &amp;#x27;logger&amp;#x27;\nINFO     refiloe:logger.py:21 Background scheduler started\nINFO     refiloe:logger.py:21 Routes setup complete\nERROR    refiloe:logger.py:25 Error handling message: WhatsAppService.__init__() missing 2 required positional arguments: &amp;#x27;supabase_client&amp;#x27; and &amp;#x27;logger&amp;#x27;\nINFO     refiloe:logger.py:21 Background scheduler started\nINFO     refiloe:logger.py:21 Routes setup complete\nERROR    refiloe:logger.py:25 Error handling message: WhatsAppService.__init__() missing 2 required positional arguments: &amp;#x27;supabase_client&amp;#x27; and &amp;#x27;logger&amp;#x27;\nINFO     refiloe:logger.py:21 Background scheduler started\nINFO     refiloe:logger.py:21 Routes setup complete\nERROR    refiloe:logger.py:25 Error handling message: WhatsAppService.__init__() missing 2 required positional arguments: &amp;#x27;supabase_client&amp;#x27; and &amp;#x27;logger&amp;#x27;\nINFO     refiloe:logger.py:21 Background scheduler started\nINFO     refiloe:logger.py:21 Routes setup complete\nERROR    refiloe:logger.py:25 Error handling message: WhatsAppService.__init__() missing 2 required positional arguments: &amp;#x27;supabase_client&amp;#x27; and &amp;#x27;logger&amp;#x27;\nINFO     refiloe:logger.py:21 Background scheduler started\nINFO     refiloe:logger.py:21 Routes setup complete\nERROR    refiloe:logger.py:25 Error handling message: WhatsAppService.__init__() missing 2 required positional arguments: &amp;#x27;supabase_client&amp;#x27; and &amp;#x27;logger&amp;#x27;\n\n&#34;}], &#34;tests/test_phase2_client_management.py::TestViewClientsReal::test_view_clients_commands&#34;: [{&#34;extras&#34;: [], &#34;result&#34;: &#34;Failed&#34;, &#34;testId&#34;: &#34;tests/test_phase2_client_management.py::TestViewClientsReal::test_view_clients_commands&#34;, &#34;duration&#34;: &#34;578 ms&#34;, &#34;resultsTableRow&#34;: [&#34;&lt;td class=\&#34;col-result\&#34;&gt;Failed&lt;/td&gt;&#34;, &#34;&lt;td class=\&#34;col-testId\&#34;&gt;tests/test_phase2_client_management.py::TestViewClientsReal::test_view_clients_commands&lt;/td&gt;&#34;, &#34;&lt;td class=\&#34;col-duration\&#34;&gt;578 ms&lt;/td&gt;&#34;, &#34;&lt;td class=\&#34;col-links\&#34;&gt;&lt;/td&gt;&#34;], &#34;log&#34;: &#34;tests/test_phase2_client_management.py:160: in test_view_clients_commands\n    assert &amp;#x27;sarah&amp;#x27; in message or &amp;#x27;john&amp;#x27; in message or &amp;#x27;mike&amp;#x27; in message or \\\nE   AssertionError: Failed to list clients with command: Show my clients\nE   assert (&amp;#x27;sarah&amp;#x27; in &amp;#x27;&amp;#x27; or &amp;#x27;john&amp;#x27; in &amp;#x27;&amp;#x27; or &amp;#x27;mike&amp;#x27; in &amp;#x27;&amp;#x27; or &amp;#x27;client&amp;#x27; in &amp;#x27;&amp;#x27;)\n\n------------------------------ Captured log call -------------------------------\nINFO     refiloe:logger.py:21 Background scheduler started\nINFO     refiloe:logger.py:21 Routes setup complete\nERROR    refiloe:logger.py:25 Error handling message: WhatsAppService.__init__() missing 2 required positional arguments: &amp;#x27;supabase_client&amp;#x27; and &amp;#x27;logger&amp;#x27;\n\n&#34;}], &#34;tests/test_phase2_client_management.py::TestCustomPricingReal::test_set_custom_pricing_variations&#34;: [{&#34;extras&#34;: [], &#34;result&#34;: &#34;Failed&#34;, &#34;testId&#34;: &#34;tests/test_phase2_client_management.py::TestCustomPricingReal::test_set_custom_pricing_variations&#34;, &#34;duration&#34;: &#34;572 ms&#34;, &#34;resultsTableRow&#34;: [&#34;&lt;td class=\&#34;col-result\&#34;&gt;Failed&lt;/td&gt;&#34;, &#34;&lt;td class=\&#34;col-testId\&#34;&gt;tests/test_phase2_client_management.py::TestCustomPricingReal::test_set_custom_pricing_variations&lt;/td&gt;&#34;, &#34;&lt;td class=\&#34;col-duration\&#34;&gt;572 ms&lt;/td&gt;&#34;, &#34;&lt;td class=\&#34;col-links\&#34;&gt;&lt;/td&gt;&#34;], &#34;log&#34;: &#34;tests/test_phase2_client_management.py:216: in test_set_custom_pricing_variations\n    assert response.get(&amp;#x27;success&amp;#x27;) == True or \\\nE   AssertionError: Failed to set pricing with: Set Sarah&amp;#x27;s rate to R450\nE   assert (False == True or &amp;#x27;updated&amp;#x27; in &amp;#x27;&amp;#x27; or &amp;#x27;set&amp;#x27; in &amp;#x27;&amp;#x27;)\nE    +  where False = &amp;lt;built-in method get of dict object at 0x7fdf2cde8a40&amp;gt;(&amp;#x27;success&amp;#x27;)\nE    +    where &amp;lt;built-in method get of dict object at 0x7fdf2cde8a40&amp;gt; = {&amp;#x27;response&amp;#x27;: &amp;quot;Sorry, I&amp;#x27;m having a bit of trouble right now. Please try again in a moment! \ud83d\ude0a&amp;quot;, &amp;#x27;success&amp;#x27;: False}.get\nE    +  and   &amp;#x27;&amp;#x27; = &amp;lt;built-in method lower of str object at 0x7fdf4353fba0&amp;gt;()\nE    +    where &amp;lt;built-in method lower of str object at 0x7fdf4353fba0&amp;gt; = &amp;#x27;&amp;#x27;.lower\nE    +      where &amp;#x27;&amp;#x27; = &amp;lt;built-in method get of dict object at 0x7fdf2cde8a40&amp;gt;(&amp;#x27;message&amp;#x27;, &amp;#x27;&amp;#x27;)\nE    +        where &amp;lt;built-in method get of dict object at 0x7fdf2cde8a40&amp;gt; = {&amp;#x27;response&amp;#x27;: &amp;quot;Sorry, I&amp;#x27;m having a bit of trouble right now. Please try again in a moment! \ud83d\ude0a&amp;quot;, &amp;#x27;success&amp;#x27;: False}.get\nE    +  and   &amp;#x27;&amp;#x27; = &amp;lt;built-in method lower of str object at 0x7fdf4353fba0&amp;gt;()\nE    +    where &amp;lt;built-in method lower of str object at 0x7fdf4353fba0&amp;gt; = &amp;#x27;&amp;#x27;.lower\nE    +      where &amp;#x27;&amp;#x27; = &amp;lt;built-in method get of dict object at 0x7fdf2cde8a40&amp;gt;(&amp;#x27;message&amp;#x27;, &amp;#x27;&amp;#x27;)\nE    +        where &amp;lt;built-in method get of dict object at 0x7fdf2cde8a40&amp;gt; = {&amp;#x27;response&amp;#x27;: &amp;quot;Sorry, I&amp;#x27;m having a bit of trouble right now. Please try again in a moment! \ud83d\ude0a&amp;quot;, &amp;#x27;success&amp;#x27;: False}.get\n\n------------------------------ Captured log call -------------------------------\nINFO     refiloe:logger.py:21 Background scheduler started\nINFO     refiloe:logger.py:21 Routes setup complete\nERROR    refiloe:logger.py:25 Error handling message: WhatsAppService.__init__() missing 2 required positional arguments: &amp;#x27;supabase_client&amp;#x27; and &amp;#x27;logger&amp;#x27;\n\n&#34;}], &#34;tests/test_phase2_client_management.py::TestCustomPricingReal::test_check_client_pricing&#34;: [{&#34;extras&#34;: [], &#34;result&#34;: &#34;Failed&#34;, &#34;testId&#34;: &#34;tests/test_phase2_client_management.py::TestCustomPricingReal::test_check_client_pricing&#34;, &#34;duration&#34;: &#34;563 ms&#34;, &#34;resultsTableRow&#34;: [&#34;&lt;td class=\&#34;col-result\&#34;&gt;Failed&lt;/td&gt;&#34;, &#34;&lt;td class=\&#34;col-testId\&#34;&gt;tests/test_phase2_client_management.py::TestCustomPricingReal::test_check_client_pricing&lt;/td&gt;&#34;, &#34;&lt;td class=\&#34;col-duration\&#34;&gt;563 ms&lt;/td&gt;&#34;, &#34;&lt;td class=\&#34;col-links\&#34;&gt;&lt;/td&gt;&#34;], &#34;log&#34;: &#34;tests/test_phase2_client_management.py:239: in test_check_client_pricing\n    assert &amp;#x27;r&amp;#x27; in message or &amp;#x27;rand&amp;#x27; in message or \\\nE   AssertionError: Failed to show pricing with: What is Sarah&amp;#x27;s rate?\nE   assert (&amp;#x27;r&amp;#x27; in &amp;#x27;&amp;#x27; or &amp;#x27;rand&amp;#x27; in &amp;#x27;&amp;#x27; or False)\nE    +  where False = any(&amp;lt;generator object TestCustomPricingReal.test_check_client_pricing.&amp;lt;locals&amp;gt;.&amp;lt;genexpr&amp;gt; at 0x7fdf2ef5b140&amp;gt;)\n\n------------------------------ Captured log call -------------------------------\nINFO     refiloe:logger.py:21 Background scheduler started\nINFO     refiloe:logger.py:21 Routes setup complete\nERROR    refiloe:logger.py:25 Error handling message: WhatsAppService.__init__() missing 2 required positional arguments: &amp;#x27;supabase_client&amp;#x27; and &amp;#x27;logger&amp;#x27;\n\n&#34;}], &#34;tests/test_phase2_client_management.py::TestClientManagementEdgeCases::test_add_client_with_duplicate_phone&#34;: [{&#34;extras&#34;: [], &#34;result&#34;: &#34;Failed&#34;, &#34;testId&#34;: &#34;tests/test_phase2_client_management.py::TestClientManagementEdgeCases::test_add_client_with_duplicate_phone&#34;, &#34;duration&#34;: &#34;730 ms&#34;, &#34;resultsTableRow&#34;: [&#34;&lt;td class=\&#34;col-result\&#34;&gt;Failed&lt;/td&gt;&#34;, &#34;&lt;td class=\&#34;col-testId\&#34;&gt;tests/test_phase2_client_management.py::TestClientManagementEdgeCases::test_add_client_with_duplicate_phone&lt;/td&gt;&#34;, &#34;&lt;td class=\&#34;col-duration\&#34;&gt;730 ms&lt;/td&gt;&#34;, &#34;&lt;td class=\&#34;col-links\&#34;&gt;&lt;/td&gt;&#34;], &#34;log&#34;: &#34;tests/test_phase2_client_management.py:268: in test_add_client_with_duplicate_phone\n    assert &amp;#x27;already&amp;#x27; in response.get(&amp;#x27;message&amp;#x27;, &amp;#x27;&amp;#x27;).lower() or \\\nE   assert (&amp;#x27;already&amp;#x27; in &amp;#x27;&amp;#x27; or &amp;#x27;exists&amp;#x27; in &amp;#x27;&amp;#x27;)\nE    +  where &amp;#x27;&amp;#x27; = &amp;lt;built-in method lower of str object at 0x7fdf4353fba0&amp;gt;()\nE    +    where &amp;lt;built-in method lower of str object at 0x7fdf4353fba0&amp;gt; = &amp;#x27;&amp;#x27;.lower\nE    +      where &amp;#x27;&amp;#x27; = &amp;lt;built-in method get of dict object at 0x7fdf2ce05300&amp;gt;(&amp;#x27;message&amp;#x27;, &amp;#x27;&amp;#x27;)\nE    +        where &amp;lt;built-in method get of dict object at 0x7fdf2ce05300&amp;gt; = {&amp;#x27;response&amp;#x27;: &amp;quot;Sorry, I&amp;#x27;m having a bit of trouble right now. Please try again in a moment! \ud83d\ude0a&amp;quot;, &amp;#x27;success&amp;#x27;: False}.get\nE    +  and   &amp;#x27;&amp;#x27; = &amp;lt;built-in method lower of str object at 0x7fdf4353fba0&amp;gt;()\nE    +    where &amp;lt;built-in method lower of str object at 0x7fdf4353fba0&amp;gt; = &amp;#x27;&amp;#x27;.lower\nE    +      where &amp;#x27;&amp;#x27; = &amp;lt;built-in method get of dict object at 0x7fdf2ce05300&amp;gt;(&amp;#x27;message&amp;#x27;, &amp;#x27;&amp;#x27;)\nE    +        where &amp;lt;built-in method get of dict object at 0x7fdf2ce05300&amp;gt; = {&amp;#x27;response&amp;#x27;: &amp;quot;Sorry, I&amp;#x27;m having a bit of trouble right now. Please try again in a moment! \ud83d\ude0a&amp;quot;, &amp;#x27;success&amp;#x27;: False}.get\n\n------------------------------ Captured log call -------------------------------\nINFO     refiloe:logger.py:21 Background scheduler started\nINFO     refiloe:logger.py:21 Routes setup complete\nERROR    refiloe:logger.py:25 Error handling message: WhatsAppService.__init__() missing 2 required positional arguments: &amp;#x27;supabase_client&amp;#x27; and &amp;#x27;logger&amp;#x27;\n\n&#34;}], &#34;tests/test_phase2_client_management.py::TestClientManagementEdgeCases::test_invalid_phone_numbers&#34;: [{&#34;extras&#34;: [], &#34;result&#34;: &#34;Passed&#34;, &#34;testId&#34;: &#34;tests/test_phase2_client_management.py::TestClientManagementEdgeCases::test_invalid_phone_numbers&#34;, &#34;duration&#34;: &#34;464 ms&#34;, &#34;resultsTableRow&#34;: [&#34;&lt;td class=\&#34;col-result\&#34;&gt;Passed&lt;/td&gt;&#34;, &#34;&lt;td class=\&#34;col-testId\&#34;&gt;tests/test_phase2_client_management.py::TestClientManagementEdgeCases::test_invalid_phone_numbers&lt;/td&gt;&#34;, &#34;&lt;td class=\&#34;col-duration\&#34;&gt;464 ms&lt;/td&gt;&#34;, &#34;&lt;td class=\&#34;col-links\&#34;&gt;&lt;/td&gt;&#34;], &#34;log&#34;: &#34;No log output captured.&#34;}], &#34;tests/test_phase2_client_management.py::TestClientManagementEdgeCases::test_set_negative_pricing&#34;: [{&#34;extras&#34;: [], &#34;result&#34;: &#34;Passed&#34;, &#34;testId&#34;: &#34;tests/test_phase2_client_management.py::TestClientManagementEdgeCases::test_set_negative_pricing&#34;, &#34;duration&#34;: &#34;472 ms&#34;, &#34;resultsTableRow&#34;: [&#34;&lt;td class=\&#34;col-result\&#34;&gt;Passed&lt;/td&gt;&#34;, &#34;&lt;td class=\&#34;col-testId\&#34;&gt;tests/test_phase2_client_management.py::TestClientManagementEdgeCases::test_set_negative_pricing&lt;/td&gt;&#34;, &#34;&lt;td class=\&#34;col-duration\&#34;&gt;472 ms&lt;/td&gt;&#34;, &#34;&lt;td class=\&#34;col-links\&#34;&gt;&lt;/td&gt;&#34;], &#34;log&#34;: &#34;No log output captured.&#34;}], &#34;tests/test_phase2_client_management.py::TestClientManagementEdgeCases::test_client_not_found&#34;: [{&#34;extras&#34;: [], &#34;result&#34;: &#34;Failed&#34;, &#34;testId&#34;: &#34;tests/test_phase2_client_management.py::TestClientManagementEdgeCases::test_client_not_found&#34;, &#34;duration&#34;: &#34;570 ms&#34;, &#34;resultsTableRow&#34;: [&#34;&lt;td class=\&#34;col-result\&#34;&gt;Failed&lt;/td&gt;&#34;, &#34;&lt;td class=\&#34;col-testId\&#34;&gt;tests/test_phase2_client_management.py::TestClientManagementEdgeCases::test_client_not_found&lt;/td&gt;&#34;, &#34;&lt;td class=\&#34;col-duration\&#34;&gt;570 ms&lt;/td&gt;&#34;, &#34;&lt;td class=\&#34;col-links\&#34;&gt;&lt;/td&gt;&#34;], &#34;log&#34;: &#34;tests/test_phase2_client_management.py:311: in test_client_not_found\n    assert &amp;#x27;not found&amp;#x27; in response.get(&amp;#x27;message&amp;#x27;, &amp;#x27;&amp;#x27;).lower() or \\\nE   assert (&amp;#x27;not found&amp;#x27; in &amp;#x27;&amp;#x27; or &amp;quot;doesn&amp;#x27;t exist&amp;quot; in &amp;#x27;&amp;#x27; or &amp;#x27;no client&amp;#x27; in &amp;#x27;&amp;#x27;)\nE    +  where &amp;#x27;&amp;#x27; = &amp;lt;built-in method lower of str object at 0x7fdf4353fba0&amp;gt;()\nE    +    where &amp;lt;built-in method lower of str object at 0x7fdf4353fba0&amp;gt; = &amp;#x27;&amp;#x27;.lower\nE    +      where &amp;#x27;&amp;#x27; = &amp;lt;built-in method get of dict object at 0x7fdf2cdebc00&amp;gt;(&amp;#x27;message&amp;#x27;, &amp;#x27;&amp;#x27;)\nE    +        where &amp;lt;built-in method get of dict object at 0x7fdf2cdebc00&amp;gt; = {&amp;#x27;response&amp;#x27;: &amp;quot;Sorry, I&amp;#x27;m having a bit of trouble right now. Please try again in a moment! \ud83d\ude0a&amp;quot;, &amp;#x27;success&amp;#x27;: False}.get\nE    +  and   &amp;#x27;&amp;#x27; = &amp;lt;built-in method lower of str object at 0x7fdf4353fba0&amp;gt;()\nE    +    where &amp;lt;built-in method lower of str object at 0x7fdf4353fba0&amp;gt; = &amp;#x27;&amp;#x27;.lower\nE    +      where &amp;#x27;&amp;#x27; = &amp;lt;built-in method get of dict object at 0x7fdf2cdebc00&amp;gt;(&amp;#x27;message&amp;#x27;, &amp;#x27;&amp;#x27;)\nE    +        where &amp;lt;built-in method get of dict object at 0x7fdf2cdebc00&amp;gt; = {&amp;#x27;response&amp;#x27;: &amp;quot;Sorry, I&amp;#x27;m having a bit of trouble right now. Please try again in a moment! \ud83d\ude0a&amp;quot;, &amp;#x27;success&amp;#x27;: False}.get\nE    +  and   &amp;#x27;&amp;#x27; = &amp;lt;built-in method lower of str object at 0x7fdf4353fba0&amp;gt;()\nE    +    where &amp;lt;built-in method lower of str object at 0x7fdf4353fba0&amp;gt; = &amp;#x27;&amp;#x27;.lower\nE    +      where &amp;#x27;&amp;#x27; = &amp;lt;built-in method get of dict object at 0x7fdf2cdebc00&amp;gt;(&amp;#x27;message&amp;#x27;, &amp;#x27;&amp;#x27;)\nE    +        where &amp;lt;built-in method get of dict object at 0x7fdf2cdebc00&amp;gt; = {&amp;#x27;response&amp;#x27;: &amp;quot;Sorry, I&amp;#x27;m having a bit of trouble right now. Please try again in a moment! \ud83d\ude0a&amp;quot;, &amp;#x27;success&amp;#x27;: False}.get\n\n------------------------------ Captured log call -------------------------------\nINFO     refiloe:logger.py:21 Background scheduler started\nINFO     refiloe:logger.py:21 Routes setup complete\nERROR    refiloe:logger.py:25 Error handling message: WhatsAppService.__init__() missing 2 required positional arguments: &amp;#x27;supabase_client&amp;#x27; and &amp;#x27;logger&amp;#x27;\n\n&#34;}], &#34;tests/test_phase3_scheduling.py::TestViewScheduleReal::test_view_schedule_commands&#34;: [{&#34;extras&#34;: [], &#34;result&#34;: &#34;Failed&#34;, &#34;testId&#34;: &#34;tests/test_phase3_scheduling.py::TestViewScheduleReal::test_view_schedule_commands&#34;, &#34;duration&#34;: &#34;550 ms&#34;, &#34;resultsTableRow&#34;: [&#34;&lt;td class=\&#34;col-result\&#34;&gt;Failed&lt;/td&gt;&#34;, &#34;&lt;td class=\&#34;col-testId\&#34;&gt;tests/test_phase3_scheduling.py::TestViewScheduleReal::test_view_schedule_commands&lt;/td&gt;&#34;, &#34;&lt;td class=\&#34;col-duration\&#34;&gt;550 ms&lt;/td&gt;&#34;, &#34;&lt;td class=\&#34;col-links\&#34;&gt;&lt;/td&gt;&#34;], &#34;log&#34;: &#34;tests/test_phase3_scheduling.py:74: in test_view_schedule_commands\n    assert &amp;#x27;schedule&amp;#x27; in message or &amp;#x27;booking&amp;#x27; in message or \\\nE   AssertionError: Failed to show schedule with: Show my schedule\nE   assert (&amp;#x27;schedule&amp;#x27; in &amp;#x27;&amp;#x27; or &amp;#x27;booking&amp;#x27; in &amp;#x27;&amp;#x27; or &amp;#x27;session&amp;#x27; in &amp;#x27;&amp;#x27; or &amp;#x27;appointment&amp;#x27; in &amp;#x27;&amp;#x27; or &amp;#x27;no bookings&amp;#x27; in &amp;#x27;&amp;#x27; or &amp;#x27;free&amp;#x27; in &amp;#x27;&amp;#x27;)\n\n------------------------------ Captured log call -------------------------------\nINFO     refiloe:logger.py:21 Background scheduler started\nINFO     refiloe:logger.py:21 Routes setup complete\nERROR    refiloe:logger.py:25 Error handling message: WhatsAppService.__init__() missing 2 required positional arguments: &amp;#x27;supabase_client&amp;#x27; and &amp;#x27;logger&amp;#x27;\n\n&#34;}], &#34;tests/test_phase3_scheduling.py::TestBookSessionsReal::test_book_session_natural_language&#34;: [{&#34;extras&#34;: [], &#34;result&#34;: &#34;Passed&#34;, &#34;testId&#34;: &#34;tests/test_phase3_scheduling.py::TestBookSessionsReal::test_book_session_natural_language&#34;, &#34;duration&#34;: &#34;00:00:01&#34;, &#34;resultsTableRow&#34;: [&#34;&lt;td class=\&#34;col-result\&#34;&gt;Passed&lt;/td&gt;&#34;, &#34;&lt;td class=\&#34;col-testId\&#34;&gt;tests/test_phase3_scheduling.py::TestBookSessionsReal::test_book_session_natural_language&lt;/td&gt;&#34;, &#34;&lt;td class=\&#34;col-duration\&#34;&gt;00:00:01&lt;/td&gt;&#34;, &#34;&lt;td class=\&#34;col-links\&#34;&gt;&lt;/td&gt;&#34;], &#34;log&#34;: &#34;------------------------------ Captured log setup ------------------------------\nINFO     refiloe:logger.py:21 AI Intent Handler initialized with Claude\n\n------------------------------ Captured log call -------------------------------\nERROR    refiloe:logger.py:25 AI intent understanding failed: Error code: 401 - {&amp;#x27;type&amp;#x27;: &amp;#x27;error&amp;#x27;, &amp;#x27;error&amp;#x27;: {&amp;#x27;type&amp;#x27;: &amp;#x27;authentication_error&amp;#x27;, &amp;#x27;message&amp;#x27;: &amp;#x27;invalid x-api-key&amp;#x27;}, &amp;#x27;request_id&amp;#x27;: &amp;#x27;req_011CTbJGZg2aoaGgHzf2H63g&amp;#x27;}\nTraceback (most recent call last):\n  File &amp;quot;/home/runner/work/whatsapp-ai-assistant/whatsapp-ai-assistant/services/ai_intent_handler.py&amp;quot;, line 65, in understand_message\n    response = self.client.messages.create(\n               ^^^^^^^^^^^^^^^^^^^^^^^^^^^^\n  File &amp;quot;/opt/hostedtoolcache/Python/3.11.13/x64/lib/python3.11/site-packages/anthropic/_utils/_utils.py&amp;quot;, line 275, in wrapper\n    return func(*args, **kwargs)\n           ^^^^^^^^^^^^^^^^^^^^^\n  File &amp;quot;/opt/hostedtoolcache/Python/3.11.13/x64/lib/python3.11/site-packages/anthropic/resources/messages.py&amp;quot;, line 888, in create\n    return self._post(\n           ^^^^^^^^^^^\n  File &amp;quot;/opt/hostedtoolcache/Python/3.11.13/x64/lib/python3.11/site-packages/anthropic/_base_client.py&amp;quot;, line 1277, in post\n    return cast(ResponseT, self.request(cast_to, opts, stream=stream, stream_cls=stream_cls))\n                           ^^^^^^^^^^^^^^^^^^^^^^^^^^^^^^^^^^^^^^^^^^^^^^^^^^^^^^^^^^^^^^^^^\n  File &amp;quot;/opt/hostedtoolcache/Python/3.11.13/x64/lib/python3.11/site-packages/anthropic/_base_client.py&amp;quot;, line 954, in request\n    return self._request(\n           ^^^^^^^^^^^^^^\n  File &amp;quot;/opt/hostedtoolcache/Python/3.11.13/x64/lib/python3.11/site-packages/anthropic/_base_client.py&amp;quot;, line 1043, in _request\n    return self._retry_request(\n           ^^^^^^^^^^^^^^^^^^^^\n  File &amp;quot;/opt/hostedtoolcache/Python/3.11.13/x64/lib/python3.11/site-packages/anthropic/_base_client.py&amp;quot;, line 1092, in _retry_request\n    return self._request(\n           ^^^^^^^^^^^^^^\n  File &amp;quot;/opt/hostedtoolcache/Python/3.11.13/x64/lib/python3.11/site-packages/anthropic/_base_client.py&amp;quot;, line 1058, in _request\n    raise self._make_status_error_from_response(err.response) from None\nanthropic.AuthenticationError: Error code: 401 - {&amp;#x27;type&amp;#x27;: &amp;#x27;error&amp;#x27;, &amp;#x27;error&amp;#x27;: {&amp;#x27;type&amp;#x27;: &amp;#x27;authentication_error&amp;#x27;, &amp;#x27;message&amp;#x27;: &amp;#x27;invalid x-api-key&amp;#x27;}, &amp;#x27;request_id&amp;#x27;: &amp;#x27;req_011CTbJGZg2aoaGgHzf2H63g&amp;#x27;}\nERROR    refiloe:logger.py:25 AI intent understanding failed: Error code: 401 - {&amp;#x27;type&amp;#x27;: &amp;#x27;error&amp;#x27;, &amp;#x27;error&amp;#x27;: {&amp;#x27;type&amp;#x27;: &amp;#x27;authentication_error&amp;#x27;, &amp;#x27;message&amp;#x27;: &amp;#x27;invalid x-api-key&amp;#x27;}, &amp;#x27;request_id&amp;#x27;: &amp;#x27;req_011CTbJGZqwqdonzxXkusNhj&amp;#x27;}\nTraceback (most recent call last):\n  File &amp;quot;/home/runner/work/whatsapp-ai-assistant/whatsapp-ai-assistant/services/ai_intent_handler.py&amp;quot;, line 65, in understand_message\n    response = self.client.messages.create(\n               ^^^^^^^^^^^^^^^^^^^^^^^^^^^^\n  File &amp;quot;/opt/hostedtoolcache/Python/3.11.13/x64/lib/python3.11/site-packages/anthropic/_utils/_utils.py&amp;quot;, line 275, in wrapper\n    return func(*args, **kwargs)\n           ^^^^^^^^^^^^^^^^^^^^^\n  File &amp;quot;/opt/hostedtoolcache/Python/3.11.13/x64/lib/python3.11/site-packages/anthropic/resources/messages.py&amp;quot;, line 888, in create\n    return self._post(\n           ^^^^^^^^^^^\n  File &amp;quot;/opt/hostedtoolcache/Python/3.11.13/x64/lib/python3.11/site-packages/anthropic/_base_client.py&amp;quot;, line 1277, in post\n    return cast(ResponseT, self.request(cast_to, opts, stream=stream, stream_cls=stream_cls))\n                           ^^^^^^^^^^^^^^^^^^^^^^^^^^^^^^^^^^^^^^^^^^^^^^^^^^^^^^^^^^^^^^^^^\n  File &amp;quot;/opt/hostedtoolcache/Python/3.11.13/x64/lib/python3.11/site-packages/anthropic/_base_client.py&amp;quot;, line 954, in request\n    return self._request(\n           ^^^^^^^^^^^^^^\n  File &amp;quot;/opt/hostedtoolcache/Python/3.11.13/x64/lib/python3.11/site-packages/anthropic/_base_client.py&amp;quot;, line 1058, in _request\n    raise self._make_status_error_from_response(err.response) from None\nanthropic.AuthenticationError: Error code: 401 - {&amp;#x27;type&amp;#x27;: &amp;#x27;error&amp;#x27;, &amp;#x27;error&amp;#x27;: {&amp;#x27;type&amp;#x27;: &amp;#x27;authentication_error&amp;#x27;, &amp;#x27;message&amp;#x27;: &amp;#x27;invalid x-api-key&amp;#x27;}, &amp;#x27;request_id&amp;#x27;: &amp;#x27;req_011CTbJGZqwqdonzxXkusNhj&amp;#x27;}\nERROR    refiloe:logger.py:25 AI intent understanding failed: Error code: 401 - {&amp;#x27;type&amp;#x27;: &amp;#x27;error&amp;#x27;, &amp;#x27;error&amp;#x27;: {&amp;#x27;type&amp;#x27;: &amp;#x27;authentication_error&amp;#x27;, &amp;#x27;message&amp;#x27;: &amp;#x27;invalid x-api-key&amp;#x27;}, &amp;#x27;request_id&amp;#x27;: &amp;#x27;req_011CTbJGa18GBUiX9MbKTW9c&amp;#x27;}\nTraceback (most recent call last):\n  File &amp;quot;/home/runner/work/whatsapp-ai-assistant/whatsapp-ai-assistant/services/ai_intent_handler.py&amp;quot;, line 65, in understand_message\n    response = self.client.messages.create(\n               ^^^^^^^^^^^^^^^^^^^^^^^^^^^^\n  File &amp;quot;/opt/hostedtoolcache/Python/3.11.13/x64/lib/python3.11/site-packages/anthropic/_utils/_utils.py&amp;quot;, line 275, in wrapper\n    return func(*args, **kwargs)\n           ^^^^^^^^^^^^^^^^^^^^^\n  File &amp;quot;/opt/hostedtoolcache/Python/3.11.13/x64/lib/python3.11/site-packages/anthropic/resources/messages.py&amp;quot;, line 888, in create\n    return self._post(\n           ^^^^^^^^^^^\n  File &amp;quot;/opt/hostedtoolcache/Python/3.11.13/x64/lib/python3.11/site-packages/anthropic/_base_client.py&amp;quot;, line 1277, in post\n    return cast(ResponseT, self.request(cast_to, opts, stream=stream, stream_cls=stream_cls))\n                           ^^^^^^^^^^^^^^^^^^^^^^^^^^^^^^^^^^^^^^^^^^^^^^^^^^^^^^^^^^^^^^^^^\n  File &amp;quot;/opt/hostedtoolcache/Python/3.11.13/x64/lib/python3.11/site-packages/anthropic/_base_client.py&amp;quot;, line 954, in request\n    return self._request(\n           ^^^^^^^^^^^^^^\n  File &amp;quot;/opt/hostedtoolcache/Python/3.11.13/x64/lib/python3.11/site-packages/anthropic/_base_client.py&amp;quot;, line 1058, in _request\n    raise self._make_status_error_from_response(err.response) from None\nanthropic.AuthenticationError: Error code: 401 - {&amp;#x27;type&amp;#x27;: &amp;#x27;error&amp;#x27;, &amp;#x27;error&amp;#x27;: {&amp;#x27;type&amp;#x27;: &amp;#x27;authentication_error&amp;#x27;, &amp;#x27;message&amp;#x27;: &amp;#x27;invalid x-api-key&amp;#x27;}, &amp;#x27;request_id&amp;#x27;: &amp;#x27;req_011CTbJGa18GBUiX9MbKTW9c&amp;#x27;}\nERROR    refiloe:logger.py:25 AI intent understanding failed: Error code: 401 - {&amp;#x27;type&amp;#x27;: &amp;#x27;error&amp;#x27;, &amp;#x27;error&amp;#x27;: {&amp;#x27;type&amp;#x27;: &amp;#x27;authentication_error&amp;#x27;, &amp;#x27;message&amp;#x27;: &amp;#x27;invalid x-api-key&amp;#x27;}, &amp;#x27;request_id&amp;#x27;: &amp;#x27;req_011CTbJGaB3hibKMmUzYV1p3&amp;#x27;}\nTraceback (most recent call last):\n  File &amp;quot;/home/runner/work/whatsapp-ai-assistant/whatsapp-ai-assistant/services/ai_intent_handler.py&amp;quot;, line 65, in understand_message\n    response = self.client.messages.create(\n               ^^^^^^^^^^^^^^^^^^^^^^^^^^^^\n  File &amp;quot;/opt/hostedtoolcache/Python/3.11.13/x64/lib/python3.11/site-packages/anthropic/_utils/_utils.py&amp;quot;, line 275, in wrapper\n    return func(*args, **kwargs)\n           ^^^^^^^^^^^^^^^^^^^^^\n  File &amp;quot;/opt/hostedtoolcache/Python/3.11.13/x64/lib/python3.11/site-packages/anthropic/resources/messages.py&amp;quot;, line 888, in create\n    return self._post(\n           ^^^^^^^^^^^\n  File &amp;quot;/opt/hostedtoolcache/Python/3.11.13/x64/lib/python3.11/site-packages/anthropic/_base_client.py&amp;quot;, line 1277, in post\n    return cast(ResponseT, self.request(cast_to, opts, stream=stream, stream_cls=stream_cls))\n                           ^^^^^^^^^^^^^^^^^^^^^^^^^^^^^^^^^^^^^^^^^^^^^^^^^^^^^^^^^^^^^^^^^\n  File &amp;quot;/opt/hostedtoolcache/Python/3.11.13/x64/lib/python3.11/site-packages/anthropic/_base_client.py&amp;quot;, line 954, in request\n    return self._request(\n           ^^^^^^^^^^^^^^\n  File &amp;quot;/opt/hostedtoolcache/Python/3.11.13/x64/lib/python3.11/site-packages/anthropic/_base_client.py&amp;quot;, line 1058, in _request\n    raise self._make_status_error_from_response(err.response) from None\nanthropic.AuthenticationError: Error code: 401 - {&amp;#x27;type&amp;#x27;: &amp;#x27;error&amp;#x27;, &amp;#x27;error&amp;#x27;: {&amp;#x27;type&amp;#x27;: &amp;#x27;authentication_error&amp;#x27;, &amp;#x27;message&amp;#x27;: &amp;#x27;invalid x-api-key&amp;#x27;}, &amp;#x27;request_id&amp;#x27;: &amp;#x27;req_011CTbJGaB3hibKMmUzYV1p3&amp;#x27;}\nERROR    refiloe:logger.py:25 AI intent understanding failed: Error code: 401 - {&amp;#x27;type&amp;#x27;: &amp;#x27;error&amp;#x27;, &amp;#x27;error&amp;#x27;: {&amp;#x27;type&amp;#x27;: &amp;#x27;authentication_error&amp;#x27;, &amp;#x27;message&amp;#x27;: &amp;#x27;invalid x-api-key&amp;#x27;}, &amp;#x27;request_id&amp;#x27;: &amp;#x27;req_011CTbJGaJEYWJ34Vcm7vLBp&amp;#x27;}\nTraceback (most recent call last):\n  File &amp;quot;/home/runner/work/whatsapp-ai-assistant/whatsapp-ai-assistant/services/ai_intent_handler.py&amp;quot;, line 65, in understand_message\n    response = self.client.messages.create(\n               ^^^^^^^^^^^^^^^^^^^^^^^^^^^^\n  File &amp;quot;/opt/hostedtoolcache/Python/3.11.13/x64/lib/python3.11/site-packages/anthropic/_utils/_utils.py&amp;quot;, line 275, in wrapper\n    return func(*args, **kwargs)\n           ^^^^^^^^^^^^^^^^^^^^^\n  File &amp;quot;/opt/hostedtoolcache/Python/3.11.13/x64/lib/python3.11/site-packages/anthropic/resources/messages.py&amp;quot;, line 888, in create\n    return self._post(\n           ^^^^^^^^^^^\n  File &amp;quot;/opt/hostedtoolcache/Python/3.11.13/x64/lib/python3.11/site-packages/anthropic/_base_client.py&amp;quot;, line 1277, in post\n    return cast(ResponseT, self.request(cast_to, opts, stream=stream, stream_cls=stream_cls))\n                           ^^^^^^^^^^^^^^^^^^^^^^^^^^^^^^^^^^^^^^^^^^^^^^^^^^^^^^^^^^^^^^^^^\n  File &amp;quot;/opt/hostedtoolcache/Python/3.11.13/x64/lib/python3.11/site-packages/anthropic/_base_client.py&amp;quot;, line 954, in request\n    return self._request(\n           ^^^^^^^^^^^^^^\n  File &amp;quot;/opt/hostedtoolcache/Python/3.11.13/x64/lib/python3.11/site-packages/anthropic/_base_client.py&amp;quot;, line 1058, in _request\n    raise self._make_status_error_from_response(err.response) from None\nanthropic.AuthenticationError: Error code: 401 - {&amp;#x27;type&amp;#x27;: &amp;#x27;error&amp;#x27;, &amp;#x27;error&amp;#x27;: {&amp;#x27;type&amp;#x27;: &amp;#x27;authentication_error&amp;#x27;, &amp;#x27;message&amp;#x27;: &amp;#x27;invalid x-api-key&amp;#x27;}, &amp;#x27;request_id&amp;#x27;: &amp;#x27;req_011CTbJGaJEYWJ34Vcm7vLBp&amp;#x27;}\nERROR    refiloe:logger.py:25 AI intent understanding failed: Error code: 401 - {&amp;#x27;type&amp;#x27;: &amp;#x27;error&amp;#x27;, &amp;#x27;error&amp;#x27;: {&amp;#x27;type&amp;#x27;: &amp;#x27;authentication_error&amp;#x27;, &amp;#x27;message&amp;#x27;: &amp;#x27;invalid x-api-key&amp;#x27;}, &amp;#x27;request_id&amp;#x27;: &amp;#x27;req_011CTbJGaSfmYqrjx48sW3vw&amp;#x27;}\nTraceback (most recent call last):\n  File &amp;quot;/home/runner/work/whatsapp-ai-assistant/whatsapp-ai-assistant/services/ai_intent_handler.py&amp;quot;, line 65, in understand_message\n    response = self.client.messages.create(\n               ^^^^^^^^^^^^^^^^^^^^^^^^^^^^\n  File &amp;quot;/opt/hostedtoolcache/Python/3.11.13/x64/lib/python3.11/site-packages/anthropic/_utils/_utils.py&amp;quot;, line 275, in wrapper\n    return func(*args, **kwargs)\n           ^^^^^^^^^^^^^^^^^^^^^\n  File &amp;quot;/opt/hostedtoolcache/Python/3.11.13/x64/lib/python3.11/site-packages/anthropic/resources/messages.py&amp;quot;, line 888, in create\n    return self._post(\n           ^^^^^^^^^^^\n  File &amp;quot;/opt/hostedtoolcache/Python/3.11.13/x64/lib/python3.11/site-packages/anthropic/_base_client.py&amp;quot;, line 1277, in post\n    return cast(ResponseT, self.request(cast_to, opts, stream=stream, stream_cls=stream_cls))\n                           ^^^^^^^^^^^^^^^^^^^^^^^^^^^^^^^^^^^^^^^^^^^^^^^^^^^^^^^^^^^^^^^^^\n  File &amp;quot;/opt/hostedtoolcache/Python/3.11.13/x64/lib/python3.11/site-packages/anthropic/_base_client.py&amp;quot;, line 954, in request\n    return self._request(\n           ^^^^^^^^^^^^^^\n  File &amp;quot;/opt/hostedtoolcache/Python/3.11.13/x64/lib/python3.11/site-packages/anthropic/_base_client.py&amp;quot;, line 1058, in _request\n    raise self._make_status_error_from_response(err.response) from None\nanthropic.AuthenticationError: Error code: 401 - {&amp;#x27;type&amp;#x27;: &amp;#x27;error&amp;#x27;, &amp;#x27;error&amp;#x27;: {&amp;#x27;type&amp;#x27;: &amp;#x27;authentication_error&amp;#x27;, &amp;#x27;message&amp;#x27;: &amp;#x27;invalid x-api-key&amp;#x27;}, &amp;#x27;request_id&amp;#x27;: &amp;#x27;req_011CTbJGaSfmYqrjx48sW3vw&amp;#x27;}\nERROR    refiloe:logger.py:25 AI intent understanding failed: Error code: 401 - {&amp;#x27;type&amp;#x27;: &amp;#x27;error&amp;#x27;, &amp;#x27;error&amp;#x27;: {&amp;#x27;type&amp;#x27;: &amp;#x27;authentication_error&amp;#x27;, &amp;#x27;message&amp;#x27;: &amp;#x27;invalid x-api-key&amp;#x27;}, &amp;#x27;request_id&amp;#x27;: &amp;#x27;req_011CTbJGaaMb92ot6DLRXxyg&amp;#x27;}\nTraceback (most recent call last):\n  File &amp;quot;/home/runner/work/whatsapp-ai-assistant/whatsapp-ai-assistant/services/ai_intent_handler.py&amp;quot;, line 65, in understand_message\n    response = self.client.messages.create(\n               ^^^^^^^^^^^^^^^^^^^^^^^^^^^^\n  File &amp;quot;/opt/hostedtoolcache/Python/3.11.13/x64/lib/python3.11/site-packages/anthropic/_utils/_utils.py&amp;quot;, line 275, in wrapper\n    return func(*args, **kwargs)\n           ^^^^^^^^^^^^^^^^^^^^^\n  File &amp;quot;/opt/hostedtoolcache/Python/3.11.13/x64/lib/python3.11/site-packages/anthropic/resources/messages.py&amp;quot;, line 888, in create\n    return self._post(\n           ^^^^^^^^^^^\n  File &amp;quot;/opt/hostedtoolcache/Python/3.11.13/x64/lib/python3.11/site-packages/anthropic/_base_client.py&amp;quot;, line 1277, in post\n    return cast(ResponseT, self.request(cast_to, opts, stream=stream, stream_cls=stream_cls))\n                           ^^^^^^^^^^^^^^^^^^^^^^^^^^^^^^^^^^^^^^^^^^^^^^^^^^^^^^^^^^^^^^^^^\n  File &amp;quot;/opt/hostedtoolcache/Python/3.11.13/x64/lib/python3.11/site-packages/anthropic/_base_client.py&amp;quot;, line 954, in request\n    return self._request(\n           ^^^^^^^^^^^^^^\n  File &amp;quot;/opt/hostedtoolcache/Python/3.11.13/x64/lib/python3.11/site-packages/anthropic/_base_client.py&amp;quot;, line 1058, in _request\n    raise self._make_status_error_from_response(err.response) from None\nanthropic.AuthenticationError: Error code: 401 - {&amp;#x27;type&amp;#x27;: &amp;#x27;error&amp;#x27;, &amp;#x27;error&amp;#x27;: {&amp;#x27;type&amp;#x27;: &amp;#x27;authentication_error&amp;#x27;, &amp;#x27;message&amp;#x27;: &amp;#x27;invalid x-api-key&amp;#x27;}, &amp;#x27;request_id&amp;#x27;: &amp;#x27;req_011CTbJGaaMb92ot6DLRXxyg&amp;#x27;}\nERROR    refiloe:logger.py:25 AI intent understanding failed: Error code: 401 - {&amp;#x27;type&amp;#x27;: &amp;#x27;error&amp;#x27;, &amp;#x27;error&amp;#x27;: {&amp;#x27;type&amp;#x27;: &amp;#x27;authentication_error&amp;#x27;, &amp;#x27;message&amp;#x27;: &amp;#x27;invalid x-api-key&amp;#x27;}, &amp;#x27;request_id&amp;#x27;: &amp;#x27;req_011CTbJGaiYHotFp6ZRxS1hb&amp;#x27;}\nTraceback (most recent call last):\n  File &amp;quot;/home/runner/work/whatsapp-ai-assistant/whatsapp-ai-assistant/services/ai_intent_handler.py&amp;quot;, line 65, in understand_message\n    response = self.client.messages.create(\n               ^^^^^^^^^^^^^^^^^^^^^^^^^^^^\n  File &amp;quot;/opt/hostedtoolcache/Python/3.11.13/x64/lib/python3.11/site-packages/anthropic/_utils/_utils.py&amp;quot;, line 275, in wrapper\n    return func(*args, **kwargs)\n           ^^^^^^^^^^^^^^^^^^^^^\n  File &amp;quot;/opt/hostedtoolcache/Python/3.11.13/x64/lib/python3.11/site-packages/anthropic/resources/messages.py&amp;quot;, line 888, in create\n    return self._post(\n           ^^^^^^^^^^^\n  File &amp;quot;/opt/hostedtoolcache/Python/3.11.13/x64/lib/python3.11/site-packages/anthropic/_base_client.py&amp;quot;, line 1277, in post\n    return cast(ResponseT, self.request(cast_to, opts, stream=stream, stream_cls=stream_cls))\n                           ^^^^^^^^^^^^^^^^^^^^^^^^^^^^^^^^^^^^^^^^^^^^^^^^^^^^^^^^^^^^^^^^^\n  File &amp;quot;/opt/hostedtoolcache/Python/3.11.13/x64/lib/python3.11/site-packages/anthropic/_base_client.py&amp;quot;, line 954, in request\n    return self._request(\n           ^^^^^^^^^^^^^^\n  File &amp;quot;/opt/hostedtoolcache/Python/3.11.13/x64/lib/python3.11/site-packages/anthropic/_base_client.py&amp;quot;, line 1058, in _request\n    raise self._make_status_error_from_response(err.response) from None\nanthropic.AuthenticationError: Error code: 401 - {&amp;#x27;type&amp;#x27;: &amp;#x27;error&amp;#x27;, &amp;#x27;error&amp;#x27;: {&amp;#x27;type&amp;#x27;: &amp;#x27;authentication_error&amp;#x27;, &amp;#x27;message&amp;#x27;: &amp;#x27;invalid x-api-key&amp;#x27;}, &amp;#x27;request_id&amp;#x27;: &amp;#x27;req_011CTbJGaiYHotFp6ZRxS1hb&amp;#x27;}\nERROR    refiloe:logger.py:25 AI intent understanding failed: Error code: 401 - {&amp;#x27;type&amp;#x27;: &amp;#x27;error&amp;#x27;, &amp;#x27;error&amp;#x27;: {&amp;#x27;type&amp;#x27;: &amp;#x27;authentication_error&amp;#x27;, &amp;#x27;message&amp;#x27;: &amp;#x27;invalid x-api-key&amp;#x27;}, &amp;#x27;request_id&amp;#x27;: &amp;#x27;req_011CTbJGaxRLY729g3zRnGZr&amp;#x27;}\nTraceback (most recent call last):\n  File &amp;quot;/home/runner/work/whatsapp-ai-assistant/whatsapp-ai-assistant/services/ai_intent_handler.py&amp;quot;, line 65, in understand_message\n    response = self.client.messages.create(\n               ^^^^^^^^^^^^^^^^^^^^^^^^^^^^\n  File &amp;quot;/opt/hostedtoolcache/Python/3.11.13/x64/lib/python3.11/site-packages/anthropic/_utils/_utils.py&amp;quot;, line 275, in wrapper\n    return func(*args, **kwargs)\n           ^^^^^^^^^^^^^^^^^^^^^\n  File &amp;quot;/opt/hostedtoolcache/Python/3.11.13/x64/lib/python3.11/site-packages/anthropic/resources/messages.py&amp;quot;, line 888, in create\n    return self._post(\n           ^^^^^^^^^^^\n  File &amp;quot;/opt/hostedtoolcache/Python/3.11.13/x64/lib/python3.11/site-packages/anthropic/_base_client.py&amp;quot;, line 1277, in post\n    return cast(ResponseT, self.request(cast_to, opts, stream=stream, stream_cls=stream_cls))\n                           ^^^^^^^^^^^^^^^^^^^^^^^^^^^^^^^^^^^^^^^^^^^^^^^^^^^^^^^^^^^^^^^^^\n  File &amp;quot;/opt/hostedtoolcache/Python/3.11.13/x64/lib/python3.11/site-packages/anthropic/_base_client.py&amp;quot;, line 954, in request\n    return self._request(\n           ^^^^^^^^^^^^^^\n  File &amp;quot;/opt/hostedtoolcache/Python/3.11.13/x64/lib/python3.11/site-packages/anthropic/_base_client.py&amp;quot;, line 1058, in _request\n    raise self._make_status_error_from_response(err.response) from None\nanthropic.AuthenticationError: Error code: 401 - {&amp;#x27;type&amp;#x27;: &amp;#x27;error&amp;#x27;, &amp;#x27;error&amp;#x27;: {&amp;#x27;type&amp;#x27;: &amp;#x27;authentication_error&amp;#x27;, &amp;#x27;message&amp;#x27;: &amp;#x27;invalid x-api-key&amp;#x27;}, &amp;#x27;request_id&amp;#x27;: &amp;#x27;req_011CTbJGaxRLY729g3zRnGZr&amp;#x27;}\nERROR    refiloe:logger.py:25 AI intent understanding failed: Error code: 401 - {&amp;#x27;type&amp;#x27;: &amp;#x27;error&amp;#x27;, &amp;#x27;error&amp;#x27;: {&amp;#x27;type&amp;#x27;: &amp;#x27;authentication_error&amp;#x27;, &amp;#x27;message&amp;#x27;: &amp;#x27;invalid x-api-key&amp;#x27;}, &amp;#x27;request_id&amp;#x27;: &amp;#x27;req_011CTbJGb7bmzrFb3veFNDGS&amp;#x27;}\nTraceback (most recent call last):\n  File &amp;quot;/home/runner/work/whatsapp-ai-assistant/whatsapp-ai-assistant/services/ai_intent_handler.py&amp;quot;, line 65, in understand_message\n    response = self.client.messages.create(\n               ^^^^^^^^^^^^^^^^^^^^^^^^^^^^\n  File &amp;quot;/opt/hostedtoolcache/Python/3.11.13/x64/lib/python3.11/site-packages/anthropic/_utils/_utils.py&amp;quot;, line 275, in wrapper\n    return func(*args, **kwargs)\n           ^^^^^^^^^^^^^^^^^^^^^\n  File &amp;quot;/opt/hostedtoolcache/Python/3.11.13/x64/lib/python3.11/site-packages/anthropic/resources/messages.py&amp;quot;, line 888, in create\n    return self._post(\n           ^^^^^^^^^^^\n  File &amp;quot;/opt/hostedtoolcache/Python/3.11.13/x64/lib/python3.11/site-packages/anthropic/_base_client.py&amp;quot;, line 1277, in post\n    return cast(ResponseT, self.request(cast_to, opts, stream=stream, stream_cls=stream_cls))\n                           ^^^^^^^^^^^^^^^^^^^^^^^^^^^^^^^^^^^^^^^^^^^^^^^^^^^^^^^^^^^^^^^^^\n  File &amp;quot;/opt/hostedtoolcache/Python/3.11.13/x64/lib/python3.11/site-packages/anthropic/_base_client.py&amp;quot;, line 954, in request\n    return self._request(\n           ^^^^^^^^^^^^^^\n  File &amp;quot;/opt/hostedtoolcache/Python/3.11.13/x64/lib/python3.11/site-packages/anthropic/_base_client.py&amp;quot;, line 1058, in _request\n    raise self._make_status_error_from_response(err.response) from None\nanthropic.AuthenticationError: Error code: 401 - {&amp;#x27;type&amp;#x27;: &amp;#x27;error&amp;#x27;, &amp;#x27;error&amp;#x27;: {&amp;#x27;type&amp;#x27;: &amp;#x27;authentication_error&amp;#x27;, &amp;#x27;message&amp;#x27;: &amp;#x27;invalid x-api-key&amp;#x27;}, &amp;#x27;request_id&amp;#x27;: &amp;#x27;req_011CTbJGb7bmzrFb3veFNDGS&amp;#x27;}\nERROR    refiloe:logger.py:25 AI intent understanding failed: Error code: 401 - {&amp;#x27;type&amp;#x27;: &amp;#x27;error&amp;#x27;, &amp;#x27;error&amp;#x27;: {&amp;#x27;type&amp;#x27;: &amp;#x27;authentication_error&amp;#x27;, &amp;#x27;message&amp;#x27;: &amp;#x27;invalid x-api-key&amp;#x27;}, &amp;#x27;request_id&amp;#x27;: &amp;#x27;req_011CTbJGbJFwUByYX9c7eM4M&amp;#x27;}\nTraceback (most recent call last):\n  File &amp;quot;/home/runner/work/whatsapp-ai-assistant/whatsapp-ai-assistant/services/ai_intent_handler.py&amp;quot;, line 65, in understand_message\n    response = self.client.messages.create(\n               ^^^^^^^^^^^^^^^^^^^^^^^^^^^^\n  File &amp;quot;/opt/hostedtoolcache/Python/3.11.13/x64/lib/python3.11/site-packages/anthropic/_utils/_utils.py&amp;quot;, line 275, in wrapper\n    return func(*args, **kwargs)\n           ^^^^^^^^^^^^^^^^^^^^^\n  File &amp;quot;/opt/hostedtoolcache/Python/3.11.13/x64/lib/python3.11/site-packages/anthropic/resources/messages.py&amp;quot;, line 888, in create\n    return self._post(\n           ^^^^^^^^^^^\n  File &amp;quot;/opt/hostedtoolcache/Python/3.11.13/x64/lib/python3.11/site-packages/anthropic/_base_client.py&amp;quot;, line 1277, in post\n    return cast(ResponseT, self.request(cast_to, opts, stream=stream, stream_cls=stream_cls))\n                           ^^^^^^^^^^^^^^^^^^^^^^^^^^^^^^^^^^^^^^^^^^^^^^^^^^^^^^^^^^^^^^^^^\n  File &amp;quot;/opt/hostedtoolcache/Python/3.11.13/x64/lib/python3.11/site-packages/anthropic/_base_client.py&amp;quot;, line 954, in request\n    return self._request(\n           ^^^^^^^^^^^^^^\n  File &amp;quot;/opt/hostedtoolcache/Python/3.11.13/x64/lib/python3.11/site-packages/anthropic/_base_client.py&amp;quot;, line 1058, in _request\n    raise self._make_status_error_from_response(err.response) from None\nanthropic.AuthenticationError: Error code: 401 - {&amp;#x27;type&amp;#x27;: &amp;#x27;error&amp;#x27;, &amp;#x27;error&amp;#x27;: {&amp;#x27;type&amp;#x27;: &amp;#x27;authentication_error&amp;#x27;, &amp;#x27;message&amp;#x27;: &amp;#x27;invalid x-api-key&amp;#x27;}, &amp;#x27;request_id&amp;#x27;: &amp;#x27;req_011CTbJGbJFwUByYX9c7eM4M&amp;#x27;}\n\n&#34;}], &#34;tests/test_phase3_scheduling.py::TestBookSessionsReal::test_booking_time_formats&#34;: [{&#34;extras&#34;: [], &#34;result&#34;: &#34;Passed&#34;, &#34;testId&#34;: &#34;tests/test_phase3_scheduling.py::TestBookSessionsReal::test_booking_time_formats&#34;, &#34;duration&#34;: &#34;484 ms&#34;, &#34;resultsTableRow&#34;: [&#34;&lt;td class=\&#34;col-result\&#34;&gt;Passed&lt;/td&gt;&#34;, &#34;&lt;td class=\&#34;col-testId\&#34;&gt;tests/test_phase3_scheduling.py::TestBookSessionsReal::test_booking_time_formats&lt;/td&gt;&#34;, &#34;&lt;td class=\&#34;col-duration\&#34;&gt;484 ms&lt;/td&gt;&#34;, &#34;&lt;td class=\&#34;col-links\&#34;&gt;&lt;/td&gt;&#34;], &#34;log&#34;: &#34;------------------------------ Captured log setup ------------------------------\nINFO     refiloe:logger.py:21 AI Intent Handler initialized with Claude\n&#34;}], &#34;tests/test_phase3_scheduling.py::TestBookSessionsReal::test_booking_date_parsing&#34;: [{&#34;extras&#34;: [], &#34;result&#34;: &#34;Passed&#34;, &#34;testId&#34;: &#34;tests/test_phase3_scheduling.py::TestBookSessionsReal::test_booking_date_parsing&#34;, &#34;duration&#34;: &#34;667 ms&#34;, &#34;resultsTableRow&#34;: [&#34;&lt;td class=\&#34;col-result\&#34;&gt;Passed&lt;/td&gt;&#34;, &#34;&lt;td class=\&#34;col-testId\&#34;&gt;tests/test_phase3_scheduling.py::TestBookSessionsReal::test_booking_date_parsing&lt;/td&gt;&#34;, &#34;&lt;td class=\&#34;col-duration\&#34;&gt;667 ms&lt;/td&gt;&#34;, &#34;&lt;td class=\&#34;col-links\&#34;&gt;&lt;/td&gt;&#34;], &#34;log&#34;: &#34;------------------------------ Captured log setup ------------------------------\nINFO     refiloe:logger.py:21 AI Intent Handler initialized with Claude\n&#34;}], &#34;tests/test_phase3_scheduling.py::TestCancelRescheduleReal::test_cancel_booking_variations&#34;: [{&#34;extras&#34;: [], &#34;result&#34;: &#34;Failed&#34;, &#34;testId&#34;: &#34;tests/test_phase3_scheduling.py::TestCancelRescheduleReal::test_cancel_booking_variations&#34;, &#34;duration&#34;: &#34;546 ms&#34;, &#34;resultsTableRow&#34;: [&#34;&lt;td class=\&#34;col-result\&#34;&gt;Failed&lt;/td&gt;&#34;, &#34;&lt;td class=\&#34;col-testId\&#34;&gt;tests/test_phase3_scheduling.py::TestCancelRescheduleReal::test_cancel_booking_variations&lt;/td&gt;&#34;, &#34;&lt;td class=\&#34;col-duration\&#34;&gt;546 ms&lt;/td&gt;&#34;, &#34;&lt;td class=\&#34;col-links\&#34;&gt;&lt;/td&gt;&#34;], &#34;log&#34;: &#34;tests/test_phase3_scheduling.py:245: in test_cancel_booking_variations\n    assert &amp;#x27;cancel&amp;#x27; in message or &amp;#x27;remove&amp;#x27; in message or \\\nE   AssertionError: Failed to handle cancellation: Cancel Sarah&amp;#x27;s session tomorrow\nE   assert (&amp;#x27;cancel&amp;#x27; in &amp;#x27;&amp;#x27; or &amp;#x27;remove&amp;#x27; in &amp;#x27;&amp;#x27; or &amp;#x27;deleted&amp;#x27; in &amp;#x27;&amp;#x27; or False == True)\nE    +  where False = &amp;lt;built-in method get of dict object at 0x7fdf2cda2e80&amp;gt;(&amp;#x27;success&amp;#x27;)\nE    +    where &amp;lt;built-in method get of dict object at 0x7fdf2cda2e80&amp;gt; = {&amp;#x27;response&amp;#x27;: &amp;quot;Sorry, I&amp;#x27;m having a bit of trouble right now. Please try again in a moment! \ud83d\ude0a&amp;quot;, &amp;#x27;success&amp;#x27;: False}.get\n\n------------------------------ Captured log call -------------------------------\nINFO     refiloe:logger.py:21 Background scheduler started\nINFO     refiloe:logger.py:21 Routes setup complete\nERROR    refiloe:logger.py:25 Error handling message: WhatsAppService.__init__() missing 2 required positional arguments: &amp;#x27;supabase_client&amp;#x27; and &amp;#x27;logger&amp;#x27;\n\n&#34;}], &#34;tests/test_phase3_scheduling.py::TestCancelRescheduleReal::test_reschedule_booking&#34;: [{&#34;extras&#34;: [], &#34;result&#34;: &#34;Failed&#34;, &#34;testId&#34;: &#34;tests/test_phase3_scheduling.py::TestCancelRescheduleReal::test_reschedule_booking&#34;, &#34;duration&#34;: &#34;535 ms&#34;, &#34;resultsTableRow&#34;: [&#34;&lt;td class=\&#34;col-result\&#34;&gt;Failed&lt;/td&gt;&#34;, &#34;&lt;td class=\&#34;col-testId\&#34;&gt;tests/test_phase3_scheduling.py::TestCancelRescheduleReal::test_reschedule_booking&lt;/td&gt;&#34;, &#34;&lt;td class=\&#34;col-duration\&#34;&gt;535 ms&lt;/td&gt;&#34;, &#34;&lt;td class=\&#34;col-links\&#34;&gt;&lt;/td&gt;&#34;], &#34;log&#34;: &#34;tests/test_phase3_scheduling.py:266: in test_reschedule_booking\n    assert &amp;#x27;reschedule&amp;#x27; in message or &amp;#x27;move&amp;#x27; in message or \\\nE   AssertionError: Failed to handle reschedule: Reschedule John to Tuesday 6pm\nE   assert (&amp;#x27;reschedule&amp;#x27; in &amp;#x27;&amp;#x27; or &amp;#x27;move&amp;#x27; in &amp;#x27;&amp;#x27; or &amp;#x27;change&amp;#x27; in &amp;#x27;&amp;#x27; or &amp;#x27;updated&amp;#x27; in &amp;#x27;&amp;#x27; or False == True)\nE    +  where False = &amp;lt;built-in method get of dict object at 0x7fdf2cd1c8c0&amp;gt;(&amp;#x27;success&amp;#x27;)\nE    +    where &amp;lt;built-in method get of dict object at 0x7fdf2cd1c8c0&amp;gt; = {&amp;#x27;response&amp;#x27;: &amp;quot;Sorry, I&amp;#x27;m having a bit of trouble right now. Please try again in a moment! \ud83d\ude0a&amp;quot;, &amp;#x27;success&amp;#x27;: False}.get\n\n------------------------------ Captured log call -------------------------------\nINFO     refiloe:logger.py:21 Background scheduler started\nINFO     refiloe:logger.py:21 Routes setup complete\nERROR    refiloe:logger.py:25 Error handling message: WhatsAppService.__init__() missing 2 required positional arguments: &amp;#x27;supabase_client&amp;#x27; and &amp;#x27;logger&amp;#x27;\n\n&#34;}], &#34;tests/test_phase3_scheduling.py::TestBookingConflictsAndValidation::test_double_booking_prevention&#34;: [{&#34;extras&#34;: [], &#34;result&#34;: &#34;Passed&#34;, &#34;testId&#34;: &#34;tests/test_phase3_scheduling.py::TestBookingConflictsAndValidation::test_double_booking_prevention&#34;, &#34;duration&#34;: &#34;476 ms&#34;, &#34;resultsTableRow&#34;: [&#34;&lt;td class=\&#34;col-result\&#34;&gt;Passed&lt;/td&gt;&#34;, &#34;&lt;td class=\&#34;col-testId\&#34;&gt;tests/test_phase3_scheduling.py::TestBookingConflictsAndValidation::test_double_booking_prevention&lt;/td&gt;&#34;, &#34;&lt;td class=\&#34;col-duration\&#34;&gt;476 ms&lt;/td&gt;&#34;, &#34;&lt;td class=\&#34;col-links\&#34;&gt;&lt;/td&gt;&#34;], &#34;log&#34;: &#34;------------------------------ Captured log call -------------------------------\nERROR    refiloe:logger.py:25 Error checking booking conflict: object of type &amp;#x27;Mock&amp;#x27; has no len()\n\n&#34;}], &#34;tests/test_phase3_scheduling.py::TestBookingConflictsAndValidation::test_past_date_booking_prevention&#34;: [{&#34;extras&#34;: [], &#34;result&#34;: &#34;Passed&#34;, &#34;testId&#34;: &#34;tests/test_phase3_scheduling.py::TestBookingConflictsAndValidation::test_past_date_booking_prevention&#34;, &#34;duration&#34;: &#34;464 ms&#34;, &#34;resultsTableRow&#34;: [&#34;&lt;td class=\&#34;col-result\&#34;&gt;Passed&lt;/td&gt;&#34;, &#34;&lt;td class=\&#34;col-testId\&#34;&gt;tests/test_phase3_scheduling.py::TestBookingConflictsAndValidation::test_past_date_booking_prevention&lt;/td&gt;&#34;, &#34;&lt;td class=\&#34;col-duration\&#34;&gt;464 ms&lt;/td&gt;&#34;, &#34;&lt;td class=\&#34;col-links\&#34;&gt;&lt;/td&gt;&#34;], &#34;log&#34;: &#34;------------------------------ Captured log call -------------------------------\nERROR    refiloe:logger.py:25 Error checking booking conflict: object of type &amp;#x27;Mock&amp;#x27; has no len()\n\n&#34;}], &#34;tests/test_phase3_scheduling.py::TestBookingConflictsAndValidation::test_invalid_time_slots&#34;: [{&#34;extras&#34;: [], &#34;result&#34;: &#34;Passed&#34;, &#34;testId&#34;: &#34;tests/test_phase3_scheduling.py::TestBookingConflictsAndValidation::test_invalid_time_slots&#34;, &#34;duration&#34;: &#34;460 ms&#34;, &#34;resultsTableRow&#34;: [&#34;&lt;td class=\&#34;col-result\&#34;&gt;Passed&lt;/td&gt;&#34;, &#34;&lt;td class=\&#34;col-testId\&#34;&gt;tests/test_phase3_scheduling.py::TestBookingConflictsAndValidation::test_invalid_time_slots&lt;/td&gt;&#34;, &#34;&lt;td class=\&#34;col-duration\&#34;&gt;460 ms&lt;/td&gt;&#34;, &#34;&lt;td class=\&#34;col-links\&#34;&gt;&lt;/td&gt;&#34;], &#34;log&#34;: &#34;No log output captured.&#34;}], &#34;tests/test_phases_4_11.py::TestPhase4_HabitTracking::test_setup_habits_for_clients&#34;: [{&#34;extras&#34;: [], &#34;result&#34;: &#34;Failed&#34;, &#34;testId&#34;: &#34;tests/test_phases_4_11.py::TestPhase4_HabitTracking::test_setup_habits_for_clients&#34;, &#34;duration&#34;: &#34;00:00:02&#34;, &#34;resultsTableRow&#34;: [&#34;&lt;td class=\&#34;col-result\&#34;&gt;Failed&lt;/td&gt;&#34;, &#34;&lt;td class=\&#34;col-testId\&#34;&gt;tests/test_phases_4_11.py::TestPhase4_HabitTracking::test_setup_habits_for_clients&lt;/td&gt;&#34;, &#34;&lt;td class=\&#34;col-duration\&#34;&gt;00:00:02&lt;/td&gt;&#34;, &#34;&lt;td class=\&#34;col-links\&#34;&gt;&lt;/td&gt;&#34;], &#34;log&#34;: &#34;tests/test_phases_4_11.py:159: in test_setup_habits_for_clients\n    assert any(word in str(response).lower() for word in\nE   assert False\nE    +  where False = any(&amp;lt;generator object TestPhase4_HabitTracking.test_setup_habits_for_clients.&amp;lt;locals&amp;gt;.&amp;lt;genexpr&amp;gt; at 0x7fdf2cd8a5c0&amp;gt;)\n\n------------------------------ Captured log call -------------------------------\nINFO     refiloe:logger.py:21 Background scheduler started\nINFO     refiloe:logger.py:21 Routes setup complete\nERROR    refiloe:logger.py:25 Error handling message: WhatsAppService.__init__() missing 2 required positional arguments: &amp;#x27;supabase_client&amp;#x27; and &amp;#x27;logger&amp;#x27;\n\n&#34;}], &#34;tests/test_phases_4_11.py::TestPhase4_HabitTracking::test_check_habit_compliance&#34;: [{&#34;extras&#34;: [], &#34;result&#34;: &#34;Failed&#34;, &#34;testId&#34;: &#34;tests/test_phases_4_11.py::TestPhase4_HabitTracking::test_check_habit_compliance&#34;, &#34;duration&#34;: &#34;00:00:01&#34;, &#34;resultsTableRow&#34;: [&#34;&lt;td class=\&#34;col-result\&#34;&gt;Failed&lt;/td&gt;&#34;, &#34;&lt;td class=\&#34;col-testId\&#34;&gt;tests/test_phases_4_11.py::TestPhase4_HabitTracking::test_check_habit_compliance&lt;/td&gt;&#34;, &#34;&lt;td class=\&#34;col-duration\&#34;&gt;00:00:01&lt;/td&gt;&#34;, &#34;&lt;td class=\&#34;col-links\&#34;&gt;&lt;/td&gt;&#34;], &#34;log&#34;: &#34;tests/test_phases_4_11.py:180: in test_check_habit_compliance\n    assert any(word in str(response).lower() for word in\nE   assert False\nE    +  where False = any(&amp;lt;generator object TestPhase4_HabitTracking.test_check_habit_compliance.&amp;lt;locals&amp;gt;.&amp;lt;genexpr&amp;gt; at 0x7fdf2cd8b2e0&amp;gt;)\n\n------------------------------ Captured log call -------------------------------\nINFO     refiloe:logger.py:21 Background scheduler started\nINFO     refiloe:logger.py:21 Routes setup complete\nERROR    refiloe:logger.py:25 Error handling message: WhatsAppService.__init__() missing 2 required positional arguments: &amp;#x27;supabase_client&amp;#x27; and &amp;#x27;logger&amp;#x27;\n\n&#34;}], &#34;tests/test_phases_4_11.py::TestPhase4_HabitTracking::test_send_habit_reminders&#34;: [{&#34;extras&#34;: [], &#34;result&#34;: &#34;Failed&#34;, &#34;testId&#34;: &#34;tests/test_phases_4_11.py::TestPhase4_HabitTracking::test_send_habit_reminders&#34;, &#34;duration&#34;: &#34;00:00:02&#34;, &#34;resultsTableRow&#34;: [&#34;&lt;td class=\&#34;col-result\&#34;&gt;Failed&lt;/td&gt;&#34;, &#34;&lt;td class=\&#34;col-testId\&#34;&gt;tests/test_phases_4_11.py::TestPhase4_HabitTracking::test_send_habit_reminders&lt;/td&gt;&#34;, &#34;&lt;td class=\&#34;col-duration\&#34;&gt;00:00:02&lt;/td&gt;&#34;, &#34;&lt;td class=\&#34;col-links\&#34;&gt;&lt;/td&gt;&#34;], &#34;log&#34;: &#34;tests/test_phases_4_11.py:196: in test_send_habit_reminders\n    assert any(word in str(response).lower() for word in\nE   assert False\nE    +  where False = any(&amp;lt;generator object TestPhase4_HabitTracking.test_send_habit_reminders.&amp;lt;locals&amp;gt;.&amp;lt;genexpr&amp;gt; at 0x7fdf2ccd9120&amp;gt;)\n\n------------------------------ Captured log call -------------------------------\nINFO     refiloe:logger.py:21 Background scheduler started\nINFO     refiloe:logger.py:21 Routes setup complete\nERROR    refiloe:logger.py:25 Error handling message: WhatsAppService.__init__() missing 2 required positional arguments: &amp;#x27;supabase_client&amp;#x27; and &amp;#x27;logger&amp;#x27;\n\n&#34;}], &#34;tests/test_phases_4_11.py::TestPhase5_WorkoutsAssessments::test_send_workouts&#34;: [{&#34;extras&#34;: [], &#34;result&#34;: &#34;Failed&#34;, &#34;testId&#34;: &#34;tests/test_phases_4_11.py::TestPhase5_WorkoutsAssessments::test_send_workouts&#34;, &#34;duration&#34;: &#34;00:00:01&#34;, &#34;resultsTableRow&#34;: [&#34;&lt;td class=\&#34;col-result\&#34;&gt;Failed&lt;/td&gt;&#34;, &#34;&lt;td class=\&#34;col-testId\&#34;&gt;tests/test_phases_4_11.py::TestPhase5_WorkoutsAssessments::test_send_workouts&lt;/td&gt;&#34;, &#34;&lt;td class=\&#34;col-duration\&#34;&gt;00:00:01&lt;/td&gt;&#34;, &#34;&lt;td class=\&#34;col-links\&#34;&gt;&lt;/td&gt;&#34;], &#34;log&#34;: &#34;tests/test_phases_4_11.py:224: in test_send_workouts\n    assert any(word in str(response).lower() for word in\nE   assert False\nE    +  where False = any(&amp;lt;generator object TestPhase5_WorkoutsAssessments.test_send_workouts.&amp;lt;locals&amp;gt;.&amp;lt;genexpr&amp;gt; at 0x7fdf2ccd8040&amp;gt;)\n\n------------------------------ Captured log call -------------------------------\nINFO     refiloe:logger.py:21 Background scheduler started\nINFO     refiloe:logger.py:21 Routes setup complete\nERROR    refiloe:logger.py:25 Error handling message: WhatsAppService.__init__() missing 2 required positional arguments: &amp;#x27;supabase_client&amp;#x27; and &amp;#x27;logger&amp;#x27;\n\n&#34;}], &#34;tests/test_phases_4_11.py::TestPhase5_WorkoutsAssessments::test_start_assessment&#34;: [{&#34;extras&#34;: [], &#34;result&#34;: &#34;Failed&#34;, &#34;testId&#34;: &#34;tests/test_phases_4_11.py::TestPhase5_WorkoutsAssessments::test_start_assessment&#34;, &#34;duration&#34;: &#34;00:00:01&#34;, &#34;resultsTableRow&#34;: [&#34;&lt;td class=\&#34;col-result\&#34;&gt;Failed&lt;/td&gt;&#34;, &#34;&lt;td class=\&#34;col-testId\&#34;&gt;tests/test_phases_4_11.py::TestPhase5_WorkoutsAssessments::test_start_assessment&lt;/td&gt;&#34;, &#34;&lt;td class=\&#34;col-duration\&#34;&gt;00:00:01&lt;/td&gt;&#34;, &#34;&lt;td class=\&#34;col-links\&#34;&gt;&lt;/td&gt;&#34;], &#34;log&#34;: &#34;tests/test_phases_4_11.py:240: in test_start_assessment\n    assert any(word in str(response).lower() for word in\nE   assert False\nE    +  where False = any(&amp;lt;generator object TestPhase5_WorkoutsAssessments.test_start_assessment.&amp;lt;locals&amp;gt;.&amp;lt;genexpr&amp;gt; at 0x7fdf2ccd9a80&amp;gt;)\n\n------------------------------ Captured log call -------------------------------\nINFO     refiloe:logger.py:21 Background scheduler started\nINFO     refiloe:logger.py:21 Routes setup complete\nERROR    refiloe:logger.py:25 Error handling message: WhatsAppService.__init__() missing 2 required positional arguments: &amp;#x27;supabase_client&amp;#x27; and &amp;#x27;logger&amp;#x27;\n\n&#34;}], &#34;tests/test_phases_4_11.py::TestPhase5_WorkoutsAssessments::test_view_assessment_results&#34;: [{&#34;extras&#34;: [], &#34;result&#34;: &#34;Failed&#34;, &#34;testId&#34;: &#34;tests/test_phases_4_11.py::TestPhase5_WorkoutsAssessments::test_view_assessment_results&#34;, &#34;duration&#34;: &#34;00:00:02&#34;, &#34;resultsTableRow&#34;: [&#34;&lt;td class=\&#34;col-result\&#34;&gt;Failed&lt;/td&gt;&#34;, &#34;&lt;td class=\&#34;col-testId\&#34;&gt;tests/test_phases_4_11.py::TestPhase5_WorkoutsAssessments::test_view_assessment_results&lt;/td&gt;&#34;, &#34;&lt;td class=\&#34;col-duration\&#34;&gt;00:00:02&lt;/td&gt;&#34;, &#34;&lt;td class=\&#34;col-links\&#34;&gt;&lt;/td&gt;&#34;], &#34;log&#34;: &#34;tests/test_phases_4_11.py:255: in test_view_assessment_results\n    assert any(word in str(response).lower() for word in\nE   assert False\nE    +  where False = any(&amp;lt;generator object TestPhase5_WorkoutsAssessments.test_view_assessment_results.&amp;lt;locals&amp;gt;.&amp;lt;genexpr&amp;gt; at 0x7fdf2ccda2f0&amp;gt;)\n\n------------------------------ Captured log call -------------------------------\nINFO     refiloe:logger.py:21 Background scheduler started\nINFO     refiloe:logger.py:21 Routes setup complete\nERROR    refiloe:logger.py:25 Error handling message: WhatsAppService.__init__() missing 2 required positional arguments: &amp;#x27;supabase_client&amp;#x27; and &amp;#x27;logger&amp;#x27;\n\n&#34;}], &#34;tests/test_phases_4_11.py::TestPhase6_PaymentsRevenue::test_request_payment&#34;: [{&#34;extras&#34;: [], &#34;result&#34;: &#34;Failed&#34;, &#34;testId&#34;: &#34;tests/test_phases_4_11.py::TestPhase6_PaymentsRevenue::test_request_payment&#34;, &#34;duration&#34;: &#34;00:00:01&#34;, &#34;resultsTableRow&#34;: [&#34;&lt;td class=\&#34;col-result\&#34;&gt;Failed&lt;/td&gt;&#34;, &#34;&lt;td class=\&#34;col-testId\&#34;&gt;tests/test_phases_4_11.py::TestPhase6_PaymentsRevenue::test_request_payment&lt;/td&gt;&#34;, &#34;&lt;td class=\&#34;col-duration\&#34;&gt;00:00:01&lt;/td&gt;&#34;, &#34;&lt;td class=\&#34;col-links\&#34;&gt;&lt;/td&gt;&#34;], &#34;log&#34;: &#34;tests/test_phases_4_11.py:283: in test_request_payment\n    assert any(word in str(response).lower() for word in\nE   assert False\nE    +  where False = any(&amp;lt;generator object TestPhase6_PaymentsRevenue.test_request_payment.&amp;lt;locals&amp;gt;.&amp;lt;genexpr&amp;gt; at 0x7fdf2ccdad40&amp;gt;)\n\n------------------------------ Captured log call -------------------------------\nINFO     refiloe:logger.py:21 Background scheduler started\nINFO     refiloe:logger.py:21 Routes setup complete\nERROR    refiloe:logger.py:25 Error handling message: WhatsAppService.__init__() missing 2 required positional arguments: &amp;#x27;supabase_client&amp;#x27; and &amp;#x27;logger&amp;#x27;\n\n&#34;}], &#34;tests/test_phases_4_11.py::TestPhase6_PaymentsRevenue::test_check_revenue&#34;: [{&#34;extras&#34;: [], &#34;result&#34;: &#34;Passed&#34;, &#34;testId&#34;: &#34;tests/test_phases_4_11.py::TestPhase6_PaymentsRevenue::test_check_revenue&#34;, &#34;duration&#34;: &#34;00:00:02&#34;, &#34;resultsTableRow&#34;: [&#34;&lt;td class=\&#34;col-result\&#34;&gt;Passed&lt;/td&gt;&#34;, &#34;&lt;td class=\&#34;col-testId\&#34;&gt;tests/test_phases_4_11.py::TestPhase6_PaymentsRevenue::test_check_revenue&lt;/td&gt;&#34;, &#34;&lt;td class=\&#34;col-duration\&#34;&gt;00:00:02&lt;/td&gt;&#34;, &#34;&lt;td class=\&#34;col-links\&#34;&gt;&lt;/td&gt;&#34;], &#34;log&#34;: &#34;------------------------------ Captured log call -------------------------------\nINFO     refiloe:logger.py:21 Background scheduler started\nINFO     refiloe:logger.py:21 Routes setup complete\nERROR    refiloe:logger.py:25 Error handling message: WhatsAppService.__init__() missing 2 required positional arguments: &amp;#x27;supabase_client&amp;#x27; and &amp;#x27;logger&amp;#x27;\nINFO     refiloe:logger.py:21 Background scheduler started\nINFO     refiloe:logger.py:21 Routes setup complete\nERROR    refiloe:logger.py:25 Error handling message: WhatsAppService.__init__() missing 2 required positional arguments: &amp;#x27;supabase_client&amp;#x27; and &amp;#x27;logger&amp;#x27;\nINFO     refiloe:logger.py:21 Background scheduler started\nINFO     refiloe:logger.py:21 Routes setup complete\nERROR    refiloe:logger.py:25 Error handling message: WhatsAppService.__init__() missing 2 required positional arguments: &amp;#x27;supabase_client&amp;#x27; and &amp;#x27;logger&amp;#x27;\nINFO     refiloe:logger.py:21 Background scheduler started\nINFO     refiloe:logger.py:21 Routes setup complete\nERROR    refiloe:logger.py:25 Error handling message: WhatsAppService.__init__() missing 2 required positional arguments: &amp;#x27;supabase_client&amp;#x27; and &amp;#x27;logger&amp;#x27;\n\n&#34;}], &#34;tests/test_phases_4_11.py::TestPhase6_PaymentsRevenue::test_payment_confirmation&#34;: [{&#34;extras&#34;: [], &#34;result&#34;: &#34;Failed&#34;, &#34;testId&#34;: &#34;tests/test_phases_4_11.py::TestPhase6_PaymentsRevenue::test_payment_confirmation&#34;, &#34;duration&#34;: &#34;00:00:01&#34;, &#34;resultsTableRow&#34;: [&#34;&lt;td class=\&#34;col-result\&#34;&gt;Failed&lt;/td&gt;&#34;, &#34;&lt;td class=\&#34;col-testId\&#34;&gt;tests/test_phases_4_11.py::TestPhase6_PaymentsRevenue::test_payment_confirmation&lt;/td&gt;&#34;, &#34;&lt;td class=\&#34;col-duration\&#34;&gt;00:00:01&lt;/td&gt;&#34;, &#34;&lt;td class=\&#34;col-links\&#34;&gt;&lt;/td&gt;&#34;], &#34;log&#34;: &#34;tests/test_phases_4_11.py:315: in test_payment_confirmation\n    assert any(word in str(response).lower() for word in\nE   assert False\nE    +  where False = any(&amp;lt;generator object TestPhase6_PaymentsRevenue.test_payment_confirmation.&amp;lt;locals&amp;gt;.&amp;lt;genexpr&amp;gt; at 0x7fdf2ccdbe20&amp;gt;)\n\n------------------------------ Captured log call -------------------------------\nINFO     refiloe:logger.py:21 Background scheduler started\nINFO     refiloe:logger.py:21 Routes setup complete\nERROR    refiloe:logger.py:25 Error handling message: WhatsAppService.__init__() missing 2 required positional arguments: &amp;#x27;supabase_client&amp;#x27; and &amp;#x27;logger&amp;#x27;\n\n&#34;}], &#34;tests/test_phases_4_11.py::TestPhase7_AnalyticsReports::test_view_dashboard&#34;: [{&#34;extras&#34;: [], &#34;result&#34;: &#34;Failed&#34;, &#34;testId&#34;: &#34;tests/test_phases_4_11.py::TestPhase7_AnalyticsReports::test_view_dashboard&#34;, &#34;duration&#34;: &#34;00:00:01&#34;, &#34;resultsTableRow&#34;: [&#34;&lt;td class=\&#34;col-result\&#34;&gt;Failed&lt;/td&gt;&#34;, &#34;&lt;td class=\&#34;col-testId\&#34;&gt;tests/test_phases_4_11.py::TestPhase7_AnalyticsReports::test_view_dashboard&lt;/td&gt;&#34;, &#34;&lt;td class=\&#34;col-duration\&#34;&gt;00:00:01&lt;/td&gt;&#34;, &#34;&lt;td class=\&#34;col-links\&#34;&gt;&lt;/td&gt;&#34;], &#34;log&#34;: &#34;tests/test_phases_4_11.py:343: in test_view_dashboard\n    assert any(word in str(response).lower() for word in\nE   assert False\nE    +  where False = any(&amp;lt;generator object TestPhase7_AnalyticsReports.test_view_dashboard.&amp;lt;locals&amp;gt;.&amp;lt;genexpr&amp;gt; at 0x7fdf2ccdb790&amp;gt;)\n\n------------------------------ Captured log call -------------------------------\nINFO     refiloe:logger.py:21 Background scheduler started\nINFO     refiloe:logger.py:21 Routes setup complete\nERROR    refiloe:logger.py:25 Error handling message: WhatsAppService.__init__() missing 2 required positional arguments: &amp;#x27;supabase_client&amp;#x27; and &amp;#x27;logger&amp;#x27;\n\n&#34;}], &#34;tests/test_phases_4_11.py::TestPhase7_AnalyticsReports::test_client_analytics&#34;: [{&#34;extras&#34;: [], &#34;result&#34;: &#34;Failed&#34;, &#34;testId&#34;: &#34;tests/test_phases_4_11.py::TestPhase7_AnalyticsReports::test_client_analytics&#34;, &#34;duration&#34;: &#34;00:00:01&#34;, &#34;resultsTableRow&#34;: [&#34;&lt;td class=\&#34;col-result\&#34;&gt;Failed&lt;/td&gt;&#34;, &#34;&lt;td class=\&#34;col-testId\&#34;&gt;tests/test_phases_4_11.py::TestPhase7_AnalyticsReports::test_client_analytics&lt;/td&gt;&#34;, &#34;&lt;td class=\&#34;col-duration\&#34;&gt;00:00:01&lt;/td&gt;&#34;, &#34;&lt;td class=\&#34;col-links\&#34;&gt;&lt;/td&gt;&#34;], &#34;log&#34;: &#34;tests/test_phases_4_11.py:358: in test_client_analytics\n    assert any(word in str(response).lower() for word in\nE   assert False\nE    +  where False = any(&amp;lt;generator object TestPhase7_AnalyticsReports.test_client_analytics.&amp;lt;locals&amp;gt;.&amp;lt;genexpr&amp;gt; at 0x7fdf2cb888b0&amp;gt;)\n\n------------------------------ Captured log call -------------------------------\nINFO     refiloe:logger.py:21 Background scheduler started\nINFO     refiloe:logger.py:21 Routes setup complete\nERROR    refiloe:logger.py:25 Error handling message: WhatsAppService.__init__() missing 2 required positional arguments: &amp;#x27;supabase_client&amp;#x27; and &amp;#x27;logger&amp;#x27;\n\n&#34;}], &#34;tests/test_phases_4_11.py::TestPhase8_ClientFeatures::test_client_booking&#34;: [{&#34;extras&#34;: [], &#34;result&#34;: &#34;Failed&#34;, &#34;testId&#34;: &#34;tests/test_phases_4_11.py::TestPhase8_ClientFeatures::test_client_booking&#34;, &#34;duration&#34;: &#34;00:00:02&#34;, &#34;resultsTableRow&#34;: [&#34;&lt;td class=\&#34;col-result\&#34;&gt;Failed&lt;/td&gt;&#34;, &#34;&lt;td class=\&#34;col-testId\&#34;&gt;tests/test_phases_4_11.py::TestPhase8_ClientFeatures::test_client_booking&lt;/td&gt;&#34;, &#34;&lt;td class=\&#34;col-duration\&#34;&gt;00:00:02&lt;/td&gt;&#34;, &#34;&lt;td class=\&#34;col-links\&#34;&gt;&lt;/td&gt;&#34;], &#34;log&#34;: &#34;tests/test_phases_4_11.py:388: in test_client_booking\n    assert any(word in str(response).lower() for word in\nE   assert False\nE    +  where False = any(&amp;lt;generator object TestPhase8_ClientFeatures.test_client_booking.&amp;lt;locals&amp;gt;.&amp;lt;genexpr&amp;gt; at 0x7fdf2ccd9f30&amp;gt;)\n\n------------------------------ Captured log call -------------------------------\nINFO     refiloe:logger.py:21 Background scheduler started\nINFO     refiloe:logger.py:21 Routes setup complete\nERROR    refiloe:logger.py:25 Error handling message: WhatsAppService.__init__() missing 2 required positional arguments: &amp;#x27;supabase_client&amp;#x27; and &amp;#x27;logger&amp;#x27;\n\n&#34;}], &#34;tests/test_phases_4_11.py::TestPhase8_ClientFeatures::test_client_habit_logging&#34;: [{&#34;extras&#34;: [], &#34;result&#34;: &#34;Failed&#34;, &#34;testId&#34;: &#34;tests/test_phases_4_11.py::TestPhase8_ClientFeatures::test_client_habit_logging&#34;, &#34;duration&#34;: &#34;00:00:01&#34;, &#34;resultsTableRow&#34;: [&#34;&lt;td class=\&#34;col-result\&#34;&gt;Failed&lt;/td&gt;&#34;, &#34;&lt;td class=\&#34;col-testId\&#34;&gt;tests/test_phases_4_11.py::TestPhase8_ClientFeatures::test_client_habit_logging&lt;/td&gt;&#34;, &#34;&lt;td class=\&#34;col-duration\&#34;&gt;00:00:01&lt;/td&gt;&#34;, &#34;&lt;td class=\&#34;col-links\&#34;&gt;&lt;/td&gt;&#34;], &#34;log&#34;: &#34;tests/test_phases_4_11.py:405: in test_client_habit_logging\n    assert any(word in str(response).lower() for word in\nE   assert False\nE    +  where False = any(&amp;lt;generator object TestPhase8_ClientFeatures.test_client_habit_logging.&amp;lt;locals&amp;gt;.&amp;lt;genexpr&amp;gt; at 0x7fdf2ccd84f0&amp;gt;)\n\n------------------------------ Captured log call -------------------------------\nINFO     refiloe:logger.py:21 Background scheduler started\nINFO     refiloe:logger.py:21 Routes setup complete\nERROR    refiloe:logger.py:25 Error handling message: WhatsAppService.__init__() missing 2 required positional arguments: &amp;#x27;supabase_client&amp;#x27; and &amp;#x27;logger&amp;#x27;\n\n&#34;}], &#34;tests/test_phases_4_11.py::TestPhase8_ClientFeatures::test_client_progress&#34;: [{&#34;extras&#34;: [], &#34;result&#34;: &#34;Failed&#34;, &#34;testId&#34;: &#34;tests/test_phases_4_11.py::TestPhase8_ClientFeatures::test_client_progress&#34;, &#34;duration&#34;: &#34;00:00:02&#34;, &#34;resultsTableRow&#34;: [&#34;&lt;td class=\&#34;col-result\&#34;&gt;Failed&lt;/td&gt;&#34;, &#34;&lt;td class=\&#34;col-testId\&#34;&gt;tests/test_phases_4_11.py::TestPhase8_ClientFeatures::test_client_progress&lt;/td&gt;&#34;, &#34;&lt;td class=\&#34;col-duration\&#34;&gt;00:00:02&lt;/td&gt;&#34;, &#34;&lt;td class=\&#34;col-links\&#34;&gt;&lt;/td&gt;&#34;], &#34;log&#34;: &#34;tests/test_phases_4_11.py:421: in test_client_progress\n    assert any(word in str(response).lower() for word in\nE   assert False\nE    +  where False = any(&amp;lt;generator object TestPhase8_ClientFeatures.test_client_progress.&amp;lt;locals&amp;gt;.&amp;lt;genexpr&amp;gt; at 0x7fdf2cd8bf10&amp;gt;)\n\n------------------------------ Captured log call -------------------------------\nINFO     refiloe:logger.py:21 Background scheduler started\nINFO     refiloe:logger.py:21 Routes setup complete\nERROR    refiloe:logger.py:25 Error handling message: WhatsAppService.__init__() missing 2 required positional arguments: &amp;#x27;supabase_client&amp;#x27; and &amp;#x27;logger&amp;#x27;\n\n&#34;}], &#34;tests/test_phases_4_11.py::TestPhase9_Challenges::test_view_challenges&#34;: [{&#34;extras&#34;: [], &#34;result&#34;: &#34;Failed&#34;, &#34;testId&#34;: &#34;tests/test_phases_4_11.py::TestPhase9_Challenges::test_view_challenges&#34;, &#34;duration&#34;: &#34;00:00:02&#34;, &#34;resultsTableRow&#34;: [&#34;&lt;td class=\&#34;col-result\&#34;&gt;Failed&lt;/td&gt;&#34;, &#34;&lt;td class=\&#34;col-testId\&#34;&gt;tests/test_phases_4_11.py::TestPhase9_Challenges::test_view_challenges&lt;/td&gt;&#34;, &#34;&lt;td class=\&#34;col-duration\&#34;&gt;00:00:02&lt;/td&gt;&#34;, &#34;&lt;td class=\&#34;col-links\&#34;&gt;&lt;/td&gt;&#34;], &#34;log&#34;: &#34;tests/test_phases_4_11.py:449: in test_view_challenges\n    assert any(word in str(response).lower() for word in\nE   assert False\nE    +  where False = any(&amp;lt;generator object TestPhase9_Challenges.test_view_challenges.&amp;lt;locals&amp;gt;.&amp;lt;genexpr&amp;gt; at 0x7fdf2cd8b5b0&amp;gt;)\n\n------------------------------ Captured log call -------------------------------\nINFO     refiloe:logger.py:21 Background scheduler started\nINFO     refiloe:logger.py:21 Routes setup complete\nERROR    refiloe:logger.py:25 Error handling message: WhatsAppService.__init__() missing 2 required positional arguments: &amp;#x27;supabase_client&amp;#x27; and &amp;#x27;logger&amp;#x27;\n\n&#34;}], &#34;tests/test_phases_4_11.py::TestPhase9_Challenges::test_join_leave_challenges&#34;: [{&#34;extras&#34;: [], &#34;result&#34;: &#34;Failed&#34;, &#34;testId&#34;: &#34;tests/test_phases_4_11.py::TestPhase9_Challenges::test_join_leave_challenges&#34;, &#34;duration&#34;: &#34;00:00:02&#34;, &#34;resultsTableRow&#34;: [&#34;&lt;td class=\&#34;col-result\&#34;&gt;Failed&lt;/td&gt;&#34;, &#34;&lt;td class=\&#34;col-testId\&#34;&gt;tests/test_phases_4_11.py::TestPhase9_Challenges::test_join_leave_challenges&lt;/td&gt;&#34;, &#34;&lt;td class=\&#34;col-duration\&#34;&gt;00:00:02&lt;/td&gt;&#34;, &#34;&lt;td class=\&#34;col-links\&#34;&gt;&lt;/td&gt;&#34;], &#34;log&#34;: &#34;tests/test_phases_4_11.py:465: in test_join_leave_challenges\n    assert any(word in str(response).lower() for word in\nE   assert False\nE    +  where False = any(&amp;lt;generator object TestPhase9_Challenges.test_join_leave_challenges.&amp;lt;locals&amp;gt;.&amp;lt;genexpr&amp;gt; at 0x7fdf2cb88d60&amp;gt;)\n\n------------------------------ Captured log call -------------------------------\nINFO     refiloe:logger.py:21 Background scheduler started\nINFO     refiloe:logger.py:21 Routes setup complete\nERROR    refiloe:logger.py:25 Error handling message: WhatsAppService.__init__() missing 2 required positional arguments: &amp;#x27;supabase_client&amp;#x27; and &amp;#x27;logger&amp;#x27;\n\n&#34;}], &#34;tests/test_phases_4_11.py::TestPhase9_Challenges::test_leaderboard&#34;: [{&#34;extras&#34;: [], &#34;result&#34;: &#34;Failed&#34;, &#34;testId&#34;: &#34;tests/test_phases_4_11.py::TestPhase9_Challenges::test_leaderboard&#34;, &#34;duration&#34;: &#34;00:00:02&#34;, &#34;resultsTableRow&#34;: [&#34;&lt;td class=\&#34;col-result\&#34;&gt;Failed&lt;/td&gt;&#34;, &#34;&lt;td class=\&#34;col-testId\&#34;&gt;tests/test_phases_4_11.py::TestPhase9_Challenges::test_leaderboard&lt;/td&gt;&#34;, &#34;&lt;td class=\&#34;col-duration\&#34;&gt;00:00:02&lt;/td&gt;&#34;, &#34;&lt;td class=\&#34;col-links\&#34;&gt;&lt;/td&gt;&#34;], &#34;log&#34;: &#34;tests/test_phases_4_11.py:481: in test_leaderboard\n    assert any(word in str(response).lower() for word in\nE   assert False\nE    +  where False = any(&amp;lt;generator object TestPhase9_Challenges.test_leaderboard.&amp;lt;locals&amp;gt;.&amp;lt;genexpr&amp;gt; at 0x7fdf2cb894e0&amp;gt;)\n\n------------------------------ Captured log call -------------------------------\nINFO     refiloe:logger.py:21 Background scheduler started\nINFO     refiloe:logger.py:21 Routes setup complete\nERROR    refiloe:logger.py:25 Error handling message: WhatsAppService.__init__() missing 2 required positional arguments: &amp;#x27;supabase_client&amp;#x27; and &amp;#x27;logger&amp;#x27;\n\n&#34;}], &#34;tests/test_phases_4_11.py::TestPhase10_AdvancedFeatures::test_bulk_operations&#34;: [{&#34;extras&#34;: [], &#34;result&#34;: &#34;Failed&#34;, &#34;testId&#34;: &#34;tests/test_phases_4_11.py::TestPhase10_AdvancedFeatures::test_bulk_operations&#34;, &#34;duration&#34;: &#34;00:00:02&#34;, &#34;resultsTableRow&#34;: [&#34;&lt;td class=\&#34;col-result\&#34;&gt;Failed&lt;/td&gt;&#34;, &#34;&lt;td class=\&#34;col-testId\&#34;&gt;tests/test_phases_4_11.py::TestPhase10_AdvancedFeatures::test_bulk_operations&lt;/td&gt;&#34;, &#34;&lt;td class=\&#34;col-duration\&#34;&gt;00:00:02&lt;/td&gt;&#34;, &#34;&lt;td class=\&#34;col-links\&#34;&gt;&lt;/td&gt;&#34;], &#34;log&#34;: &#34;tests/test_phases_4_11.py:508: in test_bulk_operations\n    assert any(word in str(response).lower() for word in\nE   assert False\nE    +  where False = any(&amp;lt;generator object TestPhase10_AdvancedFeatures.test_bulk_operations.&amp;lt;locals&amp;gt;.&amp;lt;genexpr&amp;gt; at 0x7fdf2cb89d50&amp;gt;)\n\n------------------------------ Captured log call -------------------------------\nINFO     refiloe:logger.py:21 Background scheduler started\nINFO     refiloe:logger.py:21 Routes setup complete\nERROR    refiloe:logger.py:25 Error handling message: WhatsAppService.__init__() missing 2 required positional arguments: &amp;#x27;supabase_client&amp;#x27; and &amp;#x27;logger&amp;#x27;\n\n&#34;}], &#34;tests/test_phases_4_11.py::TestPhase10_AdvancedFeatures::test_natural_language&#34;: [{&#34;extras&#34;: [], &#34;result&#34;: &#34;Passed&#34;, &#34;testId&#34;: &#34;tests/test_phases_4_11.py::TestPhase10_AdvancedFeatures::test_natural_language&#34;, &#34;duration&#34;: &#34;00:00:02&#34;, &#34;resultsTableRow&#34;: [&#34;&lt;td class=\&#34;col-result\&#34;&gt;Passed&lt;/td&gt;&#34;, &#34;&lt;td class=\&#34;col-testId\&#34;&gt;tests/test_phases_4_11.py::TestPhase10_AdvancedFeatures::test_natural_language&lt;/td&gt;&#34;, &#34;&lt;td class=\&#34;col-duration\&#34;&gt;00:00:02&lt;/td&gt;&#34;, &#34;&lt;td class=\&#34;col-links\&#34;&gt;&lt;/td&gt;&#34;], &#34;log&#34;: &#34;------------------------------ Captured log call -------------------------------\nINFO     refiloe:logger.py:21 Background scheduler started\nINFO     refiloe:logger.py:21 Routes setup complete\nERROR    refiloe:logger.py:25 Error handling message: WhatsAppService.__init__() missing 2 required positional arguments: &amp;#x27;supabase_client&amp;#x27; and &amp;#x27;logger&amp;#x27;\nINFO     refiloe:logger.py:21 Background scheduler started\nINFO     refiloe:logger.py:21 Routes setup complete\nERROR    refiloe:logger.py:25 Error handling message: WhatsAppService.__init__() missing 2 required positional arguments: &amp;#x27;supabase_client&amp;#x27; and &amp;#x27;logger&amp;#x27;\nINFO     refiloe:logger.py:21 Background scheduler started\nINFO     refiloe:logger.py:21 Routes setup complete\nERROR    refiloe:logger.py:25 Error handling message: WhatsAppService.__init__() missing 2 required positional arguments: &amp;#x27;supabase_client&amp;#x27; and &amp;#x27;logger&amp;#x27;\n\n&#34;}], &#34;tests/test_phases_4_11.py::TestPhase10_AdvancedFeatures::test_error_handling&#34;: [{&#34;extras&#34;: [], &#34;result&#34;: &#34;Passed&#34;, &#34;testId&#34;: &#34;tests/test_phases_4_11.py::TestPhase10_AdvancedFeatures::test_error_handling&#34;, &#34;duration&#34;: &#34;00:00:02&#34;, &#34;resultsTableRow&#34;: [&#34;&lt;td class=\&#34;col-result\&#34;&gt;Passed&lt;/td&gt;&#34;, &#34;&lt;td class=\&#34;col-testId\&#34;&gt;tests/test_phases_4_11.py::TestPhase10_AdvancedFeatures::test_error_handling&lt;/td&gt;&#34;, &#34;&lt;td class=\&#34;col-duration\&#34;&gt;00:00:02&lt;/td&gt;&#34;, &#34;&lt;td class=\&#34;col-links\&#34;&gt;&lt;/td&gt;&#34;], &#34;log&#34;: &#34;------------------------------ Captured log call -------------------------------\nINFO     refiloe:logger.py:21 Background scheduler started\nINFO     refiloe:logger.py:21 Routes setup complete\nERROR    refiloe:logger.py:25 Error handling message: WhatsAppService.__init__() missing 2 required positional arguments: &amp;#x27;supabase_client&amp;#x27; and &amp;#x27;logger&amp;#x27;\nINFO     refiloe:logger.py:21 Background scheduler started\nINFO     refiloe:logger.py:21 Routes setup complete\nERROR    refiloe:logger.py:25 Error handling message: WhatsAppService.__init__() missing 2 required positional arguments: &amp;#x27;supabase_client&amp;#x27; and &amp;#x27;logger&amp;#x27;\nINFO     refiloe:logger.py:21 Background scheduler started\nINFO     refiloe:logger.py:21 Routes setup complete\nERROR    refiloe:logger.py:25 Error handling message: WhatsAppService.__init__() missing 2 required positional arguments: &amp;#x27;supabase_client&amp;#x27; and &amp;#x27;logger&amp;#x27;\n\n&#34;}], &#34;tests/test_phases_4_11.py::TestPhase11_AutomatedFeatures::test_check_scheduled_reminders&#34;: [{&#34;extras&#34;: [], &#34;result&#34;: &#34;Passed&#34;, &#34;testId&#34;: &#34;tests/test_phases_4_11.py::TestPhase11_AutomatedFeatures::test_check_scheduled_reminders&#34;, &#34;duration&#34;: &#34;00:00:02&#34;, &#34;resultsTableRow&#34;: [&#34;&lt;td class=\&#34;col-result\&#34;&gt;Passed&lt;/td&gt;&#34;, &#34;&lt;td class=\&#34;col-testId\&#34;&gt;tests/test_phases_4_11.py::TestPhase11_AutomatedFeatures::test_check_scheduled_reminders&lt;/td&gt;&#34;, &#34;&lt;td class=\&#34;col-duration\&#34;&gt;00:00:02&lt;/td&gt;&#34;, &#34;&lt;td class=\&#34;col-links\&#34;&gt;&lt;/td&gt;&#34;], &#34;log&#34;: &#34;No log output captured.&#34;}], &#34;tests/test_phases_4_11.py::TestPhase11_AutomatedFeatures::test_subscription_monitoring&#34;: [{&#34;extras&#34;: [], &#34;result&#34;: &#34;Passed&#34;, &#34;testId&#34;: &#34;tests/test_phases_4_11.py::TestPhase11_AutomatedFeatures::test_subscription_monitoring&#34;, &#34;duration&#34;: &#34;00:00:02&#34;, &#34;resultsTableRow&#34;: [&#34;&lt;td class=\&#34;col-result\&#34;&gt;Passed&lt;/td&gt;&#34;, &#34;&lt;td class=\&#34;col-testId\&#34;&gt;tests/test_phases_4_11.py::TestPhase11_AutomatedFeatures::test_subscription_monitoring&lt;/td&gt;&#34;, &#34;&lt;td class=\&#34;col-duration\&#34;&gt;00:00:02&lt;/td&gt;&#34;, &#34;&lt;td class=\&#34;col-links\&#34;&gt;&lt;/td&gt;&#34;], &#34;log&#34;: &#34;No log output captured.&#34;}], &#34;tests/test_refiloe_complete.py::TestPhase1_UserRegistration::test_new_trainer_onboarding&#34;: [{&#34;extras&#34;: [], &#34;result&#34;: &#34;Passed&#34;, &#34;testId&#34;: &#34;tests/test_refiloe_complete.py::TestPhase1_UserRegistration::test_new_trainer_onboarding&#34;, &#34;duration&#34;: &#34;477 ms&#34;, &#34;resultsTableRow&#34;: [&#34;&lt;td class=\&#34;col-result\&#34;&gt;Passed&lt;/td&gt;&#34;, &#34;&lt;td class=\&#34;col-testId\&#34;&gt;tests/test_refiloe_complete.py::TestPhase1_UserRegistration::test_new_trainer_onboarding&lt;/td&gt;&#34;, &#34;&lt;td class=\&#34;col-duration\&#34;&gt;477 ms&lt;/td&gt;&#34;, &#34;&lt;td class=\&#34;col-links\&#34;&gt;&lt;/td&gt;&#34;], &#34;log&#34;: &#34;No log output captured.&#34;}], &#34;tests/test_refiloe_complete.py::TestPhase1_UserRegistration::test_trainer_recognition&#34;: [{&#34;extras&#34;: [], &#34;result&#34;: &#34;Passed&#34;, &#34;testId&#34;: &#34;tests/test_refiloe_complete.py::TestPhase1_UserRegistration::test_trainer_recognition&#34;, &#34;duration&#34;: &#34;524 ms&#34;, &#34;resultsTableRow&#34;: [&#34;&lt;td class=\&#34;col-result\&#34;&gt;Passed&lt;/td&gt;&#34;, &#34;&lt;td class=\&#34;col-testId\&#34;&gt;tests/test_refiloe_complete.py::TestPhase1_UserRegistration::test_trainer_recognition&lt;/td&gt;&#34;, &#34;&lt;td class=\&#34;col-duration\&#34;&gt;524 ms&lt;/td&gt;&#34;, &#34;&lt;td class=\&#34;col-links\&#34;&gt;&lt;/td&gt;&#34;], &#34;log&#34;: &#34;No log output captured.&#34;}], &#34;tests/test_refiloe_complete.py::TestPhase2_ClientManagement::test_add_client_variations&#34;: [{&#34;extras&#34;: [], &#34;result&#34;: &#34;Passed&#34;, &#34;testId&#34;: &#34;tests/test_refiloe_complete.py::TestPhase2_ClientManagement::test_add_client_variations&#34;, &#34;duration&#34;: &#34;507 ms&#34;, &#34;resultsTableRow&#34;: [&#34;&lt;td class=\&#34;col-result\&#34;&gt;Passed&lt;/td&gt;&#34;, &#34;&lt;td class=\&#34;col-testId\&#34;&gt;tests/test_refiloe_complete.py::TestPhase2_ClientManagement::test_add_client_variations&lt;/td&gt;&#34;, &#34;&lt;td class=\&#34;col-duration\&#34;&gt;507 ms&lt;/td&gt;&#34;, &#34;&lt;td class=\&#34;col-links\&#34;&gt;&lt;/td&gt;&#34;], &#34;log&#34;: &#34;No log output captured.&#34;}], &#34;tests/test_refiloe_complete.py::TestPhase2_ClientManagement::test_view_clients&#34;: [{&#34;extras&#34;: [], &#34;result&#34;: &#34;Passed&#34;, &#34;testId&#34;: &#34;tests/test_refiloe_complete.py::TestPhase2_ClientManagement::test_view_clients&#34;, &#34;duration&#34;: &#34;592 ms&#34;, &#34;resultsTableRow&#34;: [&#34;&lt;td class=\&#34;col-result\&#34;&gt;Passed&lt;/td&gt;&#34;, &#34;&lt;td class=\&#34;col-testId\&#34;&gt;tests/test_refiloe_complete.py::TestPhase2_ClientManagement::test_view_clients&lt;/td&gt;&#34;, &#34;&lt;td class=\&#34;col-duration\&#34;&gt;592 ms&lt;/td&gt;&#34;, &#34;&lt;td class=\&#34;col-links\&#34;&gt;&lt;/td&gt;&#34;], &#34;log&#34;: &#34;No log output captured.&#34;}], &#34;tests/test_refiloe_complete.py::TestPhase2_ClientManagement::test_set_custom_pricing&#34;: [{&#34;extras&#34;: [], &#34;result&#34;: &#34;Passed&#34;, &#34;testId&#34;: &#34;tests/test_refiloe_complete.py::TestPhase2_ClientManagement::test_set_custom_pricing&#34;, &#34;duration&#34;: &#34;511 ms&#34;, &#34;resultsTableRow&#34;: [&#34;&lt;td class=\&#34;col-result\&#34;&gt;Passed&lt;/td&gt;&#34;, &#34;&lt;td class=\&#34;col-testId\&#34;&gt;tests/test_refiloe_complete.py::TestPhase2_ClientManagement::test_set_custom_pricing&lt;/td&gt;&#34;, &#34;&lt;td class=\&#34;col-duration\&#34;&gt;511 ms&lt;/td&gt;&#34;, &#34;&lt;td class=\&#34;col-links\&#34;&gt;&lt;/td&gt;&#34;], &#34;log&#34;: &#34;No log output captured.&#34;}], &#34;tests/test_refiloe_complete.py::TestPhase3_SchedulingBookings::test_view_schedule&#34;: [{&#34;extras&#34;: [], &#34;result&#34;: &#34;Passed&#34;, &#34;testId&#34;: &#34;tests/test_refiloe_complete.py::TestPhase3_SchedulingBookings::test_view_schedule&#34;, &#34;duration&#34;: &#34;510 ms&#34;, &#34;resultsTableRow&#34;: [&#34;&lt;td class=\&#34;col-result\&#34;&gt;Passed&lt;/td&gt;&#34;, &#34;&lt;td class=\&#34;col-testId\&#34;&gt;tests/test_refiloe_complete.py::TestPhase3_SchedulingBookings::test_view_schedule&lt;/td&gt;&#34;, &#34;&lt;td class=\&#34;col-duration\&#34;&gt;510 ms&lt;/td&gt;&#34;, &#34;&lt;td class=\&#34;col-links\&#34;&gt;&lt;/td&gt;&#34;], &#34;log&#34;: &#34;No log output captured.&#34;}], &#34;tests/test_refiloe_complete.py::TestPhase3_SchedulingBookings::test_book_sessions&#34;: [{&#34;extras&#34;: [], &#34;result&#34;: &#34;Passed&#34;, &#34;testId&#34;: &#34;tests/test_refiloe_complete.py::TestPhase3_SchedulingBookings::test_book_sessions&#34;, &#34;duration&#34;: &#34;560 ms&#34;, &#34;resultsTableRow&#34;: [&#34;&lt;td class=\&#34;col-result\&#34;&gt;Passed&lt;/td&gt;&#34;, &#34;&lt;td class=\&#34;col-testId\&#34;&gt;tests/test_refiloe_complete.py::TestPhase3_SchedulingBookings::test_book_sessions&lt;/td&gt;&#34;, &#34;&lt;td class=\&#34;col-duration\&#34;&gt;560 ms&lt;/td&gt;&#34;, &#34;&lt;td class=\&#34;col-links\&#34;&gt;&lt;/td&gt;&#34;], &#34;log&#34;: &#34;No log output captured.&#34;}], &#34;tests/test_refiloe_complete.py::TestPhase3_SchedulingBookings::test_cancel_reschedule&#34;: [{&#34;extras&#34;: [], &#34;result&#34;: &#34;Failed&#34;, &#34;testId&#34;: &#34;tests/test_refiloe_complete.py::TestPhase3_SchedulingBookings::test_cancel_reschedule&#34;, &#34;duration&#34;: &#34;513 ms&#34;, &#34;resultsTableRow&#34;: [&#34;&lt;td class=\&#34;col-result\&#34;&gt;Failed&lt;/td&gt;&#34;, &#34;&lt;td class=\&#34;col-testId\&#34;&gt;tests/test_refiloe_complete.py::TestPhase3_SchedulingBookings::test_cancel_reschedule&lt;/td&gt;&#34;, &#34;&lt;td class=\&#34;col-duration\&#34;&gt;513 ms&lt;/td&gt;&#34;, &#34;&lt;td class=\&#34;col-links\&#34;&gt;&lt;/td&gt;&#34;], &#34;log&#34;: &#34;tests/test_refiloe_complete.py:329: in test_cancel_reschedule\n    assert &amp;quot;reschedul&amp;quot; in response[&amp;#x27;message&amp;#x27;].lower() or &amp;quot;moved&amp;quot; in response[&amp;#x27;message&amp;#x27;].lower()\nE   assert (&amp;#x27;reschedul&amp;#x27; in &amp;quot;today&amp;#x27;s schedule:\\n9:00 am - sarah johnson\\n2:00 pm - john doe&amp;quot; or &amp;#x27;moved&amp;#x27; in &amp;quot;today&amp;#x27;s schedule:\\n9:00 am - sarah johnson\\n2:00 pm - john doe&amp;quot;)\nE    +  where &amp;quot;today&amp;#x27;s schedule:\\n9:00 am - sarah johnson\\n2:00 pm - john doe&amp;quot; = &amp;lt;built-in method lower of str object at 0x7fdf3fbee170&amp;gt;()\nE    +    where &amp;lt;built-in method lower of str object at 0x7fdf3fbee170&amp;gt; = &amp;quot;Today&amp;#x27;s schedule:\\n9:00 AM - Sarah Johnson\\n2:00 PM - John Doe&amp;quot;.lower\nE    +  and   &amp;quot;today&amp;#x27;s schedule:\\n9:00 am - sarah johnson\\n2:00 pm - john doe&amp;quot; = &amp;lt;built-in method lower of str object at 0x7fdf3fbee170&amp;gt;()\nE    +    where &amp;lt;built-in method lower of str object at 0x7fdf3fbee170&amp;gt; = &amp;quot;Today&amp;#x27;s schedule:\\n9:00 AM - Sarah Johnson\\n2:00 PM - John Doe&amp;quot;.lower\n&#34;}], &#34;tests/test_refiloe_complete.py::TestPhase4_HabitTracking::test_setup_habits&#34;: [{&#34;extras&#34;: [], &#34;result&#34;: &#34;Passed&#34;, &#34;testId&#34;: &#34;tests/test_refiloe_complete.py::TestPhase4_HabitTracking::test_setup_habits&#34;, &#34;duration&#34;: &#34;527 ms&#34;, &#34;resultsTableRow&#34;: [&#34;&lt;td class=\&#34;col-result\&#34;&gt;Passed&lt;/td&gt;&#34;, &#34;&lt;td class=\&#34;col-testId\&#34;&gt;tests/test_refiloe_complete.py::TestPhase4_HabitTracking::test_setup_habits&lt;/td&gt;&#34;, &#34;&lt;td class=\&#34;col-duration\&#34;&gt;527 ms&lt;/td&gt;&#34;, &#34;&lt;td class=\&#34;col-links\&#34;&gt;&lt;/td&gt;&#34;], &#34;log&#34;: &#34;No log output captured.&#34;}], &#34;tests/test_refiloe_complete.py::TestPhase5_WorkoutsAssessments::test_send_workouts&#34;: [{&#34;extras&#34;: [], &#34;result&#34;: &#34;Passed&#34;, &#34;testId&#34;: &#34;tests/test_refiloe_complete.py::TestPhase5_WorkoutsAssessments::test_send_workouts&#34;, &#34;duration&#34;: &#34;473 ms&#34;, &#34;resultsTableRow&#34;: [&#34;&lt;td class=\&#34;col-result\&#34;&gt;Passed&lt;/td&gt;&#34;, &#34;&lt;td class=\&#34;col-testId\&#34;&gt;tests/test_refiloe_complete.py::TestPhase5_WorkoutsAssessments::test_send_workouts&lt;/td&gt;&#34;, &#34;&lt;td class=\&#34;col-duration\&#34;&gt;473 ms&lt;/td&gt;&#34;, &#34;&lt;td class=\&#34;col-links\&#34;&gt;&lt;/td&gt;&#34;], &#34;log&#34;: &#34;No log output captured.&#34;}], &#34;tests/test_refiloe_complete.py::TestPhase6_PaymentsRevenue::test_request_payment&#34;: [{&#34;extras&#34;: [], &#34;result&#34;: &#34;Failed&#34;, &#34;testId&#34;: &#34;tests/test_refiloe_complete.py::TestPhase6_PaymentsRevenue::test_request_payment&#34;, &#34;duration&#34;: &#34;526 ms&#34;, &#34;resultsTableRow&#34;: [&#34;&lt;td class=\&#34;col-result\&#34;&gt;Failed&lt;/td&gt;&#34;, &#34;&lt;td class=\&#34;col-testId\&#34;&gt;tests/test_refiloe_complete.py::TestPhase6_PaymentsRevenue::test_request_payment&lt;/td&gt;&#34;, &#34;&lt;td class=\&#34;col-duration\&#34;&gt;526 ms&lt;/td&gt;&#34;, &#34;&lt;td class=\&#34;col-links\&#34;&gt;&lt;/td&gt;&#34;], &#34;log&#34;: &#34;tests/test_refiloe_complete.py:368: in test_request_payment\n    assert &amp;quot;payment&amp;quot; in response[&amp;#x27;message&amp;#x27;].lower() or &amp;quot;invoice&amp;quot; in response[&amp;#x27;message&amp;#x27;].lower()\nE   assert (&amp;#x27;payment&amp;#x27; in &amp;quot;welcome to refiloe! i&amp;#x27;m here to help you manage your personal training business. are you a trainer or a client?&amp;quot; or &amp;#x27;invoice&amp;#x27; in &amp;quot;welcome to refiloe! i&amp;#x27;m here to help you manage your personal training business. are you a trainer or a client?&amp;quot;)\nE    +  where &amp;quot;welcome to refiloe! i&amp;#x27;m here to help you manage your personal training business. are you a trainer or a client?&amp;quot; = &amp;lt;built-in method lower of str object at 0x7fdf3fbe2fb0&amp;gt;()\nE    +    where &amp;lt;built-in method lower of str object at 0x7fdf3fbe2fb0&amp;gt; = &amp;quot;Welcome to Refiloe! I&amp;#x27;m here to help you manage your personal training business. Are you a trainer or a client?&amp;quot;.lower\nE    +  and   &amp;quot;welcome to refiloe! i&amp;#x27;m here to help you manage your personal training business. are you a trainer or a client?&amp;quot; = &amp;lt;built-in method lower of str object at 0x7fdf3fbe2fb0&amp;gt;()\nE    +    where &amp;lt;built-in method lower of str object at 0x7fdf3fbe2fb0&amp;gt; = &amp;quot;Welcome to Refiloe! I&amp;#x27;m here to help you manage your personal training business. Are you a trainer or a client?&amp;quot;.lower\n&#34;}], &#34;tests/test_refiloe_complete.py::TestPhase6_PaymentsRevenue::test_check_revenue&#34;: [{&#34;extras&#34;: [], &#34;result&#34;: &#34;Passed&#34;, &#34;testId&#34;: &#34;tests/test_refiloe_complete.py::TestPhase6_PaymentsRevenue::test_check_revenue&#34;, &#34;duration&#34;: &#34;477 ms&#34;, &#34;resultsTableRow&#34;: [&#34;&lt;td class=\&#34;col-result\&#34;&gt;Passed&lt;/td&gt;&#34;, &#34;&lt;td class=\&#34;col-testId\&#34;&gt;tests/test_refiloe_complete.py::TestPhase6_PaymentsRevenue::test_check_revenue&lt;/td&gt;&#34;, &#34;&lt;td class=\&#34;col-duration\&#34;&gt;477 ms&lt;/td&gt;&#34;, &#34;&lt;td class=\&#34;col-links\&#34;&gt;&lt;/td&gt;&#34;], &#34;log&#34;: &#34;No log output captured.&#34;}], &#34;tests/test_refiloe_complete.py::TestPhase8_ClientFeatures::test_client_booking&#34;: [{&#34;extras&#34;: [], &#34;result&#34;: &#34;Passed&#34;, &#34;testId&#34;: &#34;tests/test_refiloe_complete.py::TestPhase8_ClientFeatures::test_client_booking&#34;, &#34;duration&#34;: &#34;482 ms&#34;, &#34;resultsTableRow&#34;: [&#34;&lt;td class=\&#34;col-result\&#34;&gt;Passed&lt;/td&gt;&#34;, &#34;&lt;td class=\&#34;col-testId\&#34;&gt;tests/test_refiloe_complete.py::TestPhase8_ClientFeatures::test_client_booking&lt;/td&gt;&#34;, &#34;&lt;td class=\&#34;col-duration\&#34;&gt;482 ms&lt;/td&gt;&#34;, &#34;&lt;td class=\&#34;col-links\&#34;&gt;&lt;/td&gt;&#34;], &#34;log&#34;: &#34;No log output captured.&#34;}], &#34;tests/test_refiloe_complete.py::TestPhase8_ClientFeatures::test_client_habit_logging&#34;: [{&#34;extras&#34;: [], &#34;result&#34;: &#34;Passed&#34;, &#34;testId&#34;: &#34;tests/test_refiloe_complete.py::TestPhase8_ClientFeatures::test_client_habit_logging&#34;, &#34;duration&#34;: &#34;483 ms&#34;, &#34;resultsTableRow&#34;: [&#34;&lt;td class=\&#34;col-result\&#34;&gt;Passed&lt;/td&gt;&#34;, &#34;&lt;td class=\&#34;col-testId\&#34;&gt;tests/test_refiloe_complete.py::TestPhase8_ClientFeatures::test_client_habit_logging&lt;/td&gt;&#34;, &#34;&lt;td class=\&#34;col-duration\&#34;&gt;483 ms&lt;/td&gt;&#34;, &#34;&lt;td class=\&#34;col-links\&#34;&gt;&lt;/td&gt;&#34;], &#34;log&#34;: &#34;No log output captured.&#34;}], &#34;tests/test_refiloe_complete.py::TestPhase10_AdvancedFeatures::test_natural_language_understanding&#34;: [{&#34;extras&#34;: [], &#34;result&#34;: &#34;Passed&#34;, &#34;testId&#34;: &#34;tests/test_refiloe_complete.py::TestPhase10_AdvancedFeatures::test_natural_language_understanding&#34;, &#34;duration&#34;: &#34;494 ms&#34;, &#34;resultsTableRow&#34;: [&#34;&lt;td class=\&#34;col-result\&#34;&gt;Passed&lt;/td&gt;&#34;, &#34;&lt;td class=\&#34;col-testId\&#34;&gt;tests/test_refiloe_complete.py::TestPhase10_AdvancedFeatures::test_natural_language_understanding&lt;/td&gt;&#34;, &#34;&lt;td class=\&#34;col-duration\&#34;&gt;494 ms&lt;/td&gt;&#34;, &#34;&lt;td class=\&#34;col-links\&#34;&gt;&lt;/td&gt;&#34;], &#34;log&#34;: &#34;No log output captured.&#34;}], &#34;tests/test_refiloe_complete.py::TestPhase10_AdvancedFeatures::test_error_handling&#34;: [{&#34;extras&#34;: [], &#34;result&#34;: &#34;Failed&#34;, &#34;testId&#34;: &#34;tests/test_refiloe_complete.py::TestPhase10_AdvancedFeatures::test_error_handling&#34;, &#34;duration&#34;: &#34;476 ms&#34;, &#34;resultsTableRow&#34;: [&#34;&lt;td class=\&#34;col-result\&#34;&gt;Failed&lt;/td&gt;&#34;, &#34;&lt;td class=\&#34;col-testId\&#34;&gt;tests/test_refiloe_complete.py::TestPhase10_AdvancedFeatures::test_error_handling&lt;/td&gt;&#34;, &#34;&lt;td class=\&#34;col-duration\&#34;&gt;476 ms&lt;/td&gt;&#34;, &#34;&lt;td class=\&#34;col-links\&#34;&gt;&lt;/td&gt;&#34;], &#34;log&#34;: &#34;tests/test_refiloe_complete.py:424: in test_error_handling\n    assert any(word in response[&amp;#x27;message&amp;#x27;].lower() for word in [&amp;quot;past&amp;quot;, &amp;quot;future&amp;quot;, &amp;quot;cannot&amp;quot;])\nE   assert False\nE    +  where False = any(&amp;lt;generator object TestPhase10_AdvancedFeatures.test_error_handling.&amp;lt;locals&amp;gt;.&amp;lt;genexpr&amp;gt; at 0x7fdf2cd44200&amp;gt;)\n&#34;}], &#34;tests/test_refiloe_complete.py::TestCriticalBugs::test_trainer_registration_step_7_currency_parsing&#34;: [{&#34;extras&#34;: [], &#34;result&#34;: &#34;Passed&#34;, &#34;testId&#34;: &#34;tests/test_refiloe_complete.py::TestCriticalBugs::test_trainer_registration_step_7_currency_parsing&#34;, &#34;duration&#34;: &#34;503 ms&#34;, &#34;resultsTableRow&#34;: [&#34;&lt;td class=\&#34;col-result\&#34;&gt;Passed&lt;/td&gt;&#34;, &#34;&lt;td class=\&#34;col-testId\&#34;&gt;tests/test_refiloe_complete.py::TestCriticalBugs::test_trainer_registration_step_7_currency_parsing&lt;/td&gt;&#34;, &#34;&lt;td class=\&#34;col-duration\&#34;&gt;503 ms&lt;/td&gt;&#34;, &#34;&lt;td class=\&#34;col-links\&#34;&gt;&lt;/td&gt;&#34;], &#34;log&#34;: &#34;No log output captured.&#34;}], &#34;tests/test_refiloe_complete.py::TestCriticalBugs::test_ai_responds_naturally_not_rigid_commands&#34;: [{&#34;extras&#34;: [], &#34;result&#34;: &#34;Passed&#34;, &#34;testId&#34;: &#34;tests/test_refiloe_complete.py::TestCriticalBugs::test_ai_responds_naturally_not_rigid_commands&#34;, &#34;duration&#34;: &#34;525 ms&#34;, &#34;resultsTableRow&#34;: [&#34;&lt;td class=\&#34;col-result\&#34;&gt;Passed&lt;/td&gt;&#34;, &#34;&lt;td class=\&#34;col-testId\&#34;&gt;tests/test_refiloe_complete.py::TestCriticalBugs::test_ai_responds_naturally_not_rigid_commands&lt;/td&gt;&#34;, &#34;&lt;td class=\&#34;col-duration\&#34;&gt;525 ms&lt;/td&gt;&#34;, &#34;&lt;td class=\&#34;col-links\&#34;&gt;&lt;/td&gt;&#34;], &#34;log&#34;: &#34;No log output captured.&#34;}]}, &#34;renderCollapsed&#34;: [&#34;passed&#34;], &#34;initialSort&#34;: &#34;result&#34;, &#34;title&#34;: &#34;test-report.html&#34;}"></div>
    <script>
      (function(){function r(e,n,t){function o(i,f){if(!n[i]){if(!e[i]){var c="function"==typeof require&&require;if(!f&&c)return c(i,!0);if(u)return u(i,!0);var a=new Error("Cannot find module '"+i+"'");throw a.code="MODULE_NOT_FOUND",a}var p=n[i]={exports:{}};e[i][0].call(p.exports,function(r){var n=e[i][1][r];return o(n||r)},p,p.exports,r,e,n,t)}return n[i].exports}for(var u="function"==typeof require&&require,i=0;i<t.length;i++)o(t[i]);return o}return r})()({1:[function(require,module,exports){
const { getCollapsedCategory, setCollapsedIds } = require('./storage.js')

class DataManager {
    setManager(data) {
        const collapsedCategories = [...getCollapsedCategory(data.renderCollapsed)]
        const collapsedIds = []
        const tests = Object.values(data.tests).flat().map((test, index) => {
            const collapsed = collapsedCategories.includes(test.result.toLowerCase())
            const id = `test_${index}`
            if (collapsed) {
                collapsedIds.push(id)
            }
            return {
                ...test,
                id,
                collapsed,
            }
        })
        const dataBlob = { ...data, tests }
        this.data = { ...dataBlob }
        this.renderData = { ...dataBlob }
        setCollapsedIds(collapsedIds)
    }

    get allData() {
        return { ...this.data }
    }

    resetRender() {
        this.renderData = { ...this.data }
    }

    setRender(data) {
        this.renderData.tests = [...data]
    }

    toggleCollapsedItem(id) {
        this.renderData.tests = this.renderData.tests.map((test) =>
            test.id === id ? { ...test, collapsed: !test.collapsed } : test,
        )
    }

    set allCollapsed(collapsed) {
        this.renderData = { ...this.renderData, tests: [...this.renderData.tests.map((test) => (
            { ...test, collapsed }
        ))] }
    }

    get testSubset() {
        return [...this.renderData.tests]
    }

    get environment() {
        return this.renderData.environment
    }

    get initialSort() {
        return this.data.initialSort
    }
}

module.exports = {
    manager: new DataManager(),
}

},{"./storage.js":8}],2:[function(require,module,exports){
const mediaViewer = require('./mediaviewer.js')
const templateEnvRow = document.getElementById('template_environment_row')
const templateResult = document.getElementById('template_results-table__tbody')

function htmlToElements(html) {
    const temp = document.createElement('template')
    temp.innerHTML = html
    return temp.content.childNodes
}

const find = (selector, elem) => {
    if (!elem) {
        elem = document
    }
    return elem.querySelector(selector)
}

const findAll = (selector, elem) => {
    if (!elem) {
        elem = document
    }
    return [...elem.querySelectorAll(selector)]
}

const dom = {
    getStaticRow: (key, value) => {
        const envRow = templateEnvRow.content.cloneNode(true)
        const isObj = typeof value === 'object' && value !== null
        const values = isObj ? Object.keys(value).map((k) => `${k}: ${value[k]}`) : null

        const valuesElement = htmlToElements(
            values ? `<ul>${values.map((val) => `<li>${val}</li>`).join('')}<ul>` : `<div>${value}</div>`)[0]
        const td = findAll('td', envRow)
        td[0].textContent = key
        td[1].appendChild(valuesElement)

        return envRow
    },
    getResultTBody: ({ testId, id, log, extras, resultsTableRow, tableHtml, result, collapsed }) => {
        const resultBody = templateResult.content.cloneNode(true)
        resultBody.querySelector('tbody').classList.add(result.toLowerCase())
        resultBody.querySelector('tbody').id = testId
        resultBody.querySelector('.collapsible').dataset.id = id

        resultsTableRow.forEach((html) => {
            const t = document.createElement('template')
            t.innerHTML = html
            resultBody.querySelector('.collapsible').appendChild(t.content)
        })

        if (log) {
            // Wrap lines starting with "E" with span.error to color those lines red
            const wrappedLog = log.replace(/^E.*$/gm, (match) => `<span class="error">${match}</span>`)
            resultBody.querySelector('.log').innerHTML = wrappedLog
        } else {
            resultBody.querySelector('.log').remove()
        }

        if (collapsed) {
            resultBody.querySelector('.collapsible > td')?.classList.add('collapsed')
            resultBody.querySelector('.extras-row').classList.add('hidden')
        } else {
            resultBody.querySelector('.collapsible > td')?.classList.remove('collapsed')
        }

        const media = []
        extras?.forEach(({ name, format_type, content }) => {
            if (['image', 'video'].includes(format_type)) {
                media.push({ path: content, name, format_type })
            }

            if (format_type === 'html') {
                resultBody.querySelector('.extraHTML').insertAdjacentHTML('beforeend', `<div>${content}</div>`)
            }
        })
        mediaViewer.setup(resultBody, media)

        // Add custom html from the pytest_html_results_table_html hook
        tableHtml?.forEach((item) => {
            resultBody.querySelector('td[class="extra"]').insertAdjacentHTML('beforeend', item)
        })

        return resultBody
    },
}

module.exports = {
    dom,
    htmlToElements,
    find,
    findAll,
}

},{"./mediaviewer.js":6}],3:[function(require,module,exports){
const { manager } = require('./datamanager.js')
const { doSort } = require('./sort.js')
const storageModule = require('./storage.js')

const getFilteredSubSet = (filter) =>
    manager.allData.tests.filter(({ result }) => filter.includes(result.toLowerCase()))

const doInitFilter = () => {
    const currentFilter = storageModule.getVisible()
    const filteredSubset = getFilteredSubSet(currentFilter)
    manager.setRender(filteredSubset)
}

const doFilter = (type, show) => {
    if (show) {
        storageModule.showCategory(type)
    } else {
        storageModule.hideCategory(type)
    }

    const currentFilter = storageModule.getVisible()
    const filteredSubset = getFilteredSubSet(currentFilter)
    manager.setRender(filteredSubset)

    const sortColumn = storageModule.getSort()
    doSort(sortColumn, true)
}

module.exports = {
    doFilter,
    doInitFilter,
}

},{"./datamanager.js":1,"./sort.js":7,"./storage.js":8}],4:[function(require,module,exports){
const { redraw, bindEvents, renderStatic } = require('./main.js')
const { doInitFilter } = require('./filter.js')
const { doInitSort } = require('./sort.js')
const { manager } = require('./datamanager.js')
const data = JSON.parse(document.getElementById('data-container').dataset.jsonblob)

function init() {
    manager.setManager(data)
    doInitFilter()
    doInitSort()
    renderStatic()
    redraw()
    bindEvents()
}

init()

},{"./datamanager.js":1,"./filter.js":3,"./main.js":5,"./sort.js":7}],5:[function(require,module,exports){
const { dom, find, findAll } = require('./dom.js')
const { manager } = require('./datamanager.js')
const { doSort } = require('./sort.js')
const { doFilter } = require('./filter.js')
const {
    getVisible,
    getCollapsedIds,
    setCollapsedIds,
    getSort,
    getSortDirection,
    possibleFilters,
} = require('./storage.js')

const removeChildren = (node) => {
    while (node.firstChild) {
        node.removeChild(node.firstChild)
    }
}

const renderStatic = () => {
    const renderEnvironmentTable = () => {
        const environment = manager.environment
        const rows = Object.keys(environment).map((key) => dom.getStaticRow(key, environment[key]))
        const table = document.getElementById('environment')
        removeChildren(table)
        rows.forEach((row) => table.appendChild(row))
    }
    renderEnvironmentTable()
}

const addItemToggleListener = (elem) => {
    elem.addEventListener('click', ({ target }) => {
        const id = target.parentElement.dataset.id
        manager.toggleCollapsedItem(id)

        const collapsedIds = getCollapsedIds()
        if (collapsedIds.includes(id)) {
            const updated = collapsedIds.filter((item) => item !== id)
            setCollapsedIds(updated)
        } else {
            collapsedIds.push(id)
            setCollapsedIds(collapsedIds)
        }
        redraw()
    })
}

const renderContent = (tests) => {
    const sortAttr = getSort(manager.initialSort)
    const sortAsc = JSON.parse(getSortDirection())
    const rows = tests.map(dom.getResultTBody)
    const table = document.getElementById('results-table')
    const tableHeader = document.getElementById('results-table-head')

    const newTable = document.createElement('table')
    newTable.id = 'results-table'

    // remove all sorting classes and set the relevant
    findAll('.sortable', tableHeader).forEach((elem) => elem.classList.remove('asc', 'desc'))
    tableHeader.querySelector(`.sortable[data-column-type="${sortAttr}"]`)?.classList.add(sortAsc ? 'desc' : 'asc')
    newTable.appendChild(tableHeader)

    if (!rows.length) {
        const emptyTable = document.getElementById('template_results-table__body--empty').content.cloneNode(true)
        newTable.appendChild(emptyTable)
    } else {
        rows.forEach((row) => {
            if (!!row) {
                findAll('.collapsible td:not(.col-links', row).forEach(addItemToggleListener)
                find('.logexpander', row).addEventListener('click',
                    (evt) => evt.target.parentNode.classList.toggle('expanded'),
                )
                newTable.appendChild(row)
            }
        })
    }

    table.replaceWith(newTable)
}

const renderDerived = () => {
    const currentFilter = getVisible()
    possibleFilters.forEach((result) => {
        const input = document.querySelector(`input[data-test-result="${result}"]`)
        input.checked = currentFilter.includes(result)
    })
}

const bindEvents = () => {
    const filterColumn = (evt) => {
        const { target: element } = evt
        const { testResult } = element.dataset

        doFilter(testResult, element.checked)
        const collapsedIds = getCollapsedIds()
        const updated = manager.renderData.tests.map((test) => {
            return {
                ...test,
                collapsed: collapsedIds.includes(test.id),
            }
        })
        manager.setRender(updated)
        redraw()
    }

    const header = document.getElementById('environment-header')
    header.addEventListener('click', () => {
        const table = document.getElementById('environment')
        table.classList.toggle('hidden')
        header.classList.toggle('collapsed')
    })

    findAll('input[name="filter_checkbox"]').forEach((elem) => {
        elem.addEventListener('click', filterColumn)
    })

    findAll('.sortable').forEach((elem) => {
        elem.addEventListener('click', (evt) => {
            const { target: element } = evt
            const { columnType } = element.dataset
            doSort(columnType)
            redraw()
        })
    })

    document.getElementById('show_all_details').addEventListener('click', () => {
        manager.allCollapsed = false
        setCollapsedIds([])
        redraw()
    })
    document.getElementById('hide_all_details').addEventListener('click', () => {
        manager.allCollapsed = true
        const allIds = manager.renderData.tests.map((test) => test.id)
        setCollapsedIds(allIds)
        redraw()
    })
}

const redraw = () => {
    const { testSubset } = manager

    renderContent(testSubset)
    renderDerived()
}

module.exports = {
    redraw,
    bindEvents,
    renderStatic,
}

},{"./datamanager.js":1,"./dom.js":2,"./filter.js":3,"./sort.js":7,"./storage.js":8}],6:[function(require,module,exports){
class MediaViewer {
    constructor(assets) {
        this.assets = assets
        this.index = 0
    }

    nextActive() {
        this.index = this.index === this.assets.length - 1 ? 0 : this.index + 1
        return [this.activeFile, this.index]
    }

    prevActive() {
        this.index = this.index === 0 ? this.assets.length - 1 : this.index -1
        return [this.activeFile, this.index]
    }

    get currentIndex() {
        return this.index
    }

    get activeFile() {
        return this.assets[this.index]
    }
}


const setup = (resultBody, assets) => {
    if (!assets.length) {
        resultBody.querySelector('.media').classList.add('hidden')
        return
    }

    const mediaViewer = new MediaViewer(assets)
    const container = resultBody.querySelector('.media-container')
    const leftArrow = resultBody.querySelector('.media-container__nav--left')
    const rightArrow = resultBody.querySelector('.media-container__nav--right')
    const mediaName = resultBody.querySelector('.media__name')
    const counter = resultBody.querySelector('.media__counter')
    const imageEl = resultBody.querySelector('img')
    const sourceEl = resultBody.querySelector('source')
    const videoEl = resultBody.querySelector('video')

    const setImg = (media, index) => {
        if (media?.format_type === 'image') {
            imageEl.src = media.path

            imageEl.classList.remove('hidden')
            videoEl.classList.add('hidden')
        } else if (media?.format_type === 'video') {
            sourceEl.src = media.path

            videoEl.classList.remove('hidden')
            imageEl.classList.add('hidden')
        }

        mediaName.innerText = media?.name
        counter.innerText = `${index + 1} / ${assets.length}`
    }
    setImg(mediaViewer.activeFile, mediaViewer.currentIndex)

    const moveLeft = () => {
        const [media, index] = mediaViewer.prevActive()
        setImg(media, index)
    }
    const doRight = () => {
        const [media, index] = mediaViewer.nextActive()
        setImg(media, index)
    }
    const openImg = () => {
        window.open(mediaViewer.activeFile.path, '_blank')
    }
    if (assets.length === 1) {
        container.classList.add('media-container--fullscreen')
    } else {
        leftArrow.addEventListener('click', moveLeft)
        rightArrow.addEventListener('click', doRight)
    }
    imageEl.addEventListener('click', openImg)
}

module.exports = {
    setup,
}

},{}],7:[function(require,module,exports){
const { manager } = require('./datamanager.js')
const storageModule = require('./storage.js')

const genericSort = (list, key, ascending, customOrder) => {
    let sorted
    if (customOrder) {
        sorted = list.sort((a, b) => {
            const aValue = a.result.toLowerCase()
            const bValue = b.result.toLowerCase()

            const aIndex = customOrder.findIndex((item) => item.toLowerCase() === aValue)
            const bIndex = customOrder.findIndex((item) => item.toLowerCase() === bValue)

            // Compare the indices to determine the sort order
            return aIndex - bIndex
        })
    } else {
        sorted = list.sort((a, b) => a[key] === b[key] ? 0 : a[key] > b[key] ? 1 : -1)
    }

    if (ascending) {
        sorted.reverse()
    }
    return sorted
}

const durationSort = (list, ascending) => {
    const parseDuration = (duration) => {
        if (duration.includes(':')) {
            // If it's in the format "HH:mm:ss"
            const [hours, minutes, seconds] = duration.split(':').map(Number)
            return (hours * 3600 + minutes * 60 + seconds) * 1000
        } else {
            // If it's in the format "nnn ms"
            return parseInt(duration)
        }
    }
    const sorted = list.sort((a, b) => parseDuration(a['duration']) - parseDuration(b['duration']))
    if (ascending) {
        sorted.reverse()
    }
    return sorted
}

const doInitSort = () => {
    const type = storageModule.getSort(manager.initialSort)
    const ascending = storageModule.getSortDirection()
    const list = manager.testSubset
    const initialOrder = ['Error', 'Failed', 'Rerun', 'XFailed', 'XPassed', 'Skipped', 'Passed']

    storageModule.setSort(type)
    storageModule.setSortDirection(ascending)

    if (type?.toLowerCase() === 'original') {
        manager.setRender(list)
    } else {
        let sortedList
        switch (type) {
        case 'duration':
            sortedList = durationSort(list, ascending)
            break
        case 'result':
            sortedList = genericSort(list, type, ascending, initialOrder)
            break
        default:
            sortedList = genericSort(list, type, ascending)
            break
        }
        manager.setRender(sortedList)
    }
}

const doSort = (type, skipDirection) => {
    const newSortType = storageModule.getSort(manager.initialSort) !== type
    const currentAsc = storageModule.getSortDirection()
    let ascending
    if (skipDirection) {
        ascending = currentAsc
    } else {
        ascending = newSortType ? false : !currentAsc
    }
    storageModule.setSort(type)
    storageModule.setSortDirection(ascending)

    const list = manager.testSubset
    const sortedList = type === 'duration' ? durationSort(list, ascending) : genericSort(list, type, ascending)
    manager.setRender(sortedList)
}

module.exports = {
    doInitSort,
    doSort,
}

},{"./datamanager.js":1,"./storage.js":8}],8:[function(require,module,exports){
const possibleFilters = [
    'passed',
    'skipped',
    'failed',
    'error',
    'xfailed',
    'xpassed',
    'rerun',
]

const getVisible = () => {
    const url = new URL(window.location.href)
    const settings = new URLSearchParams(url.search).get('visible')
    const lower = (item) => {
        const lowerItem = item.toLowerCase()
        if (possibleFilters.includes(lowerItem)) {
            return lowerItem
        }
        return null
    }
    return settings === null ?
        possibleFilters :
        [...new Set(settings?.split(',').map(lower).filter((item) => item))]
}

const hideCategory = (categoryToHide) => {
    const url = new URL(window.location.href)
    const visibleParams = new URLSearchParams(url.search).get('visible')
    const currentVisible = visibleParams ? visibleParams.split(',') : [...possibleFilters]
    const settings = [...new Set(currentVisible)].filter((f) => f !== categoryToHide).join(',')

    url.searchParams.set('visible', settings)
    window.history.pushState({}, null, unescape(url.href))
}

const showCategory = (categoryToShow) => {
    if (typeof window === 'undefined') {
        return
    }
    const url = new URL(window.location.href)
    const currentVisible = new URLSearchParams(url.search).get('visible')?.split(',').filter(Boolean) ||
        [...possibleFilters]
    const settings = [...new Set([categoryToShow, ...currentVisible])]
    const noFilter = possibleFilters.length === settings.length || !settings.length

    noFilter ? url.searchParams.delete('visible') : url.searchParams.set('visible', settings.join(','))
    window.history.pushState({}, null, unescape(url.href))
}

const getSort = (initialSort) => {
    const url = new URL(window.location.href)
    let sort = new URLSearchParams(url.search).get('sort')
    if (!sort) {
        sort = initialSort || 'result'
    }
    return sort
}

const setSort = (type) => {
    const url = new URL(window.location.href)
    url.searchParams.set('sort', type)
    window.history.pushState({}, null, unescape(url.href))
}

const getCollapsedCategory = (renderCollapsed) => {
    let categories
    if (typeof window !== 'undefined') {
        const url = new URL(window.location.href)
        const collapsedItems = new URLSearchParams(url.search).get('collapsed')
        switch (true) {
        case !renderCollapsed && collapsedItems === null:
            categories = ['passed']
            break
        case collapsedItems?.length === 0 || /^["']{2}$/.test(collapsedItems):
            categories = []
            break
        case /^all$/.test(collapsedItems) || collapsedItems === null && /^all$/.test(renderCollapsed):
            categories = [...possibleFilters]
            break
        default:
            categories = collapsedItems?.split(',').map((item) => item.toLowerCase()) || renderCollapsed
            break
        }
    } else {
        categories = []
    }
    return categories
}

const getSortDirection = () => JSON.parse(sessionStorage.getItem('sortAsc')) || false
const setSortDirection = (ascending) => sessionStorage.setItem('sortAsc', ascending)

const getCollapsedIds = () => JSON.parse(sessionStorage.getItem('collapsedIds')) || []
const setCollapsedIds = (list) => sessionStorage.setItem('collapsedIds', JSON.stringify(list))

module.exports = {
    getVisible,
    hideCategory,
    showCategory,
    getCollapsedIds,
    setCollapsedIds,
    getSort,
    setSort,
    getSortDirection,
    setSortDirection,
    getCollapsedCategory,
    possibleFilters,
}

},{}]},{},[4]);
    </script>
  </footer>
</html>